Dataset is copied to /tmp
SimCLR encoder + linear classifier
Start Training
use checkpoint:checkpoints/encoder_ep_6
[1,    10] loss: 6.712
[1,    20] loss: 6.482
[1,    30] loss: 6.338
[1,    40] loss: 6.288
[1,    50] loss: 6.245
[1,    60] loss: 6.186
[1,    70] loss: 6.138
[1,    80] loss: 6.219
[1,    90] loss: 6.163
[1,   100] loss: 6.196
[1] Validation loss: 6.115, Accuracy: 1.70%
[2,    10] loss: 6.034
[2,    20] loss: 6.043
[2,    30] loss: 6.056
[2,    40] loss: 6.148
[2,    50] loss: 6.104
[2,    60] loss: 6.133
[2,    70] loss: 6.046
[2,    80] loss: 6.073
[2,    90] loss: 6.041
[2,   100] loss: 6.115
[2] Validation loss: 6.006, Accuracy: 2.17%
[3,    10] loss: 5.859
[3,    20] loss: 5.921
[3,    30] loss: 5.939
[3,    40] loss: 5.987
[3,    50] loss: 5.976
[3,    60] loss: 5.985
[3,    70] loss: 5.995
[3,    80] loss: 6.019
[3,    90] loss: 5.973
[3,   100] loss: 6.006
[3] Validation loss: 5.956, Accuracy: 2.20%
[4,    10] loss: 5.811
[4,    20] loss: 5.844
[4,    30] loss: 5.896
[4,    40] loss: 5.916
[4,    50] loss: 5.905
[4,    60] loss: 5.900
[4,    70] loss: 5.894
[4,    80] loss: 5.927
[4,    90] loss: 5.899
[4,   100] loss: 5.942
[4] Validation loss: 5.891, Accuracy: 2.31%
[5,    10] loss: 5.719
[5,    20] loss: 5.782
[5,    30] loss: 5.818
[5,    40] loss: 5.804
[5,    50] loss: 5.854
[5,    60] loss: 5.829
[5,    70] loss: 5.913
[5,    80] loss: 5.921
[5,    90] loss: 5.909
[5,   100] loss: 5.868
[5] Validation loss: 5.876, Accuracy: 2.50%
[6,    10] loss: 5.684
[6,    20] loss: 5.778
[6,    30] loss: 5.772
[6,    40] loss: 5.775
[6,    50] loss: 5.828
[6,    60] loss: 5.792
[6,    70] loss: 5.845
[6,    80] loss: 5.839
[6,    90] loss: 5.809
[6,   100] loss: 5.823
[6] Validation loss: 5.856, Accuracy: 2.34%
[7,    10] loss: 5.569
[7,    20] loss: 5.741
[7,    30] loss: 5.715
[7,    40] loss: 5.757
[7,    50] loss: 5.767
[7,    60] loss: 5.741
[7,    70] loss: 5.795
[7,    80] loss: 5.763
[7,    90] loss: 5.751
[7,   100] loss: 5.786
[7] Validation loss: 5.857, Accuracy: 2.59%
[8,    10] loss: 5.541
[8,    20] loss: 5.687
[8,    30] loss: 5.671
[8,    40] loss: 5.717
[8,    50] loss: 5.709
[8,    60] loss: 5.773
[8,    70] loss: 5.778
[8,    80] loss: 5.775
[8,    90] loss: 5.785
[8,   100] loss: 5.766
[8] Validation loss: 5.832, Accuracy: 2.62%
[9,    10] loss: 5.580
[9,    20] loss: 5.597
[9,    30] loss: 5.647
[9,    40] loss: 5.666
[9,    50] loss: 5.665
[9,    60] loss: 5.695
[9,    70] loss: 5.665
[9,    80] loss: 5.759
[9,    90] loss: 5.747
[9,   100] loss: 5.730
[9] Validation loss: 5.808, Accuracy: 2.77%
[10,    10] loss: 5.558
[10,    20] loss: 5.597
[10,    30] loss: 5.599
[10,    40] loss: 5.676
[10,    50] loss: 5.640
[10,    60] loss: 5.639
[10,    70] loss: 5.652
[10,    80] loss: 5.692
[10,    90] loss: 5.743
[10,   100] loss: 5.713
[10] Validation loss: 5.813, Accuracy: 2.82%
[11,    10] loss: 5.531
[11,    20] loss: 5.561
[11,    30] loss: 5.632
[11,    40] loss: 5.592
[11,    50] loss: 5.640
[11,    60] loss: 5.646
[11,    70] loss: 5.717
[11,    80] loss: 5.670
[11,    90] loss: 5.696
[11,   100] loss: 5.675
[11] Validation loss: 5.792, Accuracy: 2.87%
[12,    10] loss: 5.512
[12,    20] loss: 5.542
[12,    30] loss: 5.540
[12,    40] loss: 5.527
[12,    50] loss: 5.614
[12,    60] loss: 5.663
[12,    70] loss: 5.689
[12,    80] loss: 5.639
[12,    90] loss: 5.655
[12,   100] loss: 5.700
[12] Validation loss: 5.786, Accuracy: 3.02%
[13,    10] loss: 5.450
[13,    20] loss: 5.511
[13,    30] loss: 5.542
[13,    40] loss: 5.575
[13,    50] loss: 5.596
[13,    60] loss: 5.602
[13,    70] loss: 5.643
[13,    80] loss: 5.646
[13,    90] loss: 5.642
[13,   100] loss: 5.658
[13] Validation loss: 5.766, Accuracy: 3.18%
[14,    10] loss: 5.510
[14,    20] loss: 5.491
[14,    30] loss: 5.577
[14,    40] loss: 5.524
[14,    50] loss: 5.606
[14,    60] loss: 5.586
[14,    70] loss: 5.644
[14,    80] loss: 5.671
[14,    90] loss: 5.578
[14,   100] loss: 5.590
[14] Validation loss: 5.771, Accuracy: 3.17%
[15,    10] loss: 5.444
[15,    20] loss: 5.514
[15,    30] loss: 5.514
[15,    40] loss: 5.555
[15,    50] loss: 5.583
[15,    60] loss: 5.566
[15,    70] loss: 5.597
[15,    80] loss: 5.592
[15,    90] loss: 5.591
[15,   100] loss: 5.638
[15] Validation loss: 5.761, Accuracy: 3.06%
[16,    10] loss: 5.403
[16,    20] loss: 5.514
[16,    30] loss: 5.478
[16,    40] loss: 5.559
[16,    50] loss: 5.546
[16,    60] loss: 5.561
[16,    70] loss: 5.561
[16,    80] loss: 5.610
[16,    90] loss: 5.559
[16,   100] loss: 5.597
[16] Validation loss: 5.758, Accuracy: 3.30%
[17,    10] loss: 5.430
[17,    20] loss: 5.477
[17,    30] loss: 5.471
[17,    40] loss: 5.489
[17,    50] loss: 5.534
[17,    60] loss: 5.557
[17,    70] loss: 5.596
[17,    80] loss: 5.570
[17,    90] loss: 5.561
[17,   100] loss: 5.593
[17] Validation loss: 5.771, Accuracy: 3.39%
[18,    10] loss: 5.406
[18,    20] loss: 5.446
[18,    30] loss: 5.460
[18,    40] loss: 5.495
[18,    50] loss: 5.496
[18,    60] loss: 5.501
[18,    70] loss: 5.514
[18,    80] loss: 5.574
[18,    90] loss: 5.566
[18,   100] loss: 5.544
[18] Validation loss: 5.768, Accuracy: 3.18%
[19,    10] loss: 5.398
[19,    20] loss: 5.438
[19,    30] loss: 5.449
[19,    40] loss: 5.513
[19,    50] loss: 5.504
[19,    60] loss: 5.474
[19,    70] loss: 5.506
[19,    80] loss: 5.580
[19,    90] loss: 5.564
[19,   100] loss: 5.566
[19] Validation loss: 5.768, Accuracy: 3.26%
[20,    10] loss: 5.352
[20,    20] loss: 5.431
[20,    30] loss: 5.463
[20,    40] loss: 5.492
[20,    50] loss: 5.493
[20,    60] loss: 5.486
[20,    70] loss: 5.496
[20,    80] loss: 5.506
[20,    90] loss: 5.587
[20,   100] loss: 5.561
[20] Validation loss: 5.784, Accuracy: 3.15%
[21,    10] loss: 5.369
[21,    20] loss: 5.343
[21,    30] loss: 5.464
[21,    40] loss: 5.451
[21,    50] loss: 5.484
[21,    60] loss: 5.512
[21,    70] loss: 5.526
[21,    80] loss: 5.533
[21,    90] loss: 5.502
[21,   100] loss: 5.471
[21] Validation loss: 5.793, Accuracy: 3.29%
[22,    10] loss: 5.353
[22,    20] loss: 5.411
[22,    30] loss: 5.427
[22,    40] loss: 5.451
[22,    50] loss: 5.461
[22,    60] loss: 5.436
[22,    70] loss: 5.513
[22,    80] loss: 5.502
[22,    90] loss: 5.520
[22,   100] loss: 5.566
[22] Validation loss: 5.810, Accuracy: 3.04%
[23,    10] loss: 5.392
[23,    20] loss: 5.376
[23,    30] loss: 5.407
[23,    40] loss: 5.431
[23,    50] loss: 5.480
[23,    60] loss: 5.459
[23,    70] loss: 5.475
[23,    80] loss: 5.487
[23,    90] loss: 5.519
[23,   100] loss: 5.501
[23] Validation loss: 5.780, Accuracy: 3.22%
[24,    10] loss: 5.328
[24,    20] loss: 5.364
[24,    30] loss: 5.377
[24,    40] loss: 5.438
[24,    50] loss: 5.455
[24,    60] loss: 5.429
[24,    70] loss: 5.505
[24,    80] loss: 5.481
[24,    90] loss: 5.509
[24,   100] loss: 5.512
[24] Validation loss: 5.795, Accuracy: 3.06%
[25,    10] loss: 5.343
[25,    20] loss: 5.324
[25,    30] loss: 5.448
[25,    40] loss: 5.415
[25,    50] loss: 5.478
[25,    60] loss: 5.435
[25,    70] loss: 5.493
[25,    80] loss: 5.494
[25,    90] loss: 5.496
[25,   100] loss: 5.537
[25] Validation loss: 5.829, Accuracy: 3.14%
[26,    10] loss: 5.345
[26,    20] loss: 5.366
[26,    30] loss: 5.385
[26,    40] loss: 5.415
[26,    50] loss: 5.416
[26,    60] loss: 5.437
[26,    70] loss: 5.460
[26,    80] loss: 5.453
[26,    90] loss: 5.433
[26,   100] loss: 5.482
[26] Validation loss: 5.818, Accuracy: 3.12%
[27,    10] loss: 5.293
[27,    20] loss: 5.336
[27,    30] loss: 5.355
[27,    40] loss: 5.444
[27,    50] loss: 5.424
[27,    60] loss: 5.432
[27,    70] loss: 5.426
[27,    80] loss: 5.429
[27,    90] loss: 5.454
[27,   100] loss: 5.525
[27] Validation loss: 5.806, Accuracy: 3.11%
[28,    10] loss: 5.292
[28,    20] loss: 5.312
[28,    30] loss: 5.354
[28,    40] loss: 5.410
[28,    50] loss: 5.407
[28,    60] loss: 5.445
[28,    70] loss: 5.480
[28,    80] loss: 5.461
[28,    90] loss: 5.435
[28,   100] loss: 5.493
[28] Validation loss: 5.813, Accuracy: 3.34%
[29,    10] loss: 5.277
[29,    20] loss: 5.323
[29,    30] loss: 5.326
[29,    40] loss: 5.351
[29,    50] loss: 5.392
[29,    60] loss: 5.448
[29,    70] loss: 5.447
[29,    80] loss: 5.469
[29,    90] loss: 5.446
[29,   100] loss: 5.471
[29] Validation loss: 5.823, Accuracy: 3.24%
[30,    10] loss: 5.327
[30,    20] loss: 5.310
[30,    30] loss: 5.332
[30,    40] loss: 5.402
[30,    50] loss: 5.354
[30,    60] loss: 5.461
[30,    70] loss: 5.388
[30,    80] loss: 5.441
[30,    90] loss: 5.421
[30,   100] loss: 5.432
[30] Validation loss: 5.834, Accuracy: 3.35%
Finished Training
Time elapsed: 1457.2957281230001
Saved checkpoint to checkpoints/classifier.pth
