Dataset is copied to /tmp
SimCLR encoder + linear classifier
Start Training
use checkpoint:checkpoints/simclr_resnet18_norm_512t005sgd4_encoder_ep_150
[1,    10] loss: 6.827
[1,    20] loss: 6.797
[1,    30] loss: 6.723
[1,    40] loss: 6.635
[1,    50] loss: 6.566
[1,    60] loss: 6.510
[1,    70] loss: 6.405
[1,    80] loss: 6.297
[1,    90] loss: 6.254
[1,   100] loss: 6.203
[1] Validation loss: 5.879, Accuracy: 4.52%
[2,    10] loss: 6.007
[2,    20] loss: 5.945
[2,    30] loss: 5.903
[2,    40] loss: 5.877
[2,    50] loss: 5.862
[2,    60] loss: 5.785
[2,    70] loss: 5.780
[2,    80] loss: 5.746
[2,    90] loss: 5.719
[2,   100] loss: 5.690
[2] Validation loss: 5.351, Accuracy: 7.34%
[3,    10] loss: 5.538
[3,    20] loss: 5.500
[3,    30] loss: 5.534
[3,    40] loss: 5.499
[3,    50] loss: 5.507
[3,    60] loss: 5.440
[3,    70] loss: 5.480
[3,    80] loss: 5.446
[3,    90] loss: 5.399
[3,   100] loss: 5.470
[3] Validation loss: 5.083, Accuracy: 9.21%
[4,    10] loss: 5.317
[4,    20] loss: 5.282
[4,    30] loss: 5.310
[4,    40] loss: 5.266
[4,    50] loss: 5.312
[4,    60] loss: 5.298
[4,    70] loss: 5.278
[4,    80] loss: 5.299
[4,    90] loss: 5.245
[4,   100] loss: 5.323
[4] Validation loss: 4.929, Accuracy: 10.11%
[5,    10] loss: 5.172
[5,    20] loss: 5.147
[5,    30] loss: 5.176
[5,    40] loss: 5.173
[5,    50] loss: 5.176
[5,    60] loss: 5.178
[5,    70] loss: 5.181
[5,    80] loss: 5.191
[5,    90] loss: 5.129
[5,   100] loss: 5.205
[5] Validation loss: 4.829, Accuracy: 11.14%
[6,    10] loss: 5.029
[6,    20] loss: 5.051
[6,    30] loss: 5.059
[6,    40] loss: 5.110
[6,    50] loss: 5.116
[6,    60] loss: 5.104
[6,    70] loss: 5.080
[6,    80] loss: 5.098
[6,    90] loss: 5.133
[6,   100] loss: 5.145
[6] Validation loss: 4.774, Accuracy: 11.86%
[7,    10] loss: 4.991
[7,    20] loss: 4.959
[7,    30] loss: 4.999
[7,    40] loss: 4.976
[7,    50] loss: 5.015
[7,    60] loss: 5.022
[7,    70] loss: 4.964
[7,    80] loss: 5.087
[7,    90] loss: 5.053
[7,   100] loss: 5.009
[7] Validation loss: 4.714, Accuracy: 12.29%
[8,    10] loss: 4.941
[8,    20] loss: 4.940
[8,    30] loss: 4.935
[8,    40] loss: 4.933
[8,    50] loss: 4.912
[8,    60] loss: 4.948
[8,    70] loss: 4.945
[8,    80] loss: 4.974
[8,    90] loss: 4.893
[8,   100] loss: 4.973
[8] Validation loss: 4.693, Accuracy: 12.51%
[9,    10] loss: 4.867
[9,    20] loss: 4.843
[9,    30] loss: 4.838
[9,    40] loss: 4.902
[9,    50] loss: 4.958
[9,    60] loss: 4.893
[9,    70] loss: 4.946
[9,    80] loss: 4.912
[9,    90] loss: 4.904
[9,   100] loss: 4.893
[9] Validation loss: 4.654, Accuracy: 12.89%
[10,    10] loss: 4.826
[10,    20] loss: 4.772
[10,    30] loss: 4.779
[10,    40] loss: 4.853
[10,    50] loss: 4.858
[10,    60] loss: 4.846
[10,    70] loss: 4.879
[10,    80] loss: 4.911
[10,    90] loss: 4.910
[10,   100] loss: 4.882
[10] Validation loss: 4.636, Accuracy: 13.17%
Saved intermediate checkpoint to classifier_simclr_resnet18_norm_512t005sgd4_encoder_ep_150_epoch10.pth
[11,    10] loss: 4.728
[11,    20] loss: 4.746
[11,    30] loss: 4.776
[11,    40] loss: 4.851
[11,    50] loss: 4.829
[11,    60] loss: 4.839
[11,    70] loss: 4.837
[11,    80] loss: 4.802
[11,    90] loss: 4.855
[11,   100] loss: 4.898
[11] Validation loss: 4.634, Accuracy: 13.23%
[12,    10] loss: 4.768
[12,    20] loss: 4.753
[12,    30] loss: 4.721
[12,    40] loss: 4.681
[12,    50] loss: 4.795
[12,    60] loss: 4.746
[12,    70] loss: 4.800
[12,    80] loss: 4.814
[12,    90] loss: 4.841
[12,   100] loss: 4.796
[12] Validation loss: 4.601, Accuracy: 13.84%
[13,    10] loss: 4.742
[13,    20] loss: 4.737
[13,    30] loss: 4.671
[13,    40] loss: 4.675
[13,    50] loss: 4.720
[13,    60] loss: 4.784
[13,    70] loss: 4.765
[13,    80] loss: 4.838
[13,    90] loss: 4.737
[13,   100] loss: 4.803
[13] Validation loss: 4.591, Accuracy: 13.75%
[14,    10] loss: 4.680
[14,    20] loss: 4.679
[14,    30] loss: 4.637
[14,    40] loss: 4.703
[14,    50] loss: 4.772
[14,    60] loss: 4.729
[14,    70] loss: 4.732
[14,    80] loss: 4.743
[14,    90] loss: 4.744
[14,   100] loss: 4.788
[14] Validation loss: 4.571, Accuracy: 13.98%
[15,    10] loss: 4.675
[15,    20] loss: 4.632
[15,    30] loss: 4.716
[15,    40] loss: 4.663
[15,    50] loss: 4.738
[15,    60] loss: 4.618
[15,    70] loss: 4.744
[15,    80] loss: 4.709
[15,    90] loss: 4.680
[15,   100] loss: 4.721
[15] Validation loss: 4.564, Accuracy: 14.13%
[16,    10] loss: 4.640
[16,    20] loss: 4.575
[16,    30] loss: 4.621
[16,    40] loss: 4.613
[16,    50] loss: 4.637
[16,    60] loss: 4.653
[16,    70] loss: 4.613
[16,    80] loss: 4.674
[16,    90] loss: 4.671
[16,   100] loss: 4.657
[16] Validation loss: 4.544, Accuracy: 14.55%
[17,    10] loss: 4.563
[17,    20] loss: 4.620
[17,    30] loss: 4.587
[17,    40] loss: 4.610
[17,    50] loss: 4.649
[17,    60] loss: 4.636
[17,    70] loss: 4.610
[17,    80] loss: 4.632
[17,    90] loss: 4.595
[17,   100] loss: 4.617
[17] Validation loss: 4.520, Accuracy: 14.78%
[18,    10] loss: 4.564
[18,    20] loss: 4.549
[18,    30] loss: 4.595
[18,    40] loss: 4.572
[18,    50] loss: 4.663
[18,    60] loss: 4.656
[18,    70] loss: 4.636
[18,    80] loss: 4.596
[18,    90] loss: 4.614
[18,   100] loss: 4.555
[18] Validation loss: 4.528, Accuracy: 14.71%
[19,    10] loss: 4.561
[19,    20] loss: 4.490
[19,    30] loss: 4.550
[19,    40] loss: 4.548
[19,    50] loss: 4.581
[19,    60] loss: 4.577
[19,    70] loss: 4.601
[19,    80] loss: 4.609
[19,    90] loss: 4.635
[19,   100] loss: 4.597
[19] Validation loss: 4.519, Accuracy: 14.90%
[20,    10] loss: 4.491
[20,    20] loss: 4.518
[20,    30] loss: 4.598
[20,    40] loss: 4.612
[20,    50] loss: 4.518
[20,    60] loss: 4.567
[20,    70] loss: 4.571
[20,    80] loss: 4.600
[20,    90] loss: 4.600
[20,   100] loss: 4.684
[20] Validation loss: 4.524, Accuracy: 14.97%
Saved intermediate checkpoint to classifier_simclr_resnet18_norm_512t005sgd4_encoder_ep_150_epoch20.pth
[21,    10] loss: 4.494
[21,    20] loss: 4.558
[21,    30] loss: 4.541
[21,    40] loss: 4.580
[21,    50] loss: 4.553
[21,    60] loss: 4.571
[21,    70] loss: 4.562
[21,    80] loss: 4.577
[21,    90] loss: 4.581
[21,   100] loss: 4.570
[21] Validation loss: 4.501, Accuracy: 15.09%
[22,    10] loss: 4.479
[22,    20] loss: 4.493
[22,    30] loss: 4.518
[22,    40] loss: 4.587
[22,    50] loss: 4.587
[22,    60] loss: 4.572
[22,    70] loss: 4.579
[22,    80] loss: 4.521
[22,    90] loss: 4.563
[22,   100] loss: 4.564
[22] Validation loss: 4.511, Accuracy: 15.06%
[23,    10] loss: 4.535
[23,    20] loss: 4.489
[23,    30] loss: 4.489
[23,    40] loss: 4.498
[23,    50] loss: 4.541
[23,    60] loss: 4.503
[23,    70] loss: 4.535
[23,    80] loss: 4.507
[23,    90] loss: 4.547
[23,   100] loss: 4.609
[23] Validation loss: 4.509, Accuracy: 14.88%
[24,    10] loss: 4.502
[24,    20] loss: 4.458
[24,    30] loss: 4.496
[24,    40] loss: 4.524
[24,    50] loss: 4.513
[24,    60] loss: 4.544
[24,    70] loss: 4.533
[24,    80] loss: 4.533
[24,    90] loss: 4.535
[24,   100] loss: 4.534
[24] Validation loss: 4.511, Accuracy: 14.97%
[25,    10] loss: 4.417
[25,    20] loss: 4.522
[25,    30] loss: 4.511
[25,    40] loss: 4.474
[25,    50] loss: 4.537
[25,    60] loss: 4.551
[25,    70] loss: 4.502
[25,    80] loss: 4.563
[25,    90] loss: 4.539
[25,   100] loss: 4.466
[25] Validation loss: 4.502, Accuracy: 15.11%
[26,    10] loss: 4.466
[26,    20] loss: 4.463
[26,    30] loss: 4.465
[26,    40] loss: 4.452
[26,    50] loss: 4.478
[26,    60] loss: 4.508
[26,    70] loss: 4.515
[26,    80] loss: 4.522
[26,    90] loss: 4.527
[26,   100] loss: 4.497
[26] Validation loss: 4.507, Accuracy: 15.07%
[27,    10] loss: 4.464
[27,    20] loss: 4.526
[27,    30] loss: 4.429
[27,    40] loss: 4.450
[27,    50] loss: 4.451
[27,    60] loss: 4.496
[27,    70] loss: 4.519
[27,    80] loss: 4.508
[27,    90] loss: 4.481
[27,   100] loss: 4.574
[27] Validation loss: 4.502, Accuracy: 15.19%
[28,    10] loss: 4.405
[28,    20] loss: 4.450
[28,    30] loss: 4.450
[28,    40] loss: 4.427
[28,    50] loss: 4.504
[28,    60] loss: 4.511
[28,    70] loss: 4.511
[28,    80] loss: 4.513
[28,    90] loss: 4.530
[28,   100] loss: 4.508
[28] Validation loss: 4.488, Accuracy: 15.25%
[29,    10] loss: 4.414
[29,    20] loss: 4.410
[29,    30] loss: 4.464
[29,    40] loss: 4.474
[29,    50] loss: 4.434
[29,    60] loss: 4.434
[29,    70] loss: 4.482
[29,    80] loss: 4.555
[29,    90] loss: 4.513
[29,   100] loss: 4.525
[29] Validation loss: 4.477, Accuracy: 15.34%
[30,    10] loss: 4.387
[30,    20] loss: 4.450
[30,    30] loss: 4.411
[30,    40] loss: 4.448
[30,    50] loss: 4.465
[30,    60] loss: 4.515
[30,    70] loss: 4.472
[30,    80] loss: 4.513
[30,    90] loss: 4.437
[30,   100] loss: 4.505
[30] Validation loss: 4.485, Accuracy: 15.20%
Saved intermediate checkpoint to classifier_simclr_resnet18_norm_512t005sgd4_encoder_ep_150_epoch30.pth
[31,    10] loss: 4.411
[31,    20] loss: 4.386
[31,    30] loss: 4.390
[31,    40] loss: 4.443
[31,    50] loss: 4.487
[31,    60] loss: 4.392
[31,    70] loss: 4.490
[31,    80] loss: 4.436
[31,    90] loss: 4.478
[31,   100] loss: 4.420
[31] Validation loss: 4.468, Accuracy: 15.50%
[32,    10] loss: 4.473
[32,    20] loss: 4.412
[32,    30] loss: 4.392
[32,    40] loss: 4.353
[32,    50] loss: 4.393
[32,    60] loss: 4.445
[32,    70] loss: 4.439
[32,    80] loss: 4.427
[32,    90] loss: 4.406
[32,   100] loss: 4.518
[32] Validation loss: 4.473, Accuracy: 15.42%
[33,    10] loss: 4.466
[33,    20] loss: 4.344
[33,    30] loss: 4.356
[33,    40] loss: 4.401
[33,    50] loss: 4.370
[33,    60] loss: 4.402
[33,    70] loss: 4.406
[33,    80] loss: 4.406
[33,    90] loss: 4.426
[33,   100] loss: 4.493
[33] Validation loss: 4.478, Accuracy: 15.55%
[34,    10] loss: 4.445
[34,    20] loss: 4.385
[34,    30] loss: 4.387
[34,    40] loss: 4.469
[34,    50] loss: 4.418
[34,    60] loss: 4.382
[34,    70] loss: 4.406
[34,    80] loss: 4.405
[34,    90] loss: 4.431
[34,   100] loss: 4.472
[34] Validation loss: 4.468, Accuracy: 15.54%
[35,    10] loss: 4.333
[35,    20] loss: 4.396
[35,    30] loss: 4.375
[35,    40] loss: 4.407
[35,    50] loss: 4.376
[35,    60] loss: 4.421
[35,    70] loss: 4.399
[35,    80] loss: 4.442
[35,    90] loss: 4.443
[35,   100] loss: 4.458
[35] Validation loss: 4.471, Accuracy: 15.53%
[36,    10] loss: 4.414
[36,    20] loss: 4.436
[36,    30] loss: 4.310
[36,    40] loss: 4.373
[36,    50] loss: 4.397
[36,    60] loss: 4.415
[36,    70] loss: 4.397
[36,    80] loss: 4.447
[36,    90] loss: 4.440
[36,   100] loss: 4.350
[36] Validation loss: 4.460, Accuracy: 15.75%
[37,    10] loss: 4.381
[37,    20] loss: 4.399
[37,    30] loss: 4.300
[37,    40] loss: 4.451
[37,    50] loss: 4.392
[37,    60] loss: 4.398
[37,    70] loss: 4.422
[37,    80] loss: 4.413
[37,    90] loss: 4.388
[37,   100] loss: 4.450
[37] Validation loss: 4.462, Accuracy: 15.60%
[38,    10] loss: 4.347
[38,    20] loss: 4.384
[38,    30] loss: 4.421
[38,    40] loss: 4.344
[38,    50] loss: 4.448
[38,    60] loss: 4.371
[38,    70] loss: 4.363
[38,    80] loss: 4.373
[38,    90] loss: 4.354
[38,   100] loss: 4.417
[38] Validation loss: 4.458, Accuracy: 15.72%
[39,    10] loss: 4.428
[39,    20] loss: 4.379
[39,    30] loss: 4.336
[39,    40] loss: 4.390
[39,    50] loss: 4.349
[39,    60] loss: 4.379
[39,    70] loss: 4.381
[39,    80] loss: 4.377
[39,    90] loss: 4.444
[39,   100] loss: 4.468
[39] Validation loss: 4.459, Accuracy: 15.77%
[40,    10] loss: 4.342
[40,    20] loss: 4.397
[40,    30] loss: 4.360
[40,    40] loss: 4.404
[40,    50] loss: 4.361
[40,    60] loss: 4.328
[40,    70] loss: 4.426
[40,    80] loss: 4.347
[40,    90] loss: 4.354
[40,   100] loss: 4.418
[40] Validation loss: 4.457, Accuracy: 15.75%
Saved intermediate checkpoint to classifier_simclr_resnet18_norm_512t005sgd4_encoder_ep_150_epoch40.pth
[41,    10] loss: 4.341
[41,    20] loss: 4.421
[41,    30] loss: 4.426
[41,    40] loss: 4.263
[41,    50] loss: 4.407
[41,    60] loss: 4.374
[41,    70] loss: 4.419
[41,    80] loss: 4.306
[41,    90] loss: 4.343
[41,   100] loss: 4.387
[41] Validation loss: 4.463, Accuracy: 15.71%
[42,    10] loss: 4.381
[42,    20] loss: 4.350
[42,    30] loss: 4.352
[42,    40] loss: 4.338
[42,    50] loss: 4.386
[42,    60] loss: 4.311
[42,    70] loss: 4.389
[42,    80] loss: 4.431
[42,    90] loss: 4.336
[42,   100] loss: 4.353
[42] Validation loss: 4.465, Accuracy: 15.64%
[43,    10] loss: 4.364
[43,    20] loss: 4.397
[43,    30] loss: 4.337
[43,    40] loss: 4.314
[43,    50] loss: 4.331
[43,    60] loss: 4.389
[43,    70] loss: 4.375
[43,    80] loss: 4.365
[43,    90] loss: 4.352
[43,   100] loss: 4.492
[43] Validation loss: 4.459, Accuracy: 15.70%
[44,    10] loss: 4.360
[44,    20] loss: 4.285
[44,    30] loss: 4.314
[44,    40] loss: 4.309
[44,    50] loss: 4.388
[44,    60] loss: 4.455
[44,    70] loss: 4.363
[44,    80] loss: 4.397
[44,    90] loss: 4.358
[44,   100] loss: 4.369
[44] Validation loss: 4.459, Accuracy: 15.54%
[45,    10] loss: 4.349
[45,    20] loss: 4.331
[45,    30] loss: 4.378
[45,    40] loss: 4.370
[45,    50] loss: 4.433
[45,    60] loss: 4.381
[45,    70] loss: 4.318
[45,    80] loss: 4.411
[45,    90] loss: 4.377
[45,   100] loss: 4.343
[45] Validation loss: 4.453, Accuracy: 15.74%
[46,    10] loss: 4.319
[46,    20] loss: 4.350
[46,    30] loss: 4.303
[46,    40] loss: 4.335
[46,    50] loss: 4.374
[46,    60] loss: 4.355
[46,    70] loss: 4.372
[46,    80] loss: 4.357
[46,    90] loss: 4.322
[46,   100] loss: 4.397
[46] Validation loss: 4.458, Accuracy: 15.65%
[47,    10] loss: 4.314
[47,    20] loss: 4.347
[47,    30] loss: 4.379
[47,    40] loss: 4.307
[47,    50] loss: 4.325
[47,    60] loss: 4.312
[47,    70] loss: 4.362
[47,    80] loss: 4.321
[47,    90] loss: 4.348
[47,   100] loss: 4.351
[47] Validation loss: 4.443, Accuracy: 15.84%
[48,    10] loss: 4.312
[48,    20] loss: 4.335
[48,    30] loss: 4.340
[48,    40] loss: 4.329
[48,    50] loss: 4.327
[48,    60] loss: 4.287
[48,    70] loss: 4.366
[48,    80] loss: 4.352
[48,    90] loss: 4.305
[48,   100] loss: 4.413
[48] Validation loss: 4.452, Accuracy: 15.71%
[49,    10] loss: 4.284
[49,    20] loss: 4.315
[49,    30] loss: 4.328
[49,    40] loss: 4.280
[49,    50] loss: 4.343
[49,    60] loss: 4.367
[49,    70] loss: 4.311
[49,    80] loss: 4.337
[49,    90] loss: 4.347
[49,   100] loss: 4.386
[49] Validation loss: 4.448, Accuracy: 15.81%
[50,    10] loss: 4.316
[50,    20] loss: 4.352
[50,    30] loss: 4.315
[50,    40] loss: 4.354
[50,    50] loss: 4.288
[50,    60] loss: 4.287
[50,    70] loss: 4.327
[50,    80] loss: 4.369
[50,    90] loss: 4.359
[50,   100] loss: 4.361
[50] Validation loss: 4.446, Accuracy: 15.89%
Saved intermediate checkpoint to classifier_simclr_resnet18_norm_512t005sgd4_encoder_ep_150_epoch50.pth
[51,    10] loss: 4.284
[51,    20] loss: 4.386
[51,    30] loss: 4.319
[51,    40] loss: 4.324
[51,    50] loss: 4.290
[51,    60] loss: 4.342
[51,    70] loss: 4.337
[51,    80] loss: 4.354
[51,    90] loss: 4.324
[51,   100] loss: 4.296
[51] Validation loss: 4.448, Accuracy: 15.86%
[52,    10] loss: 4.385
[52,    20] loss: 4.306
[52,    30] loss: 4.255
[52,    40] loss: 4.337
[52,    50] loss: 4.327
[52,    60] loss: 4.346
[52,    70] loss: 4.330
[52,    80] loss: 4.334
[52,    90] loss: 4.269
[52,   100] loss: 4.287
[52] Validation loss: 4.446, Accuracy: 15.86%
[53,    10] loss: 4.259
[53,    20] loss: 4.283
[53,    30] loss: 4.298
[53,    40] loss: 4.308
[53,    50] loss: 4.283
[53,    60] loss: 4.335
[53,    70] loss: 4.318
[53,    80] loss: 4.349
[53,    90] loss: 4.342
[53,   100] loss: 4.337
[53] Validation loss: 4.455, Accuracy: 15.76%
[54,    10] loss: 4.282
[54,    20] loss: 4.337
[54,    30] loss: 4.331
[54,    40] loss: 4.306
[54,    50] loss: 4.318
[54,    60] loss: 4.400
[54,    70] loss: 4.308
[54,    80] loss: 4.341
[54,    90] loss: 4.365
[54,   100] loss: 4.347
[54] Validation loss: 4.448, Accuracy: 15.83%
[55,    10] loss: 4.199
[55,    20] loss: 4.314
[55,    30] loss: 4.351
[55,    40] loss: 4.377
[55,    50] loss: 4.329
[55,    60] loss: 4.292
[55,    70] loss: 4.367
[55,    80] loss: 4.392
[55,    90] loss: 4.360
[55,   100] loss: 4.343
[55] Validation loss: 4.444, Accuracy: 15.85%
[56,    10] loss: 4.261
[56,    20] loss: 4.374
[56,    30] loss: 4.324
[56,    40] loss: 4.257
[56,    50] loss: 4.306
[56,    60] loss: 4.334
[56,    70] loss: 4.298
[56,    80] loss: 4.277
[56,    90] loss: 4.327
[56,   100] loss: 4.372
[56] Validation loss: 4.447, Accuracy: 15.78%
[57,    10] loss: 4.325
[57,    20] loss: 4.343
[57,    30] loss: 4.274
[57,    40] loss: 4.300
[57,    50] loss: 4.333
[57,    60] loss: 4.296
[57,    70] loss: 4.279
[57,    80] loss: 4.274
[57,    90] loss: 4.328
[57,   100] loss: 4.308
[57] Validation loss: 4.436, Accuracy: 15.88%
[58,    10] loss: 4.340
[58,    20] loss: 4.315
[58,    30] loss: 4.338
[58,    40] loss: 4.335
[58,    50] loss: 4.273
[58,    60] loss: 4.263
[58,    70] loss: 4.357
[58,    80] loss: 4.350
[58,    90] loss: 4.275
[58,   100] loss: 4.310
[58] Validation loss: 4.447, Accuracy: 15.79%
[59,    10] loss: 4.265
[59,    20] loss: 4.301
[59,    30] loss: 4.334
[59,    40] loss: 4.294
[59,    50] loss: 4.258
[59,    60] loss: 4.349
[59,    70] loss: 4.278
[59,    80] loss: 4.299
[59,    90] loss: 4.287
[59,   100] loss: 4.310
[59] Validation loss: 4.453, Accuracy: 15.73%
[60,    10] loss: 4.291
[60,    20] loss: 4.298
[60,    30] loss: 4.255
[60,    40] loss: 4.354
[60,    50] loss: 4.267
[60,    60] loss: 4.272
[60,    70] loss: 4.393
[60,    80] loss: 4.286
[60,    90] loss: 4.334
[60,   100] loss: 4.326
[60] Validation loss: 4.447, Accuracy: 15.82%
Saved intermediate checkpoint to classifier_simclr_resnet18_norm_512t005sgd4_encoder_ep_150_epoch60.pth
[61,    10] loss: 4.314
[61,    20] loss: 4.296
[61,    30] loss: 4.286
[61,    40] loss: 4.271
[61,    50] loss: 4.298
[61,    60] loss: 4.325
[61,    70] loss: 4.274
[61,    80] loss: 4.323
[61,    90] loss: 4.332
[61,   100] loss: 4.362
[61] Validation loss: 4.459, Accuracy: 15.75%
[62,    10] loss: 4.229
[62,    20] loss: 4.290
[62,    30] loss: 4.280
[62,    40] loss: 4.318
[62,    50] loss: 4.331
[62,    60] loss: 4.323
[62,    70] loss: 4.321
[62,    80] loss: 4.292
[62,    90] loss: 4.305
[62,   100] loss: 4.290
[62] Validation loss: 4.446, Accuracy: 15.93%
[63,    10] loss: 4.320
[63,    20] loss: 4.326
[63,    30] loss: 4.263
[63,    40] loss: 4.302
[63,    50] loss: 4.321
[63,    60] loss: 4.298
[63,    70] loss: 4.357
[63,    80] loss: 4.245
[63,    90] loss: 4.346
[63,   100] loss: 4.307
[63] Validation loss: 4.450, Accuracy: 15.86%
[64,    10] loss: 4.284
[64,    20] loss: 4.331
[64,    30] loss: 4.304
[64,    40] loss: 4.313
[64,    50] loss: 4.289
[64,    60] loss: 4.256
[64,    70] loss: 4.328
[64,    80] loss: 4.244
[64,    90] loss: 4.294
[64,   100] loss: 4.293
[64] Validation loss: 4.441, Accuracy: 15.88%
[65,    10] loss: 4.332
[65,    20] loss: 4.259
[65,    30] loss: 4.332
[65,    40] loss: 4.291
[65,    50] loss: 4.285
[65,    60] loss: 4.268
[65,    70] loss: 4.251
[65,    80] loss: 4.300
[65,    90] loss: 4.298
[65,   100] loss: 4.354
[65] Validation loss: 4.447, Accuracy: 15.82%
[66,    10] loss: 4.276
[66,    20] loss: 4.247
[66,    30] loss: 4.362
[66,    40] loss: 4.377
[66,    50] loss: 4.223
[66,    60] loss: 4.281
[66,    70] loss: 4.293
[66,    80] loss: 4.298
[66,    90] loss: 4.263
[66,   100] loss: 4.327
[66] Validation loss: 4.440, Accuracy: 15.92%
[67,    10] loss: 4.251
[67,    20] loss: 4.219
[67,    30] loss: 4.285
[67,    40] loss: 4.358
[67,    50] loss: 4.298
[67,    60] loss: 4.324
[67,    70] loss: 4.307
[67,    80] loss: 4.268
[67,    90] loss: 4.321
[67,   100] loss: 4.305
[67] Validation loss: 4.453, Accuracy: 15.86%
[68,    10] loss: 4.256
[68,    20] loss: 4.238
[68,    30] loss: 4.269
[68,    40] loss: 4.273
[68,    50] loss: 4.243
[68,    60] loss: 4.310
[68,    70] loss: 4.282
[68,    80] loss: 4.357
[68,    90] loss: 4.290
[68,   100] loss: 4.294
[68] Validation loss: 4.434, Accuracy: 15.94%
[69,    10] loss: 4.276
[69,    20] loss: 4.277
[69,    30] loss: 4.261
[69,    40] loss: 4.363
[69,    50] loss: 4.277
[69,    60] loss: 4.234
[69,    70] loss: 4.236
[69,    80] loss: 4.272
[69,    90] loss: 4.304
[69,   100] loss: 4.294
[69] Validation loss: 4.442, Accuracy: 15.91%
[70,    10] loss: 4.265
[70,    20] loss: 4.235
[70,    30] loss: 4.273
[70,    40] loss: 4.265
[70,    50] loss: 4.249
[70,    60] loss: 4.323
[70,    70] loss: 4.250
[70,    80] loss: 4.368
[70,    90] loss: 4.270
[70,   100] loss: 4.266
[70] Validation loss: 4.432, Accuracy: 15.97%
Saved intermediate checkpoint to classifier_simclr_resnet18_norm_512t005sgd4_encoder_ep_150_epoch70.pth
Finished Training
Time elapsed: 2725.784891460091
