Dataset is copied to /tmp
Start Training
[1,    10] loss: 6.237
[1,    20] loss: 6.236
[1,    30] loss: 6.236
[1,    40] loss: 6.236
[1,    50] loss: 6.236
[1,    60] loss: 6.236
[1,    70] loss: 6.236
[1,    80] loss: 6.231
[1,    90] loss: 6.225
[1,   100] loss: 6.201
[1,   110] loss: 6.196
[1,   120] loss: 6.204
[1,   130] loss: 6.163
[1,   140] loss: 6.137
[1,   150] loss: 6.147
[1,   160] loss: 6.121
[1,   170] loss: 6.134
[1,   180] loss: 6.128
[1,   190] loss: 6.087
[1,   200] loss: 6.106
[1,   210] loss: 6.096
[1,   220] loss: 6.099
[1,   230] loss: 6.089
[1,   240] loss: 6.067
[1,   250] loss: 6.112
[1,   260] loss: 6.097
[1,   270] loss: 6.076
[1,   280] loss: 6.072
[1,   290] loss: 6.075
[1,   300] loss: 6.061
[1,   310] loss: 6.064
[1,   320] loss: 6.066
[1,   330] loss: 6.058
[1,   340] loss: 6.066
[1,   350] loss: 6.072
[1,   360] loss: 6.053
[1,   370] loss: 6.055
[1,   380] loss: 6.035
[1,   390] loss: 6.045
[1,   400] loss: 6.036
[1,   410] loss: 6.070
[1,   420] loss: 6.046
[1,   430] loss: 6.036
[1,   440] loss: 6.054
[1,   450] loss: 6.020
[1,   460] loss: 6.024
[1,   470] loss: 6.058
[1,   480] loss: 6.047
[1,   490] loss: 6.030
[1,   500] loss: 6.028
[1,   510] loss: 6.021
[1,   520] loss: 6.042
[1,   530] loss: 6.024
[1,   540] loss: 6.017
[1,   550] loss: 6.051
[1,   560] loss: 6.024
[1,   570] loss: 6.033
[1,   580] loss: 6.024
[1,   590] loss: 6.018
[1,   600] loss: 6.025
[1,   610] loss: 6.012
[1,   620] loss: 6.012
[1,   630] loss: 5.991
[1,   640] loss: 5.968
[1,   650] loss: 5.986
[1,   660] loss: 6.005
[1,   670] loss: 5.971
[1,   680] loss: 5.954
[1,   690] loss: 5.972
[1,   700] loss: 5.959
[1,   710] loss: 5.952
[1,   720] loss: 5.963
[1,   730] loss: 5.969
[1,   740] loss: 5.948
[1,   750] loss: 5.936
[1,   760] loss: 5.956
[1,   770] loss: 5.942
[1,   780] loss: 5.933
[1,   790] loss: 5.954
[1,   800] loss: 5.974
[1,   810] loss: 5.925
[1,   820] loss: 5.921
[1,   830] loss: 5.910
[1,   840] loss: 5.917
[1,   850] loss: 5.906
[1,   860] loss: 5.923
[1,   870] loss: 5.924
[1,   880] loss: 5.916
[1,   890] loss: 5.915
[1,   900] loss: 5.910
[1,   910] loss: 5.898
[1,   920] loss: 5.873
[1,   930] loss: 5.892
[1,   940] loss: 5.870
[1,   950] loss: 5.851
[1,   960] loss: 5.845
[1,   970] loss: 5.857
[1,   980] loss: 5.820
[1,   990] loss: 5.828
[1,  1000] loss: 5.817
[1,  1010] loss: 5.848
[1,  1020] loss: 5.826
[1,  1030] loss: 5.800
[1,  1040] loss: 5.811
[1,  1050] loss: 5.820
[1,  1060] loss: 5.803
[1,  1070] loss: 5.807
[1,  1080] loss: 5.810
[1,  1090] loss: 5.837
[1,  1100] loss: 5.816
[1,  1110] loss: 5.812
[1,  1120] loss: 5.815
[1,  1130] loss: 5.789
[1,  1140] loss: 5.793
[1,  1150] loss: 5.786
[1,  1160] loss: 5.795
[1,  1170] loss: 5.794
[1,  1180] loss: 5.787
[1,  1190] loss: 5.765
[1,  1200] loss: 5.779
[1,  1210] loss: 5.778
[1,  1220] loss: 5.779
[1,  1230] loss: 5.783
[1,  1240] loss: 5.775
[1,  1250] loss: 5.812
[1,  1260] loss: 5.793
[1,  1270] loss: 5.778
[1,  1280] loss: 5.771
[1,  1290] loss: 5.783
[1,  1300] loss: 5.769
[1,  1310] loss: 5.765
[1,  1320] loss: 5.773
[1,  1330] loss: 5.766
[1,  1340] loss: 5.768
[1,  1350] loss: 5.761
[1,  1360] loss: 5.752
[1,  1370] loss: 5.758
[1,  1380] loss: 5.758
[1,  1390] loss: 5.751
[1,  1400] loss: 5.761
[1,  1410] loss: 5.755
[1,  1420] loss: 5.748
[1,  1430] loss: 5.761
[1,  1440] loss: 5.747
[1,  1450] loss: 5.747
[1,  1460] loss: 5.747
[1,  1470] loss: 5.736
[1,  1480] loss: 5.742
[1,  1490] loss: 5.727
[1,  1500] loss: 5.731
[1,  1510] loss: 5.728
[1,  1520] loss: 5.726
[1,  1530] loss: 5.728
[1,  1540] loss: 5.718
[1,  1550] loss: 5.742
[1,  1560] loss: 5.726
[1,  1570] loss: 5.736
[1,  1580] loss: 5.739
[1,  1590] loss: 5.737
[1,  1600] loss: 5.724
[1,  1610] loss: 5.716
[1,  1620] loss: 5.722
[1,  1630] loss: 5.717
[1,  1640] loss: 5.722
[1,  1650] loss: 5.723
[1,  1660] loss: 5.728
[1,  1670] loss: 5.708
[1,  1680] loss: 5.705
[1,  1690] loss: 5.696
[1,  1700] loss: 5.696
[1,  1710] loss: 5.705
[1,  1720] loss: 5.706
[1,  1730] loss: 5.711
[1,  1740] loss: 5.699
[1,  1750] loss: 5.696
[1,  1760] loss: 5.708
[1,  1770] loss: 5.694
[1,  1780] loss: 5.700
[1,  1790] loss: 5.691
[1,  1800] loss: 5.686
[1,  1810] loss: 5.697
[1,  1820] loss: 5.681
[1,  1830] loss: 5.687
[1,  1840] loss: 5.683
[1,  1850] loss: 5.678
[1,  1860] loss: 5.677
[1,  1870] loss: 5.683
[1,  1880] loss: 5.678
[1,  1890] loss: 5.670
[1,  1900] loss: 5.682
[1,  1910] loss: 5.662
[1,  1920] loss: 5.667
[1,  1930] loss: 5.679
[1,  1940] loss: 5.676
[1,  1950] loss: 5.670
[1,  1960] loss: 5.665
[1,  1970] loss: 5.676
[1,  1980] loss: 5.670
[1,  1990] loss: 5.675
[1,  2000] loss: 5.678
Time elapsed: 2424.744873767
Saved intermediate checkpoint to encoder_ep_0
[2,    10] loss: 5.683
[2,    20] loss: 5.657
[2,    30] loss: 5.666
[2,    40] loss: 5.654
[2,    50] loss: 5.662
[2,    60] loss: 5.670
[2,    70] loss: 5.677
[2,    80] loss: 5.663
[2,    90] loss: 5.647
[2,   100] loss: 5.653
[2,   110] loss: 5.669
[2,   120] loss: 5.670
[2,   130] loss: 5.660
[2,   140] loss: 5.654
[2,   150] loss: 5.652
[2,   160] loss: 5.648
[2,   170] loss: 5.658
[2,   180] loss: 5.649
[2,   190] loss: 5.655
[2,   200] loss: 5.656
[2,   210] loss: 5.661
[2,   220] loss: 5.661
[2,   230] loss: 5.656
[2,   240] loss: 5.638
[2,   250] loss: 5.651
[2,   260] loss: 5.667
[2,   270] loss: 5.644
[2,   280] loss: 5.653
[2,   290] loss: 5.644
[2,   300] loss: 5.630
[2,   310] loss: 5.655
[2,   320] loss: 5.642
[2,   330] loss: 5.641
[2,   340] loss: 5.635
[2,   350] loss: 5.656
[2,   360] loss: 5.647
[2,   370] loss: 5.644
[2,   380] loss: 5.646
[2,   390] loss: 5.633
[2,   400] loss: 5.629
[2,   410] loss: 5.635
[2,   420] loss: 5.632
[2,   430] loss: 5.645
[2,   440] loss: 5.645
[2,   450] loss: 5.638
[2,   460] loss: 5.639
[2,   470] loss: 5.638
[2,   480] loss: 5.630
[2,   490] loss: 5.635
[2,   500] loss: 5.635
[2,   510] loss: 5.633
[2,   520] loss: 5.634
[2,   530] loss: 5.634
[2,   540] loss: 5.621
[2,   550] loss: 5.631
[2,   560] loss: 5.631
[2,   570] loss: 5.642
[2,   580] loss: 5.633
[2,   590] loss: 5.631
[2,   600] loss: 5.640
[2,   610] loss: 5.638
[2,   620] loss: 5.636
[2,   630] loss: 5.634
[2,   640] loss: 5.627
[2,   650] loss: 5.627
[2,   660] loss: 5.632
[2,   670] loss: 5.632
[2,   680] loss: 5.622
[2,   690] loss: 5.625
[2,   700] loss: 5.624
[2,   710] loss: 5.633
[2,   720] loss: 5.621
[2,   730] loss: 5.626
[2,   740] loss: 5.615
[2,   750] loss: 5.621
[2,   760] loss: 5.622
[2,   770] loss: 5.623
[2,   780] loss: 5.621
[2,   790] loss: 5.623
[2,   800] loss: 5.623
[2,   810] loss: 5.628
[2,   820] loss: 5.612
[2,   830] loss: 5.624
[2,   840] loss: 5.605
[2,   850] loss: 5.613
[2,   860] loss: 5.627
[2,   870] loss: 5.627
[2,   880] loss: 5.615
[2,   890] loss: 5.617
[2,   900] loss: 5.621
[2,   910] loss: 5.613
[2,   920] loss: 5.621
[2,   930] loss: 5.611
[2,   940] loss: 5.616
[2,   950] loss: 5.613
[2,   960] loss: 5.615
[2,   970] loss: 5.605
[2,   980] loss: 5.615
[2,   990] loss: 5.616
[2,  1000] loss: 5.619
[2,  1010] loss: 5.624
[2,  1020] loss: 5.612
[2,  1030] loss: 5.619
[2,  1040] loss: 5.613
[2,  1050] loss: 5.602
[2,  1060] loss: 5.619
[2,  1070] loss: 5.620
[2,  1080] loss: 5.613
[2,  1090] loss: 5.611
[2,  1100] loss: 5.608
[2,  1110] loss: 5.617
[2,  1120] loss: 5.609
[2,  1130] loss: 5.610
[2,  1140] loss: 5.608
[2,  1150] loss: 5.608
[2,  1160] loss: 5.627
[2,  1170] loss: 5.617
[2,  1180] loss: 5.607
[2,  1190] loss: 5.608
[2,  1200] loss: 5.609
[2,  1210] loss: 5.613
[2,  1220] loss: 5.614
[2,  1230] loss: 5.594
[2,  1240] loss: 5.601
[2,  1250] loss: 5.609
[2,  1260] loss: 5.609
[2,  1270] loss: 5.607
[2,  1280] loss: 5.611
[2,  1290] loss: 5.592
[2,  1300] loss: 5.595
[2,  1310] loss: 5.606
[2,  1320] loss: 5.593
[2,  1330] loss: 5.600
[2,  1340] loss: 5.602
[2,  1350] loss: 5.609
[2,  1360] loss: 5.605
[2,  1370] loss: 5.602
[2,  1380] loss: 5.604
[2,  1390] loss: 5.603
[2,  1400] loss: 5.612
[2,  1410] loss: 5.601
[2,  1420] loss: 5.610
[2,  1430] loss: 5.609
[2,  1440] loss: 5.608
[2,  1450] loss: 5.621
[2,  1460] loss: 5.609
[2,  1470] loss: 5.611
[2,  1480] loss: 5.601
[2,  1490] loss: 5.611
[2,  1500] loss: 5.616
[2,  1510] loss: 5.618
[2,  1520] loss: 5.608
[2,  1530] loss: 5.614
[2,  1540] loss: 5.607
[2,  1550] loss: 5.612
[2,  1560] loss: 5.605
[2,  1570] loss: 5.615
[2,  1580] loss: 5.603
[2,  1590] loss: 5.600
[2,  1600] loss: 5.606
[2,  1610] loss: 5.601
[2,  1620] loss: 5.598
[2,  1630] loss: 5.596
[2,  1640] loss: 5.607
[2,  1650] loss: 5.598
[2,  1660] loss: 5.599
[2,  1670] loss: 5.605
[2,  1680] loss: 5.604
[2,  1690] loss: 5.607
[2,  1700] loss: 5.606
[2,  1710] loss: 5.597
[2,  1720] loss: 5.594
[2,  1730] loss: 5.605
[2,  1740] loss: 5.598
[2,  1750] loss: 5.608
[2,  1760] loss: 5.607
[2,  1770] loss: 5.605
[2,  1780] loss: 5.610
[2,  1790] loss: 5.604
[2,  1800] loss: 5.597
[2,  1810] loss: 5.601
[2,  1820] loss: 5.595
[2,  1830] loss: 5.594
[2,  1840] loss: 5.592
[2,  1850] loss: 5.599
[2,  1860] loss: 5.584
[2,  1870] loss: 5.597
[2,  1880] loss: 5.606
[2,  1890] loss: 5.597
[2,  1900] loss: 5.608
[2,  1910] loss: 5.597
[2,  1920] loss: 5.604
[2,  1930] loss: 5.598
[2,  1940] loss: 5.595
[2,  1950] loss: 5.591
[2,  1960] loss: 5.592
[2,  1970] loss: 5.601
[2,  1980] loss: 5.601
[2,  1990] loss: 5.599
[2,  2000] loss: 5.600
Time elapsed: 4807.713835156001
Saved intermediate checkpoint to encoder_ep_1
[3,    10] loss: 5.600
[3,    20] loss: 5.592
[3,    30] loss: 5.593
[3,    40] loss: 5.598
[3,    50] loss: 5.591
[3,    60] loss: 5.585
[3,    70] loss: 5.602
[3,    80] loss: 5.594
[3,    90] loss: 5.597
[3,   100] loss: 5.589
[3,   110] loss: 5.595
[3,   120] loss: 5.590
[3,   130] loss: 5.591
[3,   140] loss: 5.594
[3,   150] loss: 5.585
[3,   160] loss: 5.589
[3,   170] loss: 5.594
[3,   180] loss: 5.591
[3,   190] loss: 5.586
[3,   200] loss: 5.583
[3,   210] loss: 5.601
[3,   220] loss: 5.594
[3,   230] loss: 5.599
[3,   240] loss: 5.602
[3,   250] loss: 5.598
[3,   260] loss: 5.589
[3,   270] loss: 5.593
[3,   280] loss: 5.585
[3,   290] loss: 5.587
[3,   300] loss: 5.585
[3,   310] loss: 5.590
[3,   320] loss: 5.590
[3,   330] loss: 5.590
[3,   340] loss: 5.584
[3,   350] loss: 5.590
[3,   360] loss: 5.586
[3,   370] loss: 5.598
[3,   380] loss: 5.588
[3,   390] loss: 5.582
[3,   400] loss: 5.579
[3,   410] loss: 5.579
[3,   420] loss: 5.575
[3,   430] loss: 5.587
[3,   440] loss: 5.588
[3,   450] loss: 5.575
[3,   460] loss: 5.579
[3,   470] loss: 5.580
[3,   480] loss: 5.585
[3,   490] loss: 5.582
[3,   500] loss: 5.590
[3,   510] loss: 5.577
[3,   520] loss: 5.581
[3,   530] loss: 5.573
[3,   540] loss: 5.582
[3,   550] loss: 5.578
[3,   560] loss: 5.582
[3,   570] loss: 5.573
[3,   580] loss: 5.584
[3,   590] loss: 5.572
[3,   600] loss: 5.573
[3,   610] loss: 5.586
[3,   620] loss: 5.578
[3,   630] loss: 5.572
[3,   640] loss: 5.576
[3,   650] loss: 5.574
[3,   660] loss: 5.575
[3,   670] loss: 5.580
[3,   680] loss: 5.581
[3,   690] loss: 5.566
[3,   700] loss: 5.566
[3,   710] loss: 5.574
[3,   720] loss: 5.575
[3,   730] loss: 5.574
[3,   740] loss: 5.578
[3,   750] loss: 5.577
[3,   760] loss: 5.574
[3,   770] loss: 5.577
[3,   780] loss: 5.569
[3,   790] loss: 5.582
[3,   800] loss: 5.575
[3,   810] loss: 5.578
[3,   820] loss: 5.568
[3,   830] loss: 5.576
[3,   840] loss: 5.577
[3,   850] loss: 5.574
[3,   860] loss: 5.568
[3,   870] loss: 5.576
[3,   880] loss: 5.575
[3,   890] loss: 5.568
[3,   900] loss: 5.568
[3,   910] loss: 5.569
[3,   920] loss: 5.569
[3,   930] loss: 5.566
[3,   940] loss: 5.573
[3,   950] loss: 5.566
[3,   960] loss: 5.571
[3,   970] loss: 5.572
[3,   980] loss: 5.576
[3,   990] loss: 5.565
[3,  1000] loss: 5.581
[3,  1010] loss: 5.577
[3,  1020] loss: 5.568
[3,  1030] loss: 5.577
[3,  1040] loss: 5.576
[3,  1050] loss: 5.568
[3,  1060] loss: 5.566
[3,  1070] loss: 5.567
[3,  1080] loss: 5.568
[3,  1090] loss: 5.570
[3,  1100] loss: 5.572
[3,  1110] loss: 5.577
[3,  1120] loss: 5.567
[3,  1130] loss: 5.571
[3,  1140] loss: 5.568
[3,  1150] loss: 5.567
[3,  1160] loss: 5.562
[3,  1170] loss: 5.560
[3,  1180] loss: 5.560
[3,  1190] loss: 5.561
[3,  1200] loss: 5.564
[3,  1210] loss: 5.558
[3,  1220] loss: 5.562
[3,  1230] loss: 5.567
[3,  1240] loss: 5.567
[3,  1250] loss: 5.566
[3,  1260] loss: 5.553
[3,  1270] loss: 5.561
[3,  1280] loss: 5.562
[3,  1290] loss: 5.568
[3,  1300] loss: 5.571
[3,  1310] loss: 5.563
[3,  1320] loss: 5.568
[3,  1330] loss: 5.563
[3,  1340] loss: 5.568
[3,  1350] loss: 5.564
[3,  1360] loss: 5.578
[3,  1370] loss: 5.572
[3,  1380] loss: 5.562
[3,  1390] loss: 5.564
[3,  1400] loss: 5.563
[3,  1410] loss: 5.566
[3,  1420] loss: 5.563
[3,  1430] loss: 5.568
[3,  1440] loss: 5.566
[3,  1450] loss: 5.554
[3,  1460] loss: 5.559
[3,  1470] loss: 5.575
[3,  1480] loss: 5.565
[3,  1490] loss: 5.560
[3,  1500] loss: 5.566
[3,  1510] loss: 5.563
[3,  1520] loss: 5.568
[3,  1530] loss: 5.559
[3,  1540] loss: 5.564
[3,  1550] loss: 5.562
[3,  1560] loss: 5.571
[3,  1570] loss: 5.567
[3,  1580] loss: 5.565
[3,  1590] loss: 5.551
[3,  1600] loss: 5.567
[3,  1610] loss: 5.561
[3,  1620] loss: 5.555
[3,  1630] loss: 5.561
[3,  1640] loss: 5.555
[3,  1650] loss: 5.561
[3,  1660] loss: 5.560
[3,  1670] loss: 5.557
[3,  1680] loss: 5.560
[3,  1690] loss: 5.564
[3,  1700] loss: 5.559
[3,  1710] loss: 5.561
[3,  1720] loss: 5.558
[3,  1730] loss: 5.547
[3,  1740] loss: 5.552
[3,  1750] loss: 5.562
[3,  1760] loss: 5.566
[3,  1770] loss: 5.557
[3,  1780] loss: 5.553
[3,  1790] loss: 5.564
[3,  1800] loss: 5.559
[3,  1810] loss: 5.557
[3,  1820] loss: 5.557
[3,  1830] loss: 5.554
[3,  1840] loss: 5.556
[3,  1850] loss: 5.555
[3,  1860] loss: 5.553
[3,  1870] loss: 5.549
[3,  1880] loss: 5.557
[3,  1890] loss: 5.556
[3,  1900] loss: 5.555
[3,  1910] loss: 5.558
[3,  1920] loss: 5.564
[3,  1930] loss: 5.553
[3,  1940] loss: 5.558
[3,  1950] loss: 5.568
[3,  1960] loss: 5.553
[3,  1970] loss: 5.556
[3,  1980] loss: 5.558
[3,  1990] loss: 5.556
[3,  2000] loss: 5.555
Time elapsed: 7140.340429283
Saved intermediate checkpoint to encoder_ep_2
[4,    10] loss: 5.556
[4,    20] loss: 5.557
[4,    30] loss: 5.549
[4,    40] loss: 5.557
[4,    50] loss: 5.549
[4,    60] loss: 5.548
[4,    70] loss: 5.557
[4,    80] loss: 5.553
[4,    90] loss: 5.551
[4,   100] loss: 5.557
[4,   110] loss: 5.557
[4,   120] loss: 5.554
[4,   130] loss: 5.560
[4,   140] loss: 5.554
[4,   150] loss: 5.551
[4,   160] loss: 5.556
[4,   170] loss: 5.555
[4,   180] loss: 5.548
[4,   190] loss: 5.555
[4,   200] loss: 5.565
[4,   210] loss: 5.550
[4,   220] loss: 5.551
[4,   230] loss: 5.543
[4,   240] loss: 5.554
[4,   250] loss: 5.559
[4,   260] loss: 5.552
[4,   270] loss: 5.551
[4,   280] loss: 5.552
[4,   290] loss: 5.557
[4,   300] loss: 5.552
[4,   310] loss: 5.544
[4,   320] loss: 5.550
[4,   330] loss: 5.554
[4,   340] loss: 5.547
[4,   350] loss: 5.548
[4,   360] loss: 5.555
[4,   370] loss: 5.550
[4,   380] loss: 5.552
[4,   390] loss: 5.551
[4,   400] loss: 5.546
[4,   410] loss: 5.550
[4,   420] loss: 5.562
[4,   430] loss: 5.552
[4,   440] loss: 5.557
[4,   450] loss: 5.555
[4,   460] loss: 5.559
[4,   470] loss: 5.548
[4,   480] loss: 5.551
[4,   490] loss: 5.551
[4,   500] loss: 5.551
[4,   510] loss: 5.541
[4,   520] loss: 5.545
[4,   530] loss: 5.550
[4,   540] loss: 5.549
[4,   550] loss: 5.552
[4,   560] loss: 5.555
[4,   570] loss: 5.543
[4,   580] loss: 5.546
[4,   590] loss: 5.556
[4,   600] loss: 5.543
[4,   610] loss: 5.555
[4,   620] loss: 5.550
[4,   630] loss: 5.557
[4,   640] loss: 5.552
[4,   650] loss: 5.544
[4,   660] loss: 5.544
[4,   670] loss: 5.547
[4,   680] loss: 5.545
[4,   690] loss: 5.550
[4,   700] loss: 5.552
[4,   710] loss: 5.545
[4,   720] loss: 5.535
[4,   730] loss: 5.551
[4,   740] loss: 5.546
[4,   750] loss: 5.550
[4,   760] loss: 5.548
[4,   770] loss: 5.551
[4,   780] loss: 5.549
[4,   790] loss: 5.541
[4,   800] loss: 5.542
[4,   810] loss: 5.546
[4,   820] loss: 5.545
[4,   830] loss: 5.548
[4,   840] loss: 5.549
[4,   850] loss: 5.550
[4,   860] loss: 5.553
[4,   870] loss: 5.540
[4,   880] loss: 5.548
[4,   890] loss: 5.550
[4,   900] loss: 5.538
[4,   910] loss: 5.541
[4,   920] loss: 5.549
[4,   930] loss: 5.545
[4,   940] loss: 5.549
[4,   950] loss: 5.544
[4,   960] loss: 5.541
[4,   970] loss: 5.539
[4,   980] loss: 5.548
[4,   990] loss: 5.552
[4,  1000] loss: 5.557
[4,  1010] loss: 5.548
[4,  1020] loss: 5.544
[4,  1030] loss: 5.554
[4,  1040] loss: 5.552
[4,  1050] loss: 5.552
[4,  1060] loss: 5.549
[4,  1070] loss: 5.547
[4,  1080] loss: 5.531
[4,  1090] loss: 5.548
[4,  1100] loss: 5.542
[4,  1110] loss: 5.544
[4,  1120] loss: 5.549
[4,  1130] loss: 5.546
[4,  1140] loss: 5.554
[4,  1150] loss: 5.543
[4,  1160] loss: 5.540
[4,  1170] loss: 5.543
[4,  1180] loss: 5.551
[4,  1190] loss: 5.540
[4,  1200] loss: 5.541
[4,  1210] loss: 5.541
[4,  1220] loss: 5.541
[4,  1230] loss: 5.536
[4,  1240] loss: 5.551
[4,  1250] loss: 5.543
[4,  1260] loss: 5.541
[4,  1270] loss: 5.549
[4,  1280] loss: 5.543
[4,  1290] loss: 5.543
[4,  1300] loss: 5.535
[4,  1310] loss: 5.537
[4,  1320] loss: 5.536
[4,  1330] loss: 5.535
[4,  1340] loss: 5.541
[4,  1350] loss: 5.546
[4,  1360] loss: 5.538
[4,  1370] loss: 5.538
[4,  1380] loss: 5.537
[4,  1390] loss: 5.549
[4,  1400] loss: 5.549
[4,  1410] loss: 5.542
[4,  1420] loss: 5.546
[4,  1430] loss: 5.533
[4,  1440] loss: 5.539
[4,  1450] loss: 5.536
[4,  1460] loss: 5.532
[4,  1470] loss: 5.533
[4,  1480] loss: 5.535
[4,  1490] loss: 5.537
[4,  1500] loss: 5.537
[4,  1510] loss: 5.536
[4,  1520] loss: 5.546
[4,  1530] loss: 5.542
[4,  1540] loss: 5.544
[4,  1550] loss: 5.544
[4,  1560] loss: 5.542
[4,  1570] loss: 5.537
[4,  1580] loss: 5.539
[4,  1590] loss: 5.541
[4,  1600] loss: 5.538
[4,  1610] loss: 5.544
[4,  1620] loss: 5.535
[4,  1630] loss: 5.543
[4,  1640] loss: 5.533
[4,  1650] loss: 5.538
[4,  1660] loss: 5.545
[4,  1670] loss: 5.532
[4,  1680] loss: 5.538
[4,  1690] loss: 5.533
[4,  1700] loss: 5.534
[4,  1710] loss: 5.530
[4,  1720] loss: 5.537
[4,  1730] loss: 5.531
[4,  1740] loss: 5.541
[4,  1750] loss: 5.545
[4,  1760] loss: 5.531
[4,  1770] loss: 5.537
[4,  1780] loss: 5.527
[4,  1790] loss: 5.536
[4,  1800] loss: 5.531
[4,  1810] loss: 5.534
[4,  1820] loss: 5.532
[4,  1830] loss: 5.536
[4,  1840] loss: 5.530
[4,  1850] loss: 5.527
[4,  1860] loss: 5.533
[4,  1870] loss: 5.526
[4,  1880] loss: 5.527
[4,  1890] loss: 5.535
[4,  1900] loss: 5.537
[4,  1910] loss: 5.541
[4,  1920] loss: 5.528
[4,  1930] loss: 5.535
[4,  1940] loss: 5.527
[4,  1950] loss: 5.528
[4,  1960] loss: 5.527
[4,  1970] loss: 5.533
[4,  1980] loss: 5.529
[4,  1990] loss: 5.536
[4,  2000] loss: 5.532
Time elapsed: 9446.225573696
Saved intermediate checkpoint to encoder_ep_3
[5,    10] loss: 5.533
[5,    20] loss: 5.533
[5,    30] loss: 5.529
[5,    40] loss: 5.537
[5,    50] loss: 5.532
[5,    60] loss: 5.532
[5,    70] loss: 5.532
[5,    80] loss: 5.531
[5,    90] loss: 5.526
[5,   100] loss: 5.534
[5,   110] loss: 5.524
[5,   120] loss: 5.526
[5,   130] loss: 5.539
[5,   140] loss: 5.527
[5,   150] loss: 5.530
[5,   160] loss: 5.547
[5,   170] loss: 5.550
[5,   180] loss: 5.531
[5,   190] loss: 5.532
[5,   200] loss: 5.526
[5,   210] loss: 5.527
[5,   220] loss: 5.529
[5,   230] loss: 5.531
[5,   240] loss: 5.529
[5,   250] loss: 5.531
[5,   260] loss: 5.533
[5,   270] loss: 5.529
[5,   280] loss: 5.526
[5,   290] loss: 5.528
[5,   300] loss: 5.526
[5,   310] loss: 5.522
[5,   320] loss: 5.521
[5,   330] loss: 5.524
[5,   340] loss: 5.530
[5,   350] loss: 5.533
[5,   360] loss: 5.531
[5,   370] loss: 5.533
[5,   380] loss: 5.538
[5,   390] loss: 5.531
[5,   400] loss: 5.534
[5,   410] loss: 5.535
[5,   420] loss: 5.528
[5,   430] loss: 5.524
[5,   440] loss: 5.524
[5,   450] loss: 5.529
[5,   460] loss: 5.524
[5,   470] loss: 5.530
[5,   480] loss: 5.529
[5,   490] loss: 5.523
[5,   500] loss: 5.526
[5,   510] loss: 5.525
[5,   520] loss: 5.531
[5,   530] loss: 5.524
[5,   540] loss: 5.525
[5,   550] loss: 5.526
[5,   560] loss: 5.524
[5,   570] loss: 5.524
[5,   580] loss: 5.527
[5,   590] loss: 5.529
[5,   600] loss: 5.530
[5,   610] loss: 5.525
[5,   620] loss: 5.526
[5,   630] loss: 5.526
[5,   640] loss: 5.528
[5,   650] loss: 5.529
[5,   660] loss: 5.539
[5,   670] loss: 5.529
[5,   680] loss: 5.524
[5,   690] loss: 5.527
[5,   700] loss: 5.518
[5,   710] loss: 5.519
[5,   720] loss: 5.521
[5,   730] loss: 5.525
[5,   740] loss: 5.523
[5,   750] loss: 5.524
[5,   760] loss: 5.529
[5,   770] loss: 5.528
[5,   780] loss: 5.530
[5,   790] loss: 5.524
[5,   800] loss: 5.517
[5,   810] loss: 5.525
[5,   820] loss: 5.522
[5,   830] loss: 5.526
[5,   840] loss: 5.513
[5,   850] loss: 5.527
[5,   860] loss: 5.527
[5,   870] loss: 5.530
[5,   880] loss: 5.516
[5,   890] loss: 5.526
[5,   900] loss: 5.528
[5,   910] loss: 5.525
[5,   920] loss: 5.525
[5,   930] loss: 5.527
[5,   940] loss: 5.530
[5,   950] loss: 5.515
[5,   960] loss: 5.523
[5,   970] loss: 5.528
[5,   980] loss: 5.524
[5,   990] loss: 5.522
[5,  1000] loss: 5.529
[5,  1010] loss: 5.517
[5,  1020] loss: 5.518
[5,  1030] loss: 5.531
[5,  1040] loss: 5.522
[5,  1050] loss: 5.522
[5,  1060] loss: 5.527
[5,  1070] loss: 5.527
[5,  1080] loss: 5.521
[5,  1090] loss: 5.519
[5,  1100] loss: 5.520
[5,  1110] loss: 5.517
[5,  1120] loss: 5.526
[5,  1130] loss: 5.527
[5,  1140] loss: 5.523
[5,  1150] loss: 5.520
[5,  1160] loss: 5.524
[5,  1170] loss: 5.519
[5,  1180] loss: 5.527
[5,  1190] loss: 5.521
[5,  1200] loss: 5.518
[5,  1210] loss: 5.521
[5,  1220] loss: 5.526
[5,  1230] loss: 5.518
[5,  1240] loss: 5.521
[5,  1250] loss: 5.517
[5,  1260] loss: 5.521
[5,  1270] loss: 5.516
[5,  1280] loss: 5.521
[5,  1290] loss: 5.521
[5,  1300] loss: 5.524
[5,  1310] loss: 5.517
[5,  1320] loss: 5.519
[5,  1330] loss: 5.522
[5,  1340] loss: 5.517
[5,  1350] loss: 5.520
[5,  1360] loss: 5.518
[5,  1370] loss: 5.512
[5,  1380] loss: 5.518
[5,  1390] loss: 5.514
[5,  1400] loss: 5.522
[5,  1410] loss: 5.520
[5,  1420] loss: 5.518
[5,  1430] loss: 5.521
[5,  1440] loss: 5.518
[5,  1450] loss: 5.517
[5,  1460] loss: 5.518
[5,  1470] loss: 5.520
[5,  1480] loss: 5.516
[5,  1490] loss: 5.523
[5,  1500] loss: 5.517
[5,  1510] loss: 5.513
[5,  1520] loss: 5.514
[5,  1530] loss: 5.514
[5,  1540] loss: 5.511
[5,  1550] loss: 5.527
[5,  1560] loss: 5.515
[5,  1570] loss: 5.518
[5,  1580] loss: 5.515
[5,  1590] loss: 5.519
[5,  1600] loss: 5.522
[5,  1610] loss: 5.517
[5,  1620] loss: 5.517
[5,  1630] loss: 5.510
[5,  1640] loss: 5.512
[5,  1650] loss: 5.527
[5,  1660] loss: 5.522
[5,  1670] loss: 5.521
[5,  1680] loss: 5.525
[5,  1690] loss: 5.516
[5,  1700] loss: 5.516
[5,  1710] loss: 5.523
[5,  1720] loss: 5.509
[5,  1730] loss: 5.511
[5,  1740] loss: 5.520
[5,  1750] loss: 5.520
[5,  1760] loss: 5.520
[5,  1770] loss: 5.527
[5,  1780] loss: 5.519
[5,  1790] loss: 5.513
[5,  1800] loss: 5.507
[5,  1810] loss: 5.514
[5,  1820] loss: 5.513
[5,  1830] loss: 5.525
[5,  1840] loss: 5.519
[5,  1850] loss: 5.518
[5,  1860] loss: 5.519
[5,  1870] loss: 5.519
[5,  1880] loss: 5.519
[5,  1890] loss: 5.522
[5,  1900] loss: 5.516
[5,  1910] loss: 5.515
[5,  1920] loss: 5.520
[5,  1930] loss: 5.514
[5,  1940] loss: 5.515
[5,  1950] loss: 5.518
[5,  1960] loss: 5.510
[5,  1970] loss: 5.516
[5,  1980] loss: 5.517
[5,  1990] loss: 5.513
[5,  2000] loss: 5.511
Time elapsed: 11725.60410859
Saved intermediate checkpoint to encoder_ep_4
[6,    10] loss: 5.524
[6,    20] loss: 5.510
[6,    30] loss: 5.505
[6,    40] loss: 5.516
[6,    50] loss: 5.517
[6,    60] loss: 5.517
[6,    70] loss: 5.515
[6,    80] loss: 5.518
[6,    90] loss: 5.510
[6,   100] loss: 5.513
[6,   110] loss: 5.512
[6,   120] loss: 5.517
[6,   130] loss: 5.514
[6,   140] loss: 5.518
[6,   150] loss: 5.517
[6,   160] loss: 5.518
[6,   170] loss: 5.511
[6,   180] loss: 5.519
[6,   190] loss: 5.506
[6,   200] loss: 5.513
[6,   210] loss: 5.510
[6,   220] loss: 5.520
[6,   230] loss: 5.517
[6,   240] loss: 5.521
[6,   250] loss: 5.522
[6,   260] loss: 5.512
[6,   270] loss: 5.513
[6,   280] loss: 5.512
[6,   290] loss: 5.516
[6,   300] loss: 5.512
[6,   310] loss: 5.511
[6,   320] loss: 5.511
[6,   330] loss: 5.506
[6,   340] loss: 5.516
[6,   350] loss: 5.519
[6,   360] loss: 5.512
[6,   370] loss: 5.513
[6,   380] loss: 5.516
[6,   390] loss: 5.518
[6,   400] loss: 5.519
[6,   410] loss: 5.512
[6,   420] loss: 5.513
[6,   430] loss: 5.520
[6,   440] loss: 5.513
[6,   450] loss: 5.522
[6,   460] loss: 5.520
[6,   470] loss: 5.519
[6,   480] loss: 5.510
[6,   490] loss: 5.511
[6,   500] loss: 5.511
[6,   510] loss: 5.516
[6,   520] loss: 5.512
[6,   530] loss: 5.509
[6,   540] loss: 5.514
[6,   550] loss: 5.510
[6,   560] loss: 5.517
[6,   570] loss: 5.514
[6,   580] loss: 5.516
[6,   590] loss: 5.519
[6,   600] loss: 5.511
[6,   610] loss: 5.511
[6,   620] loss: 5.511
[6,   630] loss: 5.511
[6,   640] loss: 5.510
[6,   650] loss: 5.504
[6,   660] loss: 5.510
[6,   670] loss: 5.514
[6,   680] loss: 5.505
[6,   690] loss: 5.519
[6,   700] loss: 5.517
[6,   710] loss: 5.506
[6,   720] loss: 5.509
[6,   730] loss: 5.515
[6,   740] loss: 5.511
[6,   750] loss: 5.508
[6,   760] loss: 5.508
[6,   770] loss: 5.514
[6,   780] loss: 5.505
[6,   790] loss: 5.506
[6,   800] loss: 5.512
[6,   810] loss: 5.509
[6,   820] loss: 5.512
[6,   830] loss: 5.517
[6,   840] loss: 5.515
[6,   850] loss: 5.513
[6,   860] loss: 5.508
[6,   870] loss: 5.518
[6,   880] loss: 5.513
[6,   890] loss: 5.505
[6,   900] loss: 5.508
[6,   910] loss: 5.505
[6,   920] loss: 5.504
[6,   930] loss: 5.502
[6,   940] loss: 5.510
[6,   950] loss: 5.516
[6,   960] loss: 5.510
[6,   970] loss: 5.502
[6,   980] loss: 5.509
[6,   990] loss: 5.513
[6,  1000] loss: 5.507
[6,  1010] loss: 5.512
[6,  1020] loss: 5.504
[6,  1030] loss: 5.511
[6,  1040] loss: 5.519
[6,  1050] loss: 5.512
[6,  1060] loss: 5.515
[6,  1070] loss: 5.503
[6,  1080] loss: 5.519
[6,  1090] loss: 5.502
[6,  1100] loss: 5.508
[6,  1110] loss: 5.515
[6,  1120] loss: 5.504
[6,  1130] loss: 5.506
[6,  1140] loss: 5.505
[6,  1150] loss: 5.514
[6,  1160] loss: 5.507
[6,  1170] loss: 5.517
[6,  1180] loss: 5.509
[6,  1190] loss: 5.509
[6,  1200] loss: 5.523
[6,  1210] loss: 5.515
[6,  1220] loss: 5.515
[6,  1230] loss: 5.509
[6,  1240] loss: 5.512
[6,  1250] loss: 5.505
[6,  1260] loss: 5.516
[6,  1270] loss: 5.510
[6,  1280] loss: 5.512
[6,  1290] loss: 5.514
[6,  1300] loss: 5.515
[6,  1310] loss: 5.507
[6,  1320] loss: 5.504
[6,  1330] loss: 5.510
[6,  1340] loss: 5.510
[6,  1350] loss: 5.519
[6,  1360] loss: 5.501
[6,  1370] loss: 5.512
[6,  1380] loss: 5.507
[6,  1390] loss: 5.505
[6,  1400] loss: 5.510
[6,  1410] loss: 5.509
[6,  1420] loss: 5.505
[6,  1430] loss: 5.505
[6,  1440] loss: 5.504
[6,  1450] loss: 5.503
[6,  1460] loss: 5.506
[6,  1470] loss: 5.513
[6,  1480] loss: 5.509
[6,  1490] loss: 5.503
[6,  1500] loss: 5.514
[6,  1510] loss: 5.501
[6,  1520] loss: 5.505
[6,  1530] loss: 5.510
[6,  1540] loss: 5.508
[6,  1550] loss: 5.516
[6,  1560] loss: 5.505
[6,  1570] loss: 5.510
[6,  1580] loss: 5.514
[6,  1590] loss: 5.510
[6,  1600] loss: 5.509
[6,  1610] loss: 5.505
[6,  1620] loss: 5.503
[6,  1630] loss: 5.513
[6,  1640] loss: 5.503
[6,  1650] loss: 5.507
[6,  1660] loss: 5.507
[6,  1670] loss: 5.508
[6,  1680] loss: 5.502
[6,  1690] loss: 5.497
[6,  1700] loss: 5.501
[6,  1710] loss: 5.504
[6,  1720] loss: 5.505
[6,  1730] loss: 5.507
[6,  1740] loss: 5.507
[6,  1750] loss: 5.509
[6,  1760] loss: 5.505
[6,  1770] loss: 5.510
[6,  1780] loss: 5.514
[6,  1790] loss: 5.502
[6,  1800] loss: 5.506
[6,  1810] loss: 5.518
[6,  1820] loss: 5.514
[6,  1830] loss: 5.510
[6,  1840] loss: 5.505
[6,  1850] loss: 5.515
[6,  1860] loss: 5.512
[6,  1870] loss: 5.513
[6,  1880] loss: 5.498
[6,  1890] loss: 5.511
[6,  1900] loss: 5.505
[6,  1910] loss: 5.506
[6,  1920] loss: 5.509
[6,  1930] loss: 5.498
[6,  1940] loss: 5.509
[6,  1950] loss: 5.504
[6,  1960] loss: 5.505
[6,  1970] loss: 5.512
[6,  1980] loss: 5.504
[6,  1990] loss: 5.505
[6,  2000] loss: 5.504
Time elapsed: 14000.812997895999
Saved intermediate checkpoint to encoder_ep_5
[7,    10] loss: 5.502
[7,    20] loss: 5.510
[7,    30] loss: 5.507
[7,    40] loss: 5.501
[7,    50] loss: 5.504
[7,    60] loss: 5.500
[7,    70] loss: 5.509
[7,    80] loss: 5.502
[7,    90] loss: 5.505
[7,   100] loss: 5.504
[7,   110] loss: 5.509
[7,   120] loss: 5.511
[7,   130] loss: 5.504
[7,   140] loss: 5.513
[7,   150] loss: 5.512
[7,   160] loss: 5.497
[7,   170] loss: 5.502
[7,   180] loss: 5.500
[7,   190] loss: 5.505
[7,   200] loss: 5.509
[7,   210] loss: 5.500
[7,   220] loss: 5.506
[7,   230] loss: 5.502
[7,   240] loss: 5.506
[7,   250] loss: 5.500
[7,   260] loss: 5.497
[7,   270] loss: 5.503
[7,   280] loss: 5.501
[7,   290] loss: 5.502
[7,   300] loss: 5.511
[7,   310] loss: 5.504
[7,   320] loss: 5.512
[7,   330] loss: 5.509
[7,   340] loss: 5.506
[7,   350] loss: 5.506
[7,   360] loss: 5.501
[7,   370] loss: 5.502
[7,   380] loss: 5.505
[7,   390] loss: 5.508
[7,   400] loss: 5.505
[7,   410] loss: 5.500
[7,   420] loss: 5.503
[7,   430] loss: 5.504
[7,   440] loss: 5.510
[7,   450] loss: 5.505
[7,   460] loss: 5.503
[7,   470] loss: 5.500
[7,   480] loss: 5.495
[7,   490] loss: 5.497
[7,   500] loss: 5.504
[7,   510] loss: 5.500
[7,   520] loss: 5.505
[7,   530] loss: 5.501
[7,   540] loss: 5.497
[7,   550] loss: 5.507
[7,   560] loss: 5.506
[7,   570] loss: 5.509
[7,   580] loss: 5.506
[7,   590] loss: 5.499
[7,   600] loss: 5.504
[7,   610] loss: 5.503
[7,   620] loss: 5.501
[7,   630] loss: 5.502
[7,   640] loss: 5.498
[7,   650] loss: 5.498
[7,   660] loss: 5.506
[7,   670] loss: 5.504
[7,   680] loss: 5.506
[7,   690] loss: 5.503
[7,   700] loss: 5.504
[7,   710] loss: 5.504
[7,   720] loss: 5.506
[7,   730] loss: 5.502
[7,   740] loss: 5.504
[7,   750] loss: 5.507
[7,   760] loss: 5.501
[7,   770] loss: 5.503
[7,   780] loss: 5.501
[7,   790] loss: 5.492
[7,   800] loss: 5.499
[7,   810] loss: 5.492
[7,   820] loss: 5.497
[7,   830] loss: 5.499
[7,   840] loss: 5.512
[7,   850] loss: 5.503
[7,   860] loss: 5.510
[7,   870] loss: 5.500
[7,   880] loss: 5.512
[7,   890] loss: 5.503
[7,   900] loss: 5.499
[7,   910] loss: 5.509
[7,   920] loss: 5.499
[7,   930] loss: 5.505
[7,   940] loss: 5.506
[7,   950] loss: 5.495
[7,   960] loss: 5.502
[7,   970] loss: 5.518
[7,   980] loss: 5.494
[7,   990] loss: 5.506
[7,  1000] loss: 5.500
[7,  1010] loss: 5.503
[7,  1020] loss: 5.506
[7,  1030] loss: 5.511
[7,  1040] loss: 5.501
[7,  1050] loss: 5.500
[7,  1060] loss: 5.497
[7,  1070] loss: 5.503
[7,  1080] loss: 5.504
[7,  1090] loss: 5.502
[7,  1100] loss: 5.501
[7,  1110] loss: 5.506
[7,  1120] loss: 5.499
[7,  1130] loss: 5.500
[7,  1140] loss: 5.499
[7,  1150] loss: 5.497
[7,  1160] loss: 5.503
[7,  1170] loss: 5.501
[7,  1180] loss: 5.504
[7,  1190] loss: 5.502
[7,  1200] loss: 5.494
[7,  1210] loss: 5.507
[7,  1220] loss: 5.500
[7,  1230] loss: 5.498
[7,  1240] loss: 5.498
[7,  1250] loss: 5.501
[7,  1260] loss: 5.506
[7,  1270] loss: 5.509
[7,  1280] loss: 5.496
[7,  1290] loss: 5.500
[7,  1300] loss: 5.496
[7,  1310] loss: 5.505
[7,  1320] loss: 5.501
[7,  1330] loss: 5.501
[7,  1340] loss: 5.501
[7,  1350] loss: 5.494
[7,  1360] loss: 5.498
[7,  1370] loss: 5.507
[7,  1380] loss: 5.506
[7,  1390] loss: 5.494
[7,  1400] loss: 5.506
[7,  1410] loss: 5.502
[7,  1420] loss: 5.504
[7,  1430] loss: 5.500
[7,  1440] loss: 5.498
[7,  1450] loss: 5.499
[7,  1460] loss: 5.496
[7,  1470] loss: 5.499
[7,  1480] loss: 5.497
[7,  1490] loss: 5.501
[7,  1500] loss: 5.496
[7,  1510] loss: 5.501
[7,  1520] loss: 5.504
[7,  1530] loss: 5.496
[7,  1540] loss: 5.493
[7,  1550] loss: 5.497
[7,  1560] loss: 5.501
[7,  1570] loss: 5.497
[7,  1580] loss: 5.503
[7,  1590] loss: 5.504
[7,  1600] loss: 5.512
[7,  1610] loss: 5.500
[7,  1620] loss: 5.504
[7,  1630] loss: 5.505
[7,  1640] loss: 5.504
[7,  1650] loss: 5.500
[7,  1660] loss: 5.498
[7,  1670] loss: 5.501
[7,  1680] loss: 5.503
[7,  1690] loss: 5.508
[7,  1700] loss: 5.500
[7,  1710] loss: 5.500
[7,  1720] loss: 5.501
[7,  1730] loss: 5.504
[7,  1740] loss: 5.504
[7,  1750] loss: 5.506
[7,  1760] loss: 5.499
[7,  1770] loss: 5.504
[7,  1780] loss: 5.511
[7,  1790] loss: 5.504
[7,  1800] loss: 5.501
[7,  1810] loss: 5.502
[7,  1820] loss: 5.501
[7,  1830] loss: 5.499
[7,  1840] loss: 5.500
[7,  1850] loss: 5.500
[7,  1860] loss: 5.502
[7,  1870] loss: 5.505
[7,  1880] loss: 5.500
[7,  1890] loss: 5.502
[7,  1900] loss: 5.503
[7,  1910] loss: 5.499
[7,  1920] loss: 5.496
[7,  1930] loss: 5.494
[7,  1940] loss: 5.502
[7,  1950] loss: 5.498
[7,  1960] loss: 5.504
[7,  1970] loss: 5.497
[7,  1980] loss: 5.498
[7,  1990] loss: 5.503
[7,  2000] loss: 5.500
Time elapsed: 16275.826889375001
Saved intermediate checkpoint to encoder_ep_6
[8,    10] loss: 5.498
[8,    20] loss: 5.500
[8,    30] loss: 5.494
[8,    40] loss: 5.499
[8,    50] loss: 5.497
[8,    60] loss: 5.503
[8,    70] loss: 5.501
[8,    80] loss: 5.505
[8,    90] loss: 5.501
[8,   100] loss: 5.498
[8,   110] loss: 5.502
[8,   120] loss: 5.500
[8,   130] loss: 5.494
[8,   140] loss: 5.499
[8,   150] loss: 5.499
[8,   160] loss: 5.496
[8,   170] loss: 5.500
[8,   180] loss: 5.499
[8,   190] loss: 5.495
[8,   200] loss: 5.500
[8,   210] loss: 5.499
[8,   220] loss: 5.502
[8,   230] loss: 5.505
[8,   240] loss: 5.504
[8,   250] loss: 5.495
[8,   260] loss: 5.504
[8,   270] loss: 5.500
[8,   280] loss: 5.500
[8,   290] loss: 5.507
[8,   300] loss: 5.503
[8,   310] loss: 5.494
[8,   320] loss: 5.496
[8,   330] loss: 5.501
[8,   340] loss: 5.500
[8,   350] loss: 5.499
[8,   360] loss: 5.501
[8,   370] loss: 5.497
[8,   380] loss: 5.492
[8,   390] loss: 5.504
[8,   400] loss: 5.498
[8,   410] loss: 5.496
[8,   420] loss: 5.507
[8,   430] loss: 5.499
[8,   440] loss: 5.498
[8,   450] loss: 5.502
[8,   460] loss: 5.493
[8,   470] loss: 5.501
[8,   480] loss: 5.500
[8,   490] loss: 5.497
[8,   500] loss: 5.497
[8,   510] loss: 5.499
[8,   520] loss: 5.495
[8,   530] loss: 5.502
[8,   540] loss: 5.498
[8,   550] loss: 5.492
[8,   560] loss: 5.498
[8,   570] loss: 5.496
[8,   580] loss: 5.504
[8,   590] loss: 5.502
[8,   600] loss: 5.492
[8,   610] loss: 5.500
[8,   620] loss: 5.501
[8,   630] loss: 5.498
[8,   640] loss: 5.502
[8,   650] loss: 5.498
[8,   660] loss: 5.499
[8,   670] loss: 5.498
[8,   680] loss: 5.498
[8,   690] loss: 5.499
[8,   700] loss: 5.506
[8,   710] loss: 5.499
[8,   720] loss: 5.498
[8,   730] loss: 5.498
[8,   740] loss: 5.498
[8,   750] loss: 5.499
[8,   760] loss: 5.492
[8,   770] loss: 5.498
[8,   780] loss: 5.499
[8,   790] loss: 5.494
[8,   800] loss: 5.499
[8,   810] loss: 5.496
[8,   820] loss: 5.494
[8,   830] loss: 5.500
[8,   840] loss: 5.490
[8,   850] loss: 5.493
[8,   860] loss: 5.491
[8,   870] loss: 5.501
[8,   880] loss: 5.505
[8,   890] loss: 5.487
[8,   900] loss: 5.500
[8,   910] loss: 5.500
[8,   920] loss: 5.500
[8,   930] loss: 5.495
[8,   940] loss: 5.501
[8,   950] loss: 5.500
[8,   960] loss: 5.492
[8,   970] loss: 5.496
[8,   980] loss: 5.494
[8,   990] loss: 5.498
[8,  1000] loss: 5.499
[8,  1010] loss: 5.500
[8,  1020] loss: 5.494
[8,  1030] loss: 5.504
[8,  1040] loss: 5.508
[8,  1050] loss: 5.497
[8,  1060] loss: 5.500
[8,  1070] loss: 5.496
[8,  1080] loss: 5.501
[8,  1090] loss: 5.491
[8,  1100] loss: 5.498
[8,  1110] loss: 5.496
[8,  1120] loss: 5.503
[8,  1130] loss: 5.495
[8,  1140] loss: 5.497
[8,  1150] loss: 5.495
[8,  1160] loss: 5.492
[8,  1170] loss: 5.501
[8,  1180] loss: 5.498
[8,  1190] loss: 5.503
[8,  1200] loss: 5.501
[8,  1210] loss: 5.497
[8,  1220] loss: 5.500
[8,  1230] loss: 5.496
[8,  1240] loss: 5.496
[8,  1250] loss: 5.500
[8,  1260] loss: 5.500
[8,  1270] loss: 5.496
[8,  1280] loss: 5.502
[8,  1290] loss: 5.493
[8,  1300] loss: 5.501
[8,  1310] loss: 5.500
[8,  1320] loss: 5.498
[8,  1330] loss: 5.492
[8,  1340] loss: 5.497
[8,  1350] loss: 5.492
[8,  1360] loss: 5.486
[8,  1370] loss: 5.492
[8,  1380] loss: 5.498
[8,  1390] loss: 5.492
[8,  1400] loss: 5.495
[8,  1410] loss: 5.492
