Dataset is copied to /tmp
use checkpoint:checkpoints/simclr_resnet18_1024t03lr3_net
Start Training
[1,   100] loss: 2.374
[1,   200] loss: 2.327
[1,   300] loss: 2.297
[1,   400] loss: 2.299
[1,   500] loss: 2.292
[1,   600] loss: 2.263
[1,   700] loss: 2.246
[1,   800] loss: 2.255
[1,   900] loss: 2.231
[1,  1000] loss: 2.213
Time elapsed: 1162.5488984752446
[2,   100] loss: 2.208
[2,   200] loss: 2.202
[2,   300] loss: 2.178
[2,   400] loss: 2.194
[2,   500] loss: 2.178
[2,   600] loss: 2.156
[2,   700] loss: 2.144
[2,   800] loss: 2.137
[2,   900] loss: 2.133
[2,  1000] loss: 2.133
Time elapsed: 2078.1251397635788
[3,   100] loss: 2.128
[3,   200] loss: 2.119
[3,   300] loss: 2.113
[3,   400] loss: 2.095
[3,   500] loss: 2.088
[3,   600] loss: 2.094
[3,   700] loss: 2.088
[3,   800] loss: 2.077
[3,   900] loss: 2.056
[3,  1000] loss: 2.059
Time elapsed: 3009.7143286392093
[4,   100] loss: 2.067
[4,   200] loss: 2.049
[4,   300] loss: 2.056
[4,   400] loss: 2.026
[4,   500] loss: 2.045
[4,   600] loss: 2.035
[4,   700] loss: 2.038
[4,   800] loss: 2.025
[4,   900] loss: 2.030
[4,  1000] loss: 2.026
Time elapsed: 3926.851761583239
[5,   100] loss: 2.009
[5,   200] loss: 2.012
[5,   300] loss: 2.023
[5,   400] loss: 2.004
[5,   500] loss: 1.993
[5,   600] loss: 2.003
[5,   700] loss: 2.000
[5,   800] loss: 2.014
[5,   900] loss: 1.983
[5,  1000] loss: 1.987
Time elapsed: 4841.746238419786
[6,   100] loss: 1.988
[6,   200] loss: 1.974
[6,   300] loss: 1.975
[6,   400] loss: 1.972
[6,   500] loss: 1.982
[6,   600] loss: 1.967
[6,   700] loss: 1.982
[6,   800] loss: 1.953
[6,   900] loss: 1.960
[6,  1000] loss: 1.971
Time elapsed: 5774.302941225469
[7,   100] loss: 1.960
[7,   200] loss: 1.955
[7,   300] loss: 1.951
[7,   400] loss: 1.948
[7,   500] loss: 1.938
[7,   600] loss: 1.952
[7,   700] loss: 1.937
[7,   800] loss: 1.946
[7,   900] loss: 1.947
[7,  1000] loss: 1.940
Time elapsed: 6705.807409636676
[8,   100] loss: 1.958
[8,   200] loss: 1.930
[8,   300] loss: 1.939
[8,   400] loss: 1.934
[8,   500] loss: 1.931
[8,   600] loss: 1.931
[8,   700] loss: 1.924
[8,   800] loss: 1.927
[8,   900] loss: 1.921
[8,  1000] loss: 1.919
Time elapsed: 7635.354107104242
[9,   100] loss: 1.917
[9,   200] loss: 1.917
[9,   300] loss: 1.919
[9,   400] loss: 1.912
[9,   500] loss: 1.919
[9,   600] loss: 1.903
[9,   700] loss: 1.908
[9,   800] loss: 1.904
[9,   900] loss: 1.905
[9,  1000] loss: 1.900
Time elapsed: 8551.151081247255
[10,   100] loss: 1.897
[10,   200] loss: 1.895
[10,   300] loss: 1.890
[10,   400] loss: 1.894
[10,   500] loss: 1.892
[10,   600] loss: 1.887
[10,   700] loss: 1.899
[10,   800] loss: 1.886
[10,   900] loss: 1.881
[10,  1000] loss: 1.895
Time elapsed: 9481.331908382475
Saved intermediate checkpoint to:simclr_resnet18_512t01adam4_encoder_ep_10
Saved intermediate checkpoint to:simclr_resnet18_512t01adam4_ep_10
[11,   100] loss: 1.874
[11,   200] loss: 1.872
[11,   300] loss: 1.883
[11,   400] loss: 1.886
[11,   500] loss: 1.892
[11,   600] loss: 1.876
[11,   700] loss: 1.886
[11,   800] loss: 1.880
[11,   900] loss: 1.859
[11,  1000] loss: 1.883
Time elapsed: 10408.24407537654
[12,   100] loss: 1.880
[12,   200] loss: 1.884
[12,   300] loss: 1.869
[12,   400] loss: 1.877
[12,   500] loss: 1.873
[12,   600] loss: 1.863
[12,   700] loss: 1.871
[12,   800] loss: 1.845
[12,   900] loss: 1.853
[12,  1000] loss: 1.862
Time elapsed: 11322.121869036928
[13,   100] loss: 1.850
[13,   200] loss: 1.859
[13,   300] loss: 1.859
[13,   400] loss: 1.853
[13,   500] loss: 1.856
[13,   600] loss: 1.856
[13,   700] loss: 1.859
[13,   800] loss: 1.857
[13,   900] loss: 1.844
[13,  1000] loss: 1.840
Time elapsed: 12248.730940908194
[14,   100] loss: 1.857
[14,   200] loss: 1.846
[14,   300] loss: 1.842
[14,   400] loss: 1.837
[14,   500] loss: 1.847
[14,   600] loss: 1.840
[14,   700] loss: 1.838
[14,   800] loss: 1.827
[14,   900] loss: 1.844
[14,  1000] loss: 1.837
Time elapsed: 13171.614552978426
[15,   100] loss: 1.835
[15,   200] loss: 1.830
[15,   300] loss: 1.830
[15,   400] loss: 1.827
[15,   500] loss: 1.828
[15,   600] loss: 1.821
[15,   700] loss: 1.819
[15,   800] loss: 1.842
[15,   900] loss: 1.826
[15,  1000] loss: 1.828
Time elapsed: 14099.789172895253
[16,   100] loss: 1.830
[16,   200] loss: 1.827
[16,   300] loss: 1.828
[16,   400] loss: 1.833
[16,   500] loss: 1.829
[16,   600] loss: 1.817
[16,   700] loss: 1.823
[16,   800] loss: 1.823
[16,   900] loss: 1.828
[16,  1000] loss: 1.823
Time elapsed: 15023.027998637408
[17,   100] loss: 1.814
[17,   200] loss: 1.808
[17,   300] loss: 1.816
[17,   400] loss: 1.813
[17,   500] loss: 1.812
[17,   600] loss: 1.806
[17,   700] loss: 1.808
[17,   800] loss: 1.810
[17,   900] loss: 1.804
[17,  1000] loss: 1.811
Time elapsed: 15940.47315634787
[18,   100] loss: 1.810
[18,   200] loss: 1.812
[18,   300] loss: 1.797
[18,   400] loss: 1.799
[18,   500] loss: 1.803
[18,   600] loss: 1.798
[18,   700] loss: 1.798
[18,   800] loss: 1.815
[18,   900] loss: 1.808
[18,  1000] loss: 1.794
Time elapsed: 16870.236207172275
[19,   100] loss: 1.781
[19,   200] loss: 1.787
[19,   300] loss: 1.791
[19,   400] loss: 1.796
[19,   500] loss: 1.792
[19,   600] loss: 1.803
[19,   700] loss: 1.787
[19,   800] loss: 1.801
[19,   900] loss: 1.789
[19,  1000] loss: 1.790
Time elapsed: 17792.109191620722
[20,   100] loss: 1.793
[20,   200] loss: 1.791
[20,   300] loss: 1.795
[20,   400] loss: 1.786
[20,   500] loss: 1.798
[20,   600] loss: 1.792
[20,   700] loss: 1.784
[20,   800] loss: 1.778
[20,   900] loss: 1.772
[20,  1000] loss: 1.772
Time elapsed: 18718.012937996536
Saved intermediate checkpoint to:simclr_resnet18_512t01adam4_encoder_ep_20
Saved intermediate checkpoint to:simclr_resnet18_512t01adam4_ep_20
[21,   100] loss: 1.786
[21,   200] loss: 1.795
[21,   300] loss: 1.778
[21,   400] loss: 1.790
[21,   500] loss: 1.786
[21,   600] loss: 1.787
[21,   700] loss: 1.782
[21,   800] loss: 1.773
[21,   900] loss: 1.787
[21,  1000] loss: 1.781
Time elapsed: 19642.986981241032
[22,   100] loss: 1.772
[22,   200] loss: 1.785
[22,   300] loss: 1.762
[22,   400] loss: 1.770
[22,   500] loss: 1.763
[22,   600] loss: 1.764
[22,   700] loss: 1.771
[22,   800] loss: 1.778
[22,   900] loss: 1.778
[22,  1000] loss: 1.773
Time elapsed: 20553.728817190975
[23,   100] loss: 1.769
[23,   200] loss: 1.773
[23,   300] loss: 1.763
[23,   400] loss: 1.771
[23,   500] loss: 1.778
[23,   600] loss: 1.773
[23,   700] loss: 1.761
[23,   800] loss: 1.769
[23,   900] loss: 1.749
[23,  1000] loss: 1.767
Time elapsed: 21472.730444176123
[24,   100] loss: 1.765
[24,   200] loss: 1.768
[24,   300] loss: 1.761
[24,   400] loss: 1.766
[24,   500] loss: 1.766
[24,   600] loss: 1.763
[24,   700] loss: 1.744
[24,   800] loss: 1.766
[24,   900] loss: 1.752
[24,  1000] loss: 1.757
Time elapsed: 22401.012213012204
[25,   100] loss: 1.764
[25,   200] loss: 1.758
[25,   300] loss: 1.762
[25,   400] loss: 1.755
[25,   500] loss: 1.754
[25,   600] loss: 1.746
[25,   700] loss: 1.755
[25,   800] loss: 1.755
[25,   900] loss: 1.749
[25,  1000] loss: 1.760
Time elapsed: 23330.61496654898
[26,   100] loss: 1.743
[26,   200] loss: 1.742
[26,   300] loss: 1.752
[26,   400] loss: 1.763
[26,   500] loss: 1.748
[26,   600] loss: 1.738
[26,   700] loss: 1.749
[26,   800] loss: 1.749
[26,   900] loss: 1.752
[26,  1000] loss: 1.749
Time elapsed: 24261.04489220865
[27,   100] loss: 1.739
[27,   200] loss: 1.738
[27,   300] loss: 1.763
[27,   400] loss: 1.743
[27,   500] loss: 1.738
[27,   600] loss: 1.748
[27,   700] loss: 1.728
[27,   800] loss: 1.739
[27,   900] loss: 1.737
[27,  1000] loss: 1.750
Time elapsed: 25189.444204177707
[28,   100] loss: 1.731
[28,   200] loss: 1.730
[28,   300] loss: 1.735
[28,   400] loss: 1.730
[28,   500] loss: 1.728
[28,   600] loss: 1.747
[28,   700] loss: 1.733
[28,   800] loss: 1.739
[28,   900] loss: 1.729
[28,  1000] loss: 1.740
Time elapsed: 26117.307779932395
[29,   100] loss: 1.732
[29,   200] loss: 1.738
[29,   300] loss: 1.733
[29,   400] loss: 1.727
[29,   500] loss: 1.727
[29,   600] loss: 1.733
[29,   700] loss: 1.725
[29,   800] loss: 1.730
[29,   900] loss: 1.726
[29,  1000] loss: 1.724
Time elapsed: 27049.381973819807
[30,   100] loss: 1.729
[30,   200] loss: 1.719
[30,   300] loss: 1.731
[30,   400] loss: 1.730
[30,   500] loss: 1.736
[30,   600] loss: 1.728
[30,   700] loss: 1.736
[30,   800] loss: 1.739
[30,   900] loss: 1.733
[30,  1000] loss: 1.722
Time elapsed: 27971.506792275235
Saved intermediate checkpoint to:simclr_resnet18_512t01adam4_encoder_ep_30
Saved intermediate checkpoint to:simclr_resnet18_512t01adam4_ep_30
[31,   100] loss: 1.731
[31,   200] loss: 1.706
[31,   300] loss: 1.721
[31,   400] loss: 1.721
[31,   500] loss: 1.731
[31,   600] loss: 1.717
[31,   700] loss: 1.716
[31,   800] loss: 1.721
[31,   900] loss: 1.732
[31,  1000] loss: 1.722
Time elapsed: 28890.61401504837
[32,   100] loss: 1.712
[32,   200] loss: 1.714
[32,   300] loss: 1.713
[32,   400] loss: 1.719
[32,   500] loss: 1.725
[32,   600] loss: 1.710
[32,   700] loss: 1.716
[32,   800] loss: 1.726
[32,   900] loss: 1.721
[32,  1000] loss: 1.713
Time elapsed: 29821.43909922056
[33,   100] loss: 1.706
[33,   200] loss: 1.712
[33,   300] loss: 1.711
[33,   400] loss: 1.718
[33,   500] loss: 1.716
[33,   600] loss: 1.730
[33,   700] loss: 1.718
[33,   800] loss: 1.707
[33,   900] loss: 1.729
[33,  1000] loss: 1.712
Time elapsed: 30753.62729019858
[34,   100] loss: 1.730
[34,   200] loss: 1.712
[34,   300] loss: 1.697
[34,   400] loss: 1.710
[34,   500] loss: 1.701
[34,   600] loss: 1.708
[34,   700] loss: 1.709
[34,   800] loss: 1.705
[34,   900] loss: 1.709
[34,  1000] loss: 1.719
Time elapsed: 31675.713126631454
[35,   100] loss: 1.709
[35,   200] loss: 1.690
[35,   300] loss: 1.709
[35,   400] loss: 1.718
[35,   500] loss: 1.709
[35,   600] loss: 1.709
[35,   700] loss: 1.704
[35,   800] loss: 1.705
[35,   900] loss: 1.703
[35,  1000] loss: 1.688
Time elapsed: 32603.476907195523
[36,   100] loss: 1.711
[36,   200] loss: 1.706
[36,   300] loss: 1.691
[36,   400] loss: 1.693
[36,   500] loss: 1.697
[36,   600] loss: 1.699
[36,   700] loss: 1.697
[36,   800] loss: 1.705
[36,   900] loss: 1.685
[36,  1000] loss: 1.695
Time elapsed: 33529.02198972367
[37,   100] loss: 1.707
[37,   200] loss: 1.697
[37,   300] loss: 1.700
[37,   400] loss: 1.694
[37,   500] loss: 1.694
[37,   600] loss: 1.704
[37,   700] loss: 1.689
[37,   800] loss: 1.703
[37,   900] loss: 1.705
[37,  1000] loss: 1.697
Time elapsed: 34457.3963225279
[38,   100] loss: 1.691
[38,   200] loss: 1.693
[38,   300] loss: 1.689
[38,   400] loss: 1.712
[38,   500] loss: 1.688
[38,   600] loss: 1.691
[38,   700] loss: 1.695
[38,   800] loss: 1.693
[38,   900] loss: 1.704
[38,  1000] loss: 1.707
Time elapsed: 35382.47657456249
[39,   100] loss: 1.691
[39,   200] loss: 1.691
[39,   300] loss: 1.710
[39,   400] loss: 1.689
[39,   500] loss: 1.687
[39,   600] loss: 1.694
[39,   700] loss: 1.694
[39,   800] loss: 1.691
[39,   900] loss: 1.688
[39,  1000] loss: 1.690
Time elapsed: 36304.479580979794
[40,   100] loss: 1.698
[40,   200] loss: 1.694
[40,   300] loss: 1.682
[40,   400] loss: 1.687
[40,   500] loss: 1.693
[40,   600] loss: 1.700
[40,   700] loss: 1.682
[40,   800] loss: 1.684
[40,   900] loss: 1.689
[40,  1000] loss: 1.697
Time elapsed: 37222.71356387623
Saved intermediate checkpoint to:simclr_resnet18_512t01adam4_encoder_ep_40
Saved intermediate checkpoint to:simclr_resnet18_512t01adam4_ep_40
[41,   100] loss: 1.688
[41,   200] loss: 1.686
[41,   300] loss: 1.679
[41,   400] loss: 1.684
[41,   500] loss: 1.687
[41,   600] loss: 1.688
[41,   700] loss: 1.689
[41,   800] loss: 1.686
[41,   900] loss: 1.696
[41,  1000] loss: 1.680
Time elapsed: 38144.67418818548
[42,   100] loss: 1.679
[42,   200] loss: 1.685
[42,   300] loss: 1.690
[42,   400] loss: 1.689
[42,   500] loss: 1.677
[42,   600] loss: 1.688
[42,   700] loss: 1.683
[42,   800] loss: 1.678
[42,   900] loss: 1.682
[42,  1000] loss: 1.681
Time elapsed: 39054.32591021247
[43,   100] loss: 1.688
[43,   200] loss: 1.693
[43,   300] loss: 1.666
[43,   400] loss: 1.680
[43,   500] loss: 1.680
[43,   600] loss: 1.683
[43,   700] loss: 1.677
[43,   800] loss: 1.682
[43,   900] loss: 1.687
[43,  1000] loss: 1.683
Time elapsed: 39974.99476163462
[44,   100] loss: 1.674
[44,   200] loss: 1.673
[44,   300] loss: 1.674
[44,   400] loss: 1.674
[44,   500] loss: 1.678
[44,   600] loss: 1.672
[44,   700] loss: 1.683
[44,   800] loss: 1.690
[44,   900] loss: 1.666
[44,  1000] loss: 1.676
Time elapsed: 40902.42589458451
[45,   100] loss: 1.671
[45,   200] loss: 1.669
[45,   300] loss: 1.677
[45,   400] loss: 1.681
[45,   500] loss: 1.679
[45,   600] loss: 1.671
[45,   700] loss: 1.677
[45,   800] loss: 1.672
[45,   900] loss: 1.671
[45,  1000] loss: 1.675
Time elapsed: 41822.00746248849
[46,   100] loss: 1.672
[46,   200] loss: 1.676
[46,   300] loss: 1.668
[46,   400] loss: 1.676
[46,   500] loss: 1.670
[46,   600] loss: 1.667
[46,   700] loss: 1.672
[46,   800] loss: 1.672
[46,   900] loss: 1.676
[46,  1000] loss: 1.673
Time elapsed: 42729.46861852147
[47,   100] loss: 1.668
[47,   200] loss: 1.674
[47,   300] loss: 1.678
[47,   400] loss: 1.682
[47,   500] loss: 1.676
[47,   600] loss: 1.672
[47,   700] loss: 1.678
[47,   800] loss: 1.670
[47,   900] loss: 1.683
[47,  1000] loss: 1.664
Time elapsed: 43655.21799735166
[48,   100] loss: 1.660
[48,   200] loss: 1.664
[48,   300] loss: 1.676
[48,   400] loss: 1.650
[48,   500] loss: 1.660
[48,   600] loss: 1.661
[48,   700] loss: 1.661
[48,   800] loss: 1.667
[48,   900] loss: 1.662
[48,  1000] loss: 1.659
Time elapsed: 44589.324058687314
[49,   100] loss: 1.663
[49,   200] loss: 1.660
[49,   300] loss: 1.662
[49,   400] loss: 1.656
[49,   500] loss: 1.656
[49,   600] loss: 1.656
[49,   700] loss: 1.662
[49,   800] loss: 1.661
[49,   900] loss: 1.662
[49,  1000] loss: 1.671
Time elapsed: 45529.745556546375
[50,   100] loss: 1.651
[50,   200] loss: 1.662
[50,   300] loss: 1.639
[50,   400] loss: 1.654
[50,   500] loss: 1.664
[50,   600] loss: 1.653
[50,   700] loss: 1.655
[50,   800] loss: 1.647
[50,   900] loss: 1.659
[50,  1000] loss: 1.670
Time elapsed: 46464.097265161574
Saved intermediate checkpoint to:simclr_resnet18_512t01adam4_encoder_ep_50
Saved intermediate checkpoint to:simclr_resnet18_512t01adam4_ep_50
Finished Training
Time elapsed: 46464.74016368203
