Dataset is copied to /tmp
CONV4, SMALL CLASSIFIER, DROPOUT+MoreBN
Start Training
use checkpointcheckpoints/rotations_aug/rotations_ep_80
[1,    10] loss: 6.818
[1,    20] loss: 6.660
[1,    30] loss: 6.576
[1,    40] loss: 6.487
[1,    50] loss: 6.387
[1,    60] loss: 6.284
[1,    70] loss: 6.250
[1,    80] loss: 6.131
[1,    90] loss: 6.047
[1,   100] loss: 6.024
[1,   110] loss: 6.001
[1,   120] loss: 5.957
[1,   130] loss: 5.907
[1] Validation loss: 5.914, Accuracy: 4.23%
[2,    10] loss: 5.330
[2,    20] loss: 5.358
[2,    30] loss: 5.335
[2,    40] loss: 5.327
[2,    50] loss: 5.296
[2,    60] loss: 5.300
[2,    70] loss: 5.345
[2,    80] loss: 5.329
[2,    90] loss: 5.257
[2,   100] loss: 5.211
[2,   110] loss: 5.243
[2,   120] loss: 5.310
[2,   130] loss: 5.242
[2] Validation loss: 5.580, Accuracy: 6.39%
[3,    10] loss: 4.766
[3,    20] loss: 4.686
[3,    30] loss: 4.753
[3,    40] loss: 4.786
[3,    50] loss: 4.750
[3,    60] loss: 4.829
[3,    70] loss: 4.810
[3,    80] loss: 4.845
[3,    90] loss: 4.821
[3,   100] loss: 4.876
[3,   110] loss: 4.884
[3,   120] loss: 4.864
[3,   130] loss: 4.889
[3] Validation loss: 5.427, Accuracy: 7.74%
[4,    10] loss: 4.335
[4,    20] loss: 4.390
[4,    30] loss: 4.346
[4,    40] loss: 4.424
[4,    50] loss: 4.470
[4,    60] loss: 4.454
[4,    70] loss: 4.432
[4,    80] loss: 4.495
[4,    90] loss: 4.413
[4,   100] loss: 4.440
[4,   110] loss: 4.512
[4,   120] loss: 4.467
[4,   130] loss: 4.555
[4] Validation loss: 5.356, Accuracy: 8.43%
[5,    10] loss: 3.973
[5,    20] loss: 4.107
[5,    30] loss: 3.994
[5,    40] loss: 4.128
[5,    50] loss: 4.044
[5,    60] loss: 4.151
[5,    70] loss: 4.093
[5,    80] loss: 4.119
[5,    90] loss: 4.159
[5,   100] loss: 4.219
[5,   110] loss: 4.167
[5,   120] loss: 4.189
[5,   130] loss: 4.276
[5] Validation loss: 5.326, Accuracy: 8.96%
[6,    10] loss: 3.617
[6,    20] loss: 3.721
[6,    30] loss: 3.801
[6,    40] loss: 3.728
[6,    50] loss: 3.804
[6,    60] loss: 3.881
[6,    70] loss: 3.858
[6,    80] loss: 3.840
[6,    90] loss: 3.904
[6,   100] loss: 3.858
[6,   110] loss: 3.890
[6,   120] loss: 3.955
[6,   130] loss: 3.975
[6] Validation loss: 5.307, Accuracy: 9.40%
[7,    10] loss: 3.407
[7,    20] loss: 3.460
[7,    30] loss: 3.408
[7,    40] loss: 3.468
[7,    50] loss: 3.515
[7,    60] loss: 3.597
[7,    70] loss: 3.586
[7,    80] loss: 3.565
[7,    90] loss: 3.641
[7,   100] loss: 3.605
[7,   110] loss: 3.659
[7,   120] loss: 3.764
[7,   130] loss: 3.644
[7] Validation loss: 5.315, Accuracy: 9.36%
[8,    10] loss: 3.179
[8,    20] loss: 3.193
[8,    30] loss: 3.146
[8,    40] loss: 3.172
[8,    50] loss: 3.230
[8,    60] loss: 3.316
[8,    70] loss: 3.311
[8,    80] loss: 3.342
[8,    90] loss: 3.365
[8,   100] loss: 3.386
[8,   110] loss: 3.452
[8,   120] loss: 3.413
[8,   130] loss: 3.448
[8] Validation loss: 5.330, Accuracy: 9.72%
[9,    10] loss: 2.880
[9,    20] loss: 2.944
[9,    30] loss: 2.922
[9,    40] loss: 3.009
[9,    50] loss: 3.099
[9,    60] loss: 2.996
[9,    70] loss: 3.080
[9,    80] loss: 3.083
[9,    90] loss: 3.071
[9,   100] loss: 3.196
[9,   110] loss: 3.158
[9,   120] loss: 3.228
[9,   130] loss: 3.207
[9] Validation loss: 5.366, Accuracy: 9.70%
[10,    10] loss: 2.610
[10,    20] loss: 2.614
[10,    30] loss: 2.727
[10,    40] loss: 2.748
[10,    50] loss: 2.792
[10,    60] loss: 2.813
[10,    70] loss: 2.809
[10,    80] loss: 2.872
[10,    90] loss: 2.895
[10,   100] loss: 2.925
[10,   110] loss: 2.925
[10,   120] loss: 2.959
[10,   130] loss: 2.959
[10] Validation loss: 5.399, Accuracy: 9.74%
[11,    10] loss: 2.394
[11,    20] loss: 2.402
[11,    30] loss: 2.420
[11,    40] loss: 2.527
[11,    50] loss: 2.573
[11,    60] loss: 2.628
[11,    70] loss: 2.616
[11,    80] loss: 2.644
[11,    90] loss: 2.707
[11,   100] loss: 2.792
[11,   110] loss: 2.725
[11,   120] loss: 2.751
[11,   130] loss: 2.703
[11] Validation loss: 5.454, Accuracy: 9.67%
[12,    10] loss: 2.151
[12,    20] loss: 2.241
[12,    30] loss: 2.209
[12,    40] loss: 2.278
[12,    50] loss: 2.326
[12,    60] loss: 2.360
[12,    70] loss: 2.386
[12,    80] loss: 2.406
[12,    90] loss: 2.446
[12,   100] loss: 2.501
[12,   110] loss: 2.534
[12,   120] loss: 2.536
[12,   130] loss: 2.522
[12] Validation loss: 5.485, Accuracy: 9.52%
[13,    10] loss: 1.979
[13,    20] loss: 2.059
[13,    30] loss: 2.084
[13,    40] loss: 2.106
[13,    50] loss: 2.099
[13,    60] loss: 2.123
[13,    70] loss: 2.171
[13,    80] loss: 2.150
[13,    90] loss: 2.243
[13,   100] loss: 2.292
[13,   110] loss: 2.369
[13,   120] loss: 2.304
[13,   130] loss: 2.430
[13] Validation loss: 5.551, Accuracy: 9.40%
[14,    10] loss: 1.789
[14,    20] loss: 1.846
[14,    30] loss: 1.857
[14,    40] loss: 1.895
[14,    50] loss: 1.965
[14,    60] loss: 1.952
[14,    70] loss: 2.040
[14,    80] loss: 2.029
[14,    90] loss: 2.067
[14,   100] loss: 2.041
[14,   110] loss: 2.111
[14,   120] loss: 2.119
[14,   130] loss: 2.126
[14] Validation loss: 5.591, Accuracy: 9.45%
[15,    10] loss: 1.643
[15,    20] loss: 1.693
[15,    30] loss: 1.663
[15,    40] loss: 1.755
[15,    50] loss: 1.737
[15,    60] loss: 1.849
[15,    70] loss: 1.803
[15,    80] loss: 1.844
[15,    90] loss: 1.858
[15,   100] loss: 1.869
[15,   110] loss: 1.907
[15,   120] loss: 1.957
[15,   130] loss: 1.935
[15] Validation loss: 5.663, Accuracy: 9.26%
[16,    10] loss: 1.539
[16,    20] loss: 1.519
[16,    30] loss: 1.601
[16,    40] loss: 1.553
[16,    50] loss: 1.610
[16,    60] loss: 1.645
[16,    70] loss: 1.670
[16,    80] loss: 1.650
[16,    90] loss: 1.681
[16,   100] loss: 1.763
[16,   110] loss: 1.746
[16,   120] loss: 1.819
[16,   130] loss: 1.847
[16] Validation loss: 5.682, Accuracy: 9.41%
[17,    10] loss: 1.349
[17,    20] loss: 1.386
[17,    30] loss: 1.457
[17,    40] loss: 1.442
[17,    50] loss: 1.410
[17,    60] loss: 1.496
[17,    70] loss: 1.510
[17,    80] loss: 1.601
[17,    90] loss: 1.594
[17,   100] loss: 1.593
[17,   110] loss: 1.554
[17,   120] loss: 1.553
[17,   130] loss: 1.623
[17] Validation loss: 5.733, Accuracy: 9.24%
[18,    10] loss: 1.216
[18,    20] loss: 1.247
[18,    30] loss: 1.241
[18,    40] loss: 1.302
[18,    50] loss: 1.256
[18,    60] loss: 1.382
[18,    70] loss: 1.374
[18,    80] loss: 1.401
[18,    90] loss: 1.428
[18,   100] loss: 1.405
[18,   110] loss: 1.404
[18,   120] loss: 1.407
[18,   130] loss: 1.478
[18] Validation loss: 5.785, Accuracy: 9.38%
[19,    10] loss: 1.092
[19,    20] loss: 1.146
[19,    30] loss: 1.181
[19,    40] loss: 1.151
[19,    50] loss: 1.172
[19,    60] loss: 1.237
[19,    70] loss: 1.227
[19,    80] loss: 1.212
[19,    90] loss: 1.217
[19,   100] loss: 1.301
[19,   110] loss: 1.293
[19,   120] loss: 1.348
[19,   130] loss: 1.402
[19] Validation loss: 5.831, Accuracy: 8.89%
[20,    10] loss: 1.029
[20,    20] loss: 1.066
[20,    30] loss: 1.045
[20,    40] loss: 1.103
[20,    50] loss: 1.084
[20,    60] loss: 1.075
[20,    70] loss: 1.104
[20,    80] loss: 1.145
[20,    90] loss: 1.171
[20,   100] loss: 1.179
[20,   110] loss: 1.240
[20,   120] loss: 1.190
[20,   130] loss: 1.273
[20] Validation loss: 5.864, Accuracy: 9.04%
[21,    10] loss: 0.940
[21,    20] loss: 0.988
[21,    30] loss: 0.933
[21,    40] loss: 0.977
[21,    50] loss: 1.006
[21,    60] loss: 1.009
[21,    70] loss: 1.004
[21,    80] loss: 1.055
[21,    90] loss: 1.024
[21,   100] loss: 1.040
[21,   110] loss: 1.058
[21,   120] loss: 1.055
[21,   130] loss: 1.104
[21] Validation loss: 5.905, Accuracy: 8.89%
[22,    10] loss: 0.809
[22,    20] loss: 0.906
[22,    30] loss: 0.833
[22,    40] loss: 0.865
[22,    50] loss: 0.872
[22,    60] loss: 0.919
[22,    70] loss: 0.957
[22,    80] loss: 0.984
[22,    90] loss: 0.971
[22,   100] loss: 0.996
[22,   110] loss: 0.991
[22,   120] loss: 0.968
[22,   130] loss: 1.023
[22] Validation loss: 5.961, Accuracy: 8.95%
[23,    10] loss: 0.775
[23,    20] loss: 0.776
[23,    30] loss: 0.772
[23,    40] loss: 0.774
[23,    50] loss: 0.812
[23,    60] loss: 0.817
[23,    70] loss: 0.835
[23,    80] loss: 0.856
[23,    90] loss: 0.870
[23,   100] loss: 0.888
[23,   110] loss: 0.934
[23,   120] loss: 0.943
[23,   130] loss: 0.946
[23] Validation loss: 5.980, Accuracy: 8.74%
[24,    10] loss: 0.660
[24,    20] loss: 0.701
[24,    30] loss: 0.741
[24,    40] loss: 0.737
[24,    50] loss: 0.759
[24,    60] loss: 0.728
[24,    70] loss: 0.788
[24,    80] loss: 0.753
[24,    90] loss: 0.832
[24,   100] loss: 0.818
[24,   110] loss: 0.835
[24,   120] loss: 0.820
[24,   130] loss: 0.898
[24] Validation loss: 6.001, Accuracy: 8.94%
[25,    10] loss: 0.655
[25,    20] loss: 0.636
[25,    30] loss: 0.665
[25,    40] loss: 0.666
[25,    50] loss: 0.657
[25,    60] loss: 0.698
[25,    70] loss: 0.724
[25,    80] loss: 0.733
[25,    90] loss: 0.762
[25,   100] loss: 0.698
[25,   110] loss: 0.714
[25,   120] loss: 0.776
[25,   130] loss: 0.840
[25] Validation loss: 6.003, Accuracy: 8.82%
[26,    10] loss: 0.580
[26,    20] loss: 0.623
[26,    30] loss: 0.602
[26,    40] loss: 0.635
[26,    50] loss: 0.635
[26,    60] loss: 0.691
[26,    70] loss: 0.639
[26,    80] loss: 0.644
[26,    90] loss: 0.672
[26,   100] loss: 0.675
[26,   110] loss: 0.698
[26,   120] loss: 0.740
[26,   130] loss: 0.742
[26] Validation loss: 6.037, Accuracy: 8.73%
[27,    10] loss: 0.530
[27,    20] loss: 0.559
[27,    30] loss: 0.547
[27,    40] loss: 0.576
[27,    50] loss: 0.574
[27,    60] loss: 0.586
[27,    70] loss: 0.570
[27,    80] loss: 0.605
[27,    90] loss: 0.651
[27,   100] loss: 0.657
[27,   110] loss: 0.662
[27,   120] loss: 0.608
[27,   130] loss: 0.693
[27] Validation loss: 6.075, Accuracy: 8.84%
[28,    10] loss: 0.531
[28,    20] loss: 0.517
[28,    30] loss: 0.515
[28,    40] loss: 0.533
[28,    50] loss: 0.571
[28,    60] loss: 0.537
[28,    70] loss: 0.563
[28,    80] loss: 0.566
[28,    90] loss: 0.629
[28,   100] loss: 0.600
[28,   110] loss: 0.599
[28,   120] loss: 0.583
[28,   130] loss: 0.615
[28] Validation loss: 6.084, Accuracy: 8.80%
[29,    10] loss: 0.479
[29,    20] loss: 0.502
[29,    30] loss: 0.535
[29,    40] loss: 0.514
[29,    50] loss: 0.540
[29,    60] loss: 0.523
[29,    70] loss: 0.556
[29,    80] loss: 0.557
[29,    90] loss: 0.551
[29,   100] loss: 0.591
[29,   110] loss: 0.586
[29,   120] loss: 0.616
[29,   130] loss: 0.605
[29] Validation loss: 6.105, Accuracy: 8.71%
[30,    10] loss: 0.432
[30,    20] loss: 0.451
[30,    30] loss: 0.475
[30,    40] loss: 0.470
[30,    50] loss: 0.468
[30,    60] loss: 0.487
[30,    70] loss: 0.499
[30,    80] loss: 0.530
[30,    90] loss: 0.533
[30,   100] loss: 0.515
[30,   110] loss: 0.531
[30,   120] loss: 0.535
[30,   130] loss: 0.522
[30] Validation loss: 6.089, Accuracy: 8.74%
[31,    10] loss: 0.384
[31,    20] loss: 0.434
[31,    30] loss: 0.427
[31,    40] loss: 0.415
[31,    50] loss: 0.457
[31,    60] loss: 0.450
[31,    70] loss: 0.458
[31,    80] loss: 0.458
[31,    90] loss: 0.467
[31,   100] loss: 0.517
[31,   110] loss: 0.520
[31,   120] loss: 0.499
[31,   130] loss: 0.526
[31] Validation loss: 6.125, Accuracy: 9.00%
[32,    10] loss: 0.405
[32,    20] loss: 0.442
[32,    30] loss: 0.424
[32,    40] loss: 0.427
[32,    50] loss: 0.392
[32,    60] loss: 0.455
[32,    70] loss: 0.438
[32,    80] loss: 0.446
[32,    90] loss: 0.450
[32,   100] loss: 0.467
[32,   110] loss: 0.492
[32,   120] loss: 0.474
[32,   130] loss: 0.478
[32] Validation loss: 6.117, Accuracy: 9.00%
[33,    10] loss: 0.362
[33,    20] loss: 0.393
[33,    30] loss: 0.374
[33,    40] loss: 0.379
[33,    50] loss: 0.394
[33,    60] loss: 0.403
[33,    70] loss: 0.406
[33,    80] loss: 0.398
[33,    90] loss: 0.406
[33,   100] loss: 0.429
[33,   110] loss: 0.432
[33,   120] loss: 0.420
[33,   130] loss: 0.456
[33] Validation loss: 6.147, Accuracy: 8.73%
[34,    10] loss: 0.328
[34,    20] loss: 0.350
[34,    30] loss: 0.356
[34,    40] loss: 0.390
[34,    50] loss: 0.394
[34,    60] loss: 0.367
[34,    70] loss: 0.391
[34,    80] loss: 0.396
[34,    90] loss: 0.375
[34,   100] loss: 0.398
[34,   110] loss: 0.422
[34,   120] loss: 0.416
[34,   130] loss: 0.436
[34] Validation loss: 6.131, Accuracy: 8.65%
[35,    10] loss: 0.313
[35,    20] loss: 0.344
[35,    30] loss: 0.336
[35,    40] loss: 0.360
[35,    50] loss: 0.373
[35,    60] loss: 0.349
[35,    70] loss: 0.360
[35,    80] loss: 0.384
[35,    90] loss: 0.364
[35,   100] loss: 0.366
[35,   110] loss: 0.375
[35,   120] loss: 0.399
[35,   130] loss: 0.418
[35] Validation loss: 6.131, Accuracy: 8.81%
[36,    10] loss: 0.288
[36,    20] loss: 0.363
[36,    30] loss: 0.320
[36,    40] loss: 0.339
[36,    50] loss: 0.329
[36,    60] loss: 0.328
[36,    70] loss: 0.337
[36,    80] loss: 0.355
[36,    90] loss: 0.369
[36,   100] loss: 0.368
[36,   110] loss: 0.362
[36,   120] loss: 0.377
[36,   130] loss: 0.358
[36] Validation loss: 6.131, Accuracy: 8.65%
[37,    10] loss: 0.306
[37,    20] loss: 0.313
[37,    30] loss: 0.312
[37,    40] loss: 0.302
[37,    50] loss: 0.330
[37,    60] loss: 0.329
[37,    70] loss: 0.333
[37,    80] loss: 0.327
[37,    90] loss: 0.340
[37,   100] loss: 0.337
[37,   110] loss: 0.367
[37,   120] loss: 0.348
[37,   130] loss: 0.373
[37] Validation loss: 6.150, Accuracy: 8.69%
[38,    10] loss: 0.284
[38,    20] loss: 0.306
[38,    30] loss: 0.313
[38,    40] loss: 0.293
[38,    50] loss: 0.296
[38,    60] loss: 0.323
[38,    70] loss: 0.295
[38,    80] loss: 0.330
[38,    90] loss: 0.310
[38,   100] loss: 0.311
[38,   110] loss: 0.350
[38,   120] loss: 0.354
[38,   130] loss: 0.336
[38] Validation loss: 6.153, Accuracy: 8.95%
[39,    10] loss: 0.292
[39,    20] loss: 0.300
[39,    30] loss: 0.294
[39,    40] loss: 0.294
[39,    50] loss: 0.292
[39,    60] loss: 0.292
[39,    70] loss: 0.294
[39,    80] loss: 0.304
[39,    90] loss: 0.303
[39,   100] loss: 0.299
[39,   110] loss: 0.336
[39,   120] loss: 0.307
[39,   130] loss: 0.335
[39] Validation loss: 6.135, Accuracy: 8.69%
[40,    10] loss: 0.257
[40,    20] loss: 0.268
[40,    30] loss: 0.265
[40,    40] loss: 0.274
[40,    50] loss: 0.280
[40,    60] loss: 0.280
[40,    70] loss: 0.271
[40,    80] loss: 0.288
[40,    90] loss: 0.271
[40,   100] loss: 0.294
[40,   110] loss: 0.295
[40,   120] loss: 0.321
[40,   130] loss: 0.304
[40] Validation loss: 6.148, Accuracy: 8.65%
[41,    10] loss: 0.239
[41,    20] loss: 0.290
[41,    30] loss: 0.282
[41,    40] loss: 0.258
[41,    50] loss: 0.251
[41,    60] loss: 0.252
[41,    70] loss: 0.295
[41,    80] loss: 0.290
[41,    90] loss: 0.278
[41,   100] loss: 0.281
[41,   110] loss: 0.319
[41,   120] loss: 0.299
[41,   130] loss: 0.294
[41] Validation loss: 6.143, Accuracy: 8.70%
[42,    10] loss: 0.239
[42,    20] loss: 0.270
[42,    30] loss: 0.250
[42,    40] loss: 0.254
[42,    50] loss: 0.251
[42,    60] loss: 0.245
[42,    70] loss: 0.264
[42,    80] loss: 0.269
[42,    90] loss: 0.292
[42,   100] loss: 0.307
[42,   110] loss: 0.266
[42,   120] loss: 0.286
[42,   130] loss: 0.285
[42] Validation loss: 6.145, Accuracy: 8.86%
[43,    10] loss: 0.227
[43,    20] loss: 0.253
[43,    30] loss: 0.233
[43,    40] loss: 0.261
[43,    50] loss: 0.248
[43,    60] loss: 0.245
[43,    70] loss: 0.267
[43,    80] loss: 0.262
[43,    90] loss: 0.285
[43,   100] loss: 0.256
[43,   110] loss: 0.261
[43,   120] loss: 0.280
[43,   130] loss: 0.276
[43] Validation loss: 6.112, Accuracy: 8.78%
[44,    10] loss: 0.222
[44,    20] loss: 0.226
[44,    30] loss: 0.259
[44,    40] loss: 0.245
[44,    50] loss: 0.259
[44,    60] loss: 0.241
[44,    70] loss: 0.260
[44,    80] loss: 0.257
[44,    90] loss: 0.268
[44,   100] loss: 0.274
[44,   110] loss: 0.270
[44,   120] loss: 0.278
[44,   130] loss: 0.267
[44] Validation loss: 6.125, Accuracy: 8.87%
[45,    10] loss: 0.219
[45,    20] loss: 0.220
[45,    30] loss: 0.248
[45,    40] loss: 0.256
[45,    50] loss: 0.243
[45,    60] loss: 0.219
[45,    70] loss: 0.257
[45,    80] loss: 0.252
[45,    90] loss: 0.244
[45,   100] loss: 0.271
[45,   110] loss: 0.248
[45,   120] loss: 0.245
[45,   130] loss: 0.279
[45] Validation loss: 6.142, Accuracy: 8.80%
[46,    10] loss: 0.223
[46,    20] loss: 0.232
[46,    30] loss: 0.219
[46,    40] loss: 0.233
[46,    50] loss: 0.245
[46,    60] loss: 0.230
[46,    70] loss: 0.239
[46,    80] loss: 0.234
[46,    90] loss: 0.239
[46,   100] loss: 0.257
[46,   110] loss: 0.270
[46,   120] loss: 0.259
[46,   130] loss: 0.256
