Dataset is copied to /tmp
CONV4, SMALL CLASSIFIER, DROPOUT+MoreBN
Start Training
use checkpointcheckpoints/rotations_aug/rotations_ep_80
[1,    10] loss: 6.840
[1,    20] loss: 6.778
[1,    30] loss: 6.718
[1,    40] loss: 6.642
[1,    50] loss: 6.575
[1,    60] loss: 6.543
[1,    70] loss: 6.478
[1,    80] loss: 6.473
[1,    90] loss: 6.368
[1,   100] loss: 6.316
[1,   110] loss: 6.271
[1,   120] loss: 6.240
[1,   130] loss: 6.181
[1] Validation loss: 6.144, Accuracy: 2.89%
[2,    10] loss: 5.894
[2,    20] loss: 5.860
[2,    30] loss: 5.802
[2,    40] loss: 5.788
[2,    50] loss: 5.844
[2,    60] loss: 5.723
[2,    70] loss: 5.749
[2,    80] loss: 5.737
[2,    90] loss: 5.750
[2,   100] loss: 5.681
[2,   110] loss: 5.654
[2,   120] loss: 5.646
[2,   130] loss: 5.667
[2] Validation loss: 5.743, Accuracy: 4.94%
[3,    10] loss: 5.374
[3,    20] loss: 5.326
[3,    30] loss: 5.375
[3,    40] loss: 5.361
[3,    50] loss: 5.384
[3,    60] loss: 5.367
[3,    70] loss: 5.350
[3,    80] loss: 5.330
[3,    90] loss: 5.370
[3,   100] loss: 5.357
[3,   110] loss: 5.318
[3,   120] loss: 5.403
[3,   130] loss: 5.286
[3] Validation loss: 5.554, Accuracy: 6.31%
[4,    10] loss: 5.093
[4,    20] loss: 5.042
[4,    30] loss: 5.088
[4,    40] loss: 5.028
[4,    50] loss: 5.053
[4,    60] loss: 5.102
[4,    70] loss: 5.114
[4,    80] loss: 5.069
[4,    90] loss: 5.116
[4,   100] loss: 5.111
[4,   110] loss: 5.146
[4,   120] loss: 5.116
[4,   130] loss: 5.059
[4] Validation loss: 5.440, Accuracy: 7.21%
[5,    10] loss: 4.773
[5,    20] loss: 4.858
[5,    30] loss: 4.891
[5,    40] loss: 4.924
[5,    50] loss: 4.910
[5,    60] loss: 4.894
[5,    70] loss: 4.919
[5,    80] loss: 4.906
[5,    90] loss: 4.936
[5,   100] loss: 4.916
[5,   110] loss: 4.863
[5,   120] loss: 4.927
[5,   130] loss: 4.952
[5] Validation loss: 5.384, Accuracy: 7.79%
[6,    10] loss: 4.652
[6,    20] loss: 4.689
[6,    30] loss: 4.662
[6,    40] loss: 4.706
[6,    50] loss: 4.712
[6,    60] loss: 4.758
[6,    70] loss: 4.778
[6,    80] loss: 4.721
[6,    90] loss: 4.782
[6,   100] loss: 4.803
[6,   110] loss: 4.801
[6,   120] loss: 4.777
[6,   130] loss: 4.811
[6] Validation loss: 5.331, Accuracy: 8.30%
[7,    10] loss: 4.479
[7,    20] loss: 4.498
[7,    30] loss: 4.534
[7,    40] loss: 4.600
[7,    50] loss: 4.592
[7,    60] loss: 4.563
[7,    70] loss: 4.598
[7,    80] loss: 4.555
[7,    90] loss: 4.672
[7,   100] loss: 4.659
[7,   110] loss: 4.653
[7,   120] loss: 4.702
[7,   130] loss: 4.625
[7] Validation loss: 5.309, Accuracy: 8.54%
[8,    10] loss: 4.362
[8,    20] loss: 4.391
[8,    30] loss: 4.399
[8,    40] loss: 4.483
[8,    50] loss: 4.417
[8,    60] loss: 4.423
[8,    70] loss: 4.493
[8,    80] loss: 4.491
[8,    90] loss: 4.505
[8,   100] loss: 4.563
[8,   110] loss: 4.512
[8,   120] loss: 4.563
[8,   130] loss: 4.577
[8] Validation loss: 5.300, Accuracy: 8.77%
[9,    10] loss: 4.214
[9,    20] loss: 4.261
[9,    30] loss: 4.246
[9,    40] loss: 4.297
[9,    50] loss: 4.327
[9,    60] loss: 4.386
[9,    70] loss: 4.320
[9,    80] loss: 4.399
[9,    90] loss: 4.406
[9,   100] loss: 4.410
[9,   110] loss: 4.432
[9,   120] loss: 4.486
[9,   130] loss: 4.458
[9] Validation loss: 5.280, Accuracy: 9.38%
[10,    10] loss: 4.172
[10,    20] loss: 4.091
[10,    30] loss: 4.227
[10,    40] loss: 4.166
[10,    50] loss: 4.217
[10,    60] loss: 4.209
[10,    70] loss: 4.300
[10,    80] loss: 4.303
[10,    90] loss: 4.265
[10,   100] loss: 4.367
[10,   110] loss: 4.224
[10,   120] loss: 4.306
[10,   130] loss: 4.318
[10] Validation loss: 5.279, Accuracy: 9.29%
[11,    10] loss: 4.047
[11,    20] loss: 4.020
[11,    30] loss: 4.056
[11,    40] loss: 4.055
[11,    50] loss: 3.997
[11,    60] loss: 3.993
[11,    70] loss: 4.011
[11,    80] loss: 4.018
[11,    90] loss: 4.029
[11,   100] loss: 3.979
[11,   110] loss: 3.987
[11,   120] loss: 4.021
[11,   130] loss: 4.020
[11] Validation loss: 5.249, Accuracy: 9.61%
[12,    10] loss: 3.935
[12,    20] loss: 3.986
[12,    30] loss: 3.905
[12,    40] loss: 3.941
[12,    50] loss: 3.963
[12,    60] loss: 4.035
[12,    70] loss: 4.025
[12,    80] loss: 3.949
[12,    90] loss: 4.011
[12,   100] loss: 3.987
[12,   110] loss: 3.993
[12,   120] loss: 3.984
[12,   130] loss: 3.971
[12] Validation loss: 5.246, Accuracy: 9.69%
[13,    10] loss: 3.939
[13,    20] loss: 3.899
[13,    30] loss: 3.947
[13,    40] loss: 3.949
[13,    50] loss: 3.954
[13,    60] loss: 3.915
[13,    70] loss: 3.953
[13,    80] loss: 3.941
[13,    90] loss: 3.961
[13,   100] loss: 3.956
[13,   110] loss: 3.960
[13,   120] loss: 3.961
[13,   130] loss: 4.001
[13] Validation loss: 5.237, Accuracy: 9.80%
[14,    10] loss: 3.950
[14,    20] loss: 3.902
[14,    30] loss: 3.968
[14,    40] loss: 3.914
[14,    50] loss: 3.947
[14,    60] loss: 3.944
[14,    70] loss: 3.907
[14,    80] loss: 3.959
[14,    90] loss: 3.917
[14,   100] loss: 3.954
[14,   110] loss: 3.934
[14,   120] loss: 3.963
[14,   130] loss: 3.931
[14] Validation loss: 5.233, Accuracy: 9.88%
[15,    10] loss: 3.922
[15,    20] loss: 3.899
[15,    30] loss: 3.933
[15,    40] loss: 3.911
[15,    50] loss: 3.879
[15,    60] loss: 3.809
[15,    70] loss: 3.895
[15,    80] loss: 3.942
[15,    90] loss: 3.910
[15,   100] loss: 3.887
[15,   110] loss: 3.899
[15,   120] loss: 3.925
[15,   130] loss: 3.886
[15] Validation loss: 5.235, Accuracy: 9.92%
[16,    10] loss: 3.906
[16,    20] loss: 3.928
[16,    30] loss: 3.908
[16,    40] loss: 3.848
[16,    50] loss: 3.869
[16,    60] loss: 3.891
[16,    70] loss: 3.847
[16,    80] loss: 3.869
[16,    90] loss: 3.882
[16,   100] loss: 3.879
[16,   110] loss: 3.922
[16,   120] loss: 3.872
[16,   130] loss: 3.960
[16] Validation loss: 5.229, Accuracy: 9.92%
[17,    10] loss: 3.834
[17,    20] loss: 3.925
[17,    30] loss: 3.930
[17,    40] loss: 3.863
[17,    50] loss: 3.945
[17,    60] loss: 3.843
[17,    70] loss: 3.820
[17,    80] loss: 3.861
[17,    90] loss: 3.820
[17,   100] loss: 3.914
[17,   110] loss: 3.887
[17,   120] loss: 3.832
[17,   130] loss: 3.826
[17] Validation loss: 5.227, Accuracy: 10.07%
[18,    10] loss: 3.820
[18,    20] loss: 3.795
[18,    30] loss: 3.841
[18,    40] loss: 3.944
[18,    50] loss: 3.854
[18,    60] loss: 3.914
[18,    70] loss: 3.828
[18,    80] loss: 3.872
[18,    90] loss: 3.879
[18,   100] loss: 3.835
[18,   110] loss: 3.792
[18,   120] loss: 3.849
[18,   130] loss: 3.847
[18] Validation loss: 5.232, Accuracy: 10.08%
[19,    10] loss: 3.854
[19,    20] loss: 3.834
[19,    30] loss: 3.791
[19,    40] loss: 3.812
[19,    50] loss: 3.870
[19,    60] loss: 3.820
[19,    70] loss: 3.896
[19,    80] loss: 3.847
[19,    90] loss: 3.872
[19,   100] loss: 3.825
[19,   110] loss: 3.863
[19,   120] loss: 3.876
[19,   130] loss: 3.855
[19] Validation loss: 5.226, Accuracy: 10.05%
[20,    10] loss: 3.802
[20,    20] loss: 3.807
[20,    30] loss: 3.821
[20,    40] loss: 3.798
[20,    50] loss: 3.779
[20,    60] loss: 3.859
[20,    70] loss: 3.779
[20,    80] loss: 3.864
[20,    90] loss: 3.843
[20,   100] loss: 3.800
[20,   110] loss: 3.850
[20,   120] loss: 3.794
[20,   130] loss: 3.866
[20] Validation loss: 5.218, Accuracy: 10.12%
[21,    10] loss: 3.745
[21,    20] loss: 3.739
[21,    30] loss: 3.828
[21,    40] loss: 3.760
[21,    50] loss: 3.876
[21,    60] loss: 3.792
[21,    70] loss: 3.833
[21,    80] loss: 3.789
[21,    90] loss: 3.762
[21,   100] loss: 3.772
[21,   110] loss: 3.816
[21,   120] loss: 3.769
[21,   130] loss: 3.758
[21] Validation loss: 5.225, Accuracy: 10.11%
[22,    10] loss: 3.739
[22,    20] loss: 3.873
[22,    30] loss: 3.784
[22,    40] loss: 3.837
[22,    50] loss: 3.832
[22,    60] loss: 3.802
[22,    70] loss: 3.804
[22,    80] loss: 3.780
[22,    90] loss: 3.783
[22,   100] loss: 3.791
[22,   110] loss: 3.764
[22,   120] loss: 3.772
[22,   130] loss: 3.802
[22] Validation loss: 5.226, Accuracy: 10.11%
[23,    10] loss: 3.796
[23,    20] loss: 3.804
[23,    30] loss: 3.796
[23,    40] loss: 3.758
[23,    50] loss: 3.798
[23,    60] loss: 3.767
[23,    70] loss: 3.761
[23,    80] loss: 3.785
[23,    90] loss: 3.825
[23,   100] loss: 3.798
[23,   110] loss: 3.853
[23,   120] loss: 3.856
[23,   130] loss: 3.790
[23] Validation loss: 5.218, Accuracy: 10.11%
[24,    10] loss: 3.821
[24,    20] loss: 3.811
[24,    30] loss: 3.813
[24,    40] loss: 3.797
[24,    50] loss: 3.782
[24,    60] loss: 3.812
[24,    70] loss: 3.806
[24,    80] loss: 3.772
[24,    90] loss: 3.796
[24,   100] loss: 3.788
[24,   110] loss: 3.799
[24,   120] loss: 3.774
[24,   130] loss: 3.719
[24] Validation loss: 5.215, Accuracy: 10.23%
[25,    10] loss: 3.787
[25,    20] loss: 3.763
[25,    30] loss: 3.791
[25,    40] loss: 3.821
[25,    50] loss: 3.767
[25,    60] loss: 3.801
[25,    70] loss: 3.768
[25,    80] loss: 3.812
[25,    90] loss: 3.773
[25,   100] loss: 3.767
[25,   110] loss: 3.749
[25,   120] loss: 3.787
[25,   130] loss: 3.785
[25] Validation loss: 5.220, Accuracy: 10.21%
[26,    10] loss: 3.815
[26,    20] loss: 3.794
[26,    30] loss: 3.781
[26,    40] loss: 3.777
[26,    50] loss: 3.731
[26,    60] loss: 3.831
[26,    70] loss: 3.773
[26,    80] loss: 3.831
[26,    90] loss: 3.730
[26,   100] loss: 3.819
[26,   110] loss: 3.783
[26,   120] loss: 3.757
[26,   130] loss: 3.778
[26] Validation loss: 5.220, Accuracy: 10.19%
[27,    10] loss: 3.822
[27,    20] loss: 3.839
[27,    30] loss: 3.784
[27,    40] loss: 3.787
[27,    50] loss: 3.736
[27,    60] loss: 3.824
[27,    70] loss: 3.756
[27,    80] loss: 3.715
[27,    90] loss: 3.801
[27,   100] loss: 3.756
[27,   110] loss: 3.810
[27,   120] loss: 3.796
[27,   130] loss: 3.792
[27] Validation loss: 5.219, Accuracy: 10.21%
[28,    10] loss: 3.809
[28,    20] loss: 3.748
[28,    30] loss: 3.786
[28,    40] loss: 3.758
[28,    50] loss: 3.720
[28,    60] loss: 3.833
[28,    70] loss: 3.836
[28,    80] loss: 3.815
[28,    90] loss: 3.734
[28,   100] loss: 3.729
[28,   110] loss: 3.772
[28,   120] loss: 3.829
[28,   130] loss: 3.746
[28] Validation loss: 5.226, Accuracy: 10.10%
[29,    10] loss: 3.737
[29,    20] loss: 3.839
[29,    30] loss: 3.799
[29,    40] loss: 3.748
[29,    50] loss: 3.785
[29,    60] loss: 3.812
[29,    70] loss: 3.852
[29,    80] loss: 3.750
[29,    90] loss: 3.830
[29,   100] loss: 3.784
[29,   110] loss: 3.808
[29,   120] loss: 3.719
[29,   130] loss: 3.838
[29] Validation loss: 5.224, Accuracy: 10.13%
[30,    10] loss: 3.796
[30,    20] loss: 3.777
[30,    30] loss: 3.712
[30,    40] loss: 3.757
[30,    50] loss: 3.774
[30,    60] loss: 3.717
[30,    70] loss: 3.760
[30,    80] loss: 3.741
[30,    90] loss: 3.780
[30,   100] loss: 3.793
[30,   110] loss: 3.796
[30,   120] loss: 3.833
[30,   130] loss: 3.755
[30] Validation loss: 5.216, Accuracy: 10.14%
[31,    10] loss: 3.801
[31,    20] loss: 3.762
[31,    30] loss: 3.783
[31,    40] loss: 3.847
[31,    50] loss: 3.749
[31,    60] loss: 3.765
[31,    70] loss: 3.805
[31,    80] loss: 3.770
[31,    90] loss: 3.771
[31,   100] loss: 3.774
[31,   110] loss: 3.723
[31,   120] loss: 3.805
[31,   130] loss: 3.790
[31] Validation loss: 5.228, Accuracy: 10.10%
[32,    10] loss: 3.817
[32,    20] loss: 3.788
[32,    30] loss: 3.855
[32,    40] loss: 3.745
[32,    50] loss: 3.749
[32,    60] loss: 3.762
[32,    70] loss: 3.766
[32,    80] loss: 3.818
[32,    90] loss: 3.752
[32,   100] loss: 3.767
[32,   110] loss: 3.783
[32,   120] loss: 3.751
[32,   130] loss: 3.744
[32] Validation loss: 5.220, Accuracy: 10.14%
[33,    10] loss: 3.747
[33,    20] loss: 3.730
[33,    30] loss: 3.715
[33,    40] loss: 3.754
[33,    50] loss: 3.854
[33,    60] loss: 3.774
[33,    70] loss: 3.788
[33,    80] loss: 3.798
[33,    90] loss: 3.755
[33,   100] loss: 3.804
[33,   110] loss: 3.845
[33,   120] loss: 3.706
[33,   130] loss: 3.857
[33] Validation loss: 5.223, Accuracy: 10.16%
[34,    10] loss: 3.712
[34,    20] loss: 3.794
[34,    30] loss: 3.796
[34,    40] loss: 3.754
[34,    50] loss: 3.769
[34,    60] loss: 3.807
[34,    70] loss: 3.797
[34,    80] loss: 3.756
[34,    90] loss: 3.772
[34,   100] loss: 3.828
[34,   110] loss: 3.738
[34,   120] loss: 3.766
[34,   130] loss: 3.785
[34] Validation loss: 5.217, Accuracy: 10.09%
[35,    10] loss: 3.726
[35,    20] loss: 3.783
[35,    30] loss: 3.758
[35,    40] loss: 3.792
[35,    50] loss: 3.789
[35,    60] loss: 3.783
[35,    70] loss: 3.773
[35,    80] loss: 3.752
[35,    90] loss: 3.788
[35,   100] loss: 3.705
[35,   110] loss: 3.741
[35,   120] loss: 3.791
[35,   130] loss: 3.773
[35] Validation loss: 5.219, Accuracy: 10.20%
[36,    10] loss: 3.824
[36,    20] loss: 3.776
[36,    30] loss: 3.821
[36,    40] loss: 3.758
[36,    50] loss: 3.779
[36,    60] loss: 3.791
[36,    70] loss: 3.794
[36,    80] loss: 3.820
[36,    90] loss: 3.763
[36,   100] loss: 3.766
[36,   110] loss: 3.784
[36,   120] loss: 3.717
[36,   130] loss: 3.781
[36] Validation loss: 5.218, Accuracy: 10.17%
[37,    10] loss: 3.750
[37,    20] loss: 3.816
[37,    30] loss: 3.761
[37,    40] loss: 3.722
[37,    50] loss: 3.799
[37,    60] loss: 3.807
[37,    70] loss: 3.748
[37,    80] loss: 3.795
[37,    90] loss: 3.768
[37,   100] loss: 3.783
[37,   110] loss: 3.788
[37,   120] loss: 3.767
[37,   130] loss: 3.790
[37] Validation loss: 5.221, Accuracy: 10.18%
[38,    10] loss: 3.791
[38,    20] loss: 3.791
[38,    30] loss: 3.741
[38,    40] loss: 3.825
[38,    50] loss: 3.724
[38,    60] loss: 3.746
[38,    70] loss: 3.812
[38,    80] loss: 3.785
[38,    90] loss: 3.765
[38,   100] loss: 3.743
[38,   110] loss: 3.776
[38,   120] loss: 3.776
[38,   130] loss: 3.764
[38] Validation loss: 5.219, Accuracy: 10.21%
[39,    10] loss: 3.761
[39,    20] loss: 3.769
[39,    30] loss: 3.825
[39,    40] loss: 3.767
[39,    50] loss: 3.866
[39,    60] loss: 3.770
[39,    70] loss: 3.688
[39,    80] loss: 3.746
[39,    90] loss: 3.763
[39,   100] loss: 3.779
[39,   110] loss: 3.783
[39,   120] loss: 3.776
[39,   130] loss: 3.800
[39] Validation loss: 5.220, Accuracy: 10.20%
[40,    10] loss: 3.794
[40,    20] loss: 3.805
[40,    30] loss: 3.801
[40,    40] loss: 3.818
[40,    50] loss: 3.747
[40,    60] loss: 3.751
[40,    70] loss: 3.758
[40,    80] loss: 3.812
[40,    90] loss: 3.750
[40,   100] loss: 3.718
[40,   110] loss: 3.760
[40,   120] loss: 3.705
[40,   130] loss: 3.760
[40] Validation loss: 5.216, Accuracy: 10.25%
[41,    10] loss: 3.824
[41,    20] loss: 3.742
[41,    30] loss: 3.759
[41,    40] loss: 3.679
[41,    50] loss: 3.809
[41,    60] loss: 3.799
[41,    70] loss: 3.800
[41,    80] loss: 3.776
[41,    90] loss: 3.833
[41,   100] loss: 3.753
[41,   110] loss: 3.726
[41,   120] loss: 3.782
[41,   130] loss: 3.741
[41] Validation loss: 5.218, Accuracy: 10.15%
[42,    10] loss: 3.769
[42,    20] loss: 3.750
[42,    30] loss: 3.778
[42,    40] loss: 3.726
[42,    50] loss: 3.819
[42,    60] loss: 3.800
[42,    70] loss: 3.788
[42,    80] loss: 3.808
[42,    90] loss: 3.754
[42,   100] loss: 3.801
[42,   110] loss: 3.782
[42,   120] loss: 3.746
[42,   130] loss: 3.848
[42] Validation loss: 5.221, Accuracy: 10.24%
[43,    10] loss: 3.770
[43,    20] loss: 3.751
[43,    30] loss: 3.777
[43,    40] loss: 3.804
[43,    50] loss: 3.752
[43,    60] loss: 3.718
[43,    70] loss: 3.771
[43,    80] loss: 3.824
[43,    90] loss: 3.783
[43,   100] loss: 3.768
[43,   110] loss: 3.778
[43,   120] loss: 3.808
[43,   130] loss: 3.808
[43] Validation loss: 5.224, Accuracy: 10.20%
[44,    10] loss: 3.811
[44,    20] loss: 3.833
[44,    30] loss: 3.775
[44,    40] loss: 3.721
[44,    50] loss: 3.758
[44,    60] loss: 3.770
[44,    70] loss: 3.736
[44,    80] loss: 3.804
[44,    90] loss: 3.731
[44,   100] loss: 3.705
[44,   110] loss: 3.781
[44,   120] loss: 3.710
[44,   130] loss: 3.778
[44] Validation loss: 5.221, Accuracy: 10.20%
[45,    10] loss: 3.828
[45,    20] loss: 3.698
[45,    30] loss: 3.787
[45,    40] loss: 3.760
[45,    50] loss: 3.789
[45,    60] loss: 3.790
[45,    70] loss: 3.803
[45,    80] loss: 3.732
[45,    90] loss: 3.747
[45,   100] loss: 3.757
[45,   110] loss: 3.770
[45,   120] loss: 3.776
[45,   130] loss: 3.821
[45] Validation loss: 5.225, Accuracy: 10.12%
[46,    10] loss: 3.779
[46,    20] loss: 3.774
[46,    30] loss: 3.793
[46,    40] loss: 3.763
[46,    50] loss: 3.784
[46,    60] loss: 3.774
[46,    70] loss: 3.737
[46,    80] loss: 3.745
[46,    90] loss: 3.842
[46,   100] loss: 3.720
[46,   110] loss: 3.829
[46,   120] loss: 3.766
[46,   130] loss: 3.780
[46] Validation loss: 5.220, Accuracy: 10.10%
[47,    10] loss: 3.764
[47,    20] loss: 3.776
[47,    30] loss: 3.793
[47,    40] loss: 3.767
[47,    50] loss: 3.749
[47,    60] loss: 3.725
[47,    70] loss: 3.796
[47,    80] loss: 3.823
[47,    90] loss: 3.794
[47,   100] loss: 3.775
[47,   110] loss: 3.729
[47,   120] loss: 3.781
[47,   130] loss: 3.745
[47] Validation loss: 5.222, Accuracy: 10.17%
[48,    10] loss: 3.792
[48,    20] loss: 3.708
[48,    30] loss: 3.773
[48,    40] loss: 3.752
[48,    50] loss: 3.728
[48,    60] loss: 3.722
[48,    70] loss: 3.773
[48,    80] loss: 3.869
[48,    90] loss: 3.805
[48,   100] loss: 3.838
[48,   110] loss: 3.774
[48,   120] loss: 3.733
[48,   130] loss: 3.811
[48] Validation loss: 5.221, Accuracy: 10.23%
[49,    10] loss: 3.682
[49,    20] loss: 3.807
[49,    30] loss: 3.767
[49,    40] loss: 3.801
[49,    50] loss: 3.750
[49,    60] loss: 3.789
[49,    70] loss: 3.785
[49,    80] loss: 3.747
[49,    90] loss: 3.785
[49,   100] loss: 3.790
[49,   110] loss: 3.817
[49,   120] loss: 3.749
[49,   130] loss: 3.719
[49] Validation loss: 5.221, Accuracy: 10.23%
[50,    10] loss: 3.824
[50,    20] loss: 3.760
[50,    30] loss: 3.698
[50,    40] loss: 3.778
[50,    50] loss: 3.770
[50,    60] loss: 3.741
[50,    70] loss: 3.774
[50,    80] loss: 3.747
[50,    90] loss: 3.795
[50,   100] loss: 3.823
[50,   110] loss: 3.762
[50,   120] loss: 3.754
[50,   130] loss: 3.792
[50] Validation loss: 5.223, Accuracy: 10.14%
Finished Training
Time elapsed: 1982.0694368010002
Saved checkpoint to checkpoints/rotation_classifier.pth
