Dataset is copied to /tmp
CONV4, SMALL CLASSIFIER, DROPOUT+MoreBN
Start Training
use checkpointcheckpoints/rotations_aug/rotations_ep_80
[1,    10] loss: 6.856
[1,    20] loss: 6.781
[1,    30] loss: 6.715
[1,    40] loss: 6.692
[1,    50] loss: 6.604
[1,    60] loss: 6.505
[1,    70] loss: 6.467
[1,    80] loss: 6.432
[1,    90] loss: 6.389
[1,   100] loss: 6.316
[1,   110] loss: 6.252
[1,   120] loss: 6.273
[1,   130] loss: 6.169
[1] Validation loss: 6.146, Accuracy: 2.81%
[2,    10] loss: 5.883
[2,    20] loss: 5.853
[2,    30] loss: 5.873
[2,    40] loss: 5.760
[2,    50] loss: 5.786
[2,    60] loss: 5.818
[2,    70] loss: 5.730
[2,    80] loss: 5.714
[2,    90] loss: 5.758
[2,   100] loss: 5.649
[2,   110] loss: 5.643
[2,   120] loss: 5.656
[2,   130] loss: 5.619
[2] Validation loss: 5.737, Accuracy: 4.91%
[3,    10] loss: 5.390
[3,    20] loss: 5.364
[3,    30] loss: 5.348
[3,    40] loss: 5.340
[3,    50] loss: 5.392
[3,    60] loss: 5.378
[3,    70] loss: 5.340
[3,    80] loss: 5.326
[3,    90] loss: 5.408
[3,   100] loss: 5.358
[3,   110] loss: 5.366
[3,   120] loss: 5.363
[3,   130] loss: 5.318
[3] Validation loss: 5.556, Accuracy: 6.23%
[4,    10] loss: 5.084
[4,    20] loss: 5.056
[4,    30] loss: 5.045
[4,    40] loss: 5.058
[4,    50] loss: 5.108
[4,    60] loss: 5.104
[4,    70] loss: 5.103
[4,    80] loss: 5.171
[4,    90] loss: 5.105
[4,   100] loss: 5.193
[4,   110] loss: 5.073
[4,   120] loss: 5.164
[4,   130] loss: 5.062
[4] Validation loss: 5.446, Accuracy: 7.17%
[5,    10] loss: 4.855
[5,    20] loss: 4.898
[5,    30] loss: 4.843
[5,    40] loss: 4.870
[5,    50] loss: 4.842
[5,    60] loss: 4.911
[5,    70] loss: 4.899
[5,    80] loss: 4.863
[5,    90] loss: 5.012
[5,   100] loss: 4.959
[5,   110] loss: 4.860
[5,   120] loss: 5.010
[5,   130] loss: 4.970
[5] Validation loss: 5.389, Accuracy: 7.68%
[6,    10] loss: 4.631
[6,    20] loss: 4.695
[6,    30] loss: 4.655
[6,    40] loss: 4.710
[6,    50] loss: 4.747
[6,    60] loss: 4.763
[6,    70] loss: 4.731
[6,    80] loss: 4.859
[6,    90] loss: 4.796
[6,   100] loss: 4.701
[6,   110] loss: 4.800
[6,   120] loss: 4.788
[6,   130] loss: 4.754
[6] Validation loss: 5.331, Accuracy: 8.33%
[7,    10] loss: 4.496
[7,    20] loss: 4.523
[7,    30] loss: 4.578
[7,    40] loss: 4.522
[7,    50] loss: 4.605
[7,    60] loss: 4.650
[7,    70] loss: 4.613
[7,    80] loss: 4.591
[7,    90] loss: 4.541
[7,   100] loss: 4.791
[7,   110] loss: 4.631
[7,   120] loss: 4.640
[7,   130] loss: 4.669
[7] Validation loss: 5.318, Accuracy: 8.73%
[8,    10] loss: 4.412
[8,    20] loss: 4.341
[8,    30] loss: 4.373
[8,    40] loss: 4.451
[8,    50] loss: 4.437
[8,    60] loss: 4.467
[8,    70] loss: 4.531
[8,    80] loss: 4.498
[8,    90] loss: 4.456
[8,   100] loss: 4.590
[8,   110] loss: 4.487
[8,   120] loss: 4.524
[8,   130] loss: 4.564
[8] Validation loss: 5.290, Accuracy: 9.03%
[9,    10] loss: 4.260
[9,    20] loss: 4.230
[9,    30] loss: 4.310
[9,    40] loss: 4.301
[9,    50] loss: 4.303
[9,    60] loss: 4.338
[9,    70] loss: 4.361
[9,    80] loss: 4.353
[9,    90] loss: 4.388
[9,   100] loss: 4.419
[9,   110] loss: 4.520
[9,   120] loss: 4.413
[9,   130] loss: 4.415
[9] Validation loss: 5.274, Accuracy: 9.32%
[10,    10] loss: 4.077
[10,    20] loss: 4.136
[10,    30] loss: 4.205
[10,    40] loss: 4.229
[10,    50] loss: 4.225
[10,    60] loss: 4.242
[10,    70] loss: 4.211
[10,    80] loss: 4.267
[10,    90] loss: 4.279
[10,   100] loss: 4.263
[10,   110] loss: 4.299
[10,   120] loss: 4.400
[10,   130] loss: 4.355
[10] Validation loss: 5.276, Accuracy: 9.59%
