Dataset is copied to /tmp
SUPER SLOW SCHEDULE - lots of DO
Start Training
use checkpointcheckpoints/rotations_aug/rotations_ep_80
[1,    10] loss: 6.834
[1,    20] loss: 6.821
[1,    30] loss: 6.800
[1,    40] loss: 6.773
[1,    50] loss: 6.784
[1,    60] loss: 6.712
[1,    70] loss: 6.686
[1,    80] loss: 6.664
[1,    90] loss: 6.644
[1,   100] loss: 6.610
[1,   110] loss: 6.609
[1,   120] loss: 6.596
[1,   130] loss: 6.512
[1] Validation loss: 6.521, Accuracy: 1.72%
[2,    10] loss: 6.368
[2,    20] loss: 6.371
[2,    30] loss: 6.377
[2,    40] loss: 6.329
[2,    50] loss: 6.278
[2,    60] loss: 6.241
[2,    70] loss: 6.211
[2,    80] loss: 6.172
[2,    90] loss: 6.175
[2,   100] loss: 6.140
[2,   110] loss: 6.100
[2,   120] loss: 6.117
[2,   130] loss: 6.086
[2] Validation loss: 6.073, Accuracy: 3.11%
[3,    10] loss: 5.952
[3,    20] loss: 5.898
[3,    30] loss: 5.907
[3,    40] loss: 5.917
[3,    50] loss: 5.882
[3,    60] loss: 5.916
[3,    70] loss: 5.821
[3,    80] loss: 5.800
[3,    90] loss: 5.864
[3,   100] loss: 5.793
[3,   110] loss: 5.832
[3,   120] loss: 5.772
[3,   130] loss: 5.803
[3] Validation loss: 5.826, Accuracy: 4.42%
[4,    10] loss: 5.645
[4,    20] loss: 5.599
[4,    30] loss: 5.637
[4,    40] loss: 5.621
[4,    50] loss: 5.646
[4,    60] loss: 5.683
[4,    70] loss: 5.599
[4,    80] loss: 5.629
[4,    90] loss: 5.661
[4,   100] loss: 5.609
[4,   110] loss: 5.579
[4,   120] loss: 5.606
[4,   130] loss: 5.646
[4] Validation loss: 5.679, Accuracy: 5.42%
[5,    10] loss: 5.437
[5,    20] loss: 5.462
[5,    30] loss: 5.488
[5,    40] loss: 5.448
[5,    50] loss: 5.418
[5,    60] loss: 5.485
[5,    70] loss: 5.508
[5,    80] loss: 5.485
[5,    90] loss: 5.452
[5,   100] loss: 5.467
[5,   110] loss: 5.456
[5,   120] loss: 5.432
[5,   130] loss: 5.416
[5] Validation loss: 5.585, Accuracy: 6.07%
[6,    10] loss: 5.315
[6,    20] loss: 5.309
[6,    30] loss: 5.335
[6,    40] loss: 5.339
[6,    50] loss: 5.353
[6,    60] loss: 5.321
[6,    70] loss: 5.395
[6,    80] loss: 5.350
[6,    90] loss: 5.362
[6,   100] loss: 5.319
[6,   110] loss: 5.344
[6,   120] loss: 5.384
[6,   130] loss: 5.327
[6] Validation loss: 5.522, Accuracy: 6.61%
[7,    10] loss: 5.227
[7,    20] loss: 5.190
[7,    30] loss: 5.193
[7,    40] loss: 5.180
[7,    50] loss: 5.224
[7,    60] loss: 5.281
[7,    70] loss: 5.240
[7,    80] loss: 5.253
[7,    90] loss: 5.258
[7,   100] loss: 5.309
[7,   110] loss: 5.183
[7,   120] loss: 5.255
[7,   130] loss: 5.229
[7] Validation loss: 5.471, Accuracy: 6.97%
[8,    10] loss: 5.057
[8,    20] loss: 5.117
[8,    30] loss: 5.140
[8,    40] loss: 5.141
[8,    50] loss: 5.142
[8,    60] loss: 5.144
[8,    70] loss: 5.138
[8,    80] loss: 5.227
[8,    90] loss: 5.215
[8,   100] loss: 5.130
[8,   110] loss: 5.187
[8,   120] loss: 5.113
[8,   130] loss: 5.196
[8] Validation loss: 5.435, Accuracy: 7.29%
[9,    10] loss: 5.056
[9,    20] loss: 5.064
[9,    30] loss: 5.068
[9,    40] loss: 5.039
[9,    50] loss: 5.064
[9,    60] loss: 5.047
[9,    70] loss: 5.080
[9,    80] loss: 5.087
[9,    90] loss: 5.104
[9,   100] loss: 5.036
[9,   110] loss: 5.110
[9,   120] loss: 5.155
[9,   130] loss: 5.127
[9] Validation loss: 5.404, Accuracy: 7.54%
[10,    10] loss: 4.952
[10,    20] loss: 4.962
[10,    30] loss: 5.023
[10,    40] loss: 5.018
[10,    50] loss: 5.008
[10,    60] loss: 5.002
[10,    70] loss: 4.963
[10,    80] loss: 4.927
[10,    90] loss: 4.992
[10,   100] loss: 5.058
[10,   110] loss: 5.041
[10,   120] loss: 5.056
[10,   130] loss: 4.998
[10] Validation loss: 5.384, Accuracy: 7.84%
[11,    10] loss: 4.876
[11,    20] loss: 4.888
[11,    30] loss: 4.932
[11,    40] loss: 4.944
[11,    50] loss: 4.863
[11,    60] loss: 4.931
[11,    70] loss: 4.904
[11,    80] loss: 4.997
[11,    90] loss: 4.978
[11,   100] loss: 4.970
[11,   110] loss: 4.947
[11,   120] loss: 4.969
[11,   130] loss: 4.981
[11] Validation loss: 5.362, Accuracy: 8.27%
[12,    10] loss: 4.878
[12,    20] loss: 4.801
[12,    30] loss: 4.848
[12,    40] loss: 4.847
[12,    50] loss: 4.917
[12,    60] loss: 4.923
[12,    70] loss: 4.907
[12,    80] loss: 4.937
[12,    90] loss: 4.872
[12,   100] loss: 4.913
[12,   110] loss: 4.908
[12,   120] loss: 4.932
[12,   130] loss: 4.970
[12] Validation loss: 5.343, Accuracy: 8.25%
[13,    10] loss: 4.797
[13,    20] loss: 4.770
[13,    30] loss: 4.748
[13,    40] loss: 4.799
[13,    50] loss: 4.831
[13,    60] loss: 4.872
[13,    70] loss: 4.844
[13,    80] loss: 4.837
[13,    90] loss: 4.901
[13,   100] loss: 4.897
[13,   110] loss: 4.857
[13,   120] loss: 4.844
[13,   130] loss: 4.918
[13] Validation loss: 5.327, Accuracy: 8.49%
[14,    10] loss: 4.720
[14,    20] loss: 4.701
[14,    30] loss: 4.715
[14,    40] loss: 4.773
[14,    50] loss: 4.772
[14,    60] loss: 4.778
[14,    70] loss: 4.801
[14,    80] loss: 4.866
[14,    90] loss: 4.785
[14,   100] loss: 4.823
[14,   110] loss: 4.791
[14,   120] loss: 4.893
[14,   130] loss: 4.815
[14] Validation loss: 5.322, Accuracy: 8.75%
[15,    10] loss: 4.627
[15,    20] loss: 4.680
[15,    30] loss: 4.655
[15,    40] loss: 4.741
[15,    50] loss: 4.714
[15,    60] loss: 4.744
[15,    70] loss: 4.770
[15,    80] loss: 4.730
[15,    90] loss: 4.757
[15,   100] loss: 4.760
[15,   110] loss: 4.752
[15,   120] loss: 4.805
[15,   130] loss: 4.843
[15] Validation loss: 5.312, Accuracy: 8.65%
[16,    10] loss: 4.580
[16,    20] loss: 4.568
[16,    30] loss: 4.622
[16,    40] loss: 4.657
[16,    50] loss: 4.538
[16,    60] loss: 4.713
[16,    70] loss: 4.630
[16,    80] loss: 4.631
[16,    90] loss: 4.685
[16,   100] loss: 4.661
[16,   110] loss: 4.679
[16,   120] loss: 4.677
[16,   130] loss: 4.663
[16] Validation loss: 5.294, Accuracy: 9.04%
[17,    10] loss: 4.567
[17,    20] loss: 4.601
[17,    30] loss: 4.531
[17,    40] loss: 4.618
[17,    50] loss: 4.609
[17,    60] loss: 4.608
[17,    70] loss: 4.670
[17,    80] loss: 4.595
[17,    90] loss: 4.609
[17,   100] loss: 4.623
[17,   110] loss: 4.608
[17,   120] loss: 4.602
[17,   130] loss: 4.604
[17] Validation loss: 5.284, Accuracy: 9.12%
[18,    10] loss: 4.570
[18,    20] loss: 4.544
[18,    30] loss: 4.527
[18,    40] loss: 4.467
[18,    50] loss: 4.504
[18,    60] loss: 4.591
[18,    70] loss: 4.586
[18,    80] loss: 4.643
[18,    90] loss: 4.663
[18,   100] loss: 4.577
[18,   110] loss: 4.643
[18,   120] loss: 4.612
[18,   130] loss: 4.617
[18] Validation loss: 5.281, Accuracy: 9.32%
[19,    10] loss: 4.477
[19,    20] loss: 4.518
[19,    30] loss: 4.498
[19,    40] loss: 4.514
[19,    50] loss: 4.545
[19,    60] loss: 4.582
[19,    70] loss: 4.508
[19,    80] loss: 4.539
[19,    90] loss: 4.600
[19,   100] loss: 4.509
[19,   110] loss: 4.582
[19,   120] loss: 4.594
[19,   130] loss: 4.604
[19] Validation loss: 5.282, Accuracy: 9.40%
[20,    10] loss: 4.465
[20,    20] loss: 4.467
[20,    30] loss: 4.544
[20,    40] loss: 4.517
[20,    50] loss: 4.561
[20,    60] loss: 4.446
[20,    70] loss: 4.512
[20,    80] loss: 4.496
[20,    90] loss: 4.508
[20,   100] loss: 4.565
[20,   110] loss: 4.615
[20,   120] loss: 4.655
[20,   130] loss: 4.483
[20] Validation loss: 5.266, Accuracy: 9.46%
[21,    10] loss: 4.451
[21,    20] loss: 4.480
[21,    30] loss: 4.427
[21,    40] loss: 4.494
[21,    50] loss: 4.424
[21,    60] loss: 4.451
[21,    70] loss: 4.495
[21,    80] loss: 4.497
[21,    90] loss: 4.524
[21,   100] loss: 4.528
[21,   110] loss: 4.476
[21,   120] loss: 4.526
[21,   130] loss: 4.589
[21] Validation loss: 5.271, Accuracy: 9.38%
[22,    10] loss: 4.413
[22,    20] loss: 4.368
[22,    30] loss: 4.440
[22,    40] loss: 4.447
[22,    50] loss: 4.436
[22,    60] loss: 4.461
[22,    70] loss: 4.440
[22,    80] loss: 4.456
[22,    90] loss: 4.478
[22,   100] loss: 4.561
[22,   110] loss: 4.547
[22,   120] loss: 4.460
[22,   130] loss: 4.511
[22] Validation loss: 5.267, Accuracy: 9.39%
[23,    10] loss: 4.400
[23,    20] loss: 4.424
[23,    30] loss: 4.463
[23,    40] loss: 4.448
[23,    50] loss: 4.439
[23,    60] loss: 4.404
[23,    70] loss: 4.468
[23,    80] loss: 4.395
[23,    90] loss: 4.416
[23,   100] loss: 4.466
[23,   110] loss: 4.506
[23,   120] loss: 4.453
[23,   130] loss: 4.444
[23] Validation loss: 5.263, Accuracy: 9.52%
[24,    10] loss: 4.407
[24,    20] loss: 4.362
[24,    30] loss: 4.411
[24,    40] loss: 4.391
[24,    50] loss: 4.372
[24,    60] loss: 4.437
[24,    70] loss: 4.354
[24,    80] loss: 4.431
[24,    90] loss: 4.487
[24,   100] loss: 4.440
[24,   110] loss: 4.460
[24,   120] loss: 4.401
[24,   130] loss: 4.428
[24] Validation loss: 5.253, Accuracy: 9.64%
[25,    10] loss: 4.318
[25,    20] loss: 4.341
[25,    30] loss: 4.418
[25,    40] loss: 4.359
[25,    50] loss: 4.385
[25,    60] loss: 4.387
[25,    70] loss: 4.423
[25,    80] loss: 4.425
[25,    90] loss: 4.453
[25,   100] loss: 4.398
[25,   110] loss: 4.459
[25,   120] loss: 4.439
[25,   130] loss: 4.380
[25] Validation loss: 5.262, Accuracy: 9.55%
[26,    10] loss: 4.360
[26,    20] loss: 4.338
[26,    30] loss: 4.308
[26,    40] loss: 4.285
[26,    50] loss: 4.365
[26,    60] loss: 4.410
[26,    70] loss: 4.397
[26,    80] loss: 4.409
[26,    90] loss: 4.391
[26,   100] loss: 4.418
[26,   110] loss: 4.402
[26,   120] loss: 4.405
[26,   130] loss: 4.404
[26] Validation loss: 5.255, Accuracy: 9.60%
[27,    10] loss: 4.260
[27,    20] loss: 4.391
[27,    30] loss: 4.338
[27,    40] loss: 4.322
[27,    50] loss: 4.416
[27,    60] loss: 4.349
[27,    70] loss: 4.328
[27,    80] loss: 4.456
[27,    90] loss: 4.356
[27,   100] loss: 4.362
[27,   110] loss: 4.327
[27,   120] loss: 4.375
[27,   130] loss: 4.374
[27] Validation loss: 5.249, Accuracy: 9.66%
[28,    10] loss: 4.297
[28,    20] loss: 4.256
[28,    30] loss: 4.286
[28,    40] loss: 4.341
[28,    50] loss: 4.344
[28,    60] loss: 4.327
[28,    70] loss: 4.300
[28,    80] loss: 4.322
[28,    90] loss: 4.358
[28,   100] loss: 4.359
[28,   110] loss: 4.326
[28,   120] loss: 4.389
[28,   130] loss: 4.388
[28] Validation loss: 5.257, Accuracy: 9.59%
[29,    10] loss: 4.332
[29,    20] loss: 4.264
[29,    30] loss: 4.239
[29,    40] loss: 4.317
[29,    50] loss: 4.315
[29,    60] loss: 4.277
[29,    70] loss: 4.319
[29,    80] loss: 4.360
[29,    90] loss: 4.313
[29,   100] loss: 4.384
[29,   110] loss: 4.336
[29,   120] loss: 4.342
[29,   130] loss: 4.289
[29] Validation loss: 5.254, Accuracy: 9.75%
[30,    10] loss: 4.260
[30,    20] loss: 4.201
[30,    30] loss: 4.280
[30,    40] loss: 4.334
[30,    50] loss: 4.299
[30,    60] loss: 4.281
[30,    70] loss: 4.277
[30,    80] loss: 4.301
[30,    90] loss: 4.340
[30,   100] loss: 4.337
[30,   110] loss: 4.338
[30,   120] loss: 4.239
[30,   130] loss: 4.331
[30] Validation loss: 5.253, Accuracy: 9.80%
[31,    10] loss: 4.150
[31,    20] loss: 4.216
[31,    30] loss: 4.254
[31,    40] loss: 4.276
[31,    50] loss: 4.227
[31,    60] loss: 4.275
[31,    70] loss: 4.276
[31,    80] loss: 4.262
[31,    90] loss: 4.228
[31,   100] loss: 4.267
[31,   110] loss: 4.248
[31,   120] loss: 4.256
[31,   130] loss: 4.226
[31] Validation loss: 5.243, Accuracy: 9.91%
[32,    10] loss: 4.234
[32,    20] loss: 4.184
[32,    30] loss: 4.191
[32,    40] loss: 4.275
[32,    50] loss: 4.258
[32,    60] loss: 4.254
[32,    70] loss: 4.202
[32,    80] loss: 4.226
[32,    90] loss: 4.200
[32,   100] loss: 4.224
[32,   110] loss: 4.254
[32,   120] loss: 4.261
[32,   130] loss: 4.258
[32] Validation loss: 5.246, Accuracy: 9.88%
[33,    10] loss: 4.186
[33,    20] loss: 4.209
[33,    30] loss: 4.177
[33,    40] loss: 4.217
[33,    50] loss: 4.222
[33,    60] loss: 4.102
[33,    70] loss: 4.246
[33,    80] loss: 4.261
[33,    90] loss: 4.249
[33,   100] loss: 4.241
[33,   110] loss: 4.197
[33,   120] loss: 4.297
[33,   130] loss: 4.225
[33] Validation loss: 5.246, Accuracy: 9.89%
[34,    10] loss: 4.178
[34,    20] loss: 4.087
[34,    30] loss: 4.195
[34,    40] loss: 4.198
[34,    50] loss: 4.170
[34,    60] loss: 4.249
[34,    70] loss: 4.214
[34,    80] loss: 4.221
[34,    90] loss: 4.147
[34,   100] loss: 4.295
[34,   110] loss: 4.220
[34,   120] loss: 4.194
[34,   130] loss: 4.277
[34] Validation loss: 5.243, Accuracy: 9.98%
[35,    10] loss: 4.156
[35,    20] loss: 4.175
[35,    30] loss: 4.199
[35,    40] loss: 4.142
[35,    50] loss: 4.150
[35,    60] loss: 4.199
[35,    70] loss: 4.200
[35,    80] loss: 4.209
[35,    90] loss: 4.237
[35,   100] loss: 4.147
[35,   110] loss: 4.211
[35,   120] loss: 4.205
[35,   130] loss: 4.292
[35] Validation loss: 5.252, Accuracy: 10.00%
[36,    10] loss: 4.137
[36,    20] loss: 4.084
[36,    30] loss: 4.167
[36,    40] loss: 4.168
[36,    50] loss: 4.134
[36,    60] loss: 4.144
[36,    70] loss: 4.178
[36,    80] loss: 4.276
[36,    90] loss: 4.137
[36,   100] loss: 4.142
[36,   110] loss: 4.180
[36,   120] loss: 4.245
[36,   130] loss: 4.211
[36] Validation loss: 5.245, Accuracy: 10.00%
[37,    10] loss: 4.101
[37,    20] loss: 4.137
[37,    30] loss: 4.130
[37,    40] loss: 4.085
[37,    50] loss: 4.190
[37,    60] loss: 4.137
[37,    70] loss: 4.177
[37,    80] loss: 4.149
[37,    90] loss: 4.243
[37,   100] loss: 4.149
[37,   110] loss: 4.189
[37,   120] loss: 4.252
[37,   130] loss: 4.185
[37] Validation loss: 5.249, Accuracy: 9.99%
[38,    10] loss: 4.110
[38,    20] loss: 4.185
[38,    30] loss: 4.153
[38,    40] loss: 4.181
[38,    50] loss: 4.154
[38,    60] loss: 4.162
[38,    70] loss: 4.169
[38,    80] loss: 4.194
[38,    90] loss: 4.134
[38,   100] loss: 4.206
[38,   110] loss: 4.164
[38,   120] loss: 4.177
[38,   130] loss: 4.134
[38] Validation loss: 5.242, Accuracy: 9.96%
[39,    10] loss: 4.067
[39,    20] loss: 4.123
[39,    30] loss: 4.147
[39,    40] loss: 4.153
[39,    50] loss: 4.110
[39,    60] loss: 4.134
[39,    70] loss: 4.174
[39,    80] loss: 4.127
[39,    90] loss: 4.133
[39,   100] loss: 4.104
[39,   110] loss: 4.199
[39,   120] loss: 4.251
[39,   130] loss: 4.220
[39] Validation loss: 5.245, Accuracy: 10.06%
[40,    10] loss: 4.132
[40,    20] loss: 4.131
[40,    30] loss: 4.140
[40,    40] loss: 4.106
[40,    50] loss: 4.098
[40,    60] loss: 4.084
[40,    70] loss: 4.141
[40,    80] loss: 4.106
[40,    90] loss: 4.139
[40,   100] loss: 4.152
[40,   110] loss: 4.164
[40,   120] loss: 4.137
[40,   130] loss: 4.174
[40] Validation loss: 5.254, Accuracy: 10.02%
[41,    10] loss: 4.074
[41,    20] loss: 4.106
[41,    30] loss: 4.112
[41,    40] loss: 4.103
[41,    50] loss: 4.112
[41,    60] loss: 4.166
[41,    70] loss: 4.102
[41,    80] loss: 4.139
[41,    90] loss: 4.104
[41,   100] loss: 4.217
[41,   110] loss: 4.146
[41,   120] loss: 4.161
[41,   130] loss: 4.144
[41] Validation loss: 5.249, Accuracy: 10.03%
[42,    10] loss: 4.188
[42,    20] loss: 4.102
[42,    30] loss: 4.109
[42,    40] loss: 4.061
[42,    50] loss: 4.102
[42,    60] loss: 4.055
[42,    70] loss: 4.110
[42,    80] loss: 4.117
[42,    90] loss: 4.109
[42,   100] loss: 4.104
[42,   110] loss: 4.142
[42,   120] loss: 4.188
[42,   130] loss: 4.065
[42] Validation loss: 5.249, Accuracy: 10.09%
[43,    10] loss: 4.050
[43,    20] loss: 4.059
[43,    30] loss: 4.142
[43,    40] loss: 4.110
[43,    50] loss: 4.054
[43,    60] loss: 4.117
[43,    70] loss: 4.125
[43,    80] loss: 4.170
[43,    90] loss: 4.089
[43,   100] loss: 4.105
[43,   110] loss: 4.103
[43,   120] loss: 4.146
[43,   130] loss: 4.147
[43] Validation loss: 5.247, Accuracy: 10.19%
[44,    10] loss: 4.088
[44,    20] loss: 4.084
[44,    30] loss: 4.014
[44,    40] loss: 4.022
[44,    50] loss: 4.039
[44,    60] loss: 4.072
[44,    70] loss: 4.042
[44,    80] loss: 4.053
[44,    90] loss: 4.102
[44,   100] loss: 4.103
[44,   110] loss: 4.101
[44,   120] loss: 4.171
[44,   130] loss: 4.120
[44] Validation loss: 5.242, Accuracy: 10.24%
[45,    10] loss: 3.992
[45,    20] loss: 4.048
[45,    30] loss: 4.052
[45,    40] loss: 4.063
[45,    50] loss: 4.108
[45,    60] loss: 4.073
[45,    70] loss: 4.075
[45,    80] loss: 4.083
[45,    90] loss: 4.114
[45,   100] loss: 4.083
[45,   110] loss: 4.045
[45,   120] loss: 4.128
[45,   130] loss: 4.120
[45] Validation loss: 5.257, Accuracy: 10.11%
[46,    10] loss: 3.979
[46,    20] loss: 3.963
[46,    30] loss: 4.072
[46,    40] loss: 4.038
[46,    50] loss: 4.078
[46,    60] loss: 4.019
[46,    70] loss: 4.083
[46,    80] loss: 4.032
[46,    90] loss: 4.016
[46,   100] loss: 4.094
[46,   110] loss: 4.096
[46,   120] loss: 4.046
[46,   130] loss: 4.118
[46] Validation loss: 5.253, Accuracy: 10.14%
[47,    10] loss: 4.060
[47,    20] loss: 4.083
[47,    30] loss: 4.000
[47,    40] loss: 4.003
[47,    50] loss: 4.055
[47,    60] loss: 4.014
[47,    70] loss: 4.058
[47,    80] loss: 4.007
[47,    90] loss: 4.089
[47,   100] loss: 4.073
[47,   110] loss: 4.029
[47,   120] loss: 4.120
[47,   130] loss: 4.078
[47] Validation loss: 5.247, Accuracy: 10.09%
[48,    10] loss: 3.989
[48,    20] loss: 4.003
[48,    30] loss: 4.088
[48,    40] loss: 4.037
[48,    50] loss: 4.093
[48,    60] loss: 4.052
[48,    70] loss: 4.032
[48,    80] loss: 4.002
[48,    90] loss: 4.026
[48,   100] loss: 4.078
[48,   110] loss: 4.042
[48,   120] loss: 4.054
[48,   130] loss: 4.045
[48] Validation loss: 5.247, Accuracy: 10.15%
[49,    10] loss: 4.050
[49,    20] loss: 4.042
[49,    30] loss: 4.001
[49,    40] loss: 4.009
[49,    50] loss: 4.029
[49,    60] loss: 4.075
[49,    70] loss: 4.024
[49,    80] loss: 4.055
[49,    90] loss: 4.049
[49,   100] loss: 4.018
[49,   110] loss: 4.055
[49,   120] loss: 4.054
[49,   130] loss: 3.995
[49] Validation loss: 5.250, Accuracy: 10.05%
[50,    10] loss: 4.008
[50,    20] loss: 4.017
[50,    30] loss: 3.978
[50,    40] loss: 4.065
[50,    50] loss: 4.057
[50,    60] loss: 4.036
[50,    70] loss: 4.009
[50,    80] loss: 4.033
[50,    90] loss: 4.130
[50,   100] loss: 4.019
[50,   110] loss: 4.034
[50,   120] loss: 4.075
[50,   130] loss: 4.077
[50] Validation loss: 5.249, Accuracy: 10.18%
Finished Training
Time elapsed: 2097.756458896
Saved checkpoint to checkpoints/rotation_classifier.pth
