Dataset is copied to /tmp
CONV4, SMALL CLASSIFIER, DROPOUT+MoreBN
Start Training
use checkpointcheckpoints/rotations_aug/rotations_ep_80
[1,    10] loss: 6.789
[1,    20] loss: 6.694
[1,    30] loss: 6.563
[1,    40] loss: 6.444
[1,    50] loss: 6.361
[1,    60] loss: 6.280
[1,    70] loss: 6.155
[1,    80] loss: 6.109
[1,    90] loss: 6.061
[1,   100] loss: 6.010
[1,   110] loss: 6.025
[1,   120] loss: 5.941
[1,   130] loss: 5.894
[1] Validation loss: 5.904, Accuracy: 3.83%
[2,    10] loss: 5.529
[2,    20] loss: 5.472
[2,    30] loss: 5.526
[2,    40] loss: 5.457
[2,    50] loss: 5.451
[2,    60] loss: 5.468
[2,    70] loss: 5.498
[2,    80] loss: 5.515
[2,    90] loss: 5.503
[2,   100] loss: 5.567
[2,   110] loss: 5.502
[2,   120] loss: 5.506
[2,   130] loss: 5.519
[2] Validation loss: 5.633, Accuracy: 5.75%
[3,    10] loss: 4.935
[3,    20] loss: 4.999
[3,    30] loss: 5.044
[3,    40] loss: 5.152
[3,    50] loss: 5.132
[3,    60] loss: 5.195
[3,    70] loss: 5.249
[3,    80] loss: 5.169
[3,    90] loss: 5.244
[3,   100] loss: 5.256
[3,   110] loss: 5.205
[3,   120] loss: 5.230
[3,   130] loss: 5.259
[3] Validation loss: 5.533, Accuracy: 6.45%
[4,    10] loss: 4.691
[4,    20] loss: 4.780
[4,    30] loss: 4.880
[4,    40] loss: 4.925
[4,    50] loss: 4.889
[4,    60] loss: 4.949
[4,    70] loss: 4.936
[4,    80] loss: 4.919
[4,    90] loss: 4.988
[4,   100] loss: 5.021
[4,   110] loss: 5.015
[4,   120] loss: 5.034
[4,   130] loss: 5.015
[4] Validation loss: 5.489, Accuracy: 7.25%
[5,    10] loss: 4.451
[5,    20] loss: 4.523
[5,    30] loss: 4.591
[5,    40] loss: 4.629
[5,    50] loss: 4.725
[5,    60] loss: 4.797
[5,    70] loss: 4.805
[5,    80] loss: 4.735
[5,    90] loss: 4.782
[5,   100] loss: 4.816
[5,   110] loss: 4.896
[5,   120] loss: 4.812
[5,   130] loss: 4.848
[5] Validation loss: 5.437, Accuracy: 7.58%
[6,    10] loss: 4.331
[6,    20] loss: 4.409
[6,    30] loss: 4.471
[6,    40] loss: 4.524
[6,    50] loss: 4.438
[6,    60] loss: 4.555
[6,    70] loss: 4.548
[6,    80] loss: 4.588
[6,    90] loss: 4.635
[6,   100] loss: 4.676
[6,   110] loss: 4.635
[6,   120] loss: 4.769
[6,   130] loss: 4.697
[6] Validation loss: 5.425, Accuracy: 7.80%
[7,    10] loss: 4.160
[7,    20] loss: 4.200
[7,    30] loss: 4.259
[7,    40] loss: 4.273
[7,    50] loss: 4.378
[7,    60] loss: 4.380
[7,    70] loss: 4.460
[7,    80] loss: 4.508
[7,    90] loss: 4.517
[7,   100] loss: 4.520
[7,   110] loss: 4.550
[7,   120] loss: 4.580
[7,   130] loss: 4.608
[7] Validation loss: 5.428, Accuracy: 8.04%
[8,    10] loss: 3.974
[8,    20] loss: 4.128
[8,    30] loss: 4.080
[8,    40] loss: 4.207
[8,    50] loss: 4.160
[8,    60] loss: 4.252
[8,    70] loss: 4.282
[8,    80] loss: 4.334
[8,    90] loss: 4.334
[8,   100] loss: 4.348
[8,   110] loss: 4.424
[8,   120] loss: 4.434
[8,   130] loss: 4.531
[8] Validation loss: 5.439, Accuracy: 8.39%
[9,    10] loss: 3.891
[9,    20] loss: 3.866
[9,    30] loss: 3.984
[9,    40] loss: 4.058
[9,    50] loss: 4.044
[9,    60] loss: 4.170
[9,    70] loss: 4.176
[9,    80] loss: 4.197
[9,    90] loss: 4.199
[9,   100] loss: 4.246
[9,   110] loss: 4.332
[9,   120] loss: 4.277
[9,   130] loss: 4.323
[9] Validation loss: 5.446, Accuracy: 8.48%
[10,    10] loss: 3.713
[10,    20] loss: 3.783
[10,    30] loss: 3.848
[10,    40] loss: 3.807
[10,    50] loss: 3.928
[10,    60] loss: 4.026
[10,    70] loss: 4.037
[10,    80] loss: 4.056
[10,    90] loss: 4.074
[10,   100] loss: 4.131
[10,   110] loss: 4.205
[10,   120] loss: 4.159
[10,   130] loss: 4.223
[10] Validation loss: 5.477, Accuracy: 8.42%
[11,    10] loss: 3.560
[11,    20] loss: 3.601
[11,    30] loss: 3.648
[11,    40] loss: 3.705
[11,    50] loss: 3.796
[11,    60] loss: 3.857
[11,    70] loss: 3.894
[11,    80] loss: 3.938
[11,    90] loss: 3.915
[11,   100] loss: 4.044
[11,   110] loss: 4.121
[11,   120] loss: 4.061
[11,   130] loss: 4.086
[11] Validation loss: 5.488, Accuracy: 8.59%
[12,    10] loss: 3.393
[12,    20] loss: 3.552
[12,    30] loss: 3.549
[12,    40] loss: 3.657
[12,    50] loss: 3.655
[12,    60] loss: 3.790
[12,    70] loss: 3.730
[12,    80] loss: 3.815
[12,    90] loss: 3.846
[12,   100] loss: 3.866
[12,   110] loss: 3.937
[12,   120] loss: 3.904
[12,   130] loss: 4.016
[12] Validation loss: 5.529, Accuracy: 8.68%
[13,    10] loss: 3.347
[13,    20] loss: 3.353
[13,    30] loss: 3.478
[13,    40] loss: 3.535
[13,    50] loss: 3.629
[13,    60] loss: 3.665
[13,    70] loss: 3.615
[13,    80] loss: 3.686
[13,    90] loss: 3.732
[13,   100] loss: 3.810
[13,   110] loss: 3.767
[13,   120] loss: 3.814
[13,   130] loss: 3.886
[13] Validation loss: 5.570, Accuracy: 8.55%
[14,    10] loss: 3.174
[14,    20] loss: 3.326
[14,    30] loss: 3.356
[14,    40] loss: 3.379
[14,    50] loss: 3.408
[14,    60] loss: 3.499
[14,    70] loss: 3.589
[14,    80] loss: 3.578
[14,    90] loss: 3.571
[14,   100] loss: 3.698
[14,   110] loss: 3.723
[14,   120] loss: 3.718
[14,   130] loss: 3.746
[14] Validation loss: 5.619, Accuracy: 8.45%
[15,    10] loss: 3.175
[15,    20] loss: 3.117
[15,    30] loss: 3.239
[15,    40] loss: 3.296
[15,    50] loss: 3.305
[15,    60] loss: 3.370
[15,    70] loss: 3.397
[15,    80] loss: 3.450
[15,    90] loss: 3.509
[15,   100] loss: 3.559
[15,   110] loss: 3.539
[15,   120] loss: 3.645
[15,   130] loss: 3.562
[15] Validation loss: 5.666, Accuracy: 8.40%
[16,    10] loss: 2.971
[16,    20] loss: 2.980
[16,    30] loss: 3.160
[16,    40] loss: 3.115
[16,    50] loss: 3.214
[16,    60] loss: 3.222
[16,    70] loss: 3.299
[16,    80] loss: 3.337
[16,    90] loss: 3.389
[16,   100] loss: 3.416
[16,   110] loss: 3.501
[16,   120] loss: 3.510
[16,   130] loss: 3.547
[16] Validation loss: 5.713, Accuracy: 8.57%
[17,    10] loss: 2.831
[17,    20] loss: 2.904
[17,    30] loss: 3.015
[17,    40] loss: 3.090
[17,    50] loss: 3.147
[17,    60] loss: 3.210
[17,    70] loss: 3.227
[17,    80] loss: 3.250
[17,    90] loss: 3.299
[17,   100] loss: 3.378
[17,   110] loss: 3.318
[17,   120] loss: 3.331
[17,   130] loss: 3.460
[17] Validation loss: 5.742, Accuracy: 8.39%
[18,    10] loss: 2.756
[18,    20] loss: 2.864
[18,    30] loss: 2.955
[18,    40] loss: 2.943
[18,    50] loss: 3.012
[18,    60] loss: 3.086
[18,    70] loss: 3.101
[18,    80] loss: 3.074
[18,    90] loss: 3.246
[18,   100] loss: 3.227
[18,   110] loss: 3.322
[18,   120] loss: 3.386
[18,   130] loss: 3.285
[18] Validation loss: 5.786, Accuracy: 8.26%
[19,    10] loss: 2.664
[19,    20] loss: 2.734
[19,    30] loss: 2.795
[19,    40] loss: 2.875
[19,    50] loss: 2.878
[19,    60] loss: 2.878
[19,    70] loss: 3.088
[19,    80] loss: 3.075
[19,    90] loss: 3.064
[19,   100] loss: 3.151
[19,   110] loss: 3.165
[19,   120] loss: 3.186
[19,   130] loss: 3.211
[19] Validation loss: 5.856, Accuracy: 8.29%
