Dataset is copied to /tmp
SUPER SLOW SCHEDULE
Start Training
use checkpointcheckpoints/rotations_aug/rotations_ep_80
[1,    10] loss: 6.857
[1,    20] loss: 6.783
[1,    30] loss: 6.735
[1,    40] loss: 6.653
[1,    50] loss: 6.593
[1,    60] loss: 6.550
[1,    70] loss: 6.501
[1,    80] loss: 6.455
[1,    90] loss: 6.398
[1,   100] loss: 6.324
[1,   110] loss: 6.296
[1,   120] loss: 6.220
[1,   130] loss: 6.171
[1] Validation loss: 6.158, Accuracy: 2.79%
[2,    10] loss: 5.869
[2,    20] loss: 5.856
[2,    30] loss: 5.820
[2,    40] loss: 5.870
[2,    50] loss: 5.746
[2,    60] loss: 5.763
[2,    70] loss: 5.749
[2,    80] loss: 5.687
[2,    90] loss: 5.661
[2,   100] loss: 5.726
[2,   110] loss: 5.675
[2,   120] loss: 5.693
[2,   130] loss: 5.632
[2] Validation loss: 5.741, Accuracy: 4.96%
[3,    10] loss: 5.357
[3,    20] loss: 5.363
[3,    30] loss: 5.369
[3,    40] loss: 5.344
[3,    50] loss: 5.354
[3,    60] loss: 5.351
[3,    70] loss: 5.344
[3,    80] loss: 5.402
[3,    90] loss: 5.344
[3,   100] loss: 5.336
[3,   110] loss: 5.365
[3,   120] loss: 5.325
[3,   130] loss: 5.316
[3] Validation loss: 5.554, Accuracy: 6.20%
[4,    10] loss: 5.105
[4,    20] loss: 5.044
[4,    30] loss: 5.104
[4,    40] loss: 5.062
[4,    50] loss: 5.110
[4,    60] loss: 5.097
[4,    70] loss: 5.112
[4,    80] loss: 5.110
[4,    90] loss: 5.099
[4,   100] loss: 5.082
[4,   110] loss: 5.104
[4,   120] loss: 5.137
[4,   130] loss: 5.156
[4] Validation loss: 5.450, Accuracy: 7.23%
[5,    10] loss: 4.813
[5,    20] loss: 4.881
[5,    30] loss: 4.939
[5,    40] loss: 4.891
[5,    50] loss: 4.907
[5,    60] loss: 4.859
[5,    70] loss: 4.927
[5,    80] loss: 4.901
[5,    90] loss: 4.902
[5,   100] loss: 4.983
[5,   110] loss: 4.930
[5,   120] loss: 4.897
[5,   130] loss: 4.936
[5] Validation loss: 5.379, Accuracy: 7.92%
[6,    10] loss: 4.687
[6,    20] loss: 4.737
[6,    30] loss: 4.715
[6,    40] loss: 4.671
[6,    50] loss: 4.755
[6,    60] loss: 4.737
[6,    70] loss: 4.722
[6,    80] loss: 4.704
[6,    90] loss: 4.806
[6,   100] loss: 4.746
[6,   110] loss: 4.780
[6,   120] loss: 4.826
[6,   130] loss: 4.749
[6] Validation loss: 5.329, Accuracy: 8.55%
[7,    10] loss: 4.519
[7,    20] loss: 4.535
[7,    30] loss: 4.470
[7,    40] loss: 4.623
[7,    50] loss: 4.587
[7,    60] loss: 4.634
[7,    70] loss: 4.596
[7,    80] loss: 4.600
[7,    90] loss: 4.636
[7,   100] loss: 4.599
[7,   110] loss: 4.643
[7,   120] loss: 4.621
[7,   130] loss: 4.607
[7] Validation loss: 5.304, Accuracy: 8.82%
[8,    10] loss: 4.390
[8,    20] loss: 4.315
[8,    30] loss: 4.417
[8,    40] loss: 4.402
[8,    50] loss: 4.435
[8,    60] loss: 4.516
[8,    70] loss: 4.463
[8,    80] loss: 4.473
[8,    90] loss: 4.451
[8,   100] loss: 4.513
[8,   110] loss: 4.522
[8,   120] loss: 4.498
[8,   130] loss: 4.629
[8] Validation loss: 5.284, Accuracy: 9.23%
[9,    10] loss: 4.183
[9,    20] loss: 4.229
[9,    30] loss: 4.348
[9,    40] loss: 4.270
[9,    50] loss: 4.281
[9,    60] loss: 4.379
[9,    70] loss: 4.365
[9,    80] loss: 4.359
[9,    90] loss: 4.418
[9,   100] loss: 4.378
[9,   110] loss: 4.373
[9,   120] loss: 4.417
[9,   130] loss: 4.480
[9] Validation loss: 5.284, Accuracy: 9.34%
[10,    10] loss: 4.138
[10,    20] loss: 4.144
[10,    30] loss: 4.177
[10,    40] loss: 4.240
[10,    50] loss: 4.168
[10,    60] loss: 4.295
[10,    70] loss: 4.220
[10,    80] loss: 4.280
[10,    90] loss: 4.212
[10,   100] loss: 4.309
[10,   110] loss: 4.300
[10,   120] loss: 4.352
[10,   130] loss: 4.326
[10] Validation loss: 5.261, Accuracy: 9.61%
[11,    10] loss: 3.947
[11,    20] loss: 3.987
[11,    30] loss: 4.139
[11,    40] loss: 4.046
[11,    50] loss: 4.132
[11,    60] loss: 4.135
[11,    70] loss: 4.185
[11,    80] loss: 4.155
[11,    90] loss: 4.211
[11,   100] loss: 4.239
[11,   110] loss: 4.208
[11,   120] loss: 4.212
[11,   130] loss: 4.275
[11] Validation loss: 5.267, Accuracy: 9.64%
[12,    10] loss: 3.883
[12,    20] loss: 3.960
[12,    30] loss: 3.970
[12,    40] loss: 4.038
[12,    50] loss: 4.057
[12,    60] loss: 3.990
[12,    70] loss: 4.051
[12,    80] loss: 4.089
[12,    90] loss: 4.112
[12,   100] loss: 4.105
[12,   110] loss: 4.119
[12,   120] loss: 4.132
[12,   130] loss: 4.158
[12] Validation loss: 5.261, Accuracy: 9.76%
[13,    10] loss: 3.789
[13,    20] loss: 3.898
[13,    30] loss: 3.887
[13,    40] loss: 3.877
[13,    50] loss: 3.882
[13,    60] loss: 3.997
[13,    70] loss: 3.949
[13,    80] loss: 4.012
[13,    90] loss: 3.990
[13,   100] loss: 3.986
[13,   110] loss: 4.061
[13,   120] loss: 4.060
[13,   130] loss: 4.069
[13] Validation loss: 5.271, Accuracy: 9.94%
[14,    10] loss: 3.747
[14,    20] loss: 3.771
[14,    30] loss: 3.806
[14,    40] loss: 3.816
[14,    50] loss: 3.800
[14,    60] loss: 3.834
[14,    70] loss: 3.854
[14,    80] loss: 3.946
[14,    90] loss: 3.938
[14,   100] loss: 3.972
[14,   110] loss: 3.953
[14,   120] loss: 3.917
[14,   130] loss: 3.997
[14] Validation loss: 5.281, Accuracy: 9.89%
[15,    10] loss: 3.661
[15,    20] loss: 3.653
[15,    30] loss: 3.638
[15,    40] loss: 3.703
[15,    50] loss: 3.690
[15,    60] loss: 3.802
[15,    70] loss: 3.802
[15,    80] loss: 3.840
[15,    90] loss: 3.887
[15,   100] loss: 3.845
[15,   110] loss: 3.939
[15,   120] loss: 3.942
[15,   130] loss: 3.933
[15] Validation loss: 5.284, Accuracy: 10.04%
[16,    10] loss: 3.516
[16,    20] loss: 3.545
[16,    30] loss: 3.582
[16,    40] loss: 3.612
[16,    50] loss: 3.493
[16,    60] loss: 3.635
[16,    70] loss: 3.632
[16,    80] loss: 3.566
[16,    90] loss: 3.672
[16,   100] loss: 3.689
[16,   110] loss: 3.605
[16,   120] loss: 3.633
[16,   130] loss: 3.628
[16] Validation loss: 5.259, Accuracy: 10.43%
[17,    10] loss: 3.439
[17,    20] loss: 3.448
[17,    30] loss: 3.472
[17,    40] loss: 3.559
[17,    50] loss: 3.484
[17,    60] loss: 3.550
[17,    70] loss: 3.590
[17,    80] loss: 3.498
[17,    90] loss: 3.579
[17,   100] loss: 3.559
[17,   110] loss: 3.618
[17,   120] loss: 3.624
[17,   130] loss: 3.640
[17] Validation loss: 5.272, Accuracy: 10.32%
[18,    10] loss: 3.423
[18,    20] loss: 3.408
[18,    30] loss: 3.488
[18,    40] loss: 3.483
[18,    50] loss: 3.477
[18,    60] loss: 3.446
[18,    70] loss: 3.485
[18,    80] loss: 3.453
[18,    90] loss: 3.511
[18,   100] loss: 3.430
[18,   110] loss: 3.514
[18,   120] loss: 3.595
[18,   130] loss: 3.553
[18] Validation loss: 5.271, Accuracy: 10.36%
[19,    10] loss: 3.305
[19,    20] loss: 3.370
[19,    30] loss: 3.418
[19,    40] loss: 3.470
[19,    50] loss: 3.411
[19,    60] loss: 3.373
[19,    70] loss: 3.455
[19,    80] loss: 3.418
[19,    90] loss: 3.494
[19,   100] loss: 3.475
[19,   110] loss: 3.510
[19,   120] loss: 3.523
[19,   130] loss: 3.500
[19] Validation loss: 5.277, Accuracy: 10.50%
[20,    10] loss: 3.399
[20,    20] loss: 3.268
[20,    30] loss: 3.290
[20,    40] loss: 3.341
[20,    50] loss: 3.328
[20,    60] loss: 3.373
[20,    70] loss: 3.325
[20,    80] loss: 3.446
[20,    90] loss: 3.359
[20,   100] loss: 3.397
[20,   110] loss: 3.447
[20,   120] loss: 3.496
[20,   130] loss: 3.410
[20] Validation loss: 5.281, Accuracy: 10.38%
[21,    10] loss: 3.257
[21,    20] loss: 3.292
[21,    30] loss: 3.246
[21,    40] loss: 3.228
[21,    50] loss: 3.354
[21,    60] loss: 3.326
[21,    70] loss: 3.337
[21,    80] loss: 3.400
[21,    90] loss: 3.408
[21,   100] loss: 3.420
[21,   110] loss: 3.367
[21,   120] loss: 3.382
[21,   130] loss: 3.351
[21] Validation loss: 5.281, Accuracy: 10.39%
[22,    10] loss: 3.175
[22,    20] loss: 3.258
[22,    30] loss: 3.265
[22,    40] loss: 3.244
[22,    50] loss: 3.280
[22,    60] loss: 3.265
[22,    70] loss: 3.321
[22,    80] loss: 3.271
[22,    90] loss: 3.322
[22,   100] loss: 3.319
[22,   110] loss: 3.283
[22,   120] loss: 3.408
[22,   130] loss: 3.286
[22] Validation loss: 5.290, Accuracy: 10.60%
[23,    10] loss: 3.192
[23,    20] loss: 3.265
[23,    30] loss: 3.143
[23,    40] loss: 3.196
[23,    50] loss: 3.254
[23,    60] loss: 3.196
[23,    70] loss: 3.253
[23,    80] loss: 3.345
[23,    90] loss: 3.278
[23,   100] loss: 3.307
[23,   110] loss: 3.249
[23,   120] loss: 3.290
[23,   130] loss: 3.412
[23] Validation loss: 5.302, Accuracy: 10.34%
[24,    10] loss: 3.187
[24,    20] loss: 3.079
[24,    30] loss: 3.125
[24,    40] loss: 3.111
[24,    50] loss: 3.181
[24,    60] loss: 3.185
[24,    70] loss: 3.245
[24,    80] loss: 3.214
[24,    90] loss: 3.249
[24,   100] loss: 3.178
[24,   110] loss: 3.281
[24,   120] loss: 3.177
[24,   130] loss: 3.268
[24] Validation loss: 5.310, Accuracy: 10.48%
[25,    10] loss: 2.979
[25,    20] loss: 3.140
[25,    30] loss: 3.076
[25,    40] loss: 3.123
[25,    50] loss: 3.187
[25,    60] loss: 3.131
[25,    70] loss: 3.050
[25,    80] loss: 3.193
[25,    90] loss: 3.186
[25,   100] loss: 3.220
[25,   110] loss: 3.235
[25,   120] loss: 3.202
[25,   130] loss: 3.227
[25] Validation loss: 5.314, Accuracy: 10.56%
[26,    10] loss: 3.003
[26,    20] loss: 3.054
[26,    30] loss: 3.083
[26,    40] loss: 3.103
[26,    50] loss: 3.099
[26,    60] loss: 3.127
[26,    70] loss: 3.157
[26,    80] loss: 3.135
[26,    90] loss: 3.119
[26,   100] loss: 3.133
[26,   110] loss: 3.131
[26,   120] loss: 3.210
[26,   130] loss: 3.262
[26] Validation loss: 5.320, Accuracy: 10.51%
[27,    10] loss: 3.019
[27,    20] loss: 3.017
[27,    30] loss: 3.000
[27,    40] loss: 3.018
[27,    50] loss: 2.999
[27,    60] loss: 3.075
[27,    70] loss: 3.144
[27,    80] loss: 3.086
[27,    90] loss: 3.088
[27,   100] loss: 3.096
[27,   110] loss: 3.125
[27,   120] loss: 3.120
[27,   130] loss: 3.146
[27] Validation loss: 5.316, Accuracy: 10.67%
[28,    10] loss: 2.907
[28,    20] loss: 2.991
[28,    30] loss: 2.953
[28,    40] loss: 2.927
[28,    50] loss: 2.995
[28,    60] loss: 3.032
[28,    70] loss: 3.046
[28,    80] loss: 3.018
[28,    90] loss: 3.072
[28,   100] loss: 3.123
[28,   110] loss: 2.972
[28,   120] loss: 3.157
[28,   130] loss: 3.112
[28] Validation loss: 5.330, Accuracy: 10.60%
[29,    10] loss: 2.925
[29,    20] loss: 2.907
[29,    30] loss: 2.908
[29,    40] loss: 2.919
[29,    50] loss: 2.990
[29,    60] loss: 2.946
[29,    70] loss: 3.059
[29,    80] loss: 3.032
[29,    90] loss: 2.979
[29,   100] loss: 3.056
[29,   110] loss: 3.046
[29,   120] loss: 3.097
[29,   130] loss: 3.039
[29] Validation loss: 5.337, Accuracy: 10.53%
[30,    10] loss: 2.844
[30,    20] loss: 2.923
[30,    30] loss: 2.890
[30,    40] loss: 2.945
[30,    50] loss: 2.910
[30,    60] loss: 2.980
[30,    70] loss: 2.991
[30,    80] loss: 2.909
[30,    90] loss: 2.986
[30,   100] loss: 2.997
[30,   110] loss: 2.945
[30,   120] loss: 3.033
[30,   130] loss: 3.010
[30] Validation loss: 5.349, Accuracy: 10.34%
[31,    10] loss: 2.896
[31,    20] loss: 2.852
[31,    30] loss: 2.835
[31,    40] loss: 2.818
[31,    50] loss: 2.892
[31,    60] loss: 2.862
[31,    70] loss: 2.842
[31,    80] loss: 2.836
[31,    90] loss: 2.819
[31,   100] loss: 2.936
[31,   110] loss: 2.889
[31,   120] loss: 2.853
[31,   130] loss: 2.851
[31] Validation loss: 5.356, Accuracy: 10.57%
[32,    10] loss: 2.790
[32,    20] loss: 2.760
[32,    30] loss: 2.806
[32,    40] loss: 2.816
[32,    50] loss: 2.788
[32,    60] loss: 2.776
[32,    70] loss: 2.817
[32,    80] loss: 2.821
[32,    90] loss: 2.805
[32,   100] loss: 2.872
[32,   110] loss: 2.844
[32,   120] loss: 2.924
[32,   130] loss: 2.929
[32] Validation loss: 5.364, Accuracy: 10.51%
[33,    10] loss: 2.691
[33,    20] loss: 2.715
[33,    30] loss: 2.743
[33,    40] loss: 2.761
[33,    50] loss: 2.808
[33,    60] loss: 2.788
[33,    70] loss: 2.799
[33,    80] loss: 2.796
[33,    90] loss: 2.794
[33,   100] loss: 2.780
[33,   110] loss: 2.842
[33,   120] loss: 2.826
[33,   130] loss: 2.800
[33] Validation loss: 5.349, Accuracy: 10.73%
[34,    10] loss: 2.732
[34,    20] loss: 2.742
[34,    30] loss: 2.764
[34,    40] loss: 2.763
[34,    50] loss: 2.759
[34,    60] loss: 2.771
[34,    70] loss: 2.784
[34,    80] loss: 2.777
[34,    90] loss: 2.724
[34,   100] loss: 2.739
[34,   110] loss: 2.818
[34,   120] loss: 2.833
[34,   130] loss: 2.826
[34] Validation loss: 5.355, Accuracy: 10.64%
[35,    10] loss: 2.630
[35,    20] loss: 2.726
[35,    30] loss: 2.763
[35,    40] loss: 2.720
[35,    50] loss: 2.782
[35,    60] loss: 2.635
[35,    70] loss: 2.756
[35,    80] loss: 2.739
[35,    90] loss: 2.765
[35,   100] loss: 2.771
[35,   110] loss: 2.778
[35,   120] loss: 2.753
[35,   130] loss: 2.775
[35] Validation loss: 5.358, Accuracy: 10.74%
[36,    10] loss: 2.707
[36,    20] loss: 2.620
[36,    30] loss: 2.722
[36,    40] loss: 2.713
[36,    50] loss: 2.737
[36,    60] loss: 2.716
[36,    70] loss: 2.711
[36,    80] loss: 2.700
[36,    90] loss: 2.797
[36,   100] loss: 2.778
[36,   110] loss: 2.758
[36,   120] loss: 2.679
[36,   130] loss: 2.761
[36] Validation loss: 5.364, Accuracy: 10.63%
[37,    10] loss: 2.624
[37,    20] loss: 2.631
[37,    30] loss: 2.710
[37,    40] loss: 2.642
[37,    50] loss: 2.689
[37,    60] loss: 2.640
[37,    70] loss: 2.691
[37,    80] loss: 2.707
[37,    90] loss: 2.746
[37,   100] loss: 2.681
[37,   110] loss: 2.750
[37,   120] loss: 2.790
[37,   130] loss: 2.781
[37] Validation loss: 5.376, Accuracy: 10.65%
[38,    10] loss: 2.662
[38,    20] loss: 2.704
[38,    30] loss: 2.608
[38,    40] loss: 2.651
[38,    50] loss: 2.606
[38,    60] loss: 2.635
[38,    70] loss: 2.692
[38,    80] loss: 2.676
[38,    90] loss: 2.683
[38,   100] loss: 2.664
[38,   110] loss: 2.637
[38,   120] loss: 2.713
[38,   130] loss: 2.699
[38] Validation loss: 5.371, Accuracy: 10.68%
[39,    10] loss: 2.593
[39,    20] loss: 2.624
[39,    30] loss: 2.634
[39,    40] loss: 2.567
[39,    50] loss: 2.667
[39,    60] loss: 2.658
[39,    70] loss: 2.632
[39,    80] loss: 2.669
[39,    90] loss: 2.617
[39,   100] loss: 2.688
[39,   110] loss: 2.717
[39,   120] loss: 2.695
[39,   130] loss: 2.774
[39] Validation loss: 5.386, Accuracy: 10.66%
[40,    10] loss: 2.611
[40,    20] loss: 2.584
[40,    30] loss: 2.623
[40,    40] loss: 2.684
[40,    50] loss: 2.657
[40,    60] loss: 2.625
[40,    70] loss: 2.611
[40,    80] loss: 2.657
[40,    90] loss: 2.646
[40,   100] loss: 2.635
[40,   110] loss: 2.583
[40,   120] loss: 2.678
[40,   130] loss: 2.688
[40] Validation loss: 5.376, Accuracy: 10.63%
[41,    10] loss: 2.538
[41,    20] loss: 2.604
[41,    30] loss: 2.660
[41,    40] loss: 2.555
[41,    50] loss: 2.579
[41,    60] loss: 2.574
[41,    70] loss: 2.529
[41,    80] loss: 2.590
[41,    90] loss: 2.633
[41,   100] loss: 2.577
[41,   110] loss: 2.663
[41,   120] loss: 2.696
[41,   130] loss: 2.623
[41] Validation loss: 5.389, Accuracy: 10.54%
[42,    10] loss: 2.480
[42,    20] loss: 2.506
[42,    30] loss: 2.594
[42,    40] loss: 2.616
[42,    50] loss: 2.563
[42,    60] loss: 2.563
[42,    70] loss: 2.591
[42,    80] loss: 2.584
[42,    90] loss: 2.600
[42,   100] loss: 2.604
[42,   110] loss: 2.545
[42,   120] loss: 2.650
[42,   130] loss: 2.684
[42] Validation loss: 5.392, Accuracy: 10.64%
[43,    10] loss: 2.548
[43,    20] loss: 2.527
[43,    30] loss: 2.559
[43,    40] loss: 2.547
[43,    50] loss: 2.488
[43,    60] loss: 2.558
[43,    70] loss: 2.561
[43,    80] loss: 2.602
[43,    90] loss: 2.543
[43,   100] loss: 2.611
[43,   110] loss: 2.603
[43,   120] loss: 2.592
[43,   130] loss: 2.595
[43] Validation loss: 5.400, Accuracy: 10.70%
[44,    10] loss: 2.426
[44,    20] loss: 2.514
[44,    30] loss: 2.480
[44,    40] loss: 2.521
[44,    50] loss: 2.524
[44,    60] loss: 2.514
[44,    70] loss: 2.616
[44,    80] loss: 2.489
[44,    90] loss: 2.591
[44,   100] loss: 2.543
[44,   110] loss: 2.560
[44,   120] loss: 2.524
[44,   130] loss: 2.592
[44] Validation loss: 5.402, Accuracy: 10.68%
[45,    10] loss: 2.429
[45,    20] loss: 2.508
[45,    30] loss: 2.532
[45,    40] loss: 2.476
[45,    50] loss: 2.552
[45,    60] loss: 2.500
[45,    70] loss: 2.507
[45,    80] loss: 2.552
[45,    90] loss: 2.536
[45,   100] loss: 2.605
[45,   110] loss: 2.556
[45,   120] loss: 2.494
[45,   130] loss: 2.551
[45] Validation loss: 5.406, Accuracy: 10.73%
[46,    10] loss: 2.431
[46,    20] loss: 2.450
[46,    30] loss: 2.460
[46,    40] loss: 2.440
[46,    50] loss: 2.438
[46,    60] loss: 2.475
[46,    70] loss: 2.540
[46,    80] loss: 2.428
[46,    90] loss: 2.454
[46,   100] loss: 2.524
[46,   110] loss: 2.479
[46,   120] loss: 2.488
[46,   130] loss: 2.454
[46] Validation loss: 5.411, Accuracy: 10.64%
[47,    10] loss: 2.456
[47,    20] loss: 2.430
[47,    30] loss: 2.452
[47,    40] loss: 2.425
[47,    50] loss: 2.456
[47,    60] loss: 2.441
[47,    70] loss: 2.392
[47,    80] loss: 2.358
[47,    90] loss: 2.501
[47,   100] loss: 2.465
[47,   110] loss: 2.500
[47,   120] loss: 2.465
[47,   130] loss: 2.482
[47] Validation loss: 5.405, Accuracy: 10.68%
[48,    10] loss: 2.390
[48,    20] loss: 2.426
[48,    30] loss: 2.512
[48,    40] loss: 2.412
[48,    50] loss: 2.355
[48,    60] loss: 2.473
[48,    70] loss: 2.435
[48,    80] loss: 2.416
[48,    90] loss: 2.442
[48,   100] loss: 2.408
[48,   110] loss: 2.516
[48,   120] loss: 2.492
[48,   130] loss: 2.415
[48] Validation loss: 5.408, Accuracy: 10.80%
[49,    10] loss: 2.423
[49,    20] loss: 2.435
[49,    30] loss: 2.398
[49,    40] loss: 2.406
[49,    50] loss: 2.379
[49,    60] loss: 2.458
[49,    70] loss: 2.425
[49,    80] loss: 2.488
[49,    90] loss: 2.449
[49,   100] loss: 2.419
[49,   110] loss: 2.466
[49,   120] loss: 2.371
[49,   130] loss: 2.536
[49] Validation loss: 5.418, Accuracy: 10.66%
[50,    10] loss: 2.366
[50,    20] loss: 2.402
[50,    30] loss: 2.344
[50,    40] loss: 2.428
[50,    50] loss: 2.350
[50,    60] loss: 2.394
[50,    70] loss: 2.386
[50,    80] loss: 2.418
[50,    90] loss: 2.363
[50,   100] loss: 2.400
[50,   110] loss: 2.485
[50,   120] loss: 2.414
[50,   130] loss: 2.499
[50] Validation loss: 5.421, Accuracy: 10.68%
Finished Training
Time elapsed: 2002.2671822369998
Saved checkpoint to checkpoints/rotation_classifier.pth
