Dataset is copied to /tmp
SLOW SCHEDULE
Start Training
use checkpointcheckpoints/rotations_aug/rotations_ep_80
[1,    10] loss: 6.851
[1,    20] loss: 6.781
[1,    30] loss: 6.717
[1,    40] loss: 6.653
[1,    50] loss: 6.613
[1,    60] loss: 6.538
[1,    70] loss: 6.475
[1,    80] loss: 6.462
[1,    90] loss: 6.327
[1,   100] loss: 6.351
[1,   110] loss: 6.301
[1,   120] loss: 6.221
[1,   130] loss: 6.184
[1] Validation loss: 6.146, Accuracy: 3.15%
[2,    10] loss: 5.864
[2,    20] loss: 5.837
[2,    30] loss: 5.829
[2,    40] loss: 5.870
[2,    50] loss: 5.772
[2,    60] loss: 5.724
[2,    70] loss: 5.723
[2,    80] loss: 5.743
[2,    90] loss: 5.727
[2,   100] loss: 5.650
[2,   110] loss: 5.699
[2,   120] loss: 5.677
[2,   130] loss: 5.616
[2] Validation loss: 5.737, Accuracy: 5.14%
[3,    10] loss: 5.360
[3,    20] loss: 5.341
[3,    30] loss: 5.354
[3,    40] loss: 5.380
[3,    50] loss: 5.388
[3,    60] loss: 5.365
[3,    70] loss: 5.300
[3,    80] loss: 5.304
[3,    90] loss: 5.360
[3,   100] loss: 5.407
[3,   110] loss: 5.348
[3,   120] loss: 5.346
[3,   130] loss: 5.309
[3] Validation loss: 5.553, Accuracy: 6.48%
[4,    10] loss: 5.004
[4,    20] loss: 5.092
[4,    30] loss: 5.082
[4,    40] loss: 5.052
[4,    50] loss: 5.118
[4,    60] loss: 5.185
[4,    70] loss: 5.093
[4,    80] loss: 5.061
[4,    90] loss: 5.132
[4,   100] loss: 5.104
[4,   110] loss: 5.063
[4,   120] loss: 5.067
[4,   130] loss: 5.129
[4] Validation loss: 5.445, Accuracy: 7.34%
[5,    10] loss: 4.847
[5,    20] loss: 4.897
[5,    30] loss: 4.791
[5,    40] loss: 4.894
[5,    50] loss: 4.941
[5,    60] loss: 4.883
[5,    70] loss: 4.920
[5,    80] loss: 4.919
[5,    90] loss: 4.905
[5,   100] loss: 4.950
[5,   110] loss: 4.952
[5,   120] loss: 4.962
[5,   130] loss: 4.936
[5] Validation loss: 5.375, Accuracy: 8.16%
[6,    10] loss: 4.628
[6,    20] loss: 4.616
[6,    30] loss: 4.663
[6,    40] loss: 4.698
[6,    50] loss: 4.718
[6,    60] loss: 4.633
[6,    70] loss: 4.670
[6,    80] loss: 4.653
[6,    90] loss: 4.692
[6,   100] loss: 4.651
[6,   110] loss: 4.681
[6,   120] loss: 4.655
[6,   130] loss: 4.731
[6] Validation loss: 5.323, Accuracy: 8.74%
[7,    10] loss: 4.530
[7,    20] loss: 4.585
[7,    30] loss: 4.525
[7,    40] loss: 4.533
[7,    50] loss: 4.563
[7,    60] loss: 4.581
[7,    70] loss: 4.559
[7,    80] loss: 4.599
[7,    90] loss: 4.578
[7,   100] loss: 4.597
[7,   110] loss: 4.622
[7,   120] loss: 4.613
[7,   130] loss: 4.592
[7] Validation loss: 5.293, Accuracy: 9.01%
[8,    10] loss: 4.429
[8,    20] loss: 4.449
[8,    30] loss: 4.545
[8,    40] loss: 4.396
[8,    50] loss: 4.456
[8,    60] loss: 4.507
[8,    70] loss: 4.454
[8,    80] loss: 4.524
[8,    90] loss: 4.501
[8,   100] loss: 4.543
[8,   110] loss: 4.483
[8,   120] loss: 4.526
[8,   130] loss: 4.546
[8] Validation loss: 5.276, Accuracy: 9.24%
[9,    10] loss: 4.349
[9,    20] loss: 4.368
[9,    30] loss: 4.367
[9,    40] loss: 4.402
[9,    50] loss: 4.388
[9,    60] loss: 4.397
[9,    70] loss: 4.393
[9,    80] loss: 4.410
[9,    90] loss: 4.374
[9,   100] loss: 4.475
[9,   110] loss: 4.481
[9,   120] loss: 4.434
[9,   130] loss: 4.469
[9] Validation loss: 5.266, Accuracy: 9.30%
[10,    10] loss: 4.317
[10,    20] loss: 4.303
[10,    30] loss: 4.309
[10,    40] loss: 4.246
[10,    50] loss: 4.333
[10,    60] loss: 4.326
[10,    70] loss: 4.343
[10,    80] loss: 4.309
[10,    90] loss: 4.395
[10,   100] loss: 4.365
[10,   110] loss: 4.389
[10,   120] loss: 4.392
[10,   130] loss: 4.415
[10] Validation loss: 5.259, Accuracy: 9.54%
[11,    10] loss: 4.234
[11,    20] loss: 4.168
[11,    30] loss: 4.244
[11,    40] loss: 4.202
[11,    50] loss: 4.119
[11,    60] loss: 4.206
[11,    70] loss: 4.291
[11,    80] loss: 4.221
[11,    90] loss: 4.240
[11,   100] loss: 4.199
[11,   110] loss: 4.235
[11,   120] loss: 4.328
[11,   130] loss: 4.272
[11] Validation loss: 5.238, Accuracy: 9.62%
[12,    10] loss: 4.182
[12,    20] loss: 4.115
[12,    30] loss: 4.151
[12,    40] loss: 4.181
[12,    50] loss: 4.197
[12,    60] loss: 4.171
[12,    70] loss: 4.182
[12,    80] loss: 4.238
[12,    90] loss: 4.180
[12,   100] loss: 4.186
[12,   110] loss: 4.213
[12,   120] loss: 4.235
[12,   130] loss: 4.177
[12] Validation loss: 5.234, Accuracy: 9.77%
[13,    10] loss: 4.130
[13,    20] loss: 4.177
[13,    30] loss: 4.106
[13,    40] loss: 4.075
[13,    50] loss: 4.185
[13,    60] loss: 4.092
[13,    70] loss: 4.113
[13,    80] loss: 4.187
[13,    90] loss: 4.244
[13,   100] loss: 4.164
[13,   110] loss: 4.073
[13,   120] loss: 4.174
[13,   130] loss: 4.183
[13] Validation loss: 5.228, Accuracy: 9.84%
[14,    10] loss: 4.038
[14,    20] loss: 4.016
[14,    30] loss: 4.080
[14,    40] loss: 4.069
[14,    50] loss: 4.095
[14,    60] loss: 4.106
[14,    70] loss: 4.148
[14,    80] loss: 4.029
[14,    90] loss: 4.080
[14,   100] loss: 4.094
[14,   110] loss: 4.082
[14,   120] loss: 4.110
[14,   130] loss: 4.151
[14] Validation loss: 5.224, Accuracy: 9.82%
[15,    10] loss: 4.086
[15,    20] loss: 4.032
[15,    30] loss: 4.028
[15,    40] loss: 4.063
[15,    50] loss: 4.081
[15,    60] loss: 4.042
[15,    70] loss: 4.079
[15,    80] loss: 4.045
[15,    90] loss: 4.027
[15,   100] loss: 4.097
[15,   110] loss: 4.135
[15,   120] loss: 4.086
[15,   130] loss: 4.157
[15] Validation loss: 5.221, Accuracy: 9.90%
[16,    10] loss: 3.962
[16,    20] loss: 3.971
[16,    30] loss: 4.124
[16,    40] loss: 4.034
[16,    50] loss: 4.041
[16,    60] loss: 4.047
[16,    70] loss: 4.051
[16,    80] loss: 4.045
[16,    90] loss: 4.070
[16,   100] loss: 4.036
[16,   110] loss: 3.980
[16,   120] loss: 3.987
[16,   130] loss: 3.946
[16] Validation loss: 5.213, Accuracy: 9.93%
[17,    10] loss: 3.943
[17,    20] loss: 3.969
[17,    30] loss: 3.947
[17,    40] loss: 3.970
[17,    50] loss: 3.989
[17,    60] loss: 4.045
[17,    70] loss: 3.981
[17,    80] loss: 3.958
[17,    90] loss: 4.015
[17,   100] loss: 3.980
[17,   110] loss: 3.985
[17,   120] loss: 3.953
[17,   130] loss: 4.049
[17] Validation loss: 5.215, Accuracy: 10.00%
[18,    10] loss: 3.964
[18,    20] loss: 3.968
[18,    30] loss: 3.907
[18,    40] loss: 3.937
[18,    50] loss: 3.939
[18,    60] loss: 4.032
[18,    70] loss: 3.980
[18,    80] loss: 4.009
[18,    90] loss: 3.968
[18,   100] loss: 3.960
[18,   110] loss: 4.017
[18,   120] loss: 4.038
[18,   130] loss: 3.939
[18] Validation loss: 5.215, Accuracy: 10.01%
[19,    10] loss: 3.891
[19,    20] loss: 3.902
[19,    30] loss: 3.929
[19,    40] loss: 3.971
[19,    50] loss: 3.966
[19,    60] loss: 3.948
[19,    70] loss: 3.937
[19,    80] loss: 3.952
[19,    90] loss: 4.006
[19,   100] loss: 3.999
[19,   110] loss: 3.937
[19,   120] loss: 4.005
[19,   130] loss: 3.966
[19] Validation loss: 5.208, Accuracy: 10.04%
[20,    10] loss: 3.947
[20,    20] loss: 3.905
[20,    30] loss: 3.863
[20,    40] loss: 3.927
[20,    50] loss: 3.963
[20,    60] loss: 3.885
[20,    70] loss: 3.921
[20,    80] loss: 3.963
[20,    90] loss: 4.055
[20,   100] loss: 3.927
[20,   110] loss: 3.924
[20,   120] loss: 3.939
[20,   130] loss: 3.989
[20] Validation loss: 5.212, Accuracy: 10.10%
[21,    10] loss: 3.889
[21,    20] loss: 3.903
[21,    30] loss: 3.877
[21,    40] loss: 3.911
[21,    50] loss: 3.893
[21,    60] loss: 3.830
[21,    70] loss: 3.853
[21,    80] loss: 3.940
[21,    90] loss: 3.884
[21,   100] loss: 3.963
[21,   110] loss: 3.945
[21,   120] loss: 3.926
[21,   130] loss: 3.913
[21] Validation loss: 5.205, Accuracy: 10.09%
[22,    10] loss: 3.878
[22,    20] loss: 3.826
[22,    30] loss: 3.843
[22,    40] loss: 3.880
[22,    50] loss: 3.920
[22,    60] loss: 3.790
[22,    70] loss: 3.953
[22,    80] loss: 3.890
[22,    90] loss: 3.903
[22,   100] loss: 3.923
[22,   110] loss: 3.862
[22,   120] loss: 3.922
[22,   130] loss: 3.944
[22] Validation loss: 5.211, Accuracy: 10.09%
[23,    10] loss: 3.881
[23,    20] loss: 3.800
[23,    30] loss: 3.836
[23,    40] loss: 3.845
[23,    50] loss: 3.878
[23,    60] loss: 3.896
[23,    70] loss: 3.929
[23,    80] loss: 3.896
[23,    90] loss: 3.917
[23,   100] loss: 3.909
[23,   110] loss: 3.980
[23,   120] loss: 3.899
[23,   130] loss: 3.870
[23] Validation loss: 5.202, Accuracy: 10.11%
[24,    10] loss: 3.858
[24,    20] loss: 3.918
[24,    30] loss: 3.868
[24,    40] loss: 3.950
[24,    50] loss: 3.825
[24,    60] loss: 3.958
[24,    70] loss: 3.870
[24,    80] loss: 3.787
[24,    90] loss: 3.869
[24,   100] loss: 3.859
[24,   110] loss: 3.859
[24,   120] loss: 3.880
[24,   130] loss: 3.842
[24] Validation loss: 5.213, Accuracy: 10.20%
[25,    10] loss: 3.861
[25,    20] loss: 3.850
[25,    30] loss: 3.805
[25,    40] loss: 3.918
[25,    50] loss: 3.883
[25,    60] loss: 3.903
[25,    70] loss: 3.935
[25,    80] loss: 3.781
[25,    90] loss: 3.921
[25,   100] loss: 3.864
[25,   110] loss: 3.917
[25,   120] loss: 3.901
[25,   130] loss: 3.938
[25] Validation loss: 5.204, Accuracy: 10.15%
[26,    10] loss: 3.803
[26,    20] loss: 3.879
[26,    30] loss: 3.879
[26,    40] loss: 3.871
[26,    50] loss: 3.899
[26,    60] loss: 3.764
[26,    70] loss: 3.869
[26,    80] loss: 3.834
[26,    90] loss: 3.877
[26,   100] loss: 3.898
[26,   110] loss: 3.892
[26,   120] loss: 3.792
[26,   130] loss: 3.879
[26] Validation loss: 5.200, Accuracy: 10.20%
[27,    10] loss: 3.811
[27,    20] loss: 3.810
[27,    30] loss: 3.804
[27,    40] loss: 3.846
[27,    50] loss: 3.876
[27,    60] loss: 3.846
[27,    70] loss: 3.817
[27,    80] loss: 3.886
[27,    90] loss: 3.858
[27,   100] loss: 3.867
[27,   110] loss: 3.869
[27,   120] loss: 3.809
[27,   130] loss: 3.878
[27] Validation loss: 5.200, Accuracy: 10.24%
[28,    10] loss: 3.901
[28,    20] loss: 3.784
[28,    30] loss: 3.916
[28,    40] loss: 3.798
[28,    50] loss: 3.813
[28,    60] loss: 3.888
[28,    70] loss: 3.877
[28,    80] loss: 3.912
[28,    90] loss: 3.854
[28,   100] loss: 3.785
[28,   110] loss: 3.792
[28,   120] loss: 3.856
[28,   130] loss: 3.853
[28] Validation loss: 5.199, Accuracy: 10.25%
[29,    10] loss: 3.873
[29,    20] loss: 3.803
[29,    30] loss: 3.795
[29,    40] loss: 3.813
[29,    50] loss: 3.829
[29,    60] loss: 3.824
[29,    70] loss: 3.836
[29,    80] loss: 3.823
[29,    90] loss: 3.805
[29,   100] loss: 3.828
[29,   110] loss: 3.845
[29,   120] loss: 3.856
[29,   130] loss: 3.838
[29] Validation loss: 5.197, Accuracy: 10.28%
[30,    10] loss: 3.770
[30,    20] loss: 3.790
[30,    30] loss: 3.799
[30,    40] loss: 3.772
[30,    50] loss: 3.898
[30,    60] loss: 3.809
[30,    70] loss: 3.855
[30,    80] loss: 3.860
[30,    90] loss: 3.838
[30,   100] loss: 3.855
[30,   110] loss: 3.852
[30,   120] loss: 3.868
[30,   130] loss: 3.767
[30] Validation loss: 5.198, Accuracy: 10.28%
[31,    10] loss: 3.809
[31,    20] loss: 3.817
[31,    30] loss: 3.845
[31,    40] loss: 3.824
[31,    50] loss: 3.797
[31,    60] loss: 3.818
[31,    70] loss: 3.856
[31,    80] loss: 3.808
[31,    90] loss: 3.873
[31,   100] loss: 3.827
[31,   110] loss: 3.805
[31,   120] loss: 3.851
[31,   130] loss: 3.827
[31] Validation loss: 5.203, Accuracy: 10.20%
[32,    10] loss: 3.786
[32,    20] loss: 3.838
[32,    30] loss: 3.804
[32,    40] loss: 3.829
[32,    50] loss: 3.885
[32,    60] loss: 3.807
[32,    70] loss: 3.753
[32,    80] loss: 3.857
[32,    90] loss: 3.804
[32,   100] loss: 3.770
[32,   110] loss: 3.839
[32,   120] loss: 3.794
[32,   130] loss: 3.816
[32] Validation loss: 5.202, Accuracy: 10.24%
[33,    10] loss: 3.858
[33,    20] loss: 3.808
[33,    30] loss: 3.746
[33,    40] loss: 3.844
[33,    50] loss: 3.780
[33,    60] loss: 3.813
[33,    70] loss: 3.811
[33,    80] loss: 3.843
[33,    90] loss: 3.843
[33,   100] loss: 3.807
[33,   110] loss: 3.840
[33,   120] loss: 3.789
[33,   130] loss: 3.854
[33] Validation loss: 5.201, Accuracy: 10.36%
[34,    10] loss: 3.770
[34,    20] loss: 3.884
[34,    30] loss: 3.841
[34,    40] loss: 3.798
[34,    50] loss: 3.803
[34,    60] loss: 3.811
[34,    70] loss: 3.798
[34,    80] loss: 3.842
[34,    90] loss: 3.812
[34,   100] loss: 3.796
[34,   110] loss: 3.796
[34,   120] loss: 3.810
[34,   130] loss: 3.829
[34] Validation loss: 5.198, Accuracy: 10.28%
[35,    10] loss: 3.802
[35,    20] loss: 3.789
[35,    30] loss: 3.801
[35,    40] loss: 3.855
[35,    50] loss: 3.817
[35,    60] loss: 3.809
[35,    70] loss: 3.834
[35,    80] loss: 3.861
[35,    90] loss: 3.757
[35,   100] loss: 3.825
[35,   110] loss: 3.815
[35,   120] loss: 3.779
[35,   130] loss: 3.805
[35] Validation loss: 5.201, Accuracy: 10.28%
[36,    10] loss: 3.832
[36,    20] loss: 3.793
[36,    30] loss: 3.854
[36,    40] loss: 3.722
[36,    50] loss: 3.782
[36,    60] loss: 3.814
[36,    70] loss: 3.833
[36,    80] loss: 3.779
[36,    90] loss: 3.866
[36,   100] loss: 3.778
[36,   110] loss: 3.804
[36,   120] loss: 3.800
[36,   130] loss: 3.744
[36] Validation loss: 5.204, Accuracy: 10.30%
[37,    10] loss: 3.860
[37,    20] loss: 3.822
[37,    30] loss: 3.852
[37,    40] loss: 3.781
[37,    50] loss: 3.820
[37,    60] loss: 3.752
[37,    70] loss: 3.772
[37,    80] loss: 3.817
[37,    90] loss: 3.809
[37,   100] loss: 3.744
[37,   110] loss: 3.835
[37,   120] loss: 3.835
[37,   130] loss: 3.755
[37] Validation loss: 5.197, Accuracy: 10.27%
[38,    10] loss: 3.871
[38,    20] loss: 3.834
[38,    30] loss: 3.787
[38,    40] loss: 3.785
[38,    50] loss: 3.778
[38,    60] loss: 3.857
[38,    70] loss: 3.768
[38,    80] loss: 3.797
[38,    90] loss: 3.817
[38,   100] loss: 3.861
[38,   110] loss: 3.799
[38,   120] loss: 3.802
[38,   130] loss: 3.836
[38] Validation loss: 5.201, Accuracy: 10.33%
[39,    10] loss: 3.790
[39,    20] loss: 3.783
[39,    30] loss: 3.781
[39,    40] loss: 3.834
[39,    50] loss: 3.820
[39,    60] loss: 3.789
[39,    70] loss: 3.859
[39,    80] loss: 3.796
[39,    90] loss: 3.780
[39,   100] loss: 3.830
[39,   110] loss: 3.835
[39,   120] loss: 3.778
[39,   130] loss: 3.870
[39] Validation loss: 5.202, Accuracy: 10.31%
[40,    10] loss: 3.773
[40,    20] loss: 3.816
[40,    30] loss: 3.869
[40,    40] loss: 3.755
[40,    50] loss: 3.787
[40,    60] loss: 3.810
[40,    70] loss: 3.817
[40,    80] loss: 3.785
[40,    90] loss: 3.784
[40,   100] loss: 3.802
[40,   110] loss: 3.795
[40,   120] loss: 3.815
[40,   130] loss: 3.809
[40] Validation loss: 5.200, Accuracy: 10.24%
[41,    10] loss: 3.812
[41,    20] loss: 3.772
[41,    30] loss: 3.755
[41,    40] loss: 3.787
[41,    50] loss: 3.767
[41,    60] loss: 3.827
[41,    70] loss: 3.816
[41,    80] loss: 3.795
[41,    90] loss: 3.779
[41,   100] loss: 3.832
[41,   110] loss: 3.755
[41,   120] loss: 3.848
[41,   130] loss: 3.787
[41] Validation loss: 5.200, Accuracy: 10.29%
[42,    10] loss: 3.776
[42,    20] loss: 3.844
[42,    30] loss: 3.788
[42,    40] loss: 3.741
[42,    50] loss: 3.750
[42,    60] loss: 3.839
[42,    70] loss: 3.795
[42,    80] loss: 3.881
[42,    90] loss: 3.780
[42,   100] loss: 3.810
[42,   110] loss: 3.846
[42,   120] loss: 3.789
[42,   130] loss: 3.779
[42] Validation loss: 5.199, Accuracy: 10.33%
[43,    10] loss: 3.782
[43,    20] loss: 3.745
[43,    30] loss: 3.751
[43,    40] loss: 3.735
[43,    50] loss: 3.773
[43,    60] loss: 3.898
[43,    70] loss: 3.833
[43,    80] loss: 3.792
[43,    90] loss: 3.803
[43,   100] loss: 3.821
[43,   110] loss: 3.880
[43,   120] loss: 3.744
[43,   130] loss: 3.781
[43] Validation loss: 5.200, Accuracy: 10.30%
[44,    10] loss: 3.779
[44,    20] loss: 3.813
[44,    30] loss: 3.783
[44,    40] loss: 3.746
[44,    50] loss: 3.770
[44,    60] loss: 3.767
[44,    70] loss: 3.769
[44,    80] loss: 3.799
[44,    90] loss: 3.826
[44,   100] loss: 3.793
[44,   110] loss: 3.895
[44,   120] loss: 3.790
[44,   130] loss: 3.765
[44] Validation loss: 5.199, Accuracy: 10.29%
[45,    10] loss: 3.821
[45,    20] loss: 3.756
[45,    30] loss: 3.867
[45,    40] loss: 3.877
[45,    50] loss: 3.864
[45,    60] loss: 3.757
[45,    70] loss: 3.769
[45,    80] loss: 3.784
[45,    90] loss: 3.798
[45,   100] loss: 3.747
[45,   110] loss: 3.807
[45,   120] loss: 3.721
[45,   130] loss: 3.739
[45] Validation loss: 5.199, Accuracy: 10.29%
[46,    10] loss: 3.745
[46,    20] loss: 3.862
[46,    30] loss: 3.723
[46,    40] loss: 3.818
[46,    50] loss: 3.780
[46,    60] loss: 3.799
[46,    70] loss: 3.836
[46,    80] loss: 3.765
[46,    90] loss: 3.780
[46,   100] loss: 3.824
[46,   110] loss: 3.846
[46,   120] loss: 3.809
[46,   130] loss: 3.786
[46] Validation loss: 5.194, Accuracy: 10.33%
[47,    10] loss: 3.773
[47,    20] loss: 3.787
[47,    30] loss: 3.748
[47,    40] loss: 3.794
[47,    50] loss: 3.792
[47,    60] loss: 3.787
[47,    70] loss: 3.800
[47,    80] loss: 3.802
[47,    90] loss: 3.836
[47,   100] loss: 3.773
[47,   110] loss: 3.793
[47,   120] loss: 3.791
[47,   130] loss: 3.889
[47] Validation loss: 5.201, Accuracy: 10.34%
[48,    10] loss: 3.842
[48,    20] loss: 3.784
[48,    30] loss: 3.733
[48,    40] loss: 3.783
[48,    50] loss: 3.795
[48,    60] loss: 3.809
[48,    70] loss: 3.799
[48,    80] loss: 3.832
[48,    90] loss: 3.820
[48,   100] loss: 3.836
[48,   110] loss: 3.781
[48,   120] loss: 3.817
[48,   130] loss: 3.843
[48] Validation loss: 5.197, Accuracy: 10.31%
[49,    10] loss: 3.794
[49,    20] loss: 3.745
[49,    30] loss: 3.847
[49,    40] loss: 3.813
[49,    50] loss: 3.742
[49,    60] loss: 3.821
[49,    70] loss: 3.824
[49,    80] loss: 3.788
[49,    90] loss: 3.782
[49,   100] loss: 3.788
[49,   110] loss: 3.809
[49,   120] loss: 3.894
[49,   130] loss: 3.846
[49] Validation loss: 5.205, Accuracy: 10.27%
[50,    10] loss: 3.806
[50,    20] loss: 3.802
[50,    30] loss: 3.777
[50,    40] loss: 3.799
[50,    50] loss: 3.758
[50,    60] loss: 3.796
[50,    70] loss: 3.833
[50,    80] loss: 3.801
[50,    90] loss: 3.829
[50,   100] loss: 3.784
[50,   110] loss: 3.746
[50,   120] loss: 3.829
[50,   130] loss: 3.806
[50] Validation loss: 5.194, Accuracy: 10.33%
Finished Training
Time elapsed: 2033.898344787
Saved checkpoint to checkpoints/rotation_classifier.pth
