Dataset is copied to /tmp
SUPER SLOW SCHEDULE - no DO
Start Training
use checkpointcheckpoints/rotations_aug/rotations_ep_80
[1,    10] loss: 6.807
[1,    20] loss: 6.673
[1,    30] loss: 6.560
[1,    40] loss: 6.436
[1,    50] loss: 6.411
[1,    60] loss: 6.309
[1,    70] loss: 6.224
[1,    80] loss: 6.152
[1,    90] loss: 6.082
[1,   100] loss: 6.048
[1,   110] loss: 6.005
[1,   120] loss: 5.932
[1,   130] loss: 5.913
[1] Validation loss: 5.935, Accuracy: 4.09%
[2,    10] loss: 5.399
[2,    20] loss: 5.394
[2,    30] loss: 5.362
[2,    40] loss: 5.352
[2,    50] loss: 5.357
[2,    60] loss: 5.305
[2,    70] loss: 5.247
[2,    80] loss: 5.289
[2,    90] loss: 5.322
[2,   100] loss: 5.267
[2,   110] loss: 5.248
[2,   120] loss: 5.253
[2,   130] loss: 5.207
[2] Validation loss: 5.586, Accuracy: 6.30%
[3,    10] loss: 4.755
[3,    20] loss: 4.770
[3,    30] loss: 4.763
[3,    40] loss: 4.791
[3,    50] loss: 4.784
[3,    60] loss: 4.862
[3,    70] loss: 4.809
[3,    80] loss: 4.829
[3,    90] loss: 4.887
[3,   100] loss: 4.795
[3,   110] loss: 4.812
[3,   120] loss: 4.871
[3,   130] loss: 4.823
[3] Validation loss: 5.439, Accuracy: 7.68%
[4,    10] loss: 4.352
[4,    20] loss: 4.390
[4,    30] loss: 4.391
[4,    40] loss: 4.416
[4,    50] loss: 4.346
[4,    60] loss: 4.426
[4,    70] loss: 4.465
[4,    80] loss: 4.456
[4,    90] loss: 4.514
[4,   100] loss: 4.501
[4,   110] loss: 4.504
[4,   120] loss: 4.563
[4,   130] loss: 4.515
[4] Validation loss: 5.344, Accuracy: 8.82%
[5,    10] loss: 3.995
[5,    20] loss: 4.004
[5,    30] loss: 4.097
[5,    40] loss: 4.059
[5,    50] loss: 4.084
[5,    60] loss: 4.132
[5,    70] loss: 4.182
[5,    80] loss: 4.074
[5,    90] loss: 4.139
[5,   100] loss: 4.189
[5,   110] loss: 4.184
[5,   120] loss: 4.299
[5,   130] loss: 4.202
[5] Validation loss: 5.322, Accuracy: 8.97%
[6,    10] loss: 3.633
[6,    20] loss: 3.695
[6,    30] loss: 3.725
[6,    40] loss: 3.771
[6,    50] loss: 3.777
[6,    60] loss: 3.846
[6,    70] loss: 3.845
[6,    80] loss: 3.840
[6,    90] loss: 3.895
[6,   100] loss: 3.862
[6,   110] loss: 3.912
[6,   120] loss: 3.940
[6,   130] loss: 3.972
[6] Validation loss: 5.306, Accuracy: 9.57%
[7,    10] loss: 3.394
[7,    20] loss: 3.433
[7,    30] loss: 3.493
[7,    40] loss: 3.428
[7,    50] loss: 3.490
[7,    60] loss: 3.546
[7,    70] loss: 3.597
[7,    80] loss: 3.582
[7,    90] loss: 3.606
[7,   100] loss: 3.624
[7,   110] loss: 3.634
[7,   120] loss: 3.743
[7,   130] loss: 3.718
[7] Validation loss: 5.329, Accuracy: 9.49%
[8,    10] loss: 3.126
[8,    20] loss: 3.143
[8,    30] loss: 3.186
[8,    40] loss: 3.216
[8,    50] loss: 3.225
[8,    60] loss: 3.332
[8,    70] loss: 3.325
[8,    80] loss: 3.382
[8,    90] loss: 3.427
[8,   100] loss: 3.380
[8,   110] loss: 3.460
[8,   120] loss: 3.437
[8,   130] loss: 3.439
[8] Validation loss: 5.330, Accuracy: 9.53%
[9,    10] loss: 2.904
[9,    20] loss: 2.900
[9,    30] loss: 2.923
[9,    40] loss: 2.983
[9,    50] loss: 3.045
[9,    60] loss: 3.074
[9,    70] loss: 3.051
[9,    80] loss: 3.102
[9,    90] loss: 3.063
[9,   100] loss: 3.169
[9,   110] loss: 3.115
[9,   120] loss: 3.211
[9,   130] loss: 3.237
[9] Validation loss: 5.356, Accuracy: 9.71%
[10,    10] loss: 2.621
[10,    20] loss: 2.686
[10,    30] loss: 2.722
[10,    40] loss: 2.732
[10,    50] loss: 2.705
[10,    60] loss: 2.817
[10,    70] loss: 2.862
[10,    80] loss: 2.871
[10,    90] loss: 2.904
[10,   100] loss: 2.898
[10,   110] loss: 2.916
[10,   120] loss: 2.974
[10,   130] loss: 2.996
[10] Validation loss: 5.415, Accuracy: 9.70%
[11,    10] loss: 2.424
[11,    20] loss: 2.457
[11,    30] loss: 2.479
[11,    40] loss: 2.478
[11,    50] loss: 2.470
[11,    60] loss: 2.556
[11,    70] loss: 2.648
[11,    80] loss: 2.678
[11,    90] loss: 2.732
[11,   100] loss: 2.691
[11,   110] loss: 2.740
[11,   120] loss: 2.723
[11,   130] loss: 2.735
[11] Validation loss: 5.444, Accuracy: 9.57%
[12,    10] loss: 2.176
[12,    20] loss: 2.235
[12,    30] loss: 2.230
[12,    40] loss: 2.341
[12,    50] loss: 2.360
[12,    60] loss: 2.371
[12,    70] loss: 2.407
[12,    80] loss: 2.442
[12,    90] loss: 2.443
[12,   100] loss: 2.458
[12,   110] loss: 2.530
[12,   120] loss: 2.474
[12,   130] loss: 2.499
[12] Validation loss: 5.492, Accuracy: 9.50%
[13,    10] loss: 1.947
[13,    20] loss: 2.079
[13,    30] loss: 2.041
[13,    40] loss: 2.083
[13,    50] loss: 2.173
[13,    60] loss: 2.202
[13,    70] loss: 2.160
[13,    80] loss: 2.111
[13,    90] loss: 2.268
[13,   100] loss: 2.300
[13,   110] loss: 2.278
[13,   120] loss: 2.382
[13,   130] loss: 2.256
[13] Validation loss: 5.540, Accuracy: 9.33%
[14,    10] loss: 1.796
[14,    20] loss: 1.805
[14,    30] loss: 1.872
[14,    40] loss: 1.897
[14,    50] loss: 1.973
[14,    60] loss: 2.001
[14,    70] loss: 1.997
[14,    80] loss: 2.047
[14,    90] loss: 2.105
[14,   100] loss: 1.964
[14,   110] loss: 2.133
[14,   120] loss: 2.138
[14,   130] loss: 2.116
[14] Validation loss: 5.620, Accuracy: 9.11%
[15,    10] loss: 1.677
[15,    20] loss: 1.704
[15,    30] loss: 1.700
[15,    40] loss: 1.767
[15,    50] loss: 1.721
[15,    60] loss: 1.817
[15,    70] loss: 1.768
[15,    80] loss: 1.809
[15,    90] loss: 1.851
[15,   100] loss: 1.890
[15,   110] loss: 1.874
[15,   120] loss: 1.944
[15,   130] loss: 1.955
[15] Validation loss: 5.663, Accuracy: 9.33%
[16,    10] loss: 1.483
[16,    20] loss: 1.378
[16,    30] loss: 1.373
[16,    40] loss: 1.395
[16,    50] loss: 1.350
[16,    60] loss: 1.391
[16,    70] loss: 1.393
[16,    80] loss: 1.377
[16,    90] loss: 1.345
[16,   100] loss: 1.383
[16,   110] loss: 1.403
[16,   120] loss: 1.412
[16,   130] loss: 1.337
[16] Validation loss: 5.605, Accuracy: 9.73%
