Dataset is copied to /tmp
CONV4, SMALL CLASSIFIER, DROPOUT+MoreBN
Start Training
use checkpointcheckpoints/rots_and_perms2/rotations_ep_30
[1,    10] loss: 6.750
[1,    20] loss: 6.618
[1,    30] loss: 6.539
[1,    40] loss: 6.419
[1,    50] loss: 6.297
[1,    60] loss: 6.230
[1,    70] loss: 6.152
[1,    80] loss: 6.105
[1,    90] loss: 6.102
[1,   100] loss: 6.023
[1,   110] loss: 6.030
[1,   120] loss: 5.950
[1,   130] loss: 5.951
[1] Validation loss: 5.983, Accuracy: 3.55%
[2,    10] loss: 5.328
[2,    20] loss: 5.343
[2,    30] loss: 5.300
[2,    40] loss: 5.386
[2,    50] loss: 5.392
[2,    60] loss: 5.365
[2,    70] loss: 5.417
[2,    80] loss: 5.469
[2,    90] loss: 5.446
[2,   100] loss: 5.522
[2,   110] loss: 5.480
[2,   120] loss: 5.435
[2,   130] loss: 5.446
[2] Validation loss: 5.801, Accuracy: 4.52%
[3,    10] loss: 4.730
[3,    20] loss: 4.832
[3,    30] loss: 4.862
[3,    40] loss: 4.838
[3,    50] loss: 4.940
[3,    60] loss: 4.928
[3,    70] loss: 5.007
[3,    80] loss: 5.053
[3,    90] loss: 5.016
[3,   100] loss: 5.066
[3,   110] loss: 5.085
[3,   120] loss: 5.150
[3,   130] loss: 5.087
[3] Validation loss: 5.726, Accuracy: 5.61%
[4,    10] loss: 4.296
[4,    20] loss: 4.365
[4,    30] loss: 4.508
[4,    40] loss: 4.490
[4,    50] loss: 4.606
[4,    60] loss: 4.561
[4,    70] loss: 4.658
[4,    80] loss: 4.724
[4,    90] loss: 4.665
[4,   100] loss: 4.778
[4,   110] loss: 4.829
[4,   120] loss: 4.835
[4,   130] loss: 4.791
[4] Validation loss: 5.731, Accuracy: 5.63%
[5,    10] loss: 4.038
[5,    20] loss: 4.013
[5,    30] loss: 4.148
[5,    40] loss: 4.155
[5,    50] loss: 4.300
[5,    60] loss: 4.287
[5,    70] loss: 4.355
[5,    80] loss: 4.338
[5,    90] loss: 4.484
[5,   100] loss: 4.499
[5,   110] loss: 4.408
[5,   120] loss: 4.452
[5,   130] loss: 4.464
[5] Validation loss: 5.744, Accuracy: 5.91%
[6,    10] loss: 3.590
[6,    20] loss: 3.727
[6,    30] loss: 3.743
[6,    40] loss: 3.778
[6,    50] loss: 3.904
[6,    60] loss: 4.013
[6,    70] loss: 4.014
[6,    80] loss: 4.080
[6,    90] loss: 4.131
[6,   100] loss: 4.162
[6,   110] loss: 4.223
[6,   120] loss: 4.210
[6,   130] loss: 4.341
[6] Validation loss: 5.777, Accuracy: 6.09%
[7,    10] loss: 3.294
[7,    20] loss: 3.400
[7,    30] loss: 3.469
[7,    40] loss: 3.550
[7,    50] loss: 3.583
[7,    60] loss: 3.653
[7,    70] loss: 3.715
[7,    80] loss: 3.712
[7,    90] loss: 3.768
[7,   100] loss: 3.843
[7,   110] loss: 3.871
[7,   120] loss: 3.960
[7,   130] loss: 3.973
[7] Validation loss: 5.830, Accuracy: 5.94%
[8,    10] loss: 2.980
[8,    20] loss: 3.049
[8,    30] loss: 3.139
[8,    40] loss: 3.119
[8,    50] loss: 3.281
[8,    60] loss: 3.313
[8,    70] loss: 3.422
[8,    80] loss: 3.373
[8,    90] loss: 3.556
[8,   100] loss: 3.494
[8,   110] loss: 3.573
[8,   120] loss: 3.695
[8,   130] loss: 3.653
[8] Validation loss: 5.918, Accuracy: 6.37%
[9,    10] loss: 2.670
[9,    20] loss: 2.738
[9,    30] loss: 2.820
[9,    40] loss: 2.880
[9,    50] loss: 2.915
[9,    60] loss: 2.921
[9,    70] loss: 3.090
[9,    80] loss: 3.121
[9,    90] loss: 3.238
[9,   100] loss: 3.236
[9,   110] loss: 3.264
[9,   120] loss: 3.250
[9,   130] loss: 3.332
[9] Validation loss: 6.020, Accuracy: 6.16%
[10,    10] loss: 2.336
[10,    20] loss: 2.393
[10,    30] loss: 2.460
[10,    40] loss: 2.565
[10,    50] loss: 2.537
[10,    60] loss: 2.671
[10,    70] loss: 2.693
[10,    80] loss: 2.788
[10,    90] loss: 2.801
[10,   100] loss: 2.902
[10,   110] loss: 2.993
[10,   120] loss: 3.010
[10,   130] loss: 3.014
[10] Validation loss: 6.134, Accuracy: 5.96%
[11,    10] loss: 1.982
[11,    20] loss: 2.050
[11,    30] loss: 2.163
[11,    40] loss: 2.261
[11,    50] loss: 2.285
[11,    60] loss: 2.306
[11,    70] loss: 2.401
[11,    80] loss: 2.450
[11,    90] loss: 2.531
[11,   100] loss: 2.609
[11,   110] loss: 2.646
[11,   120] loss: 2.698
[11,   130] loss: 2.740
[11] Validation loss: 6.255, Accuracy: 5.97%
[12,    10] loss: 1.753
[12,    20] loss: 1.797
[12,    30] loss: 1.882
[12,    40] loss: 1.951
[12,    50] loss: 2.021
[12,    60] loss: 2.075
[12,    70] loss: 2.125
[12,    80] loss: 2.170
[12,    90] loss: 2.219
[12,   100] loss: 2.268
[12,   110] loss: 2.366
[12,   120] loss: 2.333
[12,   130] loss: 2.391
[12] Validation loss: 6.377, Accuracy: 5.85%
[13,    10] loss: 1.494
[13,    20] loss: 1.543
[13,    30] loss: 1.623
[13,    40] loss: 1.701
[13,    50] loss: 1.693
[13,    60] loss: 1.806
[13,    70] loss: 1.859
[13,    80] loss: 1.886
[13,    90] loss: 1.921
[13,   100] loss: 1.956
[13,   110] loss: 2.078
[13,   120] loss: 2.162
[13,   130] loss: 2.106
[13] Validation loss: 6.504, Accuracy: 5.78%
[14,    10] loss: 1.314
[14,    20] loss: 1.369
[14,    30] loss: 1.430
[14,    40] loss: 1.474
[14,    50] loss: 1.481
[14,    60] loss: 1.558
[14,    70] loss: 1.556
[14,    80] loss: 1.681
[14,    90] loss: 1.739
[14,   100] loss: 1.734
[14,   110] loss: 1.846
[14,   120] loss: 1.830
[14,   130] loss: 1.955
[14] Validation loss: 6.590, Accuracy: 5.57%
[15,    10] loss: 1.069
[15,    20] loss: 1.183
[15,    30] loss: 1.176
[15,    40] loss: 1.283
[15,    50] loss: 1.320
[15,    60] loss: 1.347
[15,    70] loss: 1.377
[15,    80] loss: 1.446
[15,    90] loss: 1.496
[15,   100] loss: 1.495
[15,   110] loss: 1.607
[15,   120] loss: 1.660
[15,   130] loss: 1.676
[15] Validation loss: 6.714, Accuracy: 5.34%
[16,    10] loss: 0.964
[16,    20] loss: 1.061
[16,    30] loss: 1.056
[16,    40] loss: 1.118
[16,    50] loss: 1.153
[16,    60] loss: 1.219
[16,    70] loss: 1.181
[16,    80] loss: 1.264
[16,    90] loss: 1.316
[16,   100] loss: 1.383
[16,   110] loss: 1.458
[16,   120] loss: 1.466
[16,   130] loss: 1.554
[16] Validation loss: 6.850, Accuracy: 5.29%
[17,    10] loss: 0.904
[17,    20] loss: 0.923
[17,    30] loss: 0.932
[17,    40] loss: 0.999
[17,    50] loss: 0.991
[17,    60] loss: 1.072
[17,    70] loss: 1.097
[17,    80] loss: 1.134
[17,    90] loss: 1.172
[17,   100] loss: 1.208
[17,   110] loss: 1.330
[17,   120] loss: 1.328
[17,   130] loss: 1.388
[17] Validation loss: 6.896, Accuracy: 5.36%
[18,    10] loss: 0.774
[18,    20] loss: 0.822
[18,    30] loss: 0.842
[18,    40] loss: 0.936
[18,    50] loss: 0.896
[18,    60] loss: 0.936
[18,    70] loss: 0.988
[18,    80] loss: 1.013
[18,    90] loss: 1.070
[18,   100] loss: 1.097
[18,   110] loss: 1.171
[18,   120] loss: 1.200
[18,   130] loss: 1.245
[18] Validation loss: 6.971, Accuracy: 5.51%
[19,    10] loss: 0.685
[19,    20] loss: 0.774
[19,    30] loss: 0.823
[19,    40] loss: 0.820
[19,    50] loss: 0.829
[19,    60] loss: 0.866
[19,    70] loss: 0.860
[19,    80] loss: 0.931
[19,    90] loss: 0.947
[19,   100] loss: 1.028
[19,   110] loss: 1.083
[19,   120] loss: 1.120
[19,   130] loss: 1.173
[19] Validation loss: 7.035, Accuracy: 5.18%
[20,    10] loss: 0.602
[20,    20] loss: 0.719
[20,    30] loss: 0.725
[20,    40] loss: 0.766
[20,    50] loss: 0.784
[20,    60] loss: 0.837
[20,    70] loss: 0.876
[20,    80] loss: 0.886
[20,    90] loss: 0.927
[20,   100] loss: 0.988
[20,   110] loss: 0.969
[20,   120] loss: 1.045
[20,   130] loss: 1.114
[20] Validation loss: 7.085, Accuracy: 5.10%
[21,    10] loss: 0.616
[21,    20] loss: 0.678
[21,    30] loss: 0.696
[21,    40] loss: 0.718
[21,    50] loss: 0.749
[21,    60] loss: 0.765
[21,    70] loss: 0.831
[21,    80] loss: 0.816
[21,    90] loss: 0.898
[21,   100] loss: 0.961
[21,   110] loss: 0.945
[21,   120] loss: 1.018
[21,   130] loss: 1.044
[21] Validation loss: 7.176, Accuracy: 5.06%
[22,    10] loss: 0.590
[22,    20] loss: 0.641
[22,    30] loss: 0.640
[22,    40] loss: 0.676
[22,    50] loss: 0.687
[22,    60] loss: 0.713
[22,    70] loss: 0.754
[22,    80] loss: 0.764
[22,    90] loss: 0.823
[22,   100] loss: 0.877
[22,   110] loss: 0.911
[22,   120] loss: 0.919
[22,   130] loss: 0.966
[22] Validation loss: 7.168, Accuracy: 4.96%
[23,    10] loss: 0.560
[23,    20] loss: 0.597
[23,    30] loss: 0.627
[23,    40] loss: 0.611
[23,    50] loss: 0.670
[23,    60] loss: 0.684
[23,    70] loss: 0.699
[23,    80] loss: 0.777
[23,    90] loss: 0.766
[23,   100] loss: 0.807
[23,   110] loss: 0.883
[23,   120] loss: 0.874
[23,   130] loss: 0.913
[23] Validation loss: 7.240, Accuracy: 5.08%
[24,    10] loss: 0.501
[24,    20] loss: 0.570
[24,    30] loss: 0.602
[24,    40] loss: 0.643
[24,    50] loss: 0.644
[24,    60] loss: 0.694
[24,    70] loss: 0.685
[24,    80] loss: 0.761
[24,    90] loss: 0.770
[24,   100] loss: 0.838
[24,   110] loss: 0.829
[24,   120] loss: 0.857
[24,   130] loss: 0.888
[24] Validation loss: 7.220, Accuracy: 5.18%
[25,    10] loss: 0.488
[25,    20] loss: 0.589
[25,    30] loss: 0.568
[25,    40] loss: 0.594
[25,    50] loss: 0.610
[25,    60] loss: 0.658
[25,    70] loss: 0.678
[25,    80] loss: 0.670
[25,    90] loss: 0.735
[25,   100] loss: 0.791
[25,   110] loss: 0.769
[25,   120] loss: 0.866
[25,   130] loss: 0.858
[25] Validation loss: 7.261, Accuracy: 4.96%
[26,    10] loss: 0.483
[26,    20] loss: 0.538
[26,    30] loss: 0.565
[26,    40] loss: 0.608
[26,    50] loss: 0.612
[26,    60] loss: 0.635
[26,    70] loss: 0.652
[26,    80] loss: 0.676
[26,    90] loss: 0.735
[26,   100] loss: 0.741
[26,   110] loss: 0.767
[26,   120] loss: 0.819
[26,   130] loss: 0.872
[26] Validation loss: 7.256, Accuracy: 5.23%
[27,    10] loss: 0.472
[27,    20] loss: 0.537
[27,    30] loss: 0.579
[27,    40] loss: 0.584
[27,    50] loss: 0.609
[27,    60] loss: 0.624
[27,    70] loss: 0.658
[27,    80] loss: 0.669
[27,    90] loss: 0.663
[27,   100] loss: 0.757
[27,   110] loss: 0.769
[27,   120] loss: 0.810
[27,   130] loss: 0.838
[27] Validation loss: 7.288, Accuracy: 5.15%
[28,    10] loss: 0.475
[28,    20] loss: 0.507
[28,    30] loss: 0.536
[28,    40] loss: 0.518
[28,    50] loss: 0.584
[28,    60] loss: 0.596
[28,    70] loss: 0.618
[28,    80] loss: 0.681
[28,    90] loss: 0.668
[28,   100] loss: 0.710
[28,   110] loss: 0.753
[28,   120] loss: 0.777
[28,   130] loss: 0.819
[28] Validation loss: 7.305, Accuracy: 5.12%
[29,    10] loss: 0.471
[29,    20] loss: 0.485
[29,    30] loss: 0.576
[29,    40] loss: 0.543
[29,    50] loss: 0.574
[29,    60] loss: 0.607
[29,    70] loss: 0.630
[29,    80] loss: 0.630
[29,    90] loss: 0.695
[29,   100] loss: 0.697
[29,   110] loss: 0.731
[29,   120] loss: 0.768
[29,   130] loss: 0.853
[29] Validation loss: 7.321, Accuracy: 5.00%
[30,    10] loss: 0.460
[30,    20] loss: 0.503
[30,    30] loss: 0.553
[30,    40] loss: 0.546
[30,    50] loss: 0.561
[30,    60] loss: 0.597
[30,    70] loss: 0.610
[30,    80] loss: 0.645
[30,    90] loss: 0.680
[30,   100] loss: 0.675
[30,   110] loss: 0.780
[30,   120] loss: 0.757
[30,   130] loss: 0.826
[30] Validation loss: 7.296, Accuracy: 5.09%
[31,    10] loss: 0.441
[31,    20] loss: 0.521
[31,    30] loss: 0.507
[31,    40] loss: 0.539
[31,    50] loss: 0.561
[31,    60] loss: 0.568
[31,    70] loss: 0.623
[31,    80] loss: 0.629
[31,    90] loss: 0.667
[31,   100] loss: 0.696
[31,   110] loss: 0.716
[31,   120] loss: 0.750
[31,   130] loss: 0.806
[31] Validation loss: 7.296, Accuracy: 4.98%
[32,    10] loss: 0.433
[32,    20] loss: 0.475
[32,    30] loss: 0.520
[32,    40] loss: 0.530
[32,    50] loss: 0.546
[32,    60] loss: 0.545
[32,    70] loss: 0.583
[32,    80] loss: 0.590
[32,    90] loss: 0.646
[32,   100] loss: 0.685
[32,   110] loss: 0.694
[32,   120] loss: 0.754
[32,   130] loss: 0.784
[32] Validation loss: 7.332, Accuracy: 4.95%
[33,    10] loss: 0.448
[33,    20] loss: 0.495
[33,    30] loss: 0.491
[33,    40] loss: 0.520
[33,    50] loss: 0.545
[33,    60] loss: 0.546
[33,    70] loss: 0.581
[33,    80] loss: 0.626
[33,    90] loss: 0.622
[33,   100] loss: 0.682
[33,   110] loss: 0.697
[33,   120] loss: 0.742
[33,   130] loss: 0.802
[33] Validation loss: 7.323, Accuracy: 5.00%
[34,    10] loss: 0.445
[34,    20] loss: 0.450
[34,    30] loss: 0.494
[34,    40] loss: 0.515
[34,    50] loss: 0.536
[34,    60] loss: 0.553
[34,    70] loss: 0.576
[34,    80] loss: 0.609
[34,    90] loss: 0.636
[34,   100] loss: 0.672
[34,   110] loss: 0.676
[34,   120] loss: 0.725
[34,   130] loss: 0.779
[34] Validation loss: 7.356, Accuracy: 4.89%
