Dataset is copied to /tmp
CONV4, SMALL CLASSIFIER, DROPOUT
Start Training
use checkpointcheckpoints/rotations_long/rotations_ep_25
[1,    10] loss: 6.800
[1,    20] loss: 6.713
[1,    30] loss: 6.695
[1,    40] loss: 6.686
[1,    50] loss: 6.668
[1,    60] loss: 6.644
[1,    70] loss: 6.606
[1,    80] loss: 6.601
[1,    90] loss: 6.541
[1,   100] loss: 6.504
[1,   110] loss: 6.461
[1,   120] loss: 6.403
[1,   130] loss: 6.340
[1] Validation loss: 6.487, Accuracy: 0.80%
[2,    10] loss: 6.199
[2,    20] loss: 6.185
[2,    30] loss: 6.184
[2,    40] loss: 6.171
[2,    50] loss: 6.152
[2,    60] loss: 6.132
[2,    70] loss: 6.105
[2,    80] loss: 6.081
[2,    90] loss: 6.068
[2,   100] loss: 5.994
[2,   110] loss: 6.014
[2,   120] loss: 6.051
[2,   130] loss: 5.978
[2] Validation loss: 6.071, Accuracy: 1.66%
[3,    10] loss: 5.898
[3,    20] loss: 5.870
[3,    30] loss: 5.887
[3,    40] loss: 5.808
[3,    50] loss: 5.856
[3,    60] loss: 5.837
[3,    70] loss: 5.864
[3,    80] loss: 5.859
[3,    90] loss: 5.844
[3,   100] loss: 5.837
[3,   110] loss: 5.855
[3,   120] loss: 5.868
[3,   130] loss: 5.837
[3] Validation loss: 5.919, Accuracy: 2.53%
[4,    10] loss: 5.690
[4,    20] loss: 5.722
[4,    30] loss: 5.632
[4,    40] loss: 5.637
[4,    50] loss: 5.672
[4,    60] loss: 5.725
[4,    70] loss: 5.699
[4,    80] loss: 5.767
[4,    90] loss: 5.697
[4,   100] loss: 5.665
[4,   110] loss: 5.673
[4,   120] loss: 5.675
[4,   130] loss: 5.676
[4] Validation loss: 5.810, Accuracy: 3.02%
[5,    10] loss: 5.509
[5,    20] loss: 5.540
[5,    30] loss: 5.545
[5,    40] loss: 5.618
[5,    50] loss: 5.586
[5,    60] loss: 5.588
[5,    70] loss: 5.591
[5,    80] loss: 5.589
[5,    90] loss: 5.596
[5,   100] loss: 5.633
[5,   110] loss: 5.541
[5,   120] loss: 5.578
[5,   130] loss: 5.615
[5] Validation loss: 5.729, Accuracy: 3.45%
[6,    10] loss: 5.448
[6,    20] loss: 5.414
[6,    30] loss: 5.463
[6,    40] loss: 5.453
[6,    50] loss: 5.435
[6,    60] loss: 5.526
[6,    70] loss: 5.500
[6,    80] loss: 5.486
[6,    90] loss: 5.507
[6,   100] loss: 5.459
[6,   110] loss: 5.518
[6,   120] loss: 5.508
[6,   130] loss: 5.540
[6] Validation loss: 5.668, Accuracy: 4.00%
[7,    10] loss: 5.376
[7,    20] loss: 5.321
[7,    30] loss: 5.312
[7,    40] loss: 5.317
[7,    50] loss: 5.415
[7,    60] loss: 5.407
[7,    70] loss: 5.393
[7,    80] loss: 5.424
[7,    90] loss: 5.412
[7,   100] loss: 5.484
[7,   110] loss: 5.377
[7,   120] loss: 5.425
[7,   130] loss: 5.362
[7] Validation loss: 5.596, Accuracy: 4.43%
[8,    10] loss: 5.299
[8,    20] loss: 5.276
[8,    30] loss: 5.288
[8,    40] loss: 5.295
[8,    50] loss: 5.271
[8,    60] loss: 5.348
[8,    70] loss: 5.312
[8,    80] loss: 5.312
[8,    90] loss: 5.333
[8,   100] loss: 5.342
[8,   110] loss: 5.322
[8,   120] loss: 5.352
[8,   130] loss: 5.378
[8] Validation loss: 5.569, Accuracy: 5.05%
[9,    10] loss: 5.157
[9,    20] loss: 5.202
[9,    30] loss: 5.219
[9,    40] loss: 5.231
[9,    50] loss: 5.269
[9,    60] loss: 5.210
[9,    70] loss: 5.300
[9,    80] loss: 5.243
[9,    90] loss: 5.264
[9,   100] loss: 5.266
[9,   110] loss: 5.331
[9,   120] loss: 5.286
[9,   130] loss: 5.311
[9] Validation loss: 5.532, Accuracy: 5.37%
[10,    10] loss: 5.092
[10,    20] loss: 5.175
[10,    30] loss: 5.095
[10,    40] loss: 5.197
[10,    50] loss: 5.141
[10,    60] loss: 5.212
[10,    70] loss: 5.239
[10,    80] loss: 5.199
[10,    90] loss: 5.174
[10,   100] loss: 5.214
[10,   110] loss: 5.258
[10,   120] loss: 5.264
[10,   130] loss: 5.216
[10] Validation loss: 5.518, Accuracy: 5.71%
[11,    10] loss: 5.047
[11,    20] loss: 5.027
[11,    30] loss: 5.086
[11,    40] loss: 5.188
[11,    50] loss: 5.109
[11,    60] loss: 5.157
[11,    70] loss: 5.182
[11,    80] loss: 5.148
[11,    90] loss: 5.155
[11,   100] loss: 5.105
[11,   110] loss: 5.142
[11,   120] loss: 5.197
[11,   130] loss: 5.145
[11] Validation loss: 5.505, Accuracy: 5.67%
[12,    10] loss: 4.984
[12,    20] loss: 5.005
[12,    30] loss: 5.034
[12,    40] loss: 5.074
[12,    50] loss: 5.047
[12,    60] loss: 5.105
[12,    70] loss: 5.090
[12,    80] loss: 5.115
[12,    90] loss: 5.061
[12,   100] loss: 5.139
[12,   110] loss: 5.134
[12,   120] loss: 5.133
[12,   130] loss: 5.158
[12] Validation loss: 5.490, Accuracy: 5.73%
[13,    10] loss: 4.981
[13,    20] loss: 4.946
[13,    30] loss: 4.954
[13,    40] loss: 4.993
[13,    50] loss: 5.059
[13,    60] loss: 5.032
[13,    70] loss: 5.076
[13,    80] loss: 5.106
[13,    90] loss: 5.028
[13,   100] loss: 5.074
[13,   110] loss: 5.107
[13,   120] loss: 5.146
[13,   130] loss: 5.106
[13] Validation loss: 5.490, Accuracy: 5.79%
[14,    10] loss: 4.925
[14,    20] loss: 4.910
[14,    30] loss: 4.926
[14,    40] loss: 4.942
[14,    50] loss: 5.020
[14,    60] loss: 4.962
[14,    70] loss: 5.038
[14,    80] loss: 5.002
[14,    90] loss: 4.988
[14,   100] loss: 5.041
[14,   110] loss: 5.027
[14,   120] loss: 5.044
[14,   130] loss: 5.033
[14] Validation loss: 5.475, Accuracy: 6.09%
[15,    10] loss: 4.833
[15,    20] loss: 4.799
[15,    30] loss: 4.902
[15,    40] loss: 4.919
[15,    50] loss: 4.929
[15,    60] loss: 4.985
[15,    70] loss: 4.995
[15,    80] loss: 5.037
[15,    90] loss: 5.009
[15,   100] loss: 5.020
[15,   110] loss: 4.967
[15,   120] loss: 5.054
[15,   130] loss: 5.066
[15] Validation loss: 5.475, Accuracy: 5.96%
[16,    10] loss: 4.814
[16,    20] loss: 4.873
[16,    30] loss: 4.838
[16,    40] loss: 4.852
[16,    50] loss: 4.874
[16,    60] loss: 4.907
[16,    70] loss: 4.970
[16,    80] loss: 4.944
[16,    90] loss: 4.873
[16,   100] loss: 4.948
[16,   110] loss: 5.011
[16,   120] loss: 4.920
[16,   130] loss: 5.023
[16] Validation loss: 5.466, Accuracy: 6.32%
[17,    10] loss: 4.722
[17,    20] loss: 4.800
[17,    30] loss: 4.802
[17,    40] loss: 4.826
[17,    50] loss: 4.850
[17,    60] loss: 4.911
[17,    70] loss: 4.837
[17,    80] loss: 4.894
[17,    90] loss: 4.992
[17,   100] loss: 4.925
[17,   110] loss: 4.924
[17,   120] loss: 4.922
[17,   130] loss: 5.019
[17] Validation loss: 5.481, Accuracy: 6.23%
[18,    10] loss: 4.791
[18,    20] loss: 4.788
[18,    30] loss: 4.714
[18,    40] loss: 4.822
[18,    50] loss: 4.850
[18,    60] loss: 4.769
[18,    70] loss: 4.799
[18,    80] loss: 4.898
[18,    90] loss: 4.841
[18,   100] loss: 4.933
[18,   110] loss: 4.833
[18,   120] loss: 4.869
[18,   130] loss: 4.924
[18] Validation loss: 5.468, Accuracy: 6.56%
[19,    10] loss: 4.621
[19,    20] loss: 4.694
[19,    30] loss: 4.690
[19,    40] loss: 4.755
[19,    50] loss: 4.812
[19,    60] loss: 4.738
[19,    70] loss: 4.812
[19,    80] loss: 4.797
[19,    90] loss: 4.890
[19,   100] loss: 4.866
[19,   110] loss: 4.790
[19,   120] loss: 4.932
[19,   130] loss: 4.947
[19] Validation loss: 5.457, Accuracy: 6.73%
[20,    10] loss: 4.628
[20,    20] loss: 4.739
[20,    30] loss: 4.714
[20,    40] loss: 4.703
[20,    50] loss: 4.749
[20,    60] loss: 4.781
[20,    70] loss: 4.663
[20,    80] loss: 4.810
[20,    90] loss: 4.835
[20,   100] loss: 4.813
[20,   110] loss: 4.841
[20,   120] loss: 4.843
[20,   130] loss: 4.906
[20] Validation loss: 5.460, Accuracy: 6.67%
[21,    10] loss: 4.614
[21,    20] loss: 4.634
[21,    30] loss: 4.698
[21,    40] loss: 4.606
[21,    50] loss: 4.767
[21,    60] loss: 4.745
[21,    70] loss: 4.742
[21,    80] loss: 4.758
[21,    90] loss: 4.796
[21,   100] loss: 4.864
[21,   110] loss: 4.798
[21,   120] loss: 4.819
[21,   130] loss: 4.837
[21] Validation loss: 5.474, Accuracy: 6.79%
[22,    10] loss: 4.604
[22,    20] loss: 4.557
[22,    30] loss: 4.655
[22,    40] loss: 4.682
[22,    50] loss: 4.687
[22,    60] loss: 4.688
[22,    70] loss: 4.730
[22,    80] loss: 4.715
[22,    90] loss: 4.685
[22,   100] loss: 4.850
[22,   110] loss: 4.807
[22,   120] loss: 4.823
[22,   130] loss: 4.768
[22] Validation loss: 5.487, Accuracy: 6.35%
[23,    10] loss: 4.514
[23,    20] loss: 4.592
[23,    30] loss: 4.615
[23,    40] loss: 4.613
[23,    50] loss: 4.686
[23,    60] loss: 4.685
[23,    70] loss: 4.687
[23,    80] loss: 4.737
[23,    90] loss: 4.732
[23,   100] loss: 4.759
[23,   110] loss: 4.721
[23,   120] loss: 4.771
[23,   130] loss: 4.784
[23] Validation loss: 5.474, Accuracy: 6.36%
[24,    10] loss: 4.533
[24,    20] loss: 4.548
[24,    30] loss: 4.524
[24,    40] loss: 4.602
[24,    50] loss: 4.672
[24,    60] loss: 4.606
[24,    70] loss: 4.660
[24,    80] loss: 4.681
[24,    90] loss: 4.692
[24,   100] loss: 4.695
[24,   110] loss: 4.761
[24,   120] loss: 4.735
[24,   130] loss: 4.767
[24] Validation loss: 5.484, Accuracy: 6.80%
[25,    10] loss: 4.482
[25,    20] loss: 4.532
[25,    30] loss: 4.562
[25,    40] loss: 4.500
[25,    50] loss: 4.540
[25,    60] loss: 4.623
[25,    70] loss: 4.594
[25,    80] loss: 4.711
[25,    90] loss: 4.728
[25,   100] loss: 4.677
[25,   110] loss: 4.738
[25,   120] loss: 4.657
[25,   130] loss: 4.750
[25] Validation loss: 5.486, Accuracy: 6.75%
[26,    10] loss: 4.446
[26,    20] loss: 4.491
[26,    30] loss: 4.516
[26,    40] loss: 4.566
[26,    50] loss: 4.641
[26,    60] loss: 4.559
[26,    70] loss: 4.593
[26,    80] loss: 4.653
[26,    90] loss: 4.677
[26,   100] loss: 4.769
[26,   110] loss: 4.623
[26,   120] loss: 4.619
[26,   130] loss: 4.664
[26] Validation loss: 5.519, Accuracy: 6.45%
[27,    10] loss: 4.487
[27,    20] loss: 4.538
[27,    30] loss: 4.515
[27,    40] loss: 4.545
[27,    50] loss: 4.560
[27,    60] loss: 4.539
[27,    70] loss: 4.640
[27,    80] loss: 4.644
[27,    90] loss: 4.586
[27,   100] loss: 4.666
[27,   110] loss: 4.593
[27,   120] loss: 4.679
[27,   130] loss: 4.651
[27] Validation loss: 5.504, Accuracy: 6.73%
[28,    10] loss: 4.349
[28,    20] loss: 4.434
[28,    30] loss: 4.444
[28,    40] loss: 4.466
[28,    50] loss: 4.558
[28,    60] loss: 4.538
[28,    70] loss: 4.640
[28,    80] loss: 4.585
[28,    90] loss: 4.568
[28,   100] loss: 4.609
[28,   110] loss: 4.663
[28,   120] loss: 4.702
[28,   130] loss: 4.678
[28] Validation loss: 5.503, Accuracy: 6.71%
[29,    10] loss: 4.371
[29,    20] loss: 4.398
[29,    30] loss: 4.483
[29,    40] loss: 4.515
[29,    50] loss: 4.562
[29,    60] loss: 4.488
[29,    70] loss: 4.490
[29,    80] loss: 4.575
[29,    90] loss: 4.526
[29,   100] loss: 4.600
[29,   110] loss: 4.542
[29,   120] loss: 4.684
[29,   130] loss: 4.574
[29] Validation loss: 5.516, Accuracy: 6.71%
[30,    10] loss: 4.344
[30,    20] loss: 4.356
[30,    30] loss: 4.421
[30,    40] loss: 4.491
[30,    50] loss: 4.413
[30,    60] loss: 4.501
[30,    70] loss: 4.568
[30,    80] loss: 4.507
[30,    90] loss: 4.568
[30,   100] loss: 4.596
[30,   110] loss: 4.636
[30,   120] loss: 4.640
[30,   130] loss: 4.621
[30] Validation loss: 5.522, Accuracy: 6.48%
[31,    10] loss: 4.351
[31,    20] loss: 4.339
[31,    30] loss: 4.419
[31,    40] loss: 4.285
[31,    50] loss: 4.468
[31,    60] loss: 4.399
[31,    70] loss: 4.511
[31,    80] loss: 4.530
[31,    90] loss: 4.551
[31,   100] loss: 4.493
[31,   110] loss: 4.568
[31,   120] loss: 4.625
[31,   130] loss: 4.566
[31] Validation loss: 5.525, Accuracy: 6.67%
[32,    10] loss: 4.332
[32,    20] loss: 4.352
[32,    30] loss: 4.343
[32,    40] loss: 4.419
[32,    50] loss: 4.445
[32,    60] loss: 4.423
[32,    70] loss: 4.469
[32,    80] loss: 4.459
[32,    90] loss: 4.526
[32,   100] loss: 4.555
[32,   110] loss: 4.588
[32,   120] loss: 4.587
[32,   130] loss: 4.739
[32] Validation loss: 5.520, Accuracy: 6.61%
[33,    10] loss: 4.242
[33,    20] loss: 4.306
[33,    30] loss: 4.351
[33,    40] loss: 4.416
[33,    50] loss: 4.461
[33,    60] loss: 4.484
[33,    70] loss: 4.515
[33,    80] loss: 4.477
[33,    90] loss: 4.477
[33,   100] loss: 4.471
[33,   110] loss: 4.570
[33,   120] loss: 4.528
[33,   130] loss: 4.558
[33] Validation loss: 5.540, Accuracy: 6.38%
[34,    10] loss: 4.331
[34,    20] loss: 4.348
[34,    30] loss: 4.303
[34,    40] loss: 4.322
[34,    50] loss: 4.449
[34,    60] loss: 4.468
[34,    70] loss: 4.427
[34,    80] loss: 4.464
[34,    90] loss: 4.466
[34,   100] loss: 4.540
[34,   110] loss: 4.493
[34,   120] loss: 4.507
[34,   130] loss: 4.504
[34] Validation loss: 5.541, Accuracy: 6.56%
[35,    10] loss: 4.243
[35,    20] loss: 4.306
[35,    30] loss: 4.278
[35,    40] loss: 4.300
[35,    50] loss: 4.422
[35,    60] loss: 4.445
[35,    70] loss: 4.401
[35,    80] loss: 4.390
[35,    90] loss: 4.482
[35,   100] loss: 4.493
[35,   110] loss: 4.513
[35,   120] loss: 4.503
[35,   130] loss: 4.561
[35] Validation loss: 5.563, Accuracy: 6.57%
[36,    10] loss: 4.219
[36,    20] loss: 4.252
[36,    30] loss: 4.303
[36,    40] loss: 4.298
[36,    50] loss: 4.340
[36,    60] loss: 4.387
[36,    70] loss: 4.453
[36,    80] loss: 4.427
[36,    90] loss: 4.465
[36,   100] loss: 4.443
[36,   110] loss: 4.433
[36,   120] loss: 4.448
[36,   130] loss: 4.530
[36] Validation loss: 5.548, Accuracy: 6.83%
[37,    10] loss: 4.280
[37,    20] loss: 4.239
[37,    30] loss: 4.277
[37,    40] loss: 4.333
[37,    50] loss: 4.469
[37,    60] loss: 4.325
[37,    70] loss: 4.373
[37,    80] loss: 4.462
[37,    90] loss: 4.438
[37,   100] loss: 4.363
[37,   110] loss: 4.434
[37,   120] loss: 4.506
[37,   130] loss: 4.391
[37] Validation loss: 5.557, Accuracy: 6.58%
[38,    10] loss: 4.210
[38,    20] loss: 4.268
[38,    30] loss: 4.314
[38,    40] loss: 4.341
[38,    50] loss: 4.319
[38,    60] loss: 4.344
[38,    70] loss: 4.362
[38,    80] loss: 4.311
[38,    90] loss: 4.384
[38,   100] loss: 4.431
[38,   110] loss: 4.417
[38,   120] loss: 4.413
[38,   130] loss: 4.441
[38] Validation loss: 5.549, Accuracy: 6.64%
[39,    10] loss: 4.141
[39,    20] loss: 4.191
[39,    30] loss: 4.197
[39,    40] loss: 4.288
[39,    50] loss: 4.317
[39,    60] loss: 4.377
[39,    70] loss: 4.405
[39,    80] loss: 4.347
[39,    90] loss: 4.386
[39,   100] loss: 4.422
[39,   110] loss: 4.400
[39,   120] loss: 4.410
[39,   130] loss: 4.420
[39] Validation loss: 5.582, Accuracy: 6.73%
[40,    10] loss: 4.154
[40,    20] loss: 4.195
[40,    30] loss: 4.192
[40,    40] loss: 4.209
[40,    50] loss: 4.234
[40,    60] loss: 4.317
[40,    70] loss: 4.391
[40,    80] loss: 4.369
[40,    90] loss: 4.404
[40,   100] loss: 4.346
[40,   110] loss: 4.390
[40,   120] loss: 4.413
[40,   130] loss: 4.381
[40] Validation loss: 5.588, Accuracy: 6.72%
[41,    10] loss: 4.119
[41,    20] loss: 4.192
[41,    30] loss: 4.241
[41,    40] loss: 4.265
[41,    50] loss: 4.305
[41,    60] loss: 4.245
[41,    70] loss: 4.284
[41,    80] loss: 4.344
[41,    90] loss: 4.307
[41,   100] loss: 4.429
[41,   110] loss: 4.322
[41,   120] loss: 4.472
[41,   130] loss: 4.418
[41] Validation loss: 5.601, Accuracy: 6.67%
[42,    10] loss: 4.080
[42,    20] loss: 4.091
[42,    30] loss: 4.154
[42,    40] loss: 4.137
[42,    50] loss: 4.263
[42,    60] loss: 4.323
[42,    70] loss: 4.308
[42,    80] loss: 4.297
[42,    90] loss: 4.333
[42,   100] loss: 4.364
[42,   110] loss: 4.416
[42,   120] loss: 4.410
[42,   130] loss: 4.434
[42] Validation loss: 5.580, Accuracy: 6.60%
[43,    10] loss: 4.035
[43,    20] loss: 4.044
[43,    30] loss: 4.232
[43,    40] loss: 4.153
[43,    50] loss: 4.190
[43,    60] loss: 4.330
[43,    70] loss: 4.315
[43,    80] loss: 4.404
[43,    90] loss: 4.345
[43,   100] loss: 4.365
[43,   110] loss: 4.329
[43,   120] loss: 4.371
[43,   130] loss: 4.349
[43] Validation loss: 5.606, Accuracy: 6.60%
[44,    10] loss: 4.108
[44,    20] loss: 4.083
[44,    30] loss: 4.168
[44,    40] loss: 4.086
[44,    50] loss: 4.222
[44,    60] loss: 4.255
[44,    70] loss: 4.281
[44,    80] loss: 4.209
[44,    90] loss: 4.289
[44,   100] loss: 4.373
[44,   110] loss: 4.327
[44,   120] loss: 4.373
[44,   130] loss: 4.463
[44] Validation loss: 5.595, Accuracy: 6.64%
[45,    10] loss: 4.030
[45,    20] loss: 4.145
[45,    30] loss: 4.126
[45,    40] loss: 4.191
[45,    50] loss: 4.288
[45,    60] loss: 4.217
[45,    70] loss: 4.223
[45,    80] loss: 4.322
[45,    90] loss: 4.349
[45,   100] loss: 4.335
[45,   110] loss: 4.304
[45,   120] loss: 4.366
[45,   130] loss: 4.403
[45] Validation loss: 5.607, Accuracy: 6.63%
[46,    10] loss: 4.082
[46,    20] loss: 4.102
[46,    30] loss: 4.186
[46,    40] loss: 4.195
[46,    50] loss: 4.185
[46,    60] loss: 4.150
[46,    70] loss: 4.226
[46,    80] loss: 4.267
[46,    90] loss: 4.258
[46,   100] loss: 4.313
[46,   110] loss: 4.356
[46,   120] loss: 4.327
[46,   130] loss: 4.328
[46] Validation loss: 5.618, Accuracy: 6.46%
[47,    10] loss: 4.069
[47,    20] loss: 4.064
[47,    30] loss: 4.113
[47,    40] loss: 4.108
[47,    50] loss: 4.192
[47,    60] loss: 4.210
[47,    70] loss: 4.296
[47,    80] loss: 4.272
[47,    90] loss: 4.338
[47,   100] loss: 4.347
[47,   110] loss: 4.405
[47,   120] loss: 4.330
[47,   130] loss: 4.390
[47] Validation loss: 5.598, Accuracy: 6.80%
[48,    10] loss: 3.994
[48,    20] loss: 4.060
[48,    30] loss: 4.084
[48,    40] loss: 4.127
[48,    50] loss: 4.183
[48,    60] loss: 4.210
[48,    70] loss: 4.206
[48,    80] loss: 4.284
[48,    90] loss: 4.249
[48,   100] loss: 4.265
[48,   110] loss: 4.237
[48,   120] loss: 4.320
[48,   130] loss: 4.350
[48] Validation loss: 5.604, Accuracy: 6.80%
[49,    10] loss: 4.017
[49,    20] loss: 4.019
[49,    30] loss: 4.098
[49,    40] loss: 4.106
[49,    50] loss: 4.065
[49,    60] loss: 4.105
[49,    70] loss: 4.271
[49,    80] loss: 4.161
[49,    90] loss: 4.245
[49,   100] loss: 4.295
[49,   110] loss: 4.264
[49,   120] loss: 4.249
[49,   130] loss: 4.280
[49] Validation loss: 5.639, Accuracy: 6.70%
[50,    10] loss: 3.998
[50,    20] loss: 4.036
[50,    30] loss: 4.038
[50,    40] loss: 4.084
[50,    50] loss: 4.090
[50,    60] loss: 4.108
[50,    70] loss: 4.191
[50,    80] loss: 4.231
[50,    90] loss: 4.215
[50,   100] loss: 4.271
[50,   110] loss: 4.252
[50,   120] loss: 4.343
[50,   130] loss: 4.272
[50] Validation loss: 5.665, Accuracy: 6.59%
Finished Training
Time elapsed: 1816.759108552
Saved checkpoint to checkpoints/rotation_classifier.pth
