Dataset is copied to /tmp
CONV4, SMALL CLASSIFIER, DROPOUT+MoreBN
Start Training
use checkpointcheckpoints/rotations_aug/rotations_ep_80
[1,    10] loss: 6.811
[1,    20] loss: 6.689
[1,    30] loss: 6.621
[1,    40] loss: 6.521
[1,    50] loss: 6.443
[1,    60] loss: 6.360
[1,    70] loss: 6.286
[1,    80] loss: 6.233
[1,    90] loss: 6.126
[1,   100] loss: 6.117
[1,   110] loss: 6.092
[1,   120] loss: 5.999
[1,   130] loss: 5.959
[1] Validation loss: 5.944, Accuracy: 3.28%
[2,    10] loss: 5.647
[2,    20] loss: 5.617
[2,    30] loss: 5.610
[2,    40] loss: 5.610
[2,    50] loss: 5.578
[2,    60] loss: 5.590
[2,    70] loss: 5.605
[2,    80] loss: 5.628
[2,    90] loss: 5.593
[2,   100] loss: 5.715
[2,   110] loss: 5.605
[2,   120] loss: 5.634
[2,   130] loss: 5.643
[2] Validation loss: 5.646, Accuracy: 5.09%
[3,    10] loss: 5.159
[3,    20] loss: 5.242
[3,    30] loss: 5.304
[3,    40] loss: 5.276
[3,    50] loss: 5.358
[3,    60] loss: 5.345
[3,    70] loss: 5.357
[3,    80] loss: 5.324
[3,    90] loss: 5.385
[3,   100] loss: 5.323
[3,   110] loss: 5.321
[3,   120] loss: 5.361
[3,   130] loss: 5.433
[3] Validation loss: 5.554, Accuracy: 6.25%
[4,    10] loss: 4.956
[4,    20] loss: 5.036
[4,    30] loss: 5.030
[4,    40] loss: 5.020
[4,    50] loss: 5.135
[4,    60] loss: 5.090
[4,    70] loss: 5.138
[4,    80] loss: 5.101
[4,    90] loss: 5.147
[4,   100] loss: 5.203
[4,   110] loss: 5.218
[4,   120] loss: 5.214
[4,   130] loss: 5.216
[4] Validation loss: 5.493, Accuracy: 6.99%
[5,    10] loss: 4.821
[5,    20] loss: 4.820
[5,    30] loss: 4.793
[5,    40] loss: 4.902
[5,    50] loss: 4.911
[5,    60] loss: 4.966
[5,    70] loss: 4.958
[5,    80] loss: 4.972
[5,    90] loss: 5.009
[5,   100] loss: 5.074
[5,   110] loss: 5.060
[5,   120] loss: 5.036
[5,   130] loss: 5.024
[5] Validation loss: 5.431, Accuracy: 7.42%
[6,    10] loss: 4.643
[6,    20] loss: 4.605
[6,    30] loss: 4.752
[6,    40] loss: 4.713
[6,    50] loss: 4.807
[6,    60] loss: 4.884
[6,    70] loss: 4.869
[6,    80] loss: 4.942
[6,    90] loss: 4.831
[6,   100] loss: 4.895
[6,   110] loss: 4.892
[6,   120] loss: 4.933
[6,   130] loss: 4.974
[6] Validation loss: 5.427, Accuracy: 7.88%
[7,    10] loss: 4.474
[7,    20] loss: 4.527
[7,    30] loss: 4.591
[7,    40] loss: 4.729
[7,    50] loss: 4.723
[7,    60] loss: 4.735
[7,    70] loss: 4.689
[7,    80] loss: 4.731
[7,    90] loss: 4.775
[7,   100] loss: 4.768
[7,   110] loss: 4.833
[7,   120] loss: 4.819
[7,   130] loss: 4.840
[7] Validation loss: 5.387, Accuracy: 7.96%
[8,    10] loss: 4.409
[8,    20] loss: 4.490
[8,    30] loss: 4.488
[8,    40] loss: 4.525
[8,    50] loss: 4.544
[8,    60] loss: 4.595
[8,    70] loss: 4.601
[8,    80] loss: 4.662
[8,    90] loss: 4.703
[8,   100] loss: 4.745
[8,   110] loss: 4.705
[8,   120] loss: 4.711
[8,   130] loss: 4.718
[8] Validation loss: 5.391, Accuracy: 8.15%
[9,    10] loss: 4.253
[9,    20] loss: 4.394
[9,    30] loss: 4.394
[9,    40] loss: 4.416
[9,    50] loss: 4.472
[9,    60] loss: 4.461
[9,    70] loss: 4.501
[9,    80] loss: 4.501
[9,    90] loss: 4.633
[9,   100] loss: 4.560
[9,   110] loss: 4.717
[9,   120] loss: 4.577
[9,   130] loss: 4.740
[9] Validation loss: 5.390, Accuracy: 8.49%
[10,    10] loss: 4.142
[10,    20] loss: 4.225
[10,    30] loss: 4.306
[10,    40] loss: 4.359
[10,    50] loss: 4.364
[10,    60] loss: 4.395
[10,    70] loss: 4.381
[10,    80] loss: 4.523
[10,    90] loss: 4.476
[10,   100] loss: 4.613
[10,   110] loss: 4.466
[10,   120] loss: 4.652
[10,   130] loss: 4.625
[10] Validation loss: 5.375, Accuracy: 8.85%
[11,    10] loss: 4.077
[11,    20] loss: 4.124
[11,    30] loss: 4.153
[11,    40] loss: 4.221
[11,    50] loss: 4.271
[11,    60] loss: 4.338
[11,    70] loss: 4.355
[11,    80] loss: 4.446
[11,    90] loss: 4.402
[11,   100] loss: 4.369
[11,   110] loss: 4.511
[11,   120] loss: 4.486
[11,   130] loss: 4.528
[11] Validation loss: 5.388, Accuracy: 8.69%
[12,    10] loss: 4.029
[12,    20] loss: 4.030
[12,    30] loss: 4.109
[12,    40] loss: 4.151
[12,    50] loss: 4.271
[12,    60] loss: 4.162
[12,    70] loss: 4.292
[12,    80] loss: 4.321
[12,    90] loss: 4.275
[12,   100] loss: 4.373
[12,   110] loss: 4.438
[12,   120] loss: 4.354
[12,   130] loss: 4.410
[12] Validation loss: 5.405, Accuracy: 8.71%
[13,    10] loss: 3.974
[13,    20] loss: 3.955
[13,    30] loss: 4.005
[13,    40] loss: 4.026
[13,    50] loss: 4.141
[13,    60] loss: 4.126
[13,    70] loss: 4.201
[13,    80] loss: 4.242
[13,    90] loss: 4.298
[13,   100] loss: 4.271
[13,   110] loss: 4.344
[13,   120] loss: 4.254
[13,   130] loss: 4.336
[13] Validation loss: 5.429, Accuracy: 8.74%
[14,    10] loss: 3.857
[14,    20] loss: 3.890
[14,    30] loss: 3.912
[14,    40] loss: 3.984
[14,    50] loss: 4.106
[14,    60] loss: 4.039
[14,    70] loss: 4.119
[14,    80] loss: 4.137
[14,    90] loss: 4.217
[14,   100] loss: 4.231
[14,   110] loss: 4.244
[14,   120] loss: 4.305
[14,   130] loss: 4.236
[14] Validation loss: 5.429, Accuracy: 8.91%
[15,    10] loss: 3.737
[15,    20] loss: 3.824
[15,    30] loss: 3.873
[15,    40] loss: 4.003
[15,    50] loss: 3.983
[15,    60] loss: 4.001
[15,    70] loss: 3.953
[15,    80] loss: 4.094
[15,    90] loss: 4.135
[15,   100] loss: 4.151
[15,   110] loss: 4.197
[15,   120] loss: 4.159
[15,   130] loss: 4.268
[15] Validation loss: 5.447, Accuracy: 8.62%
[16,    10] loss: 3.612
[16,    20] loss: 3.807
[16,    30] loss: 3.759
[16,    40] loss: 3.903
[16,    50] loss: 3.900
[16,    60] loss: 3.939
[16,    70] loss: 3.875
[16,    80] loss: 3.984
[16,    90] loss: 4.044
[16,   100] loss: 4.038
[16,   110] loss: 4.080
[16,   120] loss: 4.090
[16,   130] loss: 4.121
[16] Validation loss: 5.466, Accuracy: 8.54%
[17,    10] loss: 3.614
[17,    20] loss: 3.598
[17,    30] loss: 3.655
[17,    40] loss: 3.734
[17,    50] loss: 3.771
[17,    60] loss: 3.873
[17,    70] loss: 3.915
[17,    80] loss: 3.949
[17,    90] loss: 4.008
[17,   100] loss: 3.968
[17,   110] loss: 4.082
[17,   120] loss: 4.014
[17,   130] loss: 4.098
[17] Validation loss: 5.502, Accuracy: 8.61%
[18,    10] loss: 3.492
[18,    20] loss: 3.564
[18,    30] loss: 3.631
[18,    40] loss: 3.702
[18,    50] loss: 3.796
[18,    60] loss: 3.734
[18,    70] loss: 3.823
[18,    80] loss: 3.810
[18,    90] loss: 3.867
[18,   100] loss: 3.920
[18,   110] loss: 3.998
[18,   120] loss: 3.959
[18,   130] loss: 3.965
[18] Validation loss: 5.523, Accuracy: 8.66%
[19,    10] loss: 3.446
[19,    20] loss: 3.491
[19,    30] loss: 3.604
[19,    40] loss: 3.528
[19,    50] loss: 3.688
[19,    60] loss: 3.720
[19,    70] loss: 3.763
[19,    80] loss: 3.839
[19,    90] loss: 3.787
[19,   100] loss: 3.892
[19,   110] loss: 3.854
[19,   120] loss: 3.895
[19,   130] loss: 3.987
[19] Validation loss: 5.562, Accuracy: 8.61%
[20,    10] loss: 3.397
[20,    20] loss: 3.464
[20,    30] loss: 3.495
[20,    40] loss: 3.503
[20,    50] loss: 3.654
[20,    60] loss: 3.626
[20,    70] loss: 3.728
[20,    80] loss: 3.690
[20,    90] loss: 3.748
[20,   100] loss: 3.827
[20,   110] loss: 3.787
[20,   120] loss: 3.875
[20,   130] loss: 3.930
[20] Validation loss: 5.586, Accuracy: 8.47%
[21,    10] loss: 3.340
[21,    20] loss: 3.392
[21,    30] loss: 3.445
[21,    40] loss: 3.481
[21,    50] loss: 3.575
[21,    60] loss: 3.558
[21,    70] loss: 3.699
[21,    80] loss: 3.674
[21,    90] loss: 3.688
[21,   100] loss: 3.728
[21,   110] loss: 3.707
[21,   120] loss: 3.758
[21,   130] loss: 3.840
[21] Validation loss: 5.629, Accuracy: 8.42%
[22,    10] loss: 3.284
[22,    20] loss: 3.264
[22,    30] loss: 3.341
[22,    40] loss: 3.348
[22,    50] loss: 3.486
[22,    60] loss: 3.531
[22,    70] loss: 3.567
[22,    80] loss: 3.580
[22,    90] loss: 3.653
[22,   100] loss: 3.707
[22,   110] loss: 3.688
[22,   120] loss: 3.713
[22,   130] loss: 3.710
[22] Validation loss: 5.676, Accuracy: 8.33%
[23,    10] loss: 3.115
[23,    20] loss: 3.243
[23,    30] loss: 3.297
[23,    40] loss: 3.327
[23,    50] loss: 3.473
[23,    60] loss: 3.467
[23,    70] loss: 3.472
[23,    80] loss: 3.561
[23,    90] loss: 3.489
[23,   100] loss: 3.639
[23,   110] loss: 3.627
[23,   120] loss: 3.750
[23,   130] loss: 3.687
[23] Validation loss: 5.704, Accuracy: 8.42%
[24,    10] loss: 3.088
[24,    20] loss: 3.151
[24,    30] loss: 3.141
[24,    40] loss: 3.364
[24,    50] loss: 3.376
[24,    60] loss: 3.383
[24,    70] loss: 3.456
[24,    80] loss: 3.481
[24,    90] loss: 3.499
[24,   100] loss: 3.556
[24,   110] loss: 3.552
[24,   120] loss: 3.590
[24,   130] loss: 3.569
[24] Validation loss: 5.729, Accuracy: 8.41%
