Dataset is copied to /tmp
CONV4, SMALL CLASSIFIER, DROPOUT+MoreBN
Start Training
use checkpointcheckpoints/rotations_long/rotations_ep_25
[1,    10] loss: 6.765
[1,    20] loss: 6.568
[1,    30] loss: 6.477
[1,    40] loss: 6.336
[1,    50] loss: 6.207
[1,    60] loss: 6.077
[1,    70] loss: 5.988
[1,    80] loss: 5.942
[1,    90] loss: 5.892
[1,   100] loss: 5.784
[1,   110] loss: 5.815
[1,   120] loss: 5.726
[1,   130] loss: 5.722
[1] Validation loss: 5.728, Accuracy: 4.44%
[2,    10] loss: 5.042
[2,    20] loss: 5.061
[2,    30] loss: 5.048
[2,    40] loss: 5.097
[2,    50] loss: 5.154
[2,    60] loss: 5.154
[2,    70] loss: 5.151
[2,    80] loss: 5.167
[2,    90] loss: 5.239
[2,   100] loss: 5.157
[2,   110] loss: 5.160
[2,   120] loss: 5.206
[2,   130] loss: 5.248
[2] Validation loss: 5.497, Accuracy: 6.48%
[3,    10] loss: 4.438
[3,    20] loss: 4.379
[3,    30] loss: 4.528
[3,    40] loss: 4.512
[3,    50] loss: 4.501
[3,    60] loss: 4.673
[3,    70] loss: 4.653
[3,    80] loss: 4.663
[3,    90] loss: 4.755
[3,   100] loss: 4.686
[3,   110] loss: 4.761
[3,   120] loss: 4.812
[3,   130] loss: 4.756
[3] Validation loss: 5.419, Accuracy: 7.58%
[4,    10] loss: 3.937
[4,    20] loss: 3.926
[4,    30] loss: 4.140
[4,    40] loss: 4.091
[4,    50] loss: 4.105
[4,    60] loss: 4.155
[4,    70] loss: 4.284
[4,    80] loss: 4.254
[4,    90] loss: 4.336
[4,   100] loss: 4.404
[4,   110] loss: 4.376
[4,   120] loss: 4.427
[4,   130] loss: 4.391
[4] Validation loss: 5.404, Accuracy: 7.94%
[5,    10] loss: 3.520
[5,    20] loss: 3.571
[5,    30] loss: 3.616
[5,    40] loss: 3.740
[5,    50] loss: 3.778
[5,    60] loss: 3.809
[5,    70] loss: 3.884
[5,    80] loss: 3.928
[5,    90] loss: 3.984
[5,   100] loss: 4.063
[5,   110] loss: 4.065
[5,   120] loss: 4.068
[5,   130] loss: 4.174
[5] Validation loss: 5.418, Accuracy: 8.15%
[6,    10] loss: 3.207
[6,    20] loss: 3.217
[6,    30] loss: 3.297
[6,    40] loss: 3.315
[6,    50] loss: 3.423
[6,    60] loss: 3.453
[6,    70] loss: 3.561
[6,    80] loss: 3.613
[6,    90] loss: 3.664
[6,   100] loss: 3.749
[6,   110] loss: 3.700
[6,   120] loss: 3.793
[6,   130] loss: 3.758
[6] Validation loss: 5.446, Accuracy: 8.59%
[7,    10] loss: 2.823
[7,    20] loss: 2.897
[7,    30] loss: 2.993
[7,    40] loss: 2.983
[7,    50] loss: 3.091
[7,    60] loss: 3.141
[7,    70] loss: 3.192
[7,    80] loss: 3.304
[7,    90] loss: 3.288
[7,   100] loss: 3.339
[7,   110] loss: 3.506
[7,   120] loss: 3.487
[7,   130] loss: 3.497
[7] Validation loss: 5.534, Accuracy: 8.41%
[8,    10] loss: 2.504
[8,    20] loss: 2.510
[8,    30] loss: 2.623
[8,    40] loss: 2.714
[8,    50] loss: 2.705
[8,    60] loss: 2.872
[8,    70] loss: 2.858
[8,    80] loss: 3.042
[8,    90] loss: 3.004
[8,   100] loss: 3.033
[8,   110] loss: 3.105
[8,   120] loss: 3.163
[8,   130] loss: 3.175
[8] Validation loss: 5.607, Accuracy: 8.28%
[9,    10] loss: 2.138
[9,    20] loss: 2.238
[9,    30] loss: 2.315
[9,    40] loss: 2.413
[9,    50] loss: 2.455
[9,    60] loss: 2.505
[9,    70] loss: 2.523
[9,    80] loss: 2.618
[9,    90] loss: 2.675
[9,   100] loss: 2.756
[9,   110] loss: 2.771
[9,   120] loss: 2.849
[9,   130] loss: 2.907
[9] Validation loss: 5.716, Accuracy: 8.41%
[10,    10] loss: 1.893
[10,    20] loss: 2.004
[10,    30] loss: 2.024
[10,    40] loss: 2.065
[10,    50] loss: 2.123
[10,    60] loss: 2.180
[10,    70] loss: 2.333
[10,    80] loss: 2.420
[10,    90] loss: 2.405
[10,   100] loss: 2.400
[10,   110] loss: 2.494
[10,   120] loss: 2.578
[10,   130] loss: 2.555
[10] Validation loss: 5.808, Accuracy: 8.29%
[11,    10] loss: 1.685
[11,    20] loss: 1.654
[11,    30] loss: 1.734
[11,    40] loss: 1.812
[11,    50] loss: 1.866
[11,    60] loss: 1.894
[11,    70] loss: 1.965
[11,    80] loss: 2.071
[11,    90] loss: 2.058
[11,   100] loss: 2.143
[11,   110] loss: 2.205
[11,   120] loss: 2.282
[11,   130] loss: 2.308
[11] Validation loss: 5.899, Accuracy: 8.27%
[12,    10] loss: 1.431
[12,    20] loss: 1.449
[12,    30] loss: 1.527
[12,    40] loss: 1.577
[12,    50] loss: 1.584
[12,    60] loss: 1.722
[12,    70] loss: 1.737
[12,    80] loss: 1.789
[12,    90] loss: 1.841
[12,   100] loss: 1.932
[12,   110] loss: 1.930
[12,   120] loss: 1.975
[12,   130] loss: 2.072
[12] Validation loss: 6.017, Accuracy: 8.23%
[13,    10] loss: 1.219
[13,    20] loss: 1.285
[13,    30] loss: 1.308
[13,    40] loss: 1.332
[13,    50] loss: 1.438
[13,    60] loss: 1.464
[13,    70] loss: 1.508
[13,    80] loss: 1.591
[13,    90] loss: 1.577
[13,   100] loss: 1.664
[13,   110] loss: 1.760
[13,   120] loss: 1.766
[13,   130] loss: 1.835
[13] Validation loss: 6.119, Accuracy: 8.12%
[14,    10] loss: 1.054
[14,    20] loss: 1.159
[14,    30] loss: 1.205
[14,    40] loss: 1.143
[14,    50] loss: 1.246
[14,    60] loss: 1.261
[14,    70] loss: 1.354
[14,    80] loss: 1.341
[14,    90] loss: 1.403
[14,   100] loss: 1.469
[14,   110] loss: 1.534
[14,   120] loss: 1.609
[14,   130] loss: 1.672
[14] Validation loss: 6.168, Accuracy: 8.09%
[15,    10] loss: 0.935
[15,    20] loss: 0.975
[15,    30] loss: 1.048
[15,    40] loss: 1.082
[15,    50] loss: 1.116
[15,    60] loss: 1.150
[15,    70] loss: 1.197
[15,    80] loss: 1.230
[15,    90] loss: 1.296
[15,   100] loss: 1.323
[15,   110] loss: 1.392
[15,   120] loss: 1.375
[15,   130] loss: 1.448
[15] Validation loss: 6.257, Accuracy: 7.93%
[16,    10] loss: 0.836
[16,    20] loss: 0.922
[16,    30] loss: 0.960
[16,    40] loss: 0.936
[16,    50] loss: 0.991
[16,    60] loss: 1.073
[16,    70] loss: 1.028
[16,    80] loss: 1.124
[16,    90] loss: 1.140
[16,   100] loss: 1.219
[16,   110] loss: 1.217
[16,   120] loss: 1.298
[16,   130] loss: 1.380
[16] Validation loss: 6.363, Accuracy: 7.85%
