Dataset is copied to /tmp
CONV4, SMALL CLASSIFIER, DROPOUT+MoreBN
Start Training
use checkpointcheckpoints/rotations_aug/rotations_ep_5
[1,    10] loss: 6.792
[1,    20] loss: 6.695
[1,    30] loss: 6.654
[1,    40] loss: 6.677
[1,    50] loss: 6.572
[1,    60] loss: 6.540
[1,    70] loss: 6.471
[1,    80] loss: 6.428
[1,    90] loss: 6.370
[1,   100] loss: 6.370
[1,   110] loss: 6.348
[1,   120] loss: 6.255
[1,   130] loss: 6.219
[1] Validation loss: 6.326, Accuracy: 2.14%
[2,    10] loss: 5.692
[2,    20] loss: 5.750
[2,    30] loss: 5.784
[2,    40] loss: 5.791
[2,    50] loss: 5.782
[2,    60] loss: 5.778
[2,    70] loss: 5.768
[2,    80] loss: 5.813
[2,    90] loss: 5.837
[2,   100] loss: 5.819
[2,   110] loss: 5.790
[2,   120] loss: 5.855
[2,   130] loss: 5.838
[2] Validation loss: 6.087, Accuracy: 3.08%
[3,    10] loss: 5.174
[3,    20] loss: 5.161
[3,    30] loss: 5.221
[3,    40] loss: 5.392
[3,    50] loss: 5.412
[3,    60] loss: 5.375
[3,    70] loss: 5.414
[3,    80] loss: 5.472
[3,    90] loss: 5.426
[3,   100] loss: 5.450
[3,   110] loss: 5.488
[3,   120] loss: 5.435
[3,   130] loss: 5.434
[3] Validation loss: 5.971, Accuracy: 4.01%
[4,    10] loss: 4.874
[4,    20] loss: 4.838
[4,    30] loss: 4.914
[4,    40] loss: 4.933
[4,    50] loss: 5.005
[4,    60] loss: 5.028
[4,    70] loss: 5.086
[4,    80] loss: 5.077
[4,    90] loss: 5.157
[4,   100] loss: 5.187
[4,   110] loss: 5.136
[4,   120] loss: 5.262
[4,   130] loss: 5.217
[4] Validation loss: 5.958, Accuracy: 4.39%
[5,    10] loss: 4.532
[5,    20] loss: 4.563
[5,    30] loss: 4.639
[5,    40] loss: 4.703
[5,    50] loss: 4.682
[5,    60] loss: 4.692
[5,    70] loss: 4.786
[5,    80] loss: 4.825
[5,    90] loss: 4.855
[5,   100] loss: 4.888
[5,   110] loss: 4.987
[5,   120] loss: 4.953
[5,   130] loss: 4.936
[5] Validation loss: 5.964, Accuracy: 4.66%
[6,    10] loss: 4.203
[6,    20] loss: 4.205
[6,    30] loss: 4.302
[6,    40] loss: 4.337
[6,    50] loss: 4.449
[6,    60] loss: 4.530
[6,    70] loss: 4.516
[6,    80] loss: 4.588
[6,    90] loss: 4.630
[6,   100] loss: 4.637
[6,   110] loss: 4.657
[6,   120] loss: 4.741
[6,   130] loss: 4.771
[6] Validation loss: 5.975, Accuracy: 4.91%
[7,    10] loss: 3.900
[7,    20] loss: 3.898
[7,    30] loss: 4.042
[7,    40] loss: 4.131
[7,    50] loss: 4.149
[7,    60] loss: 4.171
[7,    70] loss: 4.257
[7,    80] loss: 4.346
[7,    90] loss: 4.357
[7,   100] loss: 4.425
[7,   110] loss: 4.407
[7,   120] loss: 4.435
[7,   130] loss: 4.459
[7] Validation loss: 6.023, Accuracy: 4.85%
[8,    10] loss: 3.628
[8,    20] loss: 3.663
[8,    30] loss: 3.683
[8,    40] loss: 3.786
[8,    50] loss: 3.873
[8,    60] loss: 3.888
[8,    70] loss: 3.992
[8,    80] loss: 4.046
[8,    90] loss: 4.119
[8,   100] loss: 4.125
[8,   110] loss: 4.118
[8,   120] loss: 4.206
[8,   130] loss: 4.237
[8] Validation loss: 6.084, Accuracy: 4.99%
[9,    10] loss: 3.347
[9,    20] loss: 3.368
[9,    30] loss: 3.501
[9,    40] loss: 3.524
[9,    50] loss: 3.626
[9,    60] loss: 3.629
[9,    70] loss: 3.677
[9,    80] loss: 3.690
[9,    90] loss: 3.746
[9,   100] loss: 3.842
[9,   110] loss: 3.832
[9,   120] loss: 3.911
[9,   130] loss: 3.945
[9] Validation loss: 6.164, Accuracy: 5.06%
[10,    10] loss: 2.975
[10,    20] loss: 3.148
[10,    30] loss: 3.173
[10,    40] loss: 3.137
[10,    50] loss: 3.260
[10,    60] loss: 3.328
[10,    70] loss: 3.391
[10,    80] loss: 3.392
[10,    90] loss: 3.470
[10,   100] loss: 3.576
[10,   110] loss: 3.624
[10,   120] loss: 3.641
[10,   130] loss: 3.688
[10] Validation loss: 6.290, Accuracy: 4.83%
[11,    10] loss: 2.777
[11,    20] loss: 2.776
[11,    30] loss: 2.842
[11,    40] loss: 2.944
[11,    50] loss: 3.008
[11,    60] loss: 3.120
[11,    70] loss: 3.065
[11,    80] loss: 3.075
[11,    90] loss: 3.238
[11,   100] loss: 3.270
[11,   110] loss: 3.329
[11,   120] loss: 3.318
[11,   130] loss: 3.337
[11] Validation loss: 6.371, Accuracy: 4.81%
[12,    10] loss: 2.432
[12,    20] loss: 2.530
[12,    30] loss: 2.477
[12,    40] loss: 2.563
[12,    50] loss: 2.715
[12,    60] loss: 2.696
[12,    70] loss: 2.797
[12,    80] loss: 2.818
[12,    90] loss: 2.905
[12,   100] loss: 2.989
[12,   110] loss: 3.030
[12,   120] loss: 3.081
[12,   130] loss: 3.113
[12] Validation loss: 6.491, Accuracy: 4.55%
[13,    10] loss: 2.124
[13,    20] loss: 2.256
[13,    30] loss: 2.263
[13,    40] loss: 2.329
[13,    50] loss: 2.358
[13,    60] loss: 2.383
[13,    70] loss: 2.553
[13,    80] loss: 2.592
[13,    90] loss: 2.639
[13,   100] loss: 2.668
[13,   110] loss: 2.778
[13,   120] loss: 2.803
[13,   130] loss: 2.786
[13] Validation loss: 6.623, Accuracy: 4.71%
[14,    10] loss: 1.862
[14,    20] loss: 1.925
[14,    30] loss: 2.025
[14,    40] loss: 2.069
[14,    50] loss: 2.131
[14,    60] loss: 2.164
[14,    70] loss: 2.265
[14,    80] loss: 2.302
[14,    90] loss: 2.405
[14,   100] loss: 2.391
[14,   110] loss: 2.526
[14,   120] loss: 2.488
[14,   130] loss: 2.596
[14] Validation loss: 6.767, Accuracy: 4.56%
[15,    10] loss: 1.675
[15,    20] loss: 1.721
[15,    30] loss: 1.844
[15,    40] loss: 1.823
[15,    50] loss: 1.921
[15,    60] loss: 1.953
[15,    70] loss: 2.059
[15,    80] loss: 2.069
[15,    90] loss: 2.098
[15,   100] loss: 2.148
[15,   110] loss: 2.211
[15,   120] loss: 2.321
[15,   130] loss: 2.336
[15] Validation loss: 6.873, Accuracy: 4.48%
[16,    10] loss: 1.450
[16,    20] loss: 1.577
[16,    30] loss: 1.572
[16,    40] loss: 1.647
[16,    50] loss: 1.698
[16,    60] loss: 1.760
[16,    70] loss: 1.834
[16,    80] loss: 1.823
[16,    90] loss: 1.972
[16,   100] loss: 2.002
[16,   110] loss: 2.009
[16,   120] loss: 2.053
[16,   130] loss: 2.048
[16] Validation loss: 7.022, Accuracy: 4.30%
[17,    10] loss: 1.263
[17,    20] loss: 1.429
[17,    30] loss: 1.442
[17,    40] loss: 1.441
[17,    50] loss: 1.489
[17,    60] loss: 1.557
[17,    70] loss: 1.676
[17,    80] loss: 1.711
[17,    90] loss: 1.665
[17,   100] loss: 1.753
[17,   110] loss: 1.787
[17,   120] loss: 1.816
[17,   130] loss: 1.886
[17] Validation loss: 7.127, Accuracy: 4.44%
[18,    10] loss: 1.208
[18,    20] loss: 1.253
[18,    30] loss: 1.314
[18,    40] loss: 1.326
[18,    50] loss: 1.352
[18,    60] loss: 1.451
[18,    70] loss: 1.457
[18,    80] loss: 1.552
[18,    90] loss: 1.542
[18,   100] loss: 1.606
[18,   110] loss: 1.677
[18,   120] loss: 1.653
[18,   130] loss: 1.779
[18] Validation loss: 7.199, Accuracy: 4.14%
[19,    10] loss: 1.069
[19,    20] loss: 1.101
[19,    30] loss: 1.134
[19,    40] loss: 1.203
[19,    50] loss: 1.205
[19,    60] loss: 1.293
[19,    70] loss: 1.328
[19,    80] loss: 1.317
[19,    90] loss: 1.422
[19,   100] loss: 1.437
[19,   110] loss: 1.504
[19,   120] loss: 1.541
[19,   130] loss: 1.572
[19] Validation loss: 7.305, Accuracy: 4.21%
[20,    10] loss: 0.923
[20,    20] loss: 0.973
[20,    30] loss: 1.036
[20,    40] loss: 1.075
[20,    50] loss: 1.155
[20,    60] loss: 1.202
[20,    70] loss: 1.218
[20,    80] loss: 1.299
[20,    90] loss: 1.283
[20,   100] loss: 1.346
[20,   110] loss: 1.401
[20,   120] loss: 1.455
[20,   130] loss: 1.516
[20] Validation loss: 7.394, Accuracy: 4.25%
[21,    10] loss: 0.863
[21,    20] loss: 0.963
[21,    30] loss: 0.978
[21,    40] loss: 1.008
[21,    50] loss: 1.038
[21,    60] loss: 1.085
[21,    70] loss: 1.116
[21,    80] loss: 1.132
[21,    90] loss: 1.219
[21,   100] loss: 1.312
[21,   110] loss: 1.281
[21,   120] loss: 1.382
[21,   130] loss: 1.391
[21] Validation loss: 7.444, Accuracy: 4.09%
[22,    10] loss: 0.836
[22,    20] loss: 0.889
[22,    30] loss: 0.954
[22,    40] loss: 0.953
[22,    50] loss: 1.041
[22,    60] loss: 1.033
[22,    70] loss: 1.059
[22,    80] loss: 1.118
[22,    90] loss: 1.114
[22,   100] loss: 1.185
[22,   110] loss: 1.278
[22,   120] loss: 1.267
[22,   130] loss: 1.355
[22] Validation loss: 7.546, Accuracy: 4.02%
[23,    10] loss: 0.764
[23,    20] loss: 0.813
[23,    30] loss: 0.863
[23,    40] loss: 0.854
[23,    50] loss: 0.927
[23,    60] loss: 0.948
[23,    70] loss: 0.995
[23,    80] loss: 1.002
[23,    90] loss: 1.073
[23,   100] loss: 1.076
[23,   110] loss: 1.164
[23,   120] loss: 1.153
[23,   130] loss: 1.217
[23] Validation loss: 7.581, Accuracy: 4.12%
[24,    10] loss: 0.712
[24,    20] loss: 0.753
[24,    30] loss: 0.750
[24,    40] loss: 0.838
[24,    50] loss: 0.854
[24,    60] loss: 0.903
[24,    70] loss: 0.953
[24,    80] loss: 0.964
[24,    90] loss: 1.002
[24,   100] loss: 1.112
[24,   110] loss: 1.073
[24,   120] loss: 1.122
[24,   130] loss: 1.156
[24] Validation loss: 7.648, Accuracy: 3.96%
[25,    10] loss: 0.697
[25,    20] loss: 0.769
[25,    30] loss: 0.793
[25,    40] loss: 0.801
[25,    50] loss: 0.801
[25,    60] loss: 0.853
[25,    70] loss: 0.895
[25,    80] loss: 0.976
[25,    90] loss: 0.975
[25,   100] loss: 1.022
[25,   110] loss: 1.101
[25,   120] loss: 1.109
[25,   130] loss: 1.157
[25] Validation loss: 7.695, Accuracy: 3.95%
[26,    10] loss: 0.681
[26,    20] loss: 0.737
[26,    30] loss: 0.751
[26,    40] loss: 0.794
[26,    50] loss: 0.770
[26,    60] loss: 0.861
[26,    70] loss: 0.881
[26,    80] loss: 0.906
[26,    90] loss: 0.938
[26,   100] loss: 0.944
[26,   110] loss: 0.965
[26,   120] loss: 1.049
[26,   130] loss: 1.058
