Dataset is copied to /tmp
MODEL W DROPOUT, PART FREEZE, SMALL CLASSIFIER, BN
Start Training
use checkpointcheckpoints/rotations_long/rotations_ep_25
[1,    10] loss: 6.861
[1,    20] loss: 6.850
[1,    30] loss: 6.554
[1,    40] loss: 6.356
[1,    50] loss: 6.179
[1,    60] loss: 6.054
[1,    70] loss: 5.987
[1,    80] loss: 5.972
[1,    90] loss: 5.831
[1,   100] loss: 5.799
[1,   110] loss: 5.833
[1,   120] loss: 5.711
[1,   130] loss: 5.718
[1] Validation loss: 5.797, Accuracy: 3.83%
[2,    10] loss: 4.900
[2,    20] loss: 4.794
[2,    30] loss: 4.819
[2,    40] loss: 4.836
[2,    50] loss: 4.987
[2,    60] loss: 5.062
[2,    70] loss: 4.979
[2,    80] loss: 5.017
[2,    90] loss: 5.052
[2,   100] loss: 5.080
[2,   110] loss: 5.025
[2,   120] loss: 5.093
[2,   130] loss: 5.034
[2] Validation loss: 5.566, Accuracy: 5.77%
[3,    10] loss: 3.917
[3,    20] loss: 3.723
[3,    30] loss: 3.739
[3,    40] loss: 3.872
[3,    50] loss: 4.012
[3,    60] loss: 4.117
[3,    70] loss: 4.209
[3,    80] loss: 4.180
[3,    90] loss: 4.305
[3,   100] loss: 4.314
[3,   110] loss: 4.316
[3,   120] loss: 4.339
[3,   130] loss: 4.412
[3] Validation loss: 5.667, Accuracy: 5.96%
[4,    10] loss: 2.916
[4,    20] loss: 2.833
[4,    30] loss: 2.861
[4,    40] loss: 2.905
[4,    50] loss: 3.107
[4,    60] loss: 3.238
[4,    70] loss: 3.241
[4,    80] loss: 3.372
[4,    90] loss: 3.469
[4,   100] loss: 3.429
[4,   110] loss: 3.563
[4,   120] loss: 3.593
[4,   130] loss: 3.581
[4] Validation loss: 6.052, Accuracy: 6.12%
[5,    10] loss: 2.078
[5,    20] loss: 1.950
[5,    30] loss: 1.893
[5,    40] loss: 1.934
[5,    50] loss: 2.085
[5,    60] loss: 2.097
[5,    70] loss: 2.215
[5,    80] loss: 2.415
[5,    90] loss: 2.573
[5,   100] loss: 2.647
[5,   110] loss: 2.645
[5,   120] loss: 2.834
[5,   130] loss: 2.791
[5] Validation loss: 6.619, Accuracy: 5.92%
[6,    10] loss: 1.305
[6,    20] loss: 1.295
[6,    30] loss: 1.227
[6,    40] loss: 1.286
[6,    50] loss: 1.370
[6,    60] loss: 1.393
[6,    70] loss: 1.419
[6,    80] loss: 1.564
[6,    90] loss: 1.587
[6,   100] loss: 1.761
[6,   110] loss: 1.838
[6,   120] loss: 1.912
[6,   130] loss: 1.930
[6] Validation loss: 7.190, Accuracy: 5.65%
[7,    10] loss: 0.859
[7,    20] loss: 0.887
[7,    30] loss: 0.804
[7,    40] loss: 0.823
[7,    50] loss: 0.816
[7,    60] loss: 0.855
[7,    70] loss: 0.904
[7,    80] loss: 0.996
[7,    90] loss: 1.068
[7,   100] loss: 1.105
[7,   110] loss: 1.245
[7,   120] loss: 1.308
[7,   130] loss: 1.403
[7] Validation loss: 7.748, Accuracy: 5.28%
[8,    10] loss: 0.615
[8,    20] loss: 0.657
[8,    30] loss: 0.560
[8,    40] loss: 0.602
[8,    50] loss: 0.618
[8,    60] loss: 0.614
[8,    70] loss: 0.642
[8,    80] loss: 0.664
[8,    90] loss: 0.704
[8,   100] loss: 0.795
[8,   110] loss: 0.907
[8,   120] loss: 0.926
[8,   130] loss: 0.960
[8] Validation loss: 8.182, Accuracy: 5.50%
