Dataset is copied to /tmp
MODEL W DROPOUT
Start Training
use checkpointcheckpoints/rotations_long/rotations_ep_25
[1,    10] loss: 6.709
[1,    20] loss: 6.683
[1,    30] loss: 6.678
[1,    40] loss: 6.664
[1,    50] loss: 6.632
[1,    60] loss: 6.633
[1,    70] loss: 6.575
[1,    80] loss: 6.508
[1,    90] loss: 6.484
[1,   100] loss: 6.441
[1,   110] loss: 6.401
[1,   120] loss: 6.400
[1,   130] loss: 6.362
[1] Validation loss: 6.518, Accuracy: 0.45%
[2,    10] loss: 6.263
[2,    20] loss: 6.300
[2,    30] loss: 6.235
[2,    40] loss: 6.214
[2,    50] loss: 6.219
[2,    60] loss: 6.226
[2,    70] loss: 6.218
[2,    80] loss: 6.232
[2,    90] loss: 6.239
[2,   100] loss: 6.189
[2,   110] loss: 6.218
[2,   120] loss: 6.197
[2,   130] loss: 6.192
[2] Validation loss: 6.306, Accuracy: 0.83%
[3,    10] loss: 6.083
[3,    20] loss: 6.059
[3,    30] loss: 6.070
[3,    40] loss: 6.087
[3,    50] loss: 6.051
[3,    60] loss: 6.062
[3,    70] loss: 6.034
[3,    80] loss: 6.009
[3,    90] loss: 5.983
[3,   100] loss: 6.039
[3,   110] loss: 6.000
[3,   120] loss: 5.998
[3,   130] loss: 6.000
[3] Validation loss: 6.133, Accuracy: 1.12%
[4,    10] loss: 5.884
[4,    20] loss: 5.877
[4,    30] loss: 5.908
[4,    40] loss: 5.892
[4,    50] loss: 5.867
[4,    60] loss: 5.984
[4,    70] loss: 5.924
[4,    80] loss: 5.876
[4,    90] loss: 5.989
[4,   100] loss: 5.894
[4,   110] loss: 5.952
[4,   120] loss: 5.932
[4,   130] loss: 5.874
[4] Validation loss: 6.060, Accuracy: 1.34%
[5,    10] loss: 5.774
[5,    20] loss: 5.769
[5,    30] loss: 5.816
[5,    40] loss: 5.813
[5,    50] loss: 5.796
[5,    60] loss: 5.822
[5,    70] loss: 5.820
[5,    80] loss: 5.808
[5,    90] loss: 5.817
[5,   100] loss: 5.843
[5,   110] loss: 5.823
[5,   120] loss: 5.872
[5,   130] loss: 5.870
[5] Validation loss: 6.012, Accuracy: 1.73%
[6,    10] loss: 5.720
[6,    20] loss: 5.715
[6,    30] loss: 5.722
[6,    40] loss: 5.705
[6,    50] loss: 5.730
[6,    60] loss: 5.754
[6,    70] loss: 5.804
[6,    80] loss: 5.685
[6,    90] loss: 5.738
[6,   100] loss: 5.722
[6,   110] loss: 5.745
[6,   120] loss: 5.735
[6,   130] loss: 5.808
[6] Validation loss: 5.949, Accuracy: 2.05%
[7,    10] loss: 5.660
[7,    20] loss: 5.588
[7,    30] loss: 5.651
[7,    40] loss: 5.615
[7,    50] loss: 5.642
[7,    60] loss: 5.685
[7,    70] loss: 5.695
[7,    80] loss: 5.677
[7,    90] loss: 5.618
[7,   100] loss: 5.672
[7,   110] loss: 5.698
[7,   120] loss: 5.710
[7,   130] loss: 5.730
[7] Validation loss: 5.886, Accuracy: 2.34%
[8,    10] loss: 5.530
[8,    20] loss: 5.535
[8,    30] loss: 5.534
[8,    40] loss: 5.623
[8,    50] loss: 5.591
[8,    60] loss: 5.609
[8,    70] loss: 5.598
[8,    80] loss: 5.642
[8,    90] loss: 5.560
[8,   100] loss: 5.620
[8,   110] loss: 5.603
[8,   120] loss: 5.625
[8,   130] loss: 5.630
[8] Validation loss: 5.875, Accuracy: 2.49%
[9,    10] loss: 5.443
[9,    20] loss: 5.439
[9,    30] loss: 5.510
[9,    40] loss: 5.546
[9,    50] loss: 5.584
[9,    60] loss: 5.539
[9,    70] loss: 5.556
[9,    80] loss: 5.579
[9,    90] loss: 5.536
[9,   100] loss: 5.611
[9,   110] loss: 5.524
[9,   120] loss: 5.578
[9,   130] loss: 5.587
[9] Validation loss: 5.857, Accuracy: 2.62%
[10,    10] loss: 5.417
[10,    20] loss: 5.378
[10,    30] loss: 5.476
[10,    40] loss: 5.499
[10,    50] loss: 5.441
[10,    60] loss: 5.467
[10,    70] loss: 5.520
[10,    80] loss: 5.513
[10,    90] loss: 5.563
[10,   100] loss: 5.507
[10,   110] loss: 5.541
[10,   120] loss: 5.552
[10,   130] loss: 5.501
[10] Validation loss: 5.859, Accuracy: 2.75%
[11,    10] loss: 5.385
[11,    20] loss: 5.321
[11,    30] loss: 5.367
[11,    40] loss: 5.419
[11,    50] loss: 5.417
[11,    60] loss: 5.435
[11,    70] loss: 5.473
[11,    80] loss: 5.477
[11,    90] loss: 5.452
[11,   100] loss: 5.450
[11,   110] loss: 5.477
[11,   120] loss: 5.459
[11,   130] loss: 5.558
[11] Validation loss: 5.837, Accuracy: 3.02%
[12,    10] loss: 5.277
[12,    20] loss: 5.322
[12,    30] loss: 5.296
[12,    40] loss: 5.432
[12,    50] loss: 5.433
[12,    60] loss: 5.399
[12,    70] loss: 5.410
[12,    80] loss: 5.433
[12,    90] loss: 5.407
[12,   100] loss: 5.473
[12,   110] loss: 5.486
[12,   120] loss: 5.443
[12,   130] loss: 5.479
[12] Validation loss: 5.823, Accuracy: 3.15%
[13,    10] loss: 5.264
[13,    20] loss: 5.324
[13,    30] loss: 5.268
[13,    40] loss: 5.310
[13,    50] loss: 5.383
[13,    60] loss: 5.369
[13,    70] loss: 5.353
[13,    80] loss: 5.406
[13,    90] loss: 5.378
[13,   100] loss: 5.349
[13,   110] loss: 5.403
[13,   120] loss: 5.424
[13,   130] loss: 5.396
[13] Validation loss: 5.787, Accuracy: 3.38%
[14,    10] loss: 5.224
[14,    20] loss: 5.268
[14,    30] loss: 5.254
[14,    40] loss: 5.256
[14,    50] loss: 5.366
[14,    60] loss: 5.313
[14,    70] loss: 5.335
[14,    80] loss: 5.326
[14,    90] loss: 5.313
[14,   100] loss: 5.347
[14,   110] loss: 5.406
[14,   120] loss: 5.354
[14,   130] loss: 5.401
[14] Validation loss: 5.780, Accuracy: 3.30%
[15,    10] loss: 5.186
[15,    20] loss: 5.164
[15,    30] loss: 5.240
[15,    40] loss: 5.210
[15,    50] loss: 5.295
[15,    60] loss: 5.316
[15,    70] loss: 5.273
[15,    80] loss: 5.268
[15,    90] loss: 5.374
[15,   100] loss: 5.306
[15,   110] loss: 5.392
[15,   120] loss: 5.399
[15,   130] loss: 5.374
[15] Validation loss: 5.794, Accuracy: 3.37%
[16,    10] loss: 5.171
[16,    20] loss: 5.152
[16,    30] loss: 5.220
[16,    40] loss: 5.258
[16,    50] loss: 5.263
[16,    60] loss: 5.220
[16,    70] loss: 5.261
[16,    80] loss: 5.280
[16,    90] loss: 5.299
[16,   100] loss: 5.273
[16,   110] loss: 5.273
[16,   120] loss: 5.335
[16,   130] loss: 5.310
[16] Validation loss: 5.800, Accuracy: 3.63%
[17,    10] loss: 5.087
[17,    20] loss: 5.121
[17,    30] loss: 5.232
[17,    40] loss: 5.187
[17,    50] loss: 5.227
[17,    60] loss: 5.208
[17,    70] loss: 5.224
[17,    80] loss: 5.277
[17,    90] loss: 5.317
[17,   100] loss: 5.298
[17,   110] loss: 5.241
[17,   120] loss: 5.276
[17,   130] loss: 5.262
[17] Validation loss: 5.777, Accuracy: 3.62%
[18,    10] loss: 5.117
[18,    20] loss: 5.087
[18,    30] loss: 5.148
[18,    40] loss: 5.162
[18,    50] loss: 5.175
[18,    60] loss: 5.263
[18,    70] loss: 5.180
[18,    80] loss: 5.206
[18,    90] loss: 5.219
[18,   100] loss: 5.245
[18,   110] loss: 5.300
[18,   120] loss: 5.280
[18,   130] loss: 5.248
[18] Validation loss: 5.779, Accuracy: 3.76%
[19,    10] loss: 5.135
[19,    20] loss: 5.072
[19,    30] loss: 5.125
[19,    40] loss: 5.137
[19,    50] loss: 5.139
[19,    60] loss: 5.135
[19,    70] loss: 5.189
[19,    80] loss: 5.199
[19,    90] loss: 5.226
[19,   100] loss: 5.176
[19,   110] loss: 5.162
[19,   120] loss: 5.239
[19,   130] loss: 5.231
[19] Validation loss: 5.807, Accuracy: 3.62%
[20,    10] loss: 5.122
[20,    20] loss: 5.086
[20,    30] loss: 5.069
[20,    40] loss: 5.137
[20,    50] loss: 5.147
[20,    60] loss: 5.219
[20,    70] loss: 5.074
[20,    80] loss: 5.186
[20,    90] loss: 5.129
[20,   100] loss: 5.190
[20,   110] loss: 5.238
[20,   120] loss: 5.222
[20,   130] loss: 5.202
[20] Validation loss: 5.809, Accuracy: 3.75%
[21,    10] loss: 5.052
[21,    20] loss: 4.949
[21,    30] loss: 5.062
[21,    40] loss: 5.056
[21,    50] loss: 5.060
[21,    60] loss: 5.140
[21,    70] loss: 5.154
[21,    80] loss: 5.147
[21,    90] loss: 5.184
[21,   100] loss: 5.197
[21,   110] loss: 5.200
[21,   120] loss: 5.186
[21,   130] loss: 5.135
[21] Validation loss: 5.788, Accuracy: 3.85%
[22,    10] loss: 4.918
[22,    20] loss: 4.979
[22,    30] loss: 5.046
[22,    40] loss: 5.145
[22,    50] loss: 5.065
[22,    60] loss: 5.094
[22,    70] loss: 5.065
[22,    80] loss: 5.112
[22,    90] loss: 5.114
[22,   100] loss: 5.187
[22,   110] loss: 5.161
[22,   120] loss: 5.192
[22,   130] loss: 5.202
[22] Validation loss: 5.789, Accuracy: 3.89%
[23,    10] loss: 4.927
[23,    20] loss: 4.943
[23,    30] loss: 4.984
[23,    40] loss: 4.990
[23,    50] loss: 5.041
[23,    60] loss: 5.031
[23,    70] loss: 5.087
[23,    80] loss: 5.159
[23,    90] loss: 5.156
[23,   100] loss: 5.108
[23,   110] loss: 5.088
[23,   120] loss: 5.145
[23,   130] loss: 5.188
[23] Validation loss: 5.808, Accuracy: 3.83%
[24,    10] loss: 4.957
[24,    20] loss: 4.930
[24,    30] loss: 5.022
[24,    40] loss: 4.952
[24,    50] loss: 5.060
[24,    60] loss: 5.081
[24,    70] loss: 5.038
[24,    80] loss: 4.981
[24,    90] loss: 5.137
[24,   100] loss: 5.137
[24,   110] loss: 5.107
[24,   120] loss: 5.187
[24,   130] loss: 5.153
[24] Validation loss: 5.803, Accuracy: 3.79%
[25,    10] loss: 4.919
[25,    20] loss: 4.896
[25,    30] loss: 4.932
[25,    40] loss: 5.051
[25,    50] loss: 5.003
[25,    60] loss: 5.036
[25,    70] loss: 5.023
[25,    80] loss: 5.047
[25,    90] loss: 5.048
[25,   100] loss: 5.115
[25,   110] loss: 5.037
[25,   120] loss: 5.089
[25,   130] loss: 5.196
[25] Validation loss: 5.803, Accuracy: 3.85%
[26,    10] loss: 4.890
[26,    20] loss: 4.876
[26,    30] loss: 4.868
[26,    40] loss: 4.994
[26,    50] loss: 5.029
[26,    60] loss: 5.035
[26,    70] loss: 4.995
[26,    80] loss: 5.023
[26,    90] loss: 5.050
[26,   100] loss: 5.057
[26,   110] loss: 5.104
[26,   120] loss: 5.042
[26,   130] loss: 5.129
[26] Validation loss: 5.831, Accuracy: 3.87%
[27,    10] loss: 4.905
[27,    20] loss: 4.885
[27,    30] loss: 4.935
[27,    40] loss: 4.961
[27,    50] loss: 4.963
[27,    60] loss: 5.020
[27,    70] loss: 4.968
[27,    80] loss: 5.029
[27,    90] loss: 5.049
[27,   100] loss: 4.982
[27,   110] loss: 5.072
[27,   120] loss: 5.093
[27,   130] loss: 5.005
[27] Validation loss: 5.830, Accuracy: 3.82%
[28,    10] loss: 4.786
[28,    20] loss: 4.858
[28,    30] loss: 4.879
[28,    40] loss: 4.930
[28,    50] loss: 5.008
[28,    60] loss: 4.981
[28,    70] loss: 4.969
[28,    80] loss: 5.050
[28,    90] loss: 4.994
[28,   100] loss: 5.028
[28,   110] loss: 5.034
[28,   120] loss: 5.091
[28,   130] loss: 5.078
[28] Validation loss: 5.835, Accuracy: 3.77%
[29,    10] loss: 4.820
[29,    20] loss: 4.847
[29,    30] loss: 4.934
[29,    40] loss: 4.859
[29,    50] loss: 4.918
[29,    60] loss: 4.891
[29,    70] loss: 5.002
[29,    80] loss: 5.024
[29,    90] loss: 4.959
[29,   100] loss: 5.042
[29,   110] loss: 5.019
[29,   120] loss: 5.038
[29,   130] loss: 5.059
[29] Validation loss: 5.857, Accuracy: 3.86%
[30,    10] loss: 4.782
[30,    20] loss: 4.843
[30,    30] loss: 4.852
[30,    40] loss: 4.901
[30,    50] loss: 4.932
[30,    60] loss: 4.947
[30,    70] loss: 4.946
[30,    80] loss: 5.003
[30,    90] loss: 5.002
[30,   100] loss: 5.012
[30,   110] loss: 4.971
[30,   120] loss: 5.030
[30,   130] loss: 5.015
[30] Validation loss: 5.853, Accuracy: 3.92%
[31,    10] loss: 4.755
[31,    20] loss: 4.812
[31,    30] loss: 4.851
[31,    40] loss: 4.820
[31,    50] loss: 4.892
[31,    60] loss: 4.898
[31,    70] loss: 4.994
[31,    80] loss: 4.974
[31,    90] loss: 4.968
[31,   100] loss: 4.988
[31,   110] loss: 5.001
[31,   120] loss: 5.077
[31,   130] loss: 5.020
[31] Validation loss: 5.838, Accuracy: 4.14%
[32,    10] loss: 4.783
[32,    20] loss: 4.778
[32,    30] loss: 4.754
[32,    40] loss: 4.812
[32,    50] loss: 4.921
[32,    60] loss: 4.910
[32,    70] loss: 4.890
[32,    80] loss: 4.934
[32,    90] loss: 4.871
[32,   100] loss: 4.988
[32,   110] loss: 5.019
[32,   120] loss: 5.014
[32,   130] loss: 4.955
[32] Validation loss: 5.902, Accuracy: 3.97%
[33,    10] loss: 4.819
[33,    20] loss: 4.776
[33,    30] loss: 4.766
[33,    40] loss: 4.862
[33,    50] loss: 4.886
[33,    60] loss: 4.833
[33,    70] loss: 4.850
[33,    80] loss: 4.893
[33,    90] loss: 4.921
[33,   100] loss: 4.970
[33,   110] loss: 4.988
[33,   120] loss: 4.932
[33,   130] loss: 5.006
[33] Validation loss: 5.819, Accuracy: 4.09%
[34,    10] loss: 4.764
[34,    20] loss: 4.771
[34,    30] loss: 4.783
[34,    40] loss: 4.834
[34,    50] loss: 4.901
[34,    60] loss: 4.836
[34,    70] loss: 4.941
[34,    80] loss: 4.891
[34,    90] loss: 4.904
[34,   100] loss: 4.955
[34,   110] loss: 4.909
[34,   120] loss: 4.910
[34,   130] loss: 4.945
[34] Validation loss: 5.855, Accuracy: 4.15%
[35,    10] loss: 4.759
[35,    20] loss: 4.795
[35,    30] loss: 4.786
[35,    40] loss: 4.769
[35,    50] loss: 4.820
[35,    60] loss: 4.852
[35,    70] loss: 4.860
[35,    80] loss: 4.870
[35,    90] loss: 4.895
[35,   100] loss: 4.944
[35,   110] loss: 4.950
[35,   120] loss: 4.962
[35,   130] loss: 5.017
[35] Validation loss: 5.848, Accuracy: 3.98%
[36,    10] loss: 4.747
[36,    20] loss: 4.720
[36,    30] loss: 4.708
[36,    40] loss: 4.781
[36,    50] loss: 4.831
[36,    60] loss: 4.859
[36,    70] loss: 4.873
[36,    80] loss: 4.907
[36,    90] loss: 4.911
[36,   100] loss: 4.918
[36,   110] loss: 4.920
[36,   120] loss: 4.945
[36,   130] loss: 4.933
[36] Validation loss: 5.884, Accuracy: 4.12%
[37,    10] loss: 4.693
[37,    20] loss: 4.690
[37,    30] loss: 4.768
[37,    40] loss: 4.859
[37,    50] loss: 4.799
[37,    60] loss: 4.808
[37,    70] loss: 4.866
[37,    80] loss: 4.851
[37,    90] loss: 4.855
[37,   100] loss: 4.875
[37,   110] loss: 4.851
[37,   120] loss: 4.959
[37,   130] loss: 4.923
[37] Validation loss: 5.898, Accuracy: 4.16%
[38,    10] loss: 4.693
[38,    20] loss: 4.708
[38,    30] loss: 4.737
[38,    40] loss: 4.813
[38,    50] loss: 4.827
[38,    60] loss: 4.726
[38,    70] loss: 4.854
[38,    80] loss: 4.829
[38,    90] loss: 4.897
[38,   100] loss: 4.918
[38,   110] loss: 4.848
[38,   120] loss: 4.900
[38,   130] loss: 4.852
[38] Validation loss: 5.897, Accuracy: 4.02%
[39,    10] loss: 4.633
[39,    20] loss: 4.742
[39,    30] loss: 4.705
[39,    40] loss: 4.714
[39,    50] loss: 4.839
[39,    60] loss: 4.854
[39,    70] loss: 4.851
[39,    80] loss: 4.864
[39,    90] loss: 4.829
[39,   100] loss: 4.817
[39,   110] loss: 4.913
[39,   120] loss: 4.856
[39,   130] loss: 4.851
[39] Validation loss: 5.889, Accuracy: 4.27%
[40,    10] loss: 4.648
[40,    20] loss: 4.704
[40,    30] loss: 4.675
[40,    40] loss: 4.759
[40,    50] loss: 4.775
[40,    60] loss: 4.797
[40,    70] loss: 4.775
[40,    80] loss: 4.836
[40,    90] loss: 4.853
[40,   100] loss: 4.838
[40,   110] loss: 4.799
[40,   120] loss: 4.800
[40,   130] loss: 4.862
[40] Validation loss: 5.880, Accuracy: 4.29%
[41,    10] loss: 4.634
[41,    20] loss: 4.726
[41,    30] loss: 4.681
[41,    40] loss: 4.714
[41,    50] loss: 4.728
[41,    60] loss: 4.734
[41,    70] loss: 4.791
[41,    80] loss: 4.822
[41,    90] loss: 4.812
[41,   100] loss: 4.893
[41,   110] loss: 4.821
[41,   120] loss: 4.895
[41,   130] loss: 4.879
[41] Validation loss: 5.881, Accuracy: 4.17%
[42,    10] loss: 4.600
[42,    20] loss: 4.656
[42,    30] loss: 4.688
[42,    40] loss: 4.761
[42,    50] loss: 4.741
[42,    60] loss: 4.825
[42,    70] loss: 4.755
[42,    80] loss: 4.849
[42,    90] loss: 4.793
[42,   100] loss: 4.791
[42,   110] loss: 4.841
[42,   120] loss: 4.851
[42,   130] loss: 4.867
[42] Validation loss: 5.882, Accuracy: 4.12%
[43,    10] loss: 4.635
[43,    20] loss: 4.635
[43,    30] loss: 4.633
[43,    40] loss: 4.666
[43,    50] loss: 4.728
[43,    60] loss: 4.748
[43,    70] loss: 4.768
[43,    80] loss: 4.827
[43,    90] loss: 4.785
[43,   100] loss: 4.828
[43,   110] loss: 4.927
[43,   120] loss: 4.834
[43,   130] loss: 4.830
[43] Validation loss: 5.921, Accuracy: 4.24%
[44,    10] loss: 4.590
[44,    20] loss: 4.691
[44,    30] loss: 4.632
[44,    40] loss: 4.708
[44,    50] loss: 4.718
[44,    60] loss: 4.748
[44,    70] loss: 4.725
[44,    80] loss: 4.741
[44,    90] loss: 4.765
[44,   100] loss: 4.815
[44,   110] loss: 4.802
[44,   120] loss: 4.895
[44,   130] loss: 4.851
[44] Validation loss: 5.929, Accuracy: 4.21%
[45,    10] loss: 4.539
[45,    20] loss: 4.659
[45,    30] loss: 4.612
[45,    40] loss: 4.628
[45,    50] loss: 4.769
[45,    60] loss: 4.770
[45,    70] loss: 4.672
[45,    80] loss: 4.755
[45,    90] loss: 4.740
[45,   100] loss: 4.829
[45,   110] loss: 4.862
[45,   120] loss: 4.839
[45,   130] loss: 4.832
[45] Validation loss: 5.930, Accuracy: 4.14%
[46,    10] loss: 4.565
[46,    20] loss: 4.674
[46,    30] loss: 4.708
[46,    40] loss: 4.643
[46,    50] loss: 4.692
[46,    60] loss: 4.710
[46,    70] loss: 4.757
[46,    80] loss: 4.756
[46,    90] loss: 4.708
[46,   100] loss: 4.803
[46,   110] loss: 4.804
[46,   120] loss: 4.789
[46,   130] loss: 4.840
[46] Validation loss: 5.924, Accuracy: 4.11%
[47,    10] loss: 4.620
[47,    20] loss: 4.559
[47,    30] loss: 4.566
[47,    40] loss: 4.607
[47,    50] loss: 4.705
[47,    60] loss: 4.746
[47,    70] loss: 4.677
[47,    80] loss: 4.796
[47,    90] loss: 4.781
[47,   100] loss: 4.781
[47,   110] loss: 4.756
[47,   120] loss: 4.874
[47,   130] loss: 4.793
[47] Validation loss: 5.946, Accuracy: 4.11%
[48,    10] loss: 4.567
[48,    20] loss: 4.658
[48,    30] loss: 4.616
[48,    40] loss: 4.627
[48,    50] loss: 4.645
[48,    60] loss: 4.746
[48,    70] loss: 4.720
[48,    80] loss: 4.751
[48,    90] loss: 4.729
[48,   100] loss: 4.730
[48,   110] loss: 4.766
[48,   120] loss: 4.803
[48,   130] loss: 4.745
[48] Validation loss: 5.935, Accuracy: 4.17%
[49,    10] loss: 4.519
[49,    20] loss: 4.639
[49,    30] loss: 4.582
[49,    40] loss: 4.602
[49,    50] loss: 4.705
[49,    60] loss: 4.711
[49,    70] loss: 4.732
[49,    80] loss: 4.728
[49,    90] loss: 4.727
[49,   100] loss: 4.755
[49,   110] loss: 4.754
[49,   120] loss: 4.694
[49,   130] loss: 4.812
[49] Validation loss: 5.923, Accuracy: 4.21%
[50,    10] loss: 4.522
[50,    20] loss: 4.592
[50,    30] loss: 4.579
[50,    40] loss: 4.566
[50,    50] loss: 4.632
[50,    60] loss: 4.630
[50,    70] loss: 4.675
[50,    80] loss: 4.700
[50,    90] loss: 4.776
[50,   100] loss: 4.712
[50,   110] loss: 4.800
[50,   120] loss: 4.832
[50,   130] loss: 4.775
[50] Validation loss: 5.951, Accuracy: 4.12%
Finished Training
Time elapsed: 1863.795306449
Saved checkpoint to checkpoints/rotation_classifier.pth
