Dataset is copied to /tmp
MODEL W DROPOUT, ALL FREEZE, SMALL CLASSIFIER, WD
Start Training
use checkpointcheckpoints/rotations_long/rotations_ep_25
[1,    10] loss: 6.693
[1,    20] loss: 6.685
[1,    30] loss: 6.677
[1,    40] loss: 6.664
[1,    50] loss: 6.631
[1,    60] loss: 6.612
[1,    70] loss: 6.563
[1,    80] loss: 6.492
[1,    90] loss: 6.501
[1,   100] loss: 6.453
[1,   110] loss: 6.428
[1,   120] loss: 6.395
[1,   130] loss: 6.384
[1] Validation loss: 6.533, Accuracy: 0.46%
[2,    10] loss: 6.301
[2,    20] loss: 6.326
[2,    30] loss: 6.287
[2,    40] loss: 6.324
[2,    50] loss: 6.333
[2,    60] loss: 6.319
[2,    70] loss: 6.333
[2,    80] loss: 6.322
[2,    90] loss: 6.298
[2,   100] loss: 6.305
[2,   110] loss: 6.297
[2,   120] loss: 6.285
[2,   130] loss: 6.314
[2] Validation loss: 6.437, Accuracy: 0.55%
[3,    10] loss: 6.258
[3,    20] loss: 6.213
[3,    30] loss: 6.245
[3,    40] loss: 6.250
[3,    50] loss: 6.249
[3,    60] loss: 6.209
[3,    70] loss: 6.209
[3,    80] loss: 6.224
[3,    90] loss: 6.194
[3,   100] loss: 6.186
[3,   110] loss: 6.159
[3,   120] loss: 6.167
[3,   130] loss: 6.176
[3] Validation loss: 6.310, Accuracy: 0.79%
[4,    10] loss: 6.098
[4,    20] loss: 6.115
[4,    30] loss: 6.138
[4,    40] loss: 6.114
[4,    50] loss: 6.115
[4,    60] loss: 6.150
[4,    70] loss: 6.122
[4,    80] loss: 6.093
[4,    90] loss: 6.131
[4,   100] loss: 6.100
[4,   110] loss: 6.104
[4,   120] loss: 6.130
[4,   130] loss: 6.139
[4] Validation loss: 6.272, Accuracy: 0.80%
[5,    10] loss: 6.082
[5,    20] loss: 6.074
[5,    30] loss: 6.081
[5,    40] loss: 6.064
[5,    50] loss: 6.069
[5,    60] loss: 6.074
[5,    70] loss: 6.058
[5,    80] loss: 6.078
[5,    90] loss: 6.100
[5,   100] loss: 6.108
[5,   110] loss: 6.094
[5,   120] loss: 6.100
[5,   130] loss: 6.105
[5] Validation loss: 6.246, Accuracy: 1.07%
[6,    10] loss: 6.004
[6,    20] loss: 5.980
[6,    30] loss: 5.997
[6,    40] loss: 6.041
[6,    50] loss: 6.063
[6,    60] loss: 6.071
[6,    70] loss: 6.057
[6,    80] loss: 6.046
[6,    90] loss: 6.054
[6,   100] loss: 6.071
[6,   110] loss: 6.046
[6,   120] loss: 6.056
[6,   130] loss: 6.049
[6] Validation loss: 6.188, Accuracy: 1.09%
[7,    10] loss: 5.972
[7,    20] loss: 5.968
[7,    30] loss: 5.946
[7,    40] loss: 5.993
[7,    50] loss: 6.021
[7,    60] loss: 5.990
[7,    70] loss: 6.004
[7,    80] loss: 5.990
[7,    90] loss: 6.009
[7,   100] loss: 6.045
[7,   110] loss: 6.021
[7,   120] loss: 5.995
[7,   130] loss: 6.026
[7] Validation loss: 6.167, Accuracy: 1.31%
[8,    10] loss: 5.943
[8,    20] loss: 5.939
[8,    30] loss: 5.978
[8,    40] loss: 5.933
[8,    50] loss: 5.956
[8,    60] loss: 5.960
[8,    70] loss: 5.966
[8,    80] loss: 5.990
[8,    90] loss: 5.983
[8,   100] loss: 6.069
[8,   110] loss: 5.977
[8,   120] loss: 5.948
[8,   130] loss: 5.971
[8] Validation loss: 6.151, Accuracy: 1.42%
[9,    10] loss: 5.918
[9,    20] loss: 5.947
[9,    30] loss: 5.940
[9,    40] loss: 5.948
[9,    50] loss: 5.961
[9,    60] loss: 5.930
[9,    70] loss: 5.954
[9,    80] loss: 5.909
[9,    90] loss: 5.962
[9,   100] loss: 5.966
[9,   110] loss: 5.966
[9,   120] loss: 5.978
[9,   130] loss: 5.935
[9] Validation loss: 6.118, Accuracy: 1.54%
[10,    10] loss: 5.873
[10,    20] loss: 5.902
[10,    30] loss: 5.896
[10,    40] loss: 5.901
[10,    50] loss: 5.946
[10,    60] loss: 5.937
[10,    70] loss: 5.928
[10,    80] loss: 5.943
[10,    90] loss: 5.935
[10,   100] loss: 5.931
[10,   110] loss: 5.958
[10,   120] loss: 5.961
[10,   130] loss: 5.938
[10] Validation loss: 6.107, Accuracy: 1.60%
[11,    10] loss: 5.845
[11,    20] loss: 5.835
[11,    30] loss: 5.894
[11,    40] loss: 5.934
[11,    50] loss: 5.932
[11,    60] loss: 5.908
[11,    70] loss: 5.924
[11,    80] loss: 5.937
[11,    90] loss: 5.950
[11,   100] loss: 5.937
[11,   110] loss: 5.927
[11,   120] loss: 5.926
[11,   130] loss: 5.935
[11] Validation loss: 6.106, Accuracy: 1.63%
[12,    10] loss: 5.848
[12,    20] loss: 5.861
[12,    30] loss: 5.878
[12,    40] loss: 5.869
[12,    50] loss: 5.897
[12,    60] loss: 5.901
[12,    70] loss: 5.929
[12,    80] loss: 5.897
[12,    90] loss: 5.935
[12,   100] loss: 5.928
[12,   110] loss: 5.982
[12,   120] loss: 5.940
[12,   130] loss: 5.961
[12] Validation loss: 6.082, Accuracy: 1.82%
[13,    10] loss: 5.822
[13,    20] loss: 5.875
[13,    30] loss: 5.873
[13,    40] loss: 5.925
[13,    50] loss: 5.904
[13,    60] loss: 5.853
[13,    70] loss: 5.911
[13,    80] loss: 5.913
[13,    90] loss: 5.897
[13,   100] loss: 5.913
[13,   110] loss: 5.907
[13,   120] loss: 5.875
[13,   130] loss: 5.873
[13] Validation loss: 6.073, Accuracy: 1.70%
[14,    10] loss: 5.813
[14,    20] loss: 5.830
[14,    30] loss: 5.824
[14,    40] loss: 5.858
[14,    50] loss: 5.919
[14,    60] loss: 5.934
[14,    70] loss: 5.864
[14,    80] loss: 5.881
[14,    90] loss: 5.869
[14,   100] loss: 5.891
[14,   110] loss: 5.939
[14,   120] loss: 5.906
[14,   130] loss: 5.915
[14] Validation loss: 6.067, Accuracy: 1.81%
[15,    10] loss: 5.807
[15,    20] loss: 5.828
[15,    30] loss: 5.872
[15,    40] loss: 5.862
[15,    50] loss: 5.899
[15,    60] loss: 5.908
[15,    70] loss: 5.872
[15,    80] loss: 5.906
[15,    90] loss: 5.876
[15,   100] loss: 5.878
[15,   110] loss: 5.864
[15,   120] loss: 5.881
[15,   130] loss: 5.867
[15] Validation loss: 6.067, Accuracy: 1.88%
[16,    10] loss: 5.783
[16,    20] loss: 5.831
[16,    30] loss: 5.820
[16,    40] loss: 5.826
[16,    50] loss: 5.868
[16,    60] loss: 5.867
[16,    70] loss: 5.871
[16,    80] loss: 5.866
[16,    90] loss: 5.868
[16,   100] loss: 5.912
[16,   110] loss: 5.887
[16,   120] loss: 5.848
[16,   130] loss: 5.847
[16] Validation loss: 6.039, Accuracy: 1.95%
[17,    10] loss: 5.755
[17,    20] loss: 5.787
[17,    30] loss: 5.810
[17,    40] loss: 5.809
[17,    50] loss: 5.857
[17,    60] loss: 5.878
[17,    70] loss: 5.848
[17,    80] loss: 5.885
[17,    90] loss: 5.812
[17,   100] loss: 5.890
[17,   110] loss: 5.845
[17,   120] loss: 5.859
[17,   130] loss: 5.891
[17] Validation loss: 6.040, Accuracy: 1.89%
[18,    10] loss: 5.820
[18,    20] loss: 5.800
[18,    30] loss: 5.840
[18,    40] loss: 5.802
[18,    50] loss: 5.840
[18,    60] loss: 5.801
[18,    70] loss: 5.845
[18,    80] loss: 5.833
[18,    90] loss: 5.822
[18,   100] loss: 5.844
[18,   110] loss: 5.853
[18,   120] loss: 5.868
[18,   130] loss: 5.854
[18] Validation loss: 6.025, Accuracy: 2.07%
[19,    10] loss: 5.756
[19,    20] loss: 5.743
[19,    30] loss: 5.771
[19,    40] loss: 5.774
[19,    50] loss: 5.841
[19,    60] loss: 5.843
[19,    70] loss: 5.843
[19,    80] loss: 5.816
[19,    90] loss: 5.857
[19,   100] loss: 5.820
[19,   110] loss: 5.852
[19,   120] loss: 5.878
[19,   130] loss: 5.862
[19] Validation loss: 6.024, Accuracy: 2.17%
[20,    10] loss: 5.719
[20,    20] loss: 5.798
[20,    30] loss: 5.769
[20,    40] loss: 5.801
[20,    50] loss: 5.810
[20,    60] loss: 5.810
[20,    70] loss: 5.822
[20,    80] loss: 5.861
[20,    90] loss: 5.856
[20,   100] loss: 5.857
[20,   110] loss: 5.805
[20,   120] loss: 5.842
[20,   130] loss: 5.820
[20] Validation loss: 6.029, Accuracy: 2.04%
[21,    10] loss: 5.730
[21,    20] loss: 5.777
[21,    30] loss: 5.800
[21,    40] loss: 5.784
[21,    50] loss: 5.783
[21,    60] loss: 5.776
[21,    70] loss: 5.838
[21,    80] loss: 5.789
[21,    90] loss: 5.789
[21,   100] loss: 5.815
[21,   110] loss: 5.855
[21,   120] loss: 5.840
[21,   130] loss: 5.802
[21] Validation loss: 6.009, Accuracy: 1.98%
[22,    10] loss: 5.743
[22,    20] loss: 5.802
[22,    30] loss: 5.747
[22,    40] loss: 5.757
[22,    50] loss: 5.794
[22,    60] loss: 5.766
[22,    70] loss: 5.820
[22,    80] loss: 5.814
[22,    90] loss: 5.783
[22,   100] loss: 5.771
[22,   110] loss: 5.859
[22,   120] loss: 5.855
[22,   130] loss: 5.832
[22] Validation loss: 6.037, Accuracy: 1.96%
[23,    10] loss: 5.775
[23,    20] loss: 5.742
[23,    30] loss: 5.766
[23,    40] loss: 5.778
[23,    50] loss: 5.828
[23,    60] loss: 5.816
[23,    70] loss: 5.775
[23,    80] loss: 5.798
[23,    90] loss: 5.822
[23,   100] loss: 5.806
[23,   110] loss: 5.802
[23,   120] loss: 5.827
[23,   130] loss: 5.791
[23] Validation loss: 5.995, Accuracy: 2.23%
[24,    10] loss: 5.749
[24,    20] loss: 5.749
[24,    30] loss: 5.789
[24,    40] loss: 5.746
[24,    50] loss: 5.770
[24,    60] loss: 5.775
[24,    70] loss: 5.839
[24,    80] loss: 5.822
[24,    90] loss: 5.789
[24,   100] loss: 5.805
[24,   110] loss: 5.815
[24,   120] loss: 5.814
[24,   130] loss: 5.792
[24] Validation loss: 5.985, Accuracy: 2.09%
[25,    10] loss: 5.708
[25,    20] loss: 5.729
[25,    30] loss: 5.793
[25,    40] loss: 5.797
[25,    50] loss: 5.751
[25,    60] loss: 5.754
[25,    70] loss: 5.812
[25,    80] loss: 5.798
[25,    90] loss: 5.809
[25,   100] loss: 5.775
[25,   110] loss: 5.790
[25,   120] loss: 5.795
[25,   130] loss: 5.849
[25] Validation loss: 5.987, Accuracy: 2.28%
[26,    10] loss: 5.704
[26,    20] loss: 5.731
[26,    30] loss: 5.697
[26,    40] loss: 5.729
[26,    50] loss: 5.731
[26,    60] loss: 5.762
[26,    70] loss: 5.787
[26,    80] loss: 5.760
[26,    90] loss: 5.801
[26,   100] loss: 5.817
[26,   110] loss: 5.841
[26,   120] loss: 5.853
[26,   130] loss: 5.868
[26] Validation loss: 5.993, Accuracy: 2.16%
[27,    10] loss: 5.702
[27,    20] loss: 5.776
[27,    30] loss: 5.722
[27,    40] loss: 5.760
[27,    50] loss: 5.784
[27,    60] loss: 5.743
[27,    70] loss: 5.810
[27,    80] loss: 5.768
[27,    90] loss: 5.781
[27,   100] loss: 5.797
[27,   110] loss: 5.774
[27,   120] loss: 5.773
[27,   130] loss: 5.811
[27] Validation loss: 5.997, Accuracy: 2.22%
[28,    10] loss: 5.717
[28,    20] loss: 5.665
[28,    30] loss: 5.811
[28,    40] loss: 5.748
[28,    50] loss: 5.763
[28,    60] loss: 5.770
[28,    70] loss: 5.787
[28,    80] loss: 5.814
[28,    90] loss: 5.750
[28,   100] loss: 5.760
[28,   110] loss: 5.834
[28,   120] loss: 5.793
[28,   130] loss: 5.756
[28] Validation loss: 5.978, Accuracy: 2.28%
[29,    10] loss: 5.707
[29,    20] loss: 5.699
[29,    30] loss: 5.754
[29,    40] loss: 5.710
[29,    50] loss: 5.743
[29,    60] loss: 5.762
[29,    70] loss: 5.859
[29,    80] loss: 5.817
[29,    90] loss: 5.800
[29,   100] loss: 5.764
[29,   110] loss: 5.768
[29,   120] loss: 5.796
[29,   130] loss: 5.764
[29] Validation loss: 5.975, Accuracy: 2.40%
[30,    10] loss: 5.711
[30,    20] loss: 5.691
[30,    30] loss: 5.733
[30,    40] loss: 5.706
[30,    50] loss: 5.748
[30,    60] loss: 5.773
[30,    70] loss: 5.760
[30,    80] loss: 5.774
[30,    90] loss: 5.788
[30,   100] loss: 5.780
[30,   110] loss: 5.804
[30,   120] loss: 5.760
[30,   130] loss: 5.827
[30] Validation loss: 5.982, Accuracy: 2.16%
[31,    10] loss: 5.744
[31,    20] loss: 5.741
[31,    30] loss: 5.701
[31,    40] loss: 5.721
[31,    50] loss: 5.734
[31,    60] loss: 5.770
[31,    70] loss: 5.744
[31,    80] loss: 5.752
[31,    90] loss: 5.771
[31,   100] loss: 5.804
[31,   110] loss: 5.785
[31,   120] loss: 5.832
[31,   130] loss: 5.805
[31] Validation loss: 5.985, Accuracy: 2.35%
[32,    10] loss: 5.660
[32,    20] loss: 5.698
[32,    30] loss: 5.675
[32,    40] loss: 5.763
[32,    50] loss: 5.752
[32,    60] loss: 5.785
[32,    70] loss: 5.784
[32,    80] loss: 5.787
[32,    90] loss: 5.802
[32,   100] loss: 5.805
[32,   110] loss: 5.798
[32,   120] loss: 5.810
[32,   130] loss: 5.773
[32] Validation loss: 5.966, Accuracy: 2.34%
[33,    10] loss: 5.660
[33,    20] loss: 5.701
[33,    30] loss: 5.739
[33,    40] loss: 5.712
[33,    50] loss: 5.756
[33,    60] loss: 5.773
[33,    70] loss: 5.754
[33,    80] loss: 5.770
[33,    90] loss: 5.781
[33,   100] loss: 5.766
[33,   110] loss: 5.803
[33,   120] loss: 5.780
[33,   130] loss: 5.795
[33] Validation loss: 5.971, Accuracy: 2.41%
[34,    10] loss: 5.701
[34,    20] loss: 5.673
[34,    30] loss: 5.747
[34,    40] loss: 5.749
[34,    50] loss: 5.761
[34,    60] loss: 5.778
[34,    70] loss: 5.784
[34,    80] loss: 5.767
[34,    90] loss: 5.794
[34,   100] loss: 5.723
[34,   110] loss: 5.767
[34,   120] loss: 5.804
[34,   130] loss: 5.804
[34] Validation loss: 5.977, Accuracy: 2.40%
[35,    10] loss: 5.711
[35,    20] loss: 5.701
[35,    30] loss: 5.724
[35,    40] loss: 5.698
[35,    50] loss: 5.715
[35,    60] loss: 5.746
[35,    70] loss: 5.750
[35,    80] loss: 5.776
[35,    90] loss: 5.761
[35,   100] loss: 5.806
[35,   110] loss: 5.777
[35,   120] loss: 5.789
[35,   130] loss: 5.819
[35] Validation loss: 5.975, Accuracy: 2.54%
[36,    10] loss: 5.680
[36,    20] loss: 5.682
[36,    30] loss: 5.709
[36,    40] loss: 5.737
[36,    50] loss: 5.766
[36,    60] loss: 5.763
[36,    70] loss: 5.764
[36,    80] loss: 5.724
[36,    90] loss: 5.749
[36,   100] loss: 5.753
[36,   110] loss: 5.761
[36,   120] loss: 5.793
[36,   130] loss: 5.762
[36] Validation loss: 5.959, Accuracy: 2.40%
[37,    10] loss: 5.696
[37,    20] loss: 5.713
[37,    30] loss: 5.741
[37,    40] loss: 5.744
[37,    50] loss: 5.726
[37,    60] loss: 5.735
[37,    70] loss: 5.757
[37,    80] loss: 5.715
[37,    90] loss: 5.778
[37,   100] loss: 5.785
[37,   110] loss: 5.749
[37,   120] loss: 5.792
[37,   130] loss: 5.753
[37] Validation loss: 5.970, Accuracy: 2.41%
[38,    10] loss: 5.671
[38,    20] loss: 5.724
[38,    30] loss: 5.715
[38,    40] loss: 5.751
[38,    50] loss: 5.728
[38,    60] loss: 5.750
[38,    70] loss: 5.741
[38,    80] loss: 5.741
[38,    90] loss: 5.748
[38,   100] loss: 5.760
[38,   110] loss: 5.751
[38,   120] loss: 5.749
[38,   130] loss: 5.771
[38] Validation loss: 5.988, Accuracy: 2.37%
[39,    10] loss: 5.693
[39,    20] loss: 5.704
[39,    30] loss: 5.720
[39,    40] loss: 5.713
[39,    50] loss: 5.758
[39,    60] loss: 5.786
[39,    70] loss: 5.739
[39,    80] loss: 5.733
[39,    90] loss: 5.729
[39,   100] loss: 5.733
[39,   110] loss: 5.782
[39,   120] loss: 5.754
[39,   130] loss: 5.758
[39] Validation loss: 5.963, Accuracy: 2.48%
[40,    10] loss: 5.706
[40,    20] loss: 5.665
[40,    30] loss: 5.704
[40,    40] loss: 5.709
[40,    50] loss: 5.779
[40,    60] loss: 5.695
[40,    70] loss: 5.731
[40,    80] loss: 5.782
[40,    90] loss: 5.744
[40,   100] loss: 5.735
[40,   110] loss: 5.795
[40,   120] loss: 5.786
[40,   130] loss: 5.759
[40] Validation loss: 5.957, Accuracy: 2.44%
[41,    10] loss: 5.667
[41,    20] loss: 5.731
[41,    30] loss: 5.744
[41,    40] loss: 5.690
[41,    50] loss: 5.714
[41,    60] loss: 5.755
[41,    70] loss: 5.735
[41,    80] loss: 5.732
[41,    90] loss: 5.730
[41,   100] loss: 5.754
[41,   110] loss: 5.780
[41,   120] loss: 5.791
[41,   130] loss: 5.772
[41] Validation loss: 5.969, Accuracy: 2.45%
[42,    10] loss: 5.700
[42,    20] loss: 5.667
[42,    30] loss: 5.700
[42,    40] loss: 5.690
[42,    50] loss: 5.707
[42,    60] loss: 5.761
[42,    70] loss: 5.708
[42,    80] loss: 5.764
[42,    90] loss: 5.801
[42,   100] loss: 5.804
[42,   110] loss: 5.777
[42,   120] loss: 5.745
[42,   130] loss: 5.715
[42] Validation loss: 5.959, Accuracy: 2.48%
[43,    10] loss: 5.683
[43,    20] loss: 5.673
[43,    30] loss: 5.693
[43,    40] loss: 5.674
[43,    50] loss: 5.708
[43,    60] loss: 5.697
[43,    70] loss: 5.743
[43,    80] loss: 5.763
[43,    90] loss: 5.798
[43,   100] loss: 5.750
[43,   110] loss: 5.777
[43,   120] loss: 5.743
[43,   130] loss: 5.792
[43] Validation loss: 5.961, Accuracy: 2.58%
[44,    10] loss: 5.668
[44,    20] loss: 5.656
[44,    30] loss: 5.674
[44,    40] loss: 5.694
[44,    50] loss: 5.744
[44,    60] loss: 5.739
[44,    70] loss: 5.751
[44,    80] loss: 5.761
[44,    90] loss: 5.795
[44,   100] loss: 5.752
[44,   110] loss: 5.754
[44,   120] loss: 5.737
[44,   130] loss: 5.740
[44] Validation loss: 5.971, Accuracy: 2.25%
[45,    10] loss: 5.657
[45,    20] loss: 5.679
[45,    30] loss: 5.702
[45,    40] loss: 5.700
[45,    50] loss: 5.765
[45,    60] loss: 5.759
[45,    70] loss: 5.708
[45,    80] loss: 5.752
[45,    90] loss: 5.729
[45,   100] loss: 5.737
[45,   110] loss: 5.808
[45,   120] loss: 5.754
[45,   130] loss: 5.759
[45] Validation loss: 5.966, Accuracy: 2.46%
[46,    10] loss: 5.694
[46,    20] loss: 5.670
[46,    30] loss: 5.739
[46,    40] loss: 5.742
[46,    50] loss: 5.738
[46,    60] loss: 5.734
[46,    70] loss: 5.734
[46,    80] loss: 5.758
[46,    90] loss: 5.729
[46,   100] loss: 5.683
[46,   110] loss: 5.717
[46,   120] loss: 5.771
[46,   130] loss: 5.726
[46] Validation loss: 5.971, Accuracy: 2.28%
[47,    10] loss: 5.684
[47,    20] loss: 5.679
[47,    30] loss: 5.690
[47,    40] loss: 5.761
[47,    50] loss: 5.785
[47,    60] loss: 5.747
[47,    70] loss: 5.687
[47,    80] loss: 5.773
[47,    90] loss: 5.726
[47,   100] loss: 5.767
[47,   110] loss: 5.777
[47,   120] loss: 5.744
[47,   130] loss: 5.764
[47] Validation loss: 5.956, Accuracy: 2.62%
[48,    10] loss: 5.682
[48,    20] loss: 5.726
[48,    30] loss: 5.724
[48,    40] loss: 5.687
[48,    50] loss: 5.671
[48,    60] loss: 5.717
[48,    70] loss: 5.756
[48,    80] loss: 5.722
[48,    90] loss: 5.760
[48,   100] loss: 5.734
[48,   110] loss: 5.741
[48,   120] loss: 5.793
[48,   130] loss: 5.725
[48] Validation loss: 5.950, Accuracy: 2.61%
[49,    10] loss: 5.673
[49,    20] loss: 5.708
[49,    30] loss: 5.673
[49,    40] loss: 5.693
[49,    50] loss: 5.717
[49,    60] loss: 5.750
[49,    70] loss: 5.745
[49,    80] loss: 5.706
[49,    90] loss: 5.727
[49,   100] loss: 5.796
[49,   110] loss: 5.714
[49,   120] loss: 5.766
[49,   130] loss: 5.780
[49] Validation loss: 5.971, Accuracy: 2.38%
[50,    10] loss: 5.692
[50,    20] loss: 5.707
[50,    30] loss: 5.675
[50,    40] loss: 5.738
[50,    50] loss: 5.743
[50,    60] loss: 5.733
[50,    70] loss: 5.716
[50,    80] loss: 5.762
[50,    90] loss: 5.704
[50,   100] loss: 5.769
[50,   110] loss: 5.768
[50,   120] loss: 5.794
[50,   130] loss: 5.719
[50] Validation loss: 5.951, Accuracy: 2.52%
Finished Training
Time elapsed: 2024.274833555
Saved checkpoint to checkpoints/rotation_classifier.pth
