Dataset is copied to /tmp
MODEL W DROPOUT, ALL FREEZE, SMALL CLASSIFIER
Start Training
use checkpointcheckpoints/rotations_long/rotations_ep_25
[1,    10] loss: 6.713
[1,    20] loss: 6.689
[1,    30] loss: 6.677
[1,    40] loss: 6.648
[1,    50] loss: 6.590
[1,    60] loss: 6.485
[1,    70] loss: 6.433
[1,    80] loss: 6.349
[1,    90] loss: 6.308
[1,   100] loss: 6.202
[1,   110] loss: 6.189
[1,   120] loss: 6.157
[1,   130] loss: 6.139
[1] Validation loss: 6.228, Accuracy: 1.16%
[2,    10] loss: 5.947
[2,    20] loss: 5.967
[2,    30] loss: 5.920
[2,    40] loss: 5.971
[2,    50] loss: 5.954
[2,    60] loss: 5.936
[2,    70] loss: 5.906
[2,    80] loss: 5.928
[2,    90] loss: 5.892
[2,   100] loss: 5.834
[2,   110] loss: 5.882
[2,   120] loss: 5.877
[2,   130] loss: 5.902
[2] Validation loss: 6.001, Accuracy: 1.82%
[3,    10] loss: 5.706
[3,    20] loss: 5.714
[3,    30] loss: 5.729
[3,    40] loss: 5.671
[3,    50] loss: 5.712
[3,    60] loss: 5.758
[3,    70] loss: 5.705
[3,    80] loss: 5.693
[3,    90] loss: 5.754
[3,   100] loss: 5.694
[3,   110] loss: 5.712
[3,   120] loss: 5.716
[3,   130] loss: 5.748
[3] Validation loss: 5.902, Accuracy: 2.62%
[4,    10] loss: 5.511
[4,    20] loss: 5.541
[4,    30] loss: 5.533
[4,    40] loss: 5.551
[4,    50] loss: 5.582
[4,    60] loss: 5.608
[4,    70] loss: 5.601
[4,    80] loss: 5.620
[4,    90] loss: 5.608
[4,   100] loss: 5.602
[4,   110] loss: 5.637
[4,   120] loss: 5.605
[4,   130] loss: 5.575
[4] Validation loss: 5.818, Accuracy: 3.10%
[5,    10] loss: 5.391
[5,    20] loss: 5.397
[5,    30] loss: 5.418
[5,    40] loss: 5.459
[5,    50] loss: 5.493
[5,    60] loss: 5.438
[5,    70] loss: 5.516
[5,    80] loss: 5.482
[5,    90] loss: 5.501
[5,   100] loss: 5.491
[5,   110] loss: 5.423
[5,   120] loss: 5.507
[5,   130] loss: 5.442
[5] Validation loss: 5.807, Accuracy: 3.08%
[6,    10] loss: 5.307
[6,    20] loss: 5.285
[6,    30] loss: 5.354
[6,    40] loss: 5.366
[6,    50] loss: 5.348
[6,    60] loss: 5.398
[6,    70] loss: 5.417
[6,    80] loss: 5.388
[6,    90] loss: 5.410
[6,   100] loss: 5.338
[6,   110] loss: 5.427
[6,   120] loss: 5.400
[6,   130] loss: 5.397
[6] Validation loss: 5.756, Accuracy: 3.78%
[7,    10] loss: 5.208
[7,    20] loss: 5.198
[7,    30] loss: 5.248
[7,    40] loss: 5.254
[7,    50] loss: 5.297
[7,    60] loss: 5.220
[7,    70] loss: 5.305
[7,    80] loss: 5.338
[7,    90] loss: 5.275
[7,   100] loss: 5.347
[7,   110] loss: 5.346
[7,   120] loss: 5.356
[7,   130] loss: 5.379
[7] Validation loss: 5.748, Accuracy: 3.77%
[8,    10] loss: 5.151
[8,    20] loss: 5.133
[8,    30] loss: 5.151
[8,    40] loss: 5.177
[8,    50] loss: 5.214
[8,    60] loss: 5.237
[8,    70] loss: 5.207
[8,    80] loss: 5.270
[8,    90] loss: 5.232
[8,   100] loss: 5.237
[8,   110] loss: 5.263
[8,   120] loss: 5.262
[8,   130] loss: 5.291
[8] Validation loss: 5.720, Accuracy: 4.08%
[9,    10] loss: 4.988
[9,    20] loss: 5.107
[9,    30] loss: 5.070
[9,    40] loss: 5.107
[9,    50] loss: 5.082
[9,    60] loss: 5.106
[9,    70] loss: 5.168
[9,    80] loss: 5.223
[9,    90] loss: 5.211
[9,   100] loss: 5.216
[9,   110] loss: 5.254
[9,   120] loss: 5.191
[9,   130] loss: 5.213
[9] Validation loss: 5.727, Accuracy: 4.21%
[10,    10] loss: 4.935
[10,    20] loss: 4.963
[10,    30] loss: 4.991
[10,    40] loss: 5.040
[10,    50] loss: 5.013
[10,    60] loss: 5.030
[10,    70] loss: 5.095
[10,    80] loss: 5.140
[10,    90] loss: 5.125
[10,   100] loss: 5.143
[10,   110] loss: 5.129
[10,   120] loss: 5.188
[10,   130] loss: 5.149
[10] Validation loss: 5.717, Accuracy: 4.29%
[11,    10] loss: 4.866
[11,    20] loss: 4.912
[11,    30] loss: 4.940
[11,    40] loss: 4.964
[11,    50] loss: 4.974
[11,    60] loss: 5.026
[11,    70] loss: 5.050
[11,    80] loss: 5.065
[11,    90] loss: 5.042
[11,   100] loss: 5.071
[11,   110] loss: 5.127
[11,   120] loss: 5.048
[11,   130] loss: 5.008
[11] Validation loss: 5.731, Accuracy: 4.39%
[12,    10] loss: 4.800
[12,    20] loss: 4.803
[12,    30] loss: 4.886
[12,    40] loss: 4.871
[12,    50] loss: 4.925
[12,    60] loss: 4.955
[12,    70] loss: 4.966
[12,    80] loss: 4.995
[12,    90] loss: 4.946
[12,   100] loss: 4.978
[12,   110] loss: 4.966
[12,   120] loss: 5.015
[12,   130] loss: 5.053
[12] Validation loss: 5.721, Accuracy: 4.56%
[13,    10] loss: 4.657
[13,    20] loss: 4.705
[13,    30] loss: 4.763
[13,    40] loss: 4.879
[13,    50] loss: 4.915
[13,    60] loss: 4.897
[13,    70] loss: 4.890
[13,    80] loss: 4.883
[13,    90] loss: 4.880
[13,   100] loss: 4.927
[13,   110] loss: 4.974
[13,   120] loss: 4.970
[13,   130] loss: 5.008
[13] Validation loss: 5.746, Accuracy: 4.45%
[14,    10] loss: 4.671
[14,    20] loss: 4.719
[14,    30] loss: 4.799
[14,    40] loss: 4.730
[14,    50] loss: 4.778
[14,    60] loss: 4.835
[14,    70] loss: 4.782
[14,    80] loss: 4.815
[14,    90] loss: 4.805
[14,   100] loss: 4.797
[14,   110] loss: 4.873
[14,   120] loss: 4.882
[14,   130] loss: 4.888
[14] Validation loss: 5.745, Accuracy: 4.53%
[15,    10] loss: 4.582
[15,    20] loss: 4.607
[15,    30] loss: 4.646
[15,    40] loss: 4.715
[15,    50] loss: 4.748
[15,    60] loss: 4.699
[15,    70] loss: 4.735
[15,    80] loss: 4.790
[15,    90] loss: 4.755
[15,   100] loss: 4.798
[15,   110] loss: 4.804
[15,   120] loss: 4.844
[15,   130] loss: 4.858
[15] Validation loss: 5.761, Accuracy: 4.59%
[16,    10] loss: 4.534
[16,    20] loss: 4.605
[16,    30] loss: 4.503
[16,    40] loss: 4.616
[16,    50] loss: 4.640
[16,    60] loss: 4.645
[16,    70] loss: 4.663
[16,    80] loss: 4.731
[16,    90] loss: 4.747
[16,   100] loss: 4.744
[16,   110] loss: 4.764
[16,   120] loss: 4.811
[16,   130] loss: 4.838
[16] Validation loss: 5.788, Accuracy: 4.79%
[17,    10] loss: 4.507
[17,    20] loss: 4.466
[17,    30] loss: 4.551
[17,    40] loss: 4.581
[17,    50] loss: 4.550
[17,    60] loss: 4.610
[17,    70] loss: 4.615
[17,    80] loss: 4.653
[17,    90] loss: 4.696
[17,   100] loss: 4.673
[17,   110] loss: 4.713
[17,   120] loss: 4.720
[17,   130] loss: 4.750
[17] Validation loss: 5.810, Accuracy: 4.65%
[18,    10] loss: 4.403
[18,    20] loss: 4.417
[18,    30] loss: 4.447
[18,    40] loss: 4.482
[18,    50] loss: 4.501
[18,    60] loss: 4.558
[18,    70] loss: 4.625
[18,    80] loss: 4.712
[18,    90] loss: 4.621
[18,   100] loss: 4.663
[18,   110] loss: 4.649
[18,   120] loss: 4.663
[18,   130] loss: 4.657
[18] Validation loss: 5.829, Accuracy: 4.51%
[19,    10] loss: 4.306
[19,    20] loss: 4.357
[19,    30] loss: 4.390
[19,    40] loss: 4.507
[19,    50] loss: 4.480
[19,    60] loss: 4.503
[19,    70] loss: 4.498
[19,    80] loss: 4.589
[19,    90] loss: 4.533
[19,   100] loss: 4.576
[19,   110] loss: 4.618
[19,   120] loss: 4.616
[19,   130] loss: 4.578
[19] Validation loss: 5.848, Accuracy: 4.57%
[20,    10] loss: 4.253
[20,    20] loss: 4.255
[20,    30] loss: 4.349
[20,    40] loss: 4.384
[20,    50] loss: 4.439
[20,    60] loss: 4.420
[20,    70] loss: 4.459
[20,    80] loss: 4.548
[20,    90] loss: 4.544
[20,   100] loss: 4.479
[20,   110] loss: 4.539
[20,   120] loss: 4.597
[20,   130] loss: 4.556
[20] Validation loss: 5.887, Accuracy: 4.46%
[21,    10] loss: 4.229
[21,    20] loss: 4.203
[21,    30] loss: 4.256
[21,    40] loss: 4.330
[21,    50] loss: 4.331
[21,    60] loss: 4.453
[21,    70] loss: 4.420
[21,    80] loss: 4.491
[21,    90] loss: 4.461
[21,   100] loss: 4.519
[21,   110] loss: 4.516
[21,   120] loss: 4.483
[21,   130] loss: 4.535
[21] Validation loss: 5.892, Accuracy: 4.66%
[22,    10] loss: 4.172
[22,    20] loss: 4.193
[22,    30] loss: 4.249
[22,    40] loss: 4.323
[22,    50] loss: 4.268
[22,    60] loss: 4.326
[22,    70] loss: 4.325
[22,    80] loss: 4.380
[22,    90] loss: 4.446
[22,   100] loss: 4.473
[22,   110] loss: 4.513
[22,   120] loss: 4.416
[22,   130] loss: 4.480
[22] Validation loss: 5.943, Accuracy: 4.72%
[23,    10] loss: 4.107
[23,    20] loss: 4.174
[23,    30] loss: 4.224
[23,    40] loss: 4.222
[23,    50] loss: 4.242
[23,    60] loss: 4.247
[23,    70] loss: 4.287
[23,    80] loss: 4.388
[23,    90] loss: 4.291
[23,   100] loss: 4.327
[23,   110] loss: 4.470
[23,   120] loss: 4.447
[23,   130] loss: 4.409
[23] Validation loss: 5.968, Accuracy: 4.73%
[24,    10] loss: 3.989
[24,    20] loss: 4.099
[24,    30] loss: 4.150
[24,    40] loss: 4.212
[24,    50] loss: 4.237
[24,    60] loss: 4.250
[24,    70] loss: 4.260
[24,    80] loss: 4.285
[24,    90] loss: 4.326
[24,   100] loss: 4.306
[24,   110] loss: 4.338
[24,   120] loss: 4.380
[24,   130] loss: 4.418
[24] Validation loss: 5.982, Accuracy: 4.48%
[25,    10] loss: 4.004
[25,    20] loss: 4.084
[25,    30] loss: 4.078
[25,    40] loss: 4.120
[25,    50] loss: 4.072
[25,    60] loss: 4.226
[25,    70] loss: 4.153
[25,    80] loss: 4.261
[25,    90] loss: 4.289
[25,   100] loss: 4.263
[25,   110] loss: 4.294
[25,   120] loss: 4.351
[25,   130] loss: 4.400
[25] Validation loss: 5.982, Accuracy: 4.54%
[26,    10] loss: 3.956
[26,    20] loss: 3.918
[26,    30] loss: 3.974
[26,    40] loss: 4.042
[26,    50] loss: 4.046
[26,    60] loss: 4.142
[26,    70] loss: 4.126
[26,    80] loss: 4.227
[26,    90] loss: 4.177
[26,   100] loss: 4.260
[26,   110] loss: 4.243
[26,   120] loss: 4.347
[26,   130] loss: 4.341
[26] Validation loss: 6.013, Accuracy: 4.46%
[27,    10] loss: 3.886
[27,    20] loss: 3.928
[27,    30] loss: 4.023
[27,    40] loss: 4.026
[27,    50] loss: 4.053
[27,    60] loss: 4.072
[27,    70] loss: 4.166
[27,    80] loss: 4.169
[27,    90] loss: 4.183
[27,   100] loss: 4.184
[27,   110] loss: 4.301
[27,   120] loss: 4.193
[27,   130] loss: 4.247
[27] Validation loss: 6.055, Accuracy: 4.50%
[28,    10] loss: 3.887
[28,    20] loss: 3.922
[28,    30] loss: 3.920
[28,    40] loss: 3.969
[28,    50] loss: 4.028
[28,    60] loss: 4.031
[28,    70] loss: 4.063
[28,    80] loss: 4.056
[28,    90] loss: 4.151
[28,   100] loss: 4.107
[28,   110] loss: 4.208
[28,   120] loss: 4.226
[28,   130] loss: 4.212
[28] Validation loss: 6.095, Accuracy: 4.54%
[29,    10] loss: 3.814
[29,    20] loss: 3.807
[29,    30] loss: 3.897
[29,    40] loss: 3.955
[29,    50] loss: 4.048
[29,    60] loss: 3.955
[29,    70] loss: 4.008
[29,    80] loss: 4.046
[29,    90] loss: 4.135
[29,   100] loss: 4.101
[29,   110] loss: 4.108
[29,   120] loss: 4.171
[29,   130] loss: 4.144
[29] Validation loss: 6.101, Accuracy: 4.48%
[30,    10] loss: 3.748
[30,    20] loss: 3.758
[30,    30] loss: 3.904
[30,    40] loss: 4.008
[30,    50] loss: 3.900
[30,    60] loss: 4.004
[30,    70] loss: 3.965
[30,    80] loss: 3.977
[30,    90] loss: 4.048
[30,   100] loss: 4.096
[30,   110] loss: 4.107
[30,   120] loss: 4.083
[30,   130] loss: 4.122
[30] Validation loss: 6.179, Accuracy: 4.37%
[31,    10] loss: 3.732
[31,    20] loss: 3.728
[31,    30] loss: 3.837
[31,    40] loss: 3.830
[31,    50] loss: 3.913
[31,    60] loss: 3.979
[31,    70] loss: 3.924
[31,    80] loss: 4.018
[31,    90] loss: 3.985
[31,   100] loss: 4.007
[31,   110] loss: 4.088
[31,   120] loss: 4.096
[31,   130] loss: 4.093
[31] Validation loss: 6.162, Accuracy: 4.41%
[32,    10] loss: 3.666
[32,    20] loss: 3.714
[32,    30] loss: 3.826
[32,    40] loss: 3.817
[32,    50] loss: 3.859
[32,    60] loss: 3.852
[32,    70] loss: 3.894
[32,    80] loss: 3.976
[32,    90] loss: 4.013
[32,   100] loss: 3.946
[32,   110] loss: 3.994
[32,   120] loss: 4.071
[32,   130] loss: 4.071
[32] Validation loss: 6.200, Accuracy: 4.53%
[33,    10] loss: 3.608
[33,    20] loss: 3.640
[33,    30] loss: 3.742
[33,    40] loss: 3.766
[33,    50] loss: 3.879
[33,    60] loss: 3.810
[33,    70] loss: 3.936
[33,    80] loss: 3.890
[33,    90] loss: 3.998
[33,   100] loss: 3.955
[33,   110] loss: 4.027
[33,   120] loss: 3.986
[33,   130] loss: 4.006
[33] Validation loss: 6.218, Accuracy: 4.33%
[34,    10] loss: 3.643
[34,    20] loss: 3.623
[34,    30] loss: 3.699
[34,    40] loss: 3.776
[34,    50] loss: 3.773
[34,    60] loss: 3.828
[34,    70] loss: 3.840
[34,    80] loss: 3.892
[34,    90] loss: 3.915
[34,   100] loss: 3.853
[34,   110] loss: 3.940
[34,   120] loss: 3.939
[34,   130] loss: 4.027
[34] Validation loss: 6.222, Accuracy: 4.46%
[35,    10] loss: 3.627
[35,    20] loss: 3.626
[35,    30] loss: 3.658
[35,    40] loss: 3.631
[35,    50] loss: 3.747
[35,    60] loss: 3.786
[35,    70] loss: 3.842
[35,    80] loss: 3.828
[35,    90] loss: 3.886
[35,   100] loss: 3.905
[35,   110] loss: 3.841
[35,   120] loss: 3.960
[35,   130] loss: 3.968
[35] Validation loss: 6.254, Accuracy: 4.29%
[36,    10] loss: 3.530
[36,    20] loss: 3.552
[36,    30] loss: 3.663
[36,    40] loss: 3.687
[36,    50] loss: 3.733
[36,    60] loss: 3.792
[36,    70] loss: 3.708
[36,    80] loss: 3.809
[36,    90] loss: 3.881
[36,   100] loss: 3.917
[36,   110] loss: 3.811
[36,   120] loss: 3.908
[36,   130] loss: 3.955
[36] Validation loss: 6.269, Accuracy: 4.49%
[37,    10] loss: 3.467
[37,    20] loss: 3.528
[37,    30] loss: 3.552
[37,    40] loss: 3.676
[37,    50] loss: 3.644
[37,    60] loss: 3.674
[37,    70] loss: 3.781
[37,    80] loss: 3.811
[37,    90] loss: 3.913
[37,   100] loss: 3.862
[37,   110] loss: 3.906
[37,   120] loss: 3.812
[37,   130] loss: 3.914
[37] Validation loss: 6.290, Accuracy: 4.45%
[38,    10] loss: 3.411
[38,    20] loss: 3.497
[38,    30] loss: 3.533
[38,    40] loss: 3.636
[38,    50] loss: 3.638
[38,    60] loss: 3.685
[38,    70] loss: 3.784
[38,    80] loss: 3.742
[38,    90] loss: 3.724
[38,   100] loss: 3.762
[38,   110] loss: 3.898
[38,   120] loss: 3.825
[38,   130] loss: 3.851
[38] Validation loss: 6.323, Accuracy: 4.31%
[39,    10] loss: 3.472
[39,    20] loss: 3.456
[39,    30] loss: 3.489
[39,    40] loss: 3.512
[39,    50] loss: 3.654
[39,    60] loss: 3.658
[39,    70] loss: 3.628
[39,    80] loss: 3.728
[39,    90] loss: 3.748
[39,   100] loss: 3.724
[39,   110] loss: 3.784
[39,   120] loss: 3.781
[39,   130] loss: 3.907
[39] Validation loss: 6.365, Accuracy: 4.16%
[40,    10] loss: 3.399
[40,    20] loss: 3.352
[40,    30] loss: 3.416
[40,    40] loss: 3.630
[40,    50] loss: 3.599
[40,    60] loss: 3.564
[40,    70] loss: 3.722
[40,    80] loss: 3.754
[40,    90] loss: 3.815
[40,   100] loss: 3.768
[40,   110] loss: 3.752
[40,   120] loss: 3.783
[40,   130] loss: 3.755
[40] Validation loss: 6.405, Accuracy: 4.23%
[41,    10] loss: 3.407
[41,    20] loss: 3.443
[41,    30] loss: 3.523
[41,    40] loss: 3.484
[41,    50] loss: 3.524
[41,    60] loss: 3.542
[41,    70] loss: 3.650
[41,    80] loss: 3.744
[41,    90] loss: 3.685
[41,   100] loss: 3.712
[41,   110] loss: 3.729
[41,   120] loss: 3.785
[41,   130] loss: 3.861
[41] Validation loss: 6.372, Accuracy: 4.23%
