Dataset is copied to /tmp
CONV4, SMALL CLASSIFIER, DROPOUT+MoreBN
Start Training
use checkpointcheckpoints/rotations_aug/rotations_ep_20
[1,    10] loss: 6.807
[1,    20] loss: 6.692
[1,    30] loss: 6.636
[1,    40] loss: 6.521
[1,    50] loss: 6.466
[1,    60] loss: 6.368
[1,    70] loss: 6.301
[1,    80] loss: 6.279
[1,    90] loss: 6.221
[1,   100] loss: 6.187
[1,   110] loss: 6.182
[1,   120] loss: 6.082
[1,   130] loss: 6.050
[1] Validation loss: 6.065, Accuracy: 2.84%
[2,    10] loss: 5.751
[2,    20] loss: 5.728
[2,    30] loss: 5.764
[2,    40] loss: 5.754
[2,    50] loss: 5.803
[2,    60] loss: 5.766
[2,    70] loss: 5.762
[2,    80] loss: 5.769
[2,    90] loss: 5.749
[2,   100] loss: 5.732
[2,   110] loss: 5.757
[2,   120] loss: 5.766
[2,   130] loss: 5.729
[2] Validation loss: 5.802, Accuracy: 4.35%
[3,    10] loss: 5.298
[3,    20] loss: 5.357
[3,    30] loss: 5.380
[3,    40] loss: 5.465
[3,    50] loss: 5.451
[3,    60] loss: 5.495
[3,    70] loss: 5.525
[3,    80] loss: 5.510
[3,    90] loss: 5.515
[3,   100] loss: 5.556
[3,   110] loss: 5.530
[3,   120] loss: 5.537
[3,   130] loss: 5.572
[3] Validation loss: 5.692, Accuracy: 5.10%
[4,    10] loss: 5.046
[4,    20] loss: 5.132
[4,    30] loss: 5.183
[4,    40] loss: 5.181
[4,    50] loss: 5.317
[4,    60] loss: 5.330
[4,    70] loss: 5.277
[4,    80] loss: 5.365
[4,    90] loss: 5.391
[4,   100] loss: 5.378
[4,   110] loss: 5.363
[4,   120] loss: 5.369
[4,   130] loss: 5.362
[4] Validation loss: 5.628, Accuracy: 5.79%
[5,    10] loss: 4.926
[5,    20] loss: 4.973
[5,    30] loss: 5.057
[5,    40] loss: 5.029
[5,    50] loss: 5.142
[5,    60] loss: 5.216
[5,    70] loss: 5.129
[5,    80] loss: 5.230
[5,    90] loss: 5.247
[5,   100] loss: 5.240
[5,   110] loss: 5.226
[5,   120] loss: 5.205
[5,   130] loss: 5.178
[5] Validation loss: 5.583, Accuracy: 6.50%
[6,    10] loss: 4.826
[6,    20] loss: 4.850
[6,    30] loss: 4.931
[6,    40] loss: 5.009
[6,    50] loss: 5.017
[6,    60] loss: 5.018
[6,    70] loss: 5.031
[6,    80] loss: 5.002
[6,    90] loss: 5.123
[6,   100] loss: 5.068
[6,   110] loss: 5.102
[6,   120] loss: 5.094
[6,   130] loss: 5.077
[6] Validation loss: 5.560, Accuracy: 6.85%
[7,    10] loss: 4.679
[7,    20] loss: 4.731
[7,    30] loss: 4.828
[7,    40] loss: 4.818
[7,    50] loss: 4.917
[7,    60] loss: 4.917
[7,    70] loss: 4.866
[7,    80] loss: 4.982
[7,    90] loss: 4.988
[7,   100] loss: 5.063
[7,   110] loss: 4.966
[7,   120] loss: 5.013
[7,   130] loss: 5.043
[7] Validation loss: 5.530, Accuracy: 7.10%
[8,    10] loss: 4.620
[8,    20] loss: 4.642
[8,    30] loss: 4.680
[8,    40] loss: 4.715
[8,    50] loss: 4.758
[8,    60] loss: 4.873
[8,    70] loss: 4.773
[8,    80] loss: 4.843
[8,    90] loss: 4.828
[8,   100] loss: 4.876
[8,   110] loss: 4.913
[8,   120] loss: 4.910
[8,   130] loss: 4.976
[8] Validation loss: 5.535, Accuracy: 6.97%
[9,    10] loss: 4.522
[9,    20] loss: 4.547
[9,    30] loss: 4.658
[9,    40] loss: 4.657
[9,    50] loss: 4.680
[9,    60] loss: 4.733
[9,    70] loss: 4.786
[9,    80] loss: 4.748
[9,    90] loss: 4.834
[9,   100] loss: 4.799
[9,   110] loss: 4.803
[9,   120] loss: 4.847
[9,   130] loss: 4.848
[9] Validation loss: 5.522, Accuracy: 7.34%
[10,    10] loss: 4.460
[10,    20] loss: 4.475
[10,    30] loss: 4.524
[10,    40] loss: 4.561
[10,    50] loss: 4.585
[10,    60] loss: 4.623
[10,    70] loss: 4.679
[10,    80] loss: 4.773
[10,    90] loss: 4.707
[10,   100] loss: 4.705
[10,   110] loss: 4.771
[10,   120] loss: 4.795
[10,   130] loss: 4.800
[10] Validation loss: 5.540, Accuracy: 7.29%
[11,    10] loss: 4.372
[11,    20] loss: 4.414
[11,    30] loss: 4.434
[11,    40] loss: 4.474
[11,    50] loss: 4.463
[11,    60] loss: 4.487
[11,    70] loss: 4.643
[11,    80] loss: 4.617
[11,    90] loss: 4.664
[11,   100] loss: 4.613
[11,   110] loss: 4.635
[11,   120] loss: 4.760
[11,   130] loss: 4.748
[11] Validation loss: 5.519, Accuracy: 7.52%
[12,    10] loss: 4.289
[12,    20] loss: 4.288
[12,    30] loss: 4.319
[12,    40] loss: 4.487
[12,    50] loss: 4.445
[12,    60] loss: 4.492
[12,    70] loss: 4.492
[12,    80] loss: 4.583
[12,    90] loss: 4.578
[12,   100] loss: 4.587
[12,   110] loss: 4.563
[12,   120] loss: 4.566
[12,   130] loss: 4.607
[12] Validation loss: 5.533, Accuracy: 7.35%
[13,    10] loss: 4.108
[13,    20] loss: 4.175
[13,    30] loss: 4.285
[13,    40] loss: 4.378
[13,    50] loss: 4.421
[13,    60] loss: 4.391
[13,    70] loss: 4.466
[13,    80] loss: 4.469
[13,    90] loss: 4.439
[13,   100] loss: 4.479
[13,   110] loss: 4.539
[13,   120] loss: 4.582
[13,   130] loss: 4.533
[13] Validation loss: 5.568, Accuracy: 7.51%
[14,    10] loss: 4.100
[14,    20] loss: 4.151
[14,    30] loss: 4.231
[14,    40] loss: 4.226
[14,    50] loss: 4.264
[14,    60] loss: 4.370
[14,    70] loss: 4.335
[14,    80] loss: 4.380
[14,    90] loss: 4.423
[14,   100] loss: 4.423
[14,   110] loss: 4.490
[14,   120] loss: 4.503
[14,   130] loss: 4.536
[14] Validation loss: 5.573, Accuracy: 7.47%
[15,    10] loss: 4.000
[15,    20] loss: 4.090
[15,    30] loss: 4.122
[15,    40] loss: 4.141
[15,    50] loss: 4.207
[15,    60] loss: 4.236
[15,    70] loss: 4.351
[15,    80] loss: 4.267
[15,    90] loss: 4.337
[15,   100] loss: 4.389
[15,   110] loss: 4.335
[15,   120] loss: 4.440
[15,   130] loss: 4.440
[15] Validation loss: 5.596, Accuracy: 7.38%
[16,    10] loss: 3.942
[16,    20] loss: 4.010
[16,    30] loss: 4.018
[16,    40] loss: 4.131
[16,    50] loss: 4.094
[16,    60] loss: 4.187
[16,    70] loss: 4.283
[16,    80] loss: 4.255
[16,    90] loss: 4.279
[16,   100] loss: 4.268
[16,   110] loss: 4.360
[16,   120] loss: 4.331
[16,   130] loss: 4.377
[16] Validation loss: 5.641, Accuracy: 7.31%
[17,    10] loss: 3.899
[17,    20] loss: 3.906
[17,    30] loss: 3.958
[17,    40] loss: 3.983
[17,    50] loss: 4.056
[17,    60] loss: 4.069
[17,    70] loss: 4.153
[17,    80] loss: 4.219
[17,    90] loss: 4.176
[17,   100] loss: 4.209
[17,   110] loss: 4.235
[17,   120] loss: 4.300
[17,   130] loss: 4.255
[17] Validation loss: 5.641, Accuracy: 7.49%
[18,    10] loss: 3.783
[18,    20] loss: 3.834
[18,    30] loss: 3.945
[18,    40] loss: 3.980
[18,    50] loss: 4.035
[18,    60] loss: 4.077
[18,    70] loss: 4.124
[18,    80] loss: 4.109
[18,    90] loss: 4.122
[18,   100] loss: 4.238
[18,   110] loss: 4.225
[18,   120] loss: 4.195
[18,   130] loss: 4.214
[18] Validation loss: 5.678, Accuracy: 7.45%
[19,    10] loss: 3.795
[19,    20] loss: 3.767
[19,    30] loss: 3.828
[19,    40] loss: 3.837
[19,    50] loss: 3.959
[19,    60] loss: 3.998
[19,    70] loss: 3.982
[19,    80] loss: 4.046
[19,    90] loss: 4.037
[19,   100] loss: 4.124
[19,   110] loss: 4.064
[19,   120] loss: 4.166
[19,   130] loss: 4.214
[19] Validation loss: 5.699, Accuracy: 7.36%
[20,    10] loss: 3.662
[20,    20] loss: 3.708
[20,    30] loss: 3.840
[20,    40] loss: 3.817
[20,    50] loss: 3.822
[20,    60] loss: 3.898
[20,    70] loss: 3.998
[20,    80] loss: 4.007
[20,    90] loss: 3.985
[20,   100] loss: 4.106
[20,   110] loss: 4.045
[20,   120] loss: 4.126
[20,   130] loss: 4.149
[20] Validation loss: 5.734, Accuracy: 7.57%
[21,    10] loss: 3.586
[21,    20] loss: 3.631
[21,    30] loss: 3.686
[21,    40] loss: 3.770
[21,    50] loss: 3.837
[21,    60] loss: 3.817
[21,    70] loss: 3.825
[21,    80] loss: 3.911
[21,    90] loss: 3.886
[21,   100] loss: 4.042
[21,   110] loss: 4.037
[21,   120] loss: 4.073
[21,   130] loss: 4.061
[21] Validation loss: 5.759, Accuracy: 7.36%
[22,    10] loss: 3.527
[22,    20] loss: 3.562
[22,    30] loss: 3.646
[22,    40] loss: 3.716
[22,    50] loss: 3.708
[22,    60] loss: 3.744
[22,    70] loss: 3.831
[22,    80] loss: 3.820
[22,    90] loss: 3.847
[22,   100] loss: 4.013
[22,   110] loss: 3.981
[22,   120] loss: 3.962
[22,   130] loss: 4.076
[22] Validation loss: 5.793, Accuracy: 7.29%
[23,    10] loss: 3.424
[23,    20] loss: 3.524
[23,    30] loss: 3.612
[23,    40] loss: 3.646
[23,    50] loss: 3.669
[23,    60] loss: 3.758
[23,    70] loss: 3.806
[23,    80] loss: 3.797
[23,    90] loss: 3.834
[23,   100] loss: 3.868
[23,   110] loss: 3.905
[23,   120] loss: 3.960
[23,   130] loss: 4.012
[23] Validation loss: 5.820, Accuracy: 7.32%
[24,    10] loss: 3.291
[24,    20] loss: 3.474
[24,    30] loss: 3.438
[24,    40] loss: 3.575
[24,    50] loss: 3.607
[24,    60] loss: 3.644
[24,    70] loss: 3.736
[24,    80] loss: 3.850
[24,    90] loss: 3.788
[24,   100] loss: 3.778
[24,   110] loss: 3.903
[24,   120] loss: 3.882
[24,   130] loss: 3.944
[24] Validation loss: 5.843, Accuracy: 7.39%
[25,    10] loss: 3.325
[25,    20] loss: 3.434
[25,    30] loss: 3.440
[25,    40] loss: 3.538
[25,    50] loss: 3.518
[25,    60] loss: 3.620
[25,    70] loss: 3.664
[25,    80] loss: 3.660
[25,    90] loss: 3.713
[25,   100] loss: 3.868
[25,   110] loss: 3.737
[25,   120] loss: 3.827
[25,   130] loss: 3.950
[25] Validation loss: 5.871, Accuracy: 7.27%
[26,    10] loss: 3.337
[26,    20] loss: 3.362
[26,    30] loss: 3.424
[26,    40] loss: 3.486
[26,    50] loss: 3.480
[26,    60] loss: 3.572
[26,    70] loss: 3.544
[26,    80] loss: 3.679
[26,    90] loss: 3.674
[26,   100] loss: 3.678
[26,   110] loss: 3.710
[26,   120] loss: 3.777
[26,   130] loss: 3.802
[26] Validation loss: 5.887, Accuracy: 7.20%
[27,    10] loss: 3.186
[27,    20] loss: 3.288
[27,    30] loss: 3.283
[27,    40] loss: 3.386
[27,    50] loss: 3.536
[27,    60] loss: 3.508
[27,    70] loss: 3.579
[27,    80] loss: 3.590
[27,    90] loss: 3.599
[27,   100] loss: 3.623
[27,   110] loss: 3.731
[27,   120] loss: 3.715
[27,   130] loss: 3.735
[27] Validation loss: 5.930, Accuracy: 6.98%
[28,    10] loss: 3.121
[28,    20] loss: 3.268
[28,    30] loss: 3.279
[28,    40] loss: 3.433
[28,    50] loss: 3.442
[28,    60] loss: 3.471
[28,    70] loss: 3.491
[28,    80] loss: 3.579
[28,    90] loss: 3.576
[28,   100] loss: 3.606
[28,   110] loss: 3.643
[28,   120] loss: 3.717
[28,   130] loss: 3.651
[28] Validation loss: 5.941, Accuracy: 6.98%
[29,    10] loss: 3.155
[29,    20] loss: 3.192
[29,    30] loss: 3.259
[29,    40] loss: 3.267
[29,    50] loss: 3.383
[29,    60] loss: 3.468
[29,    70] loss: 3.468
[29,    80] loss: 3.448
[29,    90] loss: 3.493
[29,   100] loss: 3.589
[29,   110] loss: 3.579
[29,   120] loss: 3.599
[29,   130] loss: 3.636
[29] Validation loss: 5.995, Accuracy: 7.07%
[30,    10] loss: 3.129
[30,    20] loss: 3.148
[30,    30] loss: 3.240
[30,    40] loss: 3.253
[30,    50] loss: 3.334
[30,    60] loss: 3.379
[30,    70] loss: 3.435
[30,    80] loss: 3.449
[30,    90] loss: 3.540
[30,   100] loss: 3.558
[30,   110] loss: 3.560
[30,   120] loss: 3.565
[30,   130] loss: 3.574
[30] Validation loss: 6.009, Accuracy: 7.08%
[31,    10] loss: 3.025
[31,    20] loss: 3.069
[31,    30] loss: 3.256
[31,    40] loss: 3.133
[31,    50] loss: 3.308
[31,    60] loss: 3.350
[31,    70] loss: 3.323
[31,    80] loss: 3.365
[31,    90] loss: 3.489
[31,   100] loss: 3.423
[31,   110] loss: 3.489
[31,   120] loss: 3.572
[31,   130] loss: 3.581
[31] Validation loss: 6.055, Accuracy: 6.84%
[32,    10] loss: 2.962
[32,    20] loss: 3.067
[32,    30] loss: 3.175
[32,    40] loss: 3.194
[32,    50] loss: 3.212
[32,    60] loss: 3.268
[32,    70] loss: 3.310
[32,    80] loss: 3.306
[32,    90] loss: 3.387
[32,   100] loss: 3.476
[32,   110] loss: 3.480
[32,   120] loss: 3.553
[32,   130] loss: 3.497
[32] Validation loss: 6.063, Accuracy: 6.78%
[33,    10] loss: 2.930
[33,    20] loss: 3.031
[33,    30] loss: 3.071
[33,    40] loss: 3.159
[33,    50] loss: 3.243
[33,    60] loss: 3.229
[33,    70] loss: 3.335
[33,    80] loss: 3.328
[33,    90] loss: 3.331
[33,   100] loss: 3.339
[33,   110] loss: 3.436
[33,   120] loss: 3.490
[33,   130] loss: 3.462
[33] Validation loss: 6.108, Accuracy: 6.97%
[34,    10] loss: 2.868
[34,    20] loss: 2.969
[34,    30] loss: 3.157
[34,    40] loss: 3.119
[34,    50] loss: 3.119
[34,    60] loss: 3.245
[34,    70] loss: 3.233
[34,    80] loss: 3.343
[34,    90] loss: 3.268
[34,   100] loss: 3.335
[34,   110] loss: 3.356
[34,   120] loss: 3.472
[34,   130] loss: 3.481
[34] Validation loss: 6.140, Accuracy: 7.17%
[35,    10] loss: 2.867
[35,    20] loss: 2.907
[35,    30] loss: 3.019
[35,    40] loss: 3.064
[35,    50] loss: 3.062
[35,    60] loss: 3.179
[35,    70] loss: 3.294
[35,    80] loss: 3.269
[35,    90] loss: 3.284
[35,   100] loss: 3.388
[35,   110] loss: 3.343
[35,   120] loss: 3.317
[35,   130] loss: 3.384
[35] Validation loss: 6.134, Accuracy: 6.98%
[36,    10] loss: 2.884
[36,    20] loss: 2.935
[36,    30] loss: 2.964
[36,    40] loss: 3.010
[36,    50] loss: 3.117
[36,    60] loss: 3.044
[36,    70] loss: 3.154
[36,    80] loss: 3.232
[36,    90] loss: 3.237
[36,   100] loss: 3.228
[36,   110] loss: 3.293
[36,   120] loss: 3.371
[36,   130] loss: 3.389
[36] Validation loss: 6.191, Accuracy: 7.00%
[37,    10] loss: 2.883
[37,    20] loss: 2.917
[37,    30] loss: 2.896
[37,    40] loss: 2.912
[37,    50] loss: 3.053
[37,    60] loss: 3.040
[37,    70] loss: 3.139
[37,    80] loss: 3.124
[37,    90] loss: 3.259
[37,   100] loss: 3.260
[37,   110] loss: 3.244
[37,   120] loss: 3.338
[37,   130] loss: 3.316
[37] Validation loss: 6.152, Accuracy: 6.69%
[38,    10] loss: 2.866
[38,    20] loss: 2.869
[38,    30] loss: 2.901
[38,    40] loss: 2.936
[38,    50] loss: 2.997
[38,    60] loss: 3.100
[38,    70] loss: 3.042
[38,    80] loss: 3.224
[38,    90] loss: 3.148
[38,   100] loss: 3.137
[38,   110] loss: 3.273
[38,   120] loss: 3.257
[38,   130] loss: 3.289
[38] Validation loss: 6.200, Accuracy: 6.70%
[39,    10] loss: 2.749
[39,    20] loss: 2.843
[39,    30] loss: 2.837
[39,    40] loss: 2.962
[39,    50] loss: 2.976
[39,    60] loss: 2.983
[39,    70] loss: 3.081
[39,    80] loss: 3.123
[39,    90] loss: 3.166
[39,   100] loss: 3.238
[39,   110] loss: 3.266
[39,   120] loss: 3.189
[39,   130] loss: 3.410
[39] Validation loss: 6.235, Accuracy: 6.62%
[40,    10] loss: 2.666
[40,    20] loss: 2.761
[40,    30] loss: 2.818
[40,    40] loss: 2.943
[40,    50] loss: 2.986
[40,    60] loss: 3.005
[40,    70] loss: 3.041
[40,    80] loss: 3.135
[40,    90] loss: 3.093
[40,   100] loss: 3.154
[40,   110] loss: 3.141
[40,   120] loss: 3.263
[40,   130] loss: 3.243
[40] Validation loss: 6.285, Accuracy: 6.62%
[41,    10] loss: 2.736
[41,    20] loss: 2.797
[41,    30] loss: 2.824
[41,    40] loss: 2.893
[41,    50] loss: 2.909
[41,    60] loss: 2.934
[41,    70] loss: 2.989
[41,    80] loss: 3.049
[41,    90] loss: 3.026
[41,   100] loss: 3.105
[41,   110] loss: 3.151
[41,   120] loss: 3.206
[41,   130] loss: 3.189
[41] Validation loss: 6.282, Accuracy: 6.57%
[42,    10] loss: 2.587
[42,    20] loss: 2.735
[42,    30] loss: 2.748
[42,    40] loss: 2.878
[42,    50] loss: 2.816
[42,    60] loss: 2.886
[42,    70] loss: 2.958
[42,    80] loss: 3.028
[42,    90] loss: 3.056
[42,   100] loss: 3.019
[42,   110] loss: 3.084
[42,   120] loss: 3.220
[42,   130] loss: 3.189
[42] Validation loss: 6.319, Accuracy: 6.74%
[43,    10] loss: 2.631
[43,    20] loss: 2.680
[43,    30] loss: 2.772
[43,    40] loss: 2.741
[43,    50] loss: 2.923
[43,    60] loss: 2.948
[43,    70] loss: 2.917
[43,    80] loss: 3.007
[43,    90] loss: 3.006
[43,   100] loss: 3.093
[43,   110] loss: 3.071
[43,   120] loss: 3.125
[43,   130] loss: 3.171
[43] Validation loss: 6.346, Accuracy: 6.72%
[44,    10] loss: 2.667
[44,    20] loss: 2.634
[44,    30] loss: 2.697
[44,    40] loss: 2.770
[44,    50] loss: 2.777
[44,    60] loss: 2.900
[44,    70] loss: 2.933
[44,    80] loss: 2.835
[44,    90] loss: 3.010
[44,   100] loss: 3.015
[44,   110] loss: 3.109
[44,   120] loss: 3.042
[44,   130] loss: 3.187
[44] Validation loss: 6.344, Accuracy: 6.83%
[45,    10] loss: 2.624
[45,    20] loss: 2.657
[45,    30] loss: 2.698
[45,    40] loss: 2.707
[45,    50] loss: 2.868
[45,    60] loss: 2.930
[45,    70] loss: 2.938
[45,    80] loss: 2.975
[45,    90] loss: 2.964
[45,   100] loss: 3.024
[45,   110] loss: 3.064
[45,   120] loss: 3.046
[45,   130] loss: 3.132
[45] Validation loss: 6.337, Accuracy: 6.68%
[46,    10] loss: 2.554
[46,    20] loss: 2.601
[46,    30] loss: 2.656
[46,    40] loss: 2.741
[46,    50] loss: 2.841
[46,    60] loss: 2.816
[46,    70] loss: 2.844
[46,    80] loss: 2.944
[46,    90] loss: 2.905
[46,   100] loss: 2.996
[46,   110] loss: 3.080
[46,   120] loss: 3.090
[46,   130] loss: 3.073
[46] Validation loss: 6.358, Accuracy: 6.62%
[47,    10] loss: 2.548
[47,    20] loss: 2.625
[47,    30] loss: 2.642
[47,    40] loss: 2.698
[47,    50] loss: 2.751
[47,    60] loss: 2.823
[47,    70] loss: 2.885
[47,    80] loss: 2.885
[47,    90] loss: 2.928
[47,   100] loss: 2.952
[47,   110] loss: 2.987
[47,   120] loss: 3.080
[47,   130] loss: 3.079
[47] Validation loss: 6.389, Accuracy: 6.52%
[48,    10] loss: 2.461
[48,    20] loss: 2.534
[48,    30] loss: 2.740
[48,    40] loss: 2.710
[48,    50] loss: 2.705
[48,    60] loss: 2.844
[48,    70] loss: 2.828
[48,    80] loss: 2.798
[48,    90] loss: 2.930
[48,   100] loss: 3.006
[48,   110] loss: 2.983
[48,   120] loss: 3.032
[48,   130] loss: 2.978
[48] Validation loss: 6.438, Accuracy: 6.69%
[49,    10] loss: 2.516
[49,    20] loss: 2.548
[49,    30] loss: 2.691
[49,    40] loss: 2.665
[49,    50] loss: 2.673
[49,    60] loss: 2.800
[49,    70] loss: 2.777
[49,    80] loss: 2.842
[49,    90] loss: 2.879
[49,   100] loss: 2.883
[49,   110] loss: 2.927
[49,   120] loss: 3.019
[49,   130] loss: 3.043
[49] Validation loss: 6.407, Accuracy: 6.43%
[50,    10] loss: 2.518
[50,    20] loss: 2.438
[50,    30] loss: 2.571
[50,    40] loss: 2.644
[50,    50] loss: 2.733
[50,    60] loss: 2.682
[50,    70] loss: 2.875
[50,    80] loss: 2.819
[50,    90] loss: 2.937
[50,   100] loss: 2.885
[50,   110] loss: 2.961
[50,   120] loss: 2.948
[50,   130] loss: 3.012
[50] Validation loss: 6.415, Accuracy: 6.50%
Finished Training
Time elapsed: 1949.319872719
Saved checkpoint to checkpoints/rotation_classifier.pth
