Dataset is copied to /tmp
MODEL W DROPOUT, PART FREEZE, SMALL CLASSIFIER, BN
Start Training
use checkpointcheckpoints/rotations_long/rotations_ep_25
[1,    10] loss: 6.873
[1,    20] loss: 6.889
[1,    30] loss: 6.534
[1,    40] loss: 6.324
[1,    50] loss: 6.143
[1,    60] loss: 6.061
[1,    70] loss: 6.021
[1,    80] loss: 5.933
[1,    90] loss: 5.859
[1,   100] loss: 5.839
[1,   110] loss: 5.801
[1,   120] loss: 5.713
[1,   130] loss: 5.697
[1] Validation loss: 5.810, Accuracy: 4.05%
[2,    10] loss: 4.941
[2,    20] loss: 4.828
[2,    30] loss: 4.889
[2,    40] loss: 4.908
[2,    50] loss: 4.990
[2,    60] loss: 4.926
[2,    70] loss: 5.005
[2,    80] loss: 4.964
[2,    90] loss: 5.031
[2,   100] loss: 5.006
[2,   110] loss: 5.054
[2,   120] loss: 5.042
[2,   130] loss: 5.051
[2] Validation loss: 5.587, Accuracy: 5.50%
[3,    10] loss: 3.917
[3,    20] loss: 3.882
[3,    30] loss: 3.796
[3,    40] loss: 3.925
[3,    50] loss: 4.016
[3,    60] loss: 4.124
[3,    70] loss: 4.157
[3,    80] loss: 4.216
[3,    90] loss: 4.296
[3,   100] loss: 4.308
[3,   110] loss: 4.283
[3,   120] loss: 4.329
[3,   130] loss: 4.393
[3] Validation loss: 5.700, Accuracy: 6.28%
[4,    10] loss: 2.884
[4,    20] loss: 2.823
[4,    30] loss: 2.822
[4,    40] loss: 2.920
[4,    50] loss: 3.106
[4,    60] loss: 3.234
[4,    70] loss: 3.293
[4,    80] loss: 3.416
[4,    90] loss: 3.451
[4,   100] loss: 3.437
[4,   110] loss: 3.543
[4,   120] loss: 3.575
[4,   130] loss: 3.558
[4] Validation loss: 6.050, Accuracy: 5.96%
[5,    10] loss: 2.014
[5,    20] loss: 1.997
[5,    30] loss: 1.926
[5,    40] loss: 1.928
[5,    50] loss: 2.036
[5,    60] loss: 2.255
[5,    70] loss: 2.271
[5,    80] loss: 2.431
[5,    90] loss: 2.476
[5,   100] loss: 2.613
[5,   110] loss: 2.666
[5,   120] loss: 2.731
[5,   130] loss: 2.730
[5] Validation loss: 6.637, Accuracy: 5.95%
[6,    10] loss: 1.297
[6,    20] loss: 1.268
[6,    30] loss: 1.260
[6,    40] loss: 1.186
[6,    50] loss: 1.293
[6,    60] loss: 1.341
[6,    70] loss: 1.427
[6,    80] loss: 1.511
[6,    90] loss: 1.612
[6,   100] loss: 1.741
[6,   110] loss: 1.786
[6,   120] loss: 1.859
[6,   130] loss: 2.014
[6] Validation loss: 7.274, Accuracy: 5.38%
[7,    10] loss: 0.885
[7,    20] loss: 0.918
[7,    30] loss: 0.799
[7,    40] loss: 0.824
[7,    50] loss: 0.840
[7,    60] loss: 0.821
[7,    70] loss: 0.872
[7,    80] loss: 0.933
[7,    90] loss: 0.976
[7,   100] loss: 1.111
[7,   110] loss: 1.132
[7,   120] loss: 1.229
[7,   130] loss: 1.311
[7] Validation loss: 7.946, Accuracy: 5.34%
[8,    10] loss: 0.605
[8,    20] loss: 0.656
[8,    30] loss: 0.599
[8,    40] loss: 0.633
[8,    50] loss: 0.604
[8,    60] loss: 0.633
[8,    70] loss: 0.652
[8,    80] loss: 0.648
[8,    90] loss: 0.741
[8,   100] loss: 0.709
[8,   110] loss: 0.788
[8,   120] loss: 0.866
[8,   130] loss: 0.948
[8] Validation loss: 8.237, Accuracy: 5.22%
[9,    10] loss: 0.471
[9,    20] loss: 0.517
[9,    30] loss: 0.511
[9,    40] loss: 0.494
[9,    50] loss: 0.469
[9,    60] loss: 0.481
[9,    70] loss: 0.509
[9,    80] loss: 0.562
[9,    90] loss: 0.541
[9,   100] loss: 0.572
[9,   110] loss: 0.632
[9,   120] loss: 0.690
[9,   130] loss: 0.789
[9] Validation loss: 8.495, Accuracy: 5.17%
[10,    10] loss: 0.403
[10,    20] loss: 0.409
[10,    30] loss: 0.425
[10,    40] loss: 0.405
[10,    50] loss: 0.410
[10,    60] loss: 0.426
[10,    70] loss: 0.484
[10,    80] loss: 0.456
[10,    90] loss: 0.478
[10,   100] loss: 0.518
[10,   110] loss: 0.576
[10,   120] loss: 0.594
[10,   130] loss: 0.683
[10] Validation loss: 8.640, Accuracy: 5.23%
[11,    10] loss: 0.410
[11,    20] loss: 0.389
[11,    30] loss: 0.399
[11,    40] loss: 0.417
[11,    50] loss: 0.391
[11,    60] loss: 0.403
[11,    70] loss: 0.419
[11,    80] loss: 0.411
[11,    90] loss: 0.448
[11,   100] loss: 0.480
[11,   110] loss: 0.517
[11,   120] loss: 0.592
[11,   130] loss: 0.610
[11] Validation loss: 8.721, Accuracy: 5.29%
[12,    10] loss: 0.317
[12,    20] loss: 0.382
[12,    30] loss: 0.354
[12,    40] loss: 0.357
[12,    50] loss: 0.354
[12,    60] loss: 0.379
[12,    70] loss: 0.378
[12,    80] loss: 0.415
[12,    90] loss: 0.475
[12,   100] loss: 0.466
[12,   110] loss: 0.541
[12,   120] loss: 0.581
[12,   130] loss: 0.604
[12] Validation loss: 8.636, Accuracy: 5.02%
[13,    10] loss: 0.336
[13,    20] loss: 0.354
[13,    30] loss: 0.363
[13,    40] loss: 0.335
[13,    50] loss: 0.335
[13,    60] loss: 0.358
[13,    70] loss: 0.375
[13,    80] loss: 0.365
[13,    90] loss: 0.387
[13,   100] loss: 0.409
[13,   110] loss: 0.455
[13,   120] loss: 0.463
[13,   130] loss: 0.502
[13] Validation loss: 8.834, Accuracy: 5.22%
[14,    10] loss: 0.242
[14,    20] loss: 0.292
[14,    30] loss: 0.307
[14,    40] loss: 0.276
[14,    50] loss: 0.297
[14,    60] loss: 0.305
[14,    70] loss: 0.327
[14,    80] loss: 0.352
[14,    90] loss: 0.370
[14,   100] loss: 0.429
[14,   110] loss: 0.438
[14,   120] loss: 0.468
[14,   130] loss: 0.520
[14] Validation loss: 8.728, Accuracy: 5.04%
