Dataset is copied to /tmp
CONV4, SMALL CLASSIFIER, DROPOUT+MoreBN
Start Training
use checkpointcheckpoints/rots_and_perms2/rotations_ep_10
[1,    10] loss: 6.774
[1,    20] loss: 6.723
[1,    30] loss: 6.690
[1,    40] loss: 6.620
[1,    50] loss: 6.566
[1,    60] loss: 6.482
[1,    70] loss: 6.489
[1,    80] loss: 6.361
[1,    90] loss: 6.396
[1,   100] loss: 6.277
[1,   110] loss: 6.270
[1,   120] loss: 6.191
[1,   130] loss: 6.228
[1] Validation loss: 6.281, Accuracy: 2.10%
[2,    10] loss: 5.727
[2,    20] loss: 5.744
[2,    30] loss: 5.690
[2,    40] loss: 5.750
[2,    50] loss: 5.737
[2,    60] loss: 5.785
[2,    70] loss: 5.803
[2,    80] loss: 5.764
[2,    90] loss: 5.778
[2,   100] loss: 5.826
[2,   110] loss: 5.793
[2,   120] loss: 5.774
[2,   130] loss: 5.751
[2] Validation loss: 6.071, Accuracy: 3.14%
[3,    10] loss: 5.217
[3,    20] loss: 5.165
[3,    30] loss: 5.241
[3,    40] loss: 5.326
[3,    50] loss: 5.286
[3,    60] loss: 5.370
[3,    70] loss: 5.350
[3,    80] loss: 5.440
[3,    90] loss: 5.432
[3,   100] loss: 5.383
[3,   110] loss: 5.510
[3,   120] loss: 5.460
[3,   130] loss: 5.500
[3] Validation loss: 5.999, Accuracy: 3.47%
[4,    10] loss: 4.795
[4,    20] loss: 4.858
[4,    30] loss: 4.896
[4,    40] loss: 4.900
[4,    50] loss: 5.053
[4,    60] loss: 5.084
[4,    70] loss: 5.123
[4,    80] loss: 5.098
[4,    90] loss: 5.210
[4,   100] loss: 5.119
[4,   110] loss: 5.122
[4,   120] loss: 5.190
[4,   130] loss: 5.192
[4] Validation loss: 5.974, Accuracy: 4.21%
[5,    10] loss: 4.455
[5,    20] loss: 4.532
[5,    30] loss: 4.644
[5,    40] loss: 4.661
[5,    50] loss: 4.750
[5,    60] loss: 4.751
[5,    70] loss: 4.855
[5,    80] loss: 4.832
[5,    90] loss: 4.849
[5,   100] loss: 4.892
[5,   110] loss: 4.888
[5,   120] loss: 4.913
[5,   130] loss: 4.974
[5] Validation loss: 5.961, Accuracy: 4.38%
[6,    10] loss: 4.210
[6,    20] loss: 4.266
[6,    30] loss: 4.285
[6,    40] loss: 4.363
[6,    50] loss: 4.454
[6,    60] loss: 4.471
[6,    70] loss: 4.479
[6,    80] loss: 4.575
[6,    90] loss: 4.651
[6,   100] loss: 4.667
[6,   110] loss: 4.597
[6,   120] loss: 4.687
[6,   130] loss: 4.662
[6] Validation loss: 6.007, Accuracy: 4.46%
[7,    10] loss: 3.899
[7,    20] loss: 3.986
[7,    30] loss: 3.989
[7,    40] loss: 4.125
[7,    50] loss: 4.167
[7,    60] loss: 4.173
[7,    70] loss: 4.265
[7,    80] loss: 4.314
[7,    90] loss: 4.338
[7,   100] loss: 4.267
[7,   110] loss: 4.300
[7,   120] loss: 4.480
[7,   130] loss: 4.438
[7] Validation loss: 6.028, Accuracy: 4.65%
[8,    10] loss: 3.585
[8,    20] loss: 3.693
[8,    30] loss: 3.727
[8,    40] loss: 3.770
[8,    50] loss: 3.769
[8,    60] loss: 3.900
[8,    70] loss: 3.909
[8,    80] loss: 4.031
[8,    90] loss: 3.990
[8,   100] loss: 4.051
[8,   110] loss: 4.174
[8,   120] loss: 4.148
[8,   130] loss: 4.249
[8] Validation loss: 6.119, Accuracy: 4.55%
[9,    10] loss: 3.278
[9,    20] loss: 3.360
[9,    30] loss: 3.351
[9,    40] loss: 3.459
[9,    50] loss: 3.551
[9,    60] loss: 3.548
[9,    70] loss: 3.670
[9,    80] loss: 3.682
[9,    90] loss: 3.739
[9,   100] loss: 3.840
[9,   110] loss: 3.765
[9,   120] loss: 3.887
[9,   130] loss: 3.914
[9] Validation loss: 6.214, Accuracy: 4.51%
[10,    10] loss: 2.936
[10,    20] loss: 3.029
[10,    30] loss: 3.138
[10,    40] loss: 3.150
[10,    50] loss: 3.243
[10,    60] loss: 3.322
[10,    70] loss: 3.334
[10,    80] loss: 3.401
[10,    90] loss: 3.434
[10,   100] loss: 3.463
[10,   110] loss: 3.542
[10,   120] loss: 3.576
[10,   130] loss: 3.634
[10] Validation loss: 6.293, Accuracy: 4.58%
