Dataset is copied to /tmp
MODEL W DROPOUT
Start Training
use checkpointcheckpoints/rotations_long/rotations_ep_25
[1,    10] loss: 6.694
[1,    20] loss: 6.686
[1,    30] loss: 6.683
[1,    40] loss: 6.666
[1,    50] loss: 6.650
[1,    60] loss: 6.639
[1,    70] loss: 6.605
[1,    80] loss: 6.568
[1,    90] loss: 6.546
[1,   100] loss: 6.511
[1,   110] loss: 6.475
[1,   120] loss: 6.477
[1,   130] loss: 6.454
[1] Validation loss: 6.612, Accuracy: 0.29%
[2,    10] loss: 6.386
[2,    20] loss: 6.404
[2,    30] loss: 6.404
[2,    40] loss: 6.396
[2,    50] loss: 6.425
[2,    60] loss: 6.387
[2,    70] loss: 6.364
[2,    80] loss: 6.379
[2,    90] loss: 6.334
[2,   100] loss: 6.311
[2,   110] loss: 6.281
[2,   120] loss: 6.255
[2,   130] loss: 6.260
[2] Validation loss: 6.396, Accuracy: 0.46%
[3,    10] loss: 6.117
[3,    20] loss: 6.106
[3,    30] loss: 6.135
[3,    40] loss: 6.072
[3,    50] loss: 6.058
[3,    60] loss: 6.070
[3,    70] loss: 6.061
[3,    80] loss: 6.034
[3,    90] loss: 6.024
[3,   100] loss: 6.012
[3,   110] loss: 6.016
[3,   120] loss: 6.013
[3,   130] loss: 6.030
[3] Validation loss: 6.170, Accuracy: 1.00%
[4,    10] loss: 5.787
[4,    20] loss: 5.813
[4,    30] loss: 5.840
[4,    40] loss: 5.793
[4,    50] loss: 5.833
[4,    60] loss: 5.849
[4,    70] loss: 5.785
[4,    80] loss: 5.789
[4,    90] loss: 5.783
[4,   100] loss: 5.797
[4,   110] loss: 5.841
[4,   120] loss: 5.819
[4,   130] loss: 5.801
[4] Validation loss: 6.127, Accuracy: 0.93%
[5,    10] loss: 5.605
[5,    20] loss: 5.602
[5,    30] loss: 5.588
[5,    40] loss: 5.597
[5,    50] loss: 5.627
[5,    60] loss: 5.621
[5,    70] loss: 5.668
[5,    80] loss: 5.582
[5,    90] loss: 5.629
[5,   100] loss: 5.688
[5,   110] loss: 5.670
[5,   120] loss: 5.692
[5,   130] loss: 5.686
[5] Validation loss: 6.082, Accuracy: 1.25%
[6,    10] loss: 5.443
[6,    20] loss: 5.434
[6,    30] loss: 5.514
[6,    40] loss: 5.439
[6,    50] loss: 5.452
[6,    60] loss: 5.482
[6,    70] loss: 5.513
[6,    80] loss: 5.504
[6,    90] loss: 5.460
[6,   100] loss: 5.512
[6,   110] loss: 5.483
[6,   120] loss: 5.501
[6,   130] loss: 5.478
[6] Validation loss: 6.068, Accuracy: 1.57%
[7,    10] loss: 5.277
[7,    20] loss: 5.289
[7,    30] loss: 5.277
[7,    40] loss: 5.287
[7,    50] loss: 5.351
[7,    60] loss: 5.383
[7,    70] loss: 5.333
[7,    80] loss: 5.372
[7,    90] loss: 5.303
[7,   100] loss: 5.388
[7,   110] loss: 5.325
[7,   120] loss: 5.332
[7,   130] loss: 5.368
[7] Validation loss: 6.054, Accuracy: 1.79%
[8,    10] loss: 5.115
[8,    20] loss: 5.111
[8,    30] loss: 5.108
[8,    40] loss: 5.178
[8,    50] loss: 5.248
[8,    60] loss: 5.135
[8,    70] loss: 5.144
[8,    80] loss: 5.185
[8,    90] loss: 5.211
[8,   100] loss: 5.207
[8,   110] loss: 5.217
[8,   120] loss: 5.202
[8,   130] loss: 5.244
[8] Validation loss: 6.105, Accuracy: 1.86%
[9,    10] loss: 4.965
[9,    20] loss: 4.997
[9,    30] loss: 4.981
[9,    40] loss: 5.033
[9,    50] loss: 5.014
[9,    60] loss: 5.078
[9,    70] loss: 4.983
[9,    80] loss: 5.083
[9,    90] loss: 5.059
[9,   100] loss: 5.014
[9,   110] loss: 5.129
[9,   120] loss: 5.061
[9,   130] loss: 5.092
[9] Validation loss: 6.129, Accuracy: 2.04%
[10,    10] loss: 4.857
[10,    20] loss: 4.753
[10,    30] loss: 4.854
[10,    40] loss: 4.869
[10,    50] loss: 4.832
[10,    60] loss: 4.880
[10,    70] loss: 4.900
[10,    80] loss: 4.939
[10,    90] loss: 4.919
[10,   100] loss: 4.915
[10,   110] loss: 4.933
[10,   120] loss: 5.016
[10,   130] loss: 4.951
[10] Validation loss: 6.283, Accuracy: 2.43%
[11,    10] loss: 4.716
[11,    20] loss: 4.742
[11,    30] loss: 4.686
[11,    40] loss: 4.716
[11,    50] loss: 4.773
[11,    60] loss: 4.771
[11,    70] loss: 4.733
[11,    80] loss: 4.820
[11,    90] loss: 4.745
[11,   100] loss: 4.787
[11,   110] loss: 4.773
[11,   120] loss: 4.824
[11,   130] loss: 4.846
[11] Validation loss: 6.248, Accuracy: 2.32%
[12,    10] loss: 4.559
[12,    20] loss: 4.548
[12,    30] loss: 4.549
[12,    40] loss: 4.632
[12,    50] loss: 4.697
[12,    60] loss: 4.650
[12,    70] loss: 4.620
[12,    80] loss: 4.624
[12,    90] loss: 4.695
[12,   100] loss: 4.712
[12,   110] loss: 4.688
[12,   120] loss: 4.666
[12,   130] loss: 4.760
[12] Validation loss: 6.417, Accuracy: 2.52%
[13,    10] loss: 4.436
[13,    20] loss: 4.456
[13,    30] loss: 4.431
[13,    40] loss: 4.494
[13,    50] loss: 4.483
[13,    60] loss: 4.544
[13,    70] loss: 4.542
[13,    80] loss: 4.552
[13,    90] loss: 4.571
[13,   100] loss: 4.600
[13,   110] loss: 4.614
[13,   120] loss: 4.563
[13,   130] loss: 4.594
[13] Validation loss: 6.461, Accuracy: 2.41%
[14,    10] loss: 4.316
[14,    20] loss: 4.255
[14,    30] loss: 4.382
[14,    40] loss: 4.388
[14,    50] loss: 4.423
[14,    60] loss: 4.431
[14,    70] loss: 4.438
[14,    80] loss: 4.396
[14,    90] loss: 4.408
[14,   100] loss: 4.467
[14,   110] loss: 4.495
[14,   120] loss: 4.497
[14,   130] loss: 4.526
[14] Validation loss: 6.598, Accuracy: 2.46%
[15,    10] loss: 4.207
[15,    20] loss: 4.167
[15,    30] loss: 4.303
[15,    40] loss: 4.276
[15,    50] loss: 4.295
[15,    60] loss: 4.326
[15,    70] loss: 4.310
[15,    80] loss: 4.268
[15,    90] loss: 4.317
[15,   100] loss: 4.348
[15,   110] loss: 4.379
[15,   120] loss: 4.407
[15,   130] loss: 4.383
[15] Validation loss: 6.693, Accuracy: 2.36%
[16,    10] loss: 4.050
[16,    20] loss: 4.121
[16,    30] loss: 4.102
[16,    40] loss: 4.185
[16,    50] loss: 4.194
[16,    60] loss: 4.206
[16,    70] loss: 4.231
[16,    80] loss: 4.227
[16,    90] loss: 4.253
[16,   100] loss: 4.252
[16,   110] loss: 4.316
[16,   120] loss: 4.289
[16,   130] loss: 4.271
[16] Validation loss: 6.794, Accuracy: 2.42%
[17,    10] loss: 3.989
[17,    20] loss: 4.016
[17,    30] loss: 4.010
[17,    40] loss: 4.078
[17,    50] loss: 4.085
[17,    60] loss: 4.050
[17,    70] loss: 4.073
[17,    80] loss: 4.183
[17,    90] loss: 4.208
[17,   100] loss: 4.202
[17,   110] loss: 4.134
[17,   120] loss: 4.251
[17,   130] loss: 4.234
[17] Validation loss: 6.993, Accuracy: 2.56%
[18,    10] loss: 3.843
[18,    20] loss: 3.906
[18,    30] loss: 3.871
[18,    40] loss: 3.909
[18,    50] loss: 4.044
[18,    60] loss: 4.049
[18,    70] loss: 4.068
[18,    80] loss: 4.033
[18,    90] loss: 4.086
[18,   100] loss: 4.070
[18,   110] loss: 4.108
[18,   120] loss: 4.089
[18,   130] loss: 4.069
[18] Validation loss: 7.018, Accuracy: 2.71%
[19,    10] loss: 3.848
[19,    20] loss: 3.861
[19,    30] loss: 3.811
[19,    40] loss: 3.853
[19,    50] loss: 3.946
[19,    60] loss: 3.979
[19,    70] loss: 3.872
[19,    80] loss: 3.991
[19,    90] loss: 4.024
[19,   100] loss: 3.957
[19,   110] loss: 3.997
[19,   120] loss: 4.028
[19,   130] loss: 4.015
[19] Validation loss: 7.168, Accuracy: 2.64%
[20,    10] loss: 3.738
[20,    20] loss: 3.669
[20,    30] loss: 3.789
[20,    40] loss: 3.773
[20,    50] loss: 3.846
[20,    60] loss: 3.846
[20,    70] loss: 3.905
[20,    80] loss: 3.884
[20,    90] loss: 3.846
[20,   100] loss: 3.917
[20,   110] loss: 3.934
[20,   120] loss: 3.941
[20,   130] loss: 3.931
[20] Validation loss: 7.448, Accuracy: 2.58%
[21,    10] loss: 3.681
[21,    20] loss: 3.668
[21,    30] loss: 3.707
[21,    40] loss: 3.731
[21,    50] loss: 3.818
[21,    60] loss: 3.782
[21,    70] loss: 3.741
[21,    80] loss: 3.835
[21,    90] loss: 3.780
[21,   100] loss: 3.851
[21,   110] loss: 3.826
[21,   120] loss: 3.815
[21,   130] loss: 3.895
[21] Validation loss: 7.427, Accuracy: 2.45%
[22,    10] loss: 3.574
[22,    20] loss: 3.624
[22,    30] loss: 3.541
[22,    40] loss: 3.635
[22,    50] loss: 3.618
[22,    60] loss: 3.684
[22,    70] loss: 3.742
[22,    80] loss: 3.744
[22,    90] loss: 3.718
[22,   100] loss: 3.717
[22,   110] loss: 3.739
[22,   120] loss: 3.819
[22,   130] loss: 3.835
[22] Validation loss: 7.468, Accuracy: 2.55%
[23,    10] loss: 3.511
[23,    20] loss: 3.534
[23,    30] loss: 3.586
[23,    40] loss: 3.553
[23,    50] loss: 3.595
[23,    60] loss: 3.598
[23,    70] loss: 3.577
[23,    80] loss: 3.651
[23,    90] loss: 3.601
[23,   100] loss: 3.693
[23,   110] loss: 3.710
[23,   120] loss: 3.704
[23,   130] loss: 3.734
[23] Validation loss: 7.725, Accuracy: 2.48%
[24,    10] loss: 3.423
[24,    20] loss: 3.402
[24,    30] loss: 3.405
[24,    40] loss: 3.494
[24,    50] loss: 3.500
[24,    60] loss: 3.493
[24,    70] loss: 3.579
[24,    80] loss: 3.575
[24,    90] loss: 3.534
[24,   100] loss: 3.657
[24,   110] loss: 3.642
[24,   120] loss: 3.624
[24,   130] loss: 3.697
[24] Validation loss: 7.702, Accuracy: 2.49%
[25,    10] loss: 3.346
[25,    20] loss: 3.325
[25,    30] loss: 3.367
[25,    40] loss: 3.445
[25,    50] loss: 3.438
[25,    60] loss: 3.434
[25,    70] loss: 3.463
[25,    80] loss: 3.573
[25,    90] loss: 3.603
[25,   100] loss: 3.624
[25,   110] loss: 3.493
[25,   120] loss: 3.560
[25,   130] loss: 3.522
[25] Validation loss: 7.929, Accuracy: 2.54%
[26,    10] loss: 3.277
[26,    20] loss: 3.333
[26,    30] loss: 3.275
[26,    40] loss: 3.363
[26,    50] loss: 3.389
[26,    60] loss: 3.414
[26,    70] loss: 3.394
[26,    80] loss: 3.470
[26,    90] loss: 3.510
[26,   100] loss: 3.502
[26,   110] loss: 3.459
[26,   120] loss: 3.508
[26,   130] loss: 3.531
[26] Validation loss: 8.006, Accuracy: 2.54%
[27,    10] loss: 3.189
[27,    20] loss: 3.249
[27,    30] loss: 3.266
[27,    40] loss: 3.229
[27,    50] loss: 3.320
[27,    60] loss: 3.348
[27,    70] loss: 3.359
[27,    80] loss: 3.401
[27,    90] loss: 3.410
[27,   100] loss: 3.386
[27,   110] loss: 3.468
[27,   120] loss: 3.425
[27,   130] loss: 3.398
[27] Validation loss: 8.158, Accuracy: 2.41%
[28,    10] loss: 3.071
[28,    20] loss: 3.106
[28,    30] loss: 3.236
[28,    40] loss: 3.188
[28,    50] loss: 3.221
[28,    60] loss: 3.214
[28,    70] loss: 3.274
[28,    80] loss: 3.301
[28,    90] loss: 3.371
[28,   100] loss: 3.375
[28,   110] loss: 3.419
[28,   120] loss: 3.390
[28,   130] loss: 3.433
[28] Validation loss: 8.109, Accuracy: 2.39%
[29,    10] loss: 3.074
[29,    20] loss: 3.063
[29,    30] loss: 3.163
[29,    40] loss: 3.176
[29,    50] loss: 3.210
[29,    60] loss: 3.189
[29,    70] loss: 3.201
[29,    80] loss: 3.251
[29,    90] loss: 3.209
[29,   100] loss: 3.320
[29,   110] loss: 3.343
[29,   120] loss: 3.293
[29,   130] loss: 3.349
[29] Validation loss: 8.244, Accuracy: 2.50%
[30,    10] loss: 3.072
[30,    20] loss: 3.026
[30,    30] loss: 3.056
[30,    40] loss: 3.059
[30,    50] loss: 3.151
[30,    60] loss: 3.157
[30,    70] loss: 3.217
[30,    80] loss: 3.227
[30,    90] loss: 3.177
[30,   100] loss: 3.168
[30,   110] loss: 3.317
[30,   120] loss: 3.330
[30,   130] loss: 3.215
[30] Validation loss: 8.623, Accuracy: 2.43%
[31,    10] loss: 2.999
[31,    20] loss: 3.046
[31,    30] loss: 3.072
[31,    40] loss: 3.061
[31,    50] loss: 3.097
[31,    60] loss: 3.147
[31,    70] loss: 3.170
[31,    80] loss: 3.165
[31,    90] loss: 3.165
[31,   100] loss: 3.131
[31,   110] loss: 3.124
[31,   120] loss: 3.265
[31,   130] loss: 3.256
[31] Validation loss: 8.481, Accuracy: 2.40%
[32,    10] loss: 2.860
[32,    20] loss: 2.904
[32,    30] loss: 2.954
[32,    40] loss: 2.993
[32,    50] loss: 3.047
[32,    60] loss: 3.052
[32,    70] loss: 3.102
[32,    80] loss: 3.152
[32,    90] loss: 3.090
[32,   100] loss: 3.117
[32,   110] loss: 3.177
[32,   120] loss: 3.192
[32,   130] loss: 3.177
[32] Validation loss: 8.682, Accuracy: 2.39%
[33,    10] loss: 2.837
[33,    20] loss: 2.851
[33,    30] loss: 2.821
[33,    40] loss: 2.923
[33,    50] loss: 2.988
[33,    60] loss: 3.020
[33,    70] loss: 3.006
[33,    80] loss: 3.033
[33,    90] loss: 3.108
[33,   100] loss: 3.085
[33,   110] loss: 3.076
[33,   120] loss: 3.040
[33,   130] loss: 3.141
[33] Validation loss: 8.681, Accuracy: 2.40%
