Dataset is copied to /tmp
CONV4, SMALL CLASSIFIER, DROPOUT+MoreBN
Start Training
use checkpointcheckpoints/jigsaw/jigsaw_ep_10
[1,    10] loss: 6.833
[1,    20] loss: 6.805
[1,    30] loss: 6.808
[1,    40] loss: 6.826
[1,    50] loss: 6.834
[1,    60] loss: 6.792
[1,    70] loss: 6.811
[1,    80] loss: 6.850
[1,    90] loss: 6.793
[1,   100] loss: 6.793
[1,   110] loss: 6.798
[1,   120] loss: 6.789
[1,   130] loss: 6.772
[1] Validation loss: 6.874, Accuracy: 0.46%
[2,    10] loss: 6.709
[2,    20] loss: 6.727
[2,    30] loss: 6.700
[2,    40] loss: 6.717
[2,    50] loss: 6.744
[2,    60] loss: 6.702
[2,    70] loss: 6.729
[2,    80] loss: 6.741
[2,    90] loss: 6.750
[2,   100] loss: 6.738
[2,   110] loss: 6.709
[2,   120] loss: 6.706
[2,   130] loss: 6.701
[2] Validation loss: 6.766, Accuracy: 0.54%
[3,    10] loss: 6.624
[3,    20] loss: 6.632
[3,    30] loss: 6.656
[3,    40] loss: 6.688
[3,    50] loss: 6.686
[3,    60] loss: 6.639
[3,    70] loss: 6.695
[3,    80] loss: 6.654
[3,    90] loss: 6.648
[3,   100] loss: 6.674
[3,   110] loss: 6.661
[3,   120] loss: 6.653
[3,   130] loss: 6.672
[3] Validation loss: 6.727, Accuracy: 0.69%
[4,    10] loss: 6.550
[4,    20] loss: 6.595
[4,    30] loss: 6.611
[4,    40] loss: 6.600
[4,    50] loss: 6.596
[4,    60] loss: 6.641
[4,    70] loss: 6.575
[4,    80] loss: 6.591
[4,    90] loss: 6.622
[4,   100] loss: 6.623
[4,   110] loss: 6.596
[4,   120] loss: 6.588
[4,   130] loss: 6.624
[4] Validation loss: 6.685, Accuracy: 0.91%
[5,    10] loss: 6.512
[5,    20] loss: 6.504
[5,    30] loss: 6.536
[5,    40] loss: 6.578
[5,    50] loss: 6.556
[5,    60] loss: 6.532
[5,    70] loss: 6.546
[5,    80] loss: 6.555
[5,    90] loss: 6.584
[5,   100] loss: 6.559
[5,   110] loss: 6.595
[5,   120] loss: 6.574
[5,   130] loss: 6.527
[5] Validation loss: 6.667, Accuracy: 0.93%
[6,    10] loss: 6.455
[6,    20] loss: 6.483
[6,    30] loss: 6.495
[6,    40] loss: 6.510
[6,    50] loss: 6.496
[6,    60] loss: 6.523
[6,    70] loss: 6.478
[6,    80] loss: 6.518
[6,    90] loss: 6.520
[6,   100] loss: 6.534
[6,   110] loss: 6.538
[6,   120] loss: 6.515
[6,   130] loss: 6.495
[6] Validation loss: 6.635, Accuracy: 0.97%
[7,    10] loss: 6.401
[7,    20] loss: 6.429
[7,    30] loss: 6.429
[7,    40] loss: 6.509
[7,    50] loss: 6.494
[7,    60] loss: 6.465
[7,    70] loss: 6.460
[7,    80] loss: 6.485
[7,    90] loss: 6.443
[7,   100] loss: 6.456
[7,   110] loss: 6.499
[7,   120] loss: 6.490
[7,   130] loss: 6.455
[7] Validation loss: 6.605, Accuracy: 0.81%
[8,    10] loss: 6.381
[8,    20] loss: 6.412
[8,    30] loss: 6.381
[8,    40] loss: 6.464
[8,    50] loss: 6.433
[8,    60] loss: 6.417
[8,    70] loss: 6.425
[8,    80] loss: 6.437
[8,    90] loss: 6.419
[8,   100] loss: 6.449
[8,   110] loss: 6.475
[8,   120] loss: 6.463
[8,   130] loss: 6.430
[8] Validation loss: 6.583, Accuracy: 1.02%
[9,    10] loss: 6.316
[9,    20] loss: 6.356
[9,    30] loss: 6.385
[9,    40] loss: 6.375
[9,    50] loss: 6.392
[9,    60] loss: 6.411
[9,    70] loss: 6.435
[9,    80] loss: 6.450
[9,    90] loss: 6.409
[9,   100] loss: 6.351
[9,   110] loss: 6.393
[9,   120] loss: 6.384
[9,   130] loss: 6.413
[9] Validation loss: 6.565, Accuracy: 1.25%
[10,    10] loss: 6.332
[10,    20] loss: 6.323
[10,    30] loss: 6.384
[10,    40] loss: 6.356
[10,    50] loss: 6.353
[10,    60] loss: 6.406
[10,    70] loss: 6.377
[10,    80] loss: 6.382
[10,    90] loss: 6.381
[10,   100] loss: 6.400
[10,   110] loss: 6.405
[10,   120] loss: 6.363
[10,   130] loss: 6.380
[10] Validation loss: 6.544, Accuracy: 1.19%
[11,    10] loss: 6.308
[11,    20] loss: 6.307
[11,    30] loss: 6.399
[11,    40] loss: 6.334
[11,    50] loss: 6.305
[11,    60] loss: 6.365
[11,    70] loss: 6.355
[11,    80] loss: 6.362
[11,    90] loss: 6.342
[11,   100] loss: 6.386
[11,   110] loss: 6.375
[11,   120] loss: 6.363
[11,   130] loss: 6.390
[11] Validation loss: 6.536, Accuracy: 1.09%
[12,    10] loss: 6.257
[12,    20] loss: 6.283
[12,    30] loss: 6.336
[12,    40] loss: 6.317
[12,    50] loss: 6.347
[12,    60] loss: 6.356
[12,    70] loss: 6.344
[12,    80] loss: 6.369
[12,    90] loss: 6.372
[12,   100] loss: 6.371
[12,   110] loss: 6.314
[12,   120] loss: 6.346
[12,   130] loss: 6.342
[12] Validation loss: 6.520, Accuracy: 1.25%
[13,    10] loss: 6.244
[13,    20] loss: 6.256
[13,    30] loss: 6.283
[13,    40] loss: 6.316
[13,    50] loss: 6.324
[13,    60] loss: 6.326
[13,    70] loss: 6.310
[13,    80] loss: 6.337
[13,    90] loss: 6.321
[13,   100] loss: 6.350
[13,   110] loss: 6.356
[13,   120] loss: 6.358
[13,   130] loss: 6.363
[13] Validation loss: 6.512, Accuracy: 1.30%
