Dataset is copied to /tmp
CONV4, SMALL CLASSIFIER, DROPOUT+MoreBN
Start Training
use checkpointcheckpoints/rotations_xl/rotations_ep_85
[1,    10] loss: 6.744
[1,    20] loss: 6.615
[1,    30] loss: 6.476
[1,    40] loss: 6.303
[1,    50] loss: 6.251
[1,    60] loss: 6.100
[1,    70] loss: 5.926
[1,    80] loss: 5.899
[1,    90] loss: 5.883
[1,   100] loss: 5.719
[1,   110] loss: 5.741
[1,   120] loss: 5.680
[1,   130] loss: 5.686
[1] Validation loss: 5.698, Accuracy: 4.63%
[2,    10] loss: 5.023
[2,    20] loss: 4.982
[2,    30] loss: 4.966
[2,    40] loss: 5.029
[2,    50] loss: 5.101
[2,    60] loss: 5.122
[2,    70] loss: 5.090
[2,    80] loss: 5.131
[2,    90] loss: 5.146
[2,   100] loss: 5.087
[2,   110] loss: 5.058
[2,   120] loss: 5.098
[2,   130] loss: 5.050
[2] Validation loss: 5.430, Accuracy: 6.72%
[3,    10] loss: 4.315
[3,    20] loss: 4.382
[3,    30] loss: 4.389
[3,    40] loss: 4.522
[3,    50] loss: 4.411
[3,    60] loss: 4.582
[3,    70] loss: 4.465
[3,    80] loss: 4.571
[3,    90] loss: 4.553
[3,   100] loss: 4.594
[3,   110] loss: 4.673
[3,   120] loss: 4.617
[3,   130] loss: 4.674
[3] Validation loss: 5.320, Accuracy: 8.09%
[4,    10] loss: 3.819
[4,    20] loss: 3.824
[4,    30] loss: 3.923
[4,    40] loss: 3.935
[4,    50] loss: 4.056
[4,    60] loss: 4.108
[4,    70] loss: 4.169
[4,    80] loss: 4.140
[4,    90] loss: 4.182
[4,   100] loss: 4.182
[4,   110] loss: 4.192
[4,   120] loss: 4.311
[4,   130] loss: 4.305
[4] Validation loss: 5.345, Accuracy: 8.59%
[5,    10] loss: 3.384
[5,    20] loss: 3.450
[5,    30] loss: 3.553
[5,    40] loss: 3.572
[5,    50] loss: 3.563
[5,    60] loss: 3.633
[5,    70] loss: 3.674
[5,    80] loss: 3.722
[5,    90] loss: 3.849
[5,   100] loss: 3.867
[5,   110] loss: 3.922
[5,   120] loss: 3.919
[5,   130] loss: 4.049
[5] Validation loss: 5.349, Accuracy: 8.78%
[6,    10] loss: 3.043
[6,    20] loss: 3.071
[6,    30] loss: 3.101
[6,    40] loss: 3.216
[6,    50] loss: 3.230
[6,    60] loss: 3.337
[6,    70] loss: 3.395
[6,    80] loss: 3.408
[6,    90] loss: 3.520
[6,   100] loss: 3.567
[6,   110] loss: 3.528
[6,   120] loss: 3.569
[6,   130] loss: 3.693
[6] Validation loss: 5.412, Accuracy: 9.15%
[7,    10] loss: 2.563
[7,    20] loss: 2.701
[7,    30] loss: 2.745
[7,    40] loss: 2.839
[7,    50] loss: 2.883
[7,    60] loss: 2.950
[7,    70] loss: 3.005
[7,    80] loss: 3.097
[7,    90] loss: 3.167
[7,   100] loss: 3.204
[7,   110] loss: 3.276
[7,   120] loss: 3.264
[7,   130] loss: 3.317
[7] Validation loss: 5.481, Accuracy: 9.01%
[8,    10] loss: 2.263
[8,    20] loss: 2.345
[8,    30] loss: 2.472
[8,    40] loss: 2.488
[8,    50] loss: 2.605
[8,    60] loss: 2.656
[8,    70] loss: 2.640
[8,    80] loss: 2.792
[8,    90] loss: 2.853
[8,   100] loss: 2.863
[8,   110] loss: 2.963
[8,   120] loss: 2.978
[8,   130] loss: 3.051
[8] Validation loss: 5.571, Accuracy: 8.74%
[9,    10] loss: 1.999
[9,    20] loss: 2.102
[9,    30] loss: 2.137
[9,    40] loss: 2.183
[9,    50] loss: 2.258
[9,    60] loss: 2.357
[9,    70] loss: 2.345
[9,    80] loss: 2.426
[9,    90] loss: 2.537
[9,   100] loss: 2.526
[9,   110] loss: 2.597
[9,   120] loss: 2.598
[9,   130] loss: 2.806
[9] Validation loss: 5.654, Accuracy: 8.77%
[10,    10] loss: 1.725
[10,    20] loss: 1.822
[10,    30] loss: 1.879
[10,    40] loss: 1.907
[10,    50] loss: 1.963
[10,    60] loss: 2.054
[10,    70] loss: 2.140
[10,    80] loss: 2.236
[10,    90] loss: 2.183
[10,   100] loss: 2.283
[10,   110] loss: 2.298
[10,   120] loss: 2.390
[10,   130] loss: 2.456
[10] Validation loss: 5.757, Accuracy: 8.77%
[11,    10] loss: 1.516
[11,    20] loss: 1.607
[11,    30] loss: 1.593
[11,    40] loss: 1.642
[11,    50] loss: 1.704
[11,    60] loss: 1.726
[11,    70] loss: 1.827
[11,    80] loss: 1.873
[11,    90] loss: 1.978
[11,   100] loss: 2.040
[11,   110] loss: 2.068
[11,   120] loss: 2.129
[11,   130] loss: 2.232
[11] Validation loss: 5.850, Accuracy: 8.58%
