Dataset is copied to /tmp
CONV4, SMALL CLASSIFIER, DROPOUT+MoreBN
Start Training
use checkpointcheckpoints/rotations_aug/rotations_ep_20
[1,    10] loss: 6.780
[1,    20] loss: 6.667
[1,    30] loss: 6.554
[1,    40] loss: 6.464
[1,    50] loss: 6.415
[1,    60] loss: 6.326
[1,    70] loss: 6.201
[1,    80] loss: 6.172
[1,    90] loss: 6.153
[1,   100] loss: 6.028
[1,   110] loss: 5.997
[1,   120] loss: 5.986
[1,   130] loss: 5.982
[1] Validation loss: 5.974, Accuracy: 3.38%
[2,    10] loss: 5.509
[2,    20] loss: 5.559
[2,    30] loss: 5.529
[2,    40] loss: 5.505
[2,    50] loss: 5.607
[2,    60] loss: 5.615
[2,    70] loss: 5.550
[2,    80] loss: 5.564
[2,    90] loss: 5.554
[2,   100] loss: 5.539
[2,   110] loss: 5.583
[2,   120] loss: 5.582
[2,   130] loss: 5.541
[2] Validation loss: 5.747, Accuracy: 4.96%
[3,    10] loss: 5.024
[3,    20] loss: 5.058
[3,    30] loss: 5.146
[3,    40] loss: 5.231
[3,    50] loss: 5.229
[3,    60] loss: 5.152
[3,    70] loss: 5.242
[3,    80] loss: 5.271
[3,    90] loss: 5.290
[3,   100] loss: 5.267
[3,   110] loss: 5.284
[3,   120] loss: 5.273
[3,   130] loss: 5.231
[3] Validation loss: 5.628, Accuracy: 5.99%
[4,    10] loss: 4.793
[4,    20] loss: 4.803
[4,    30] loss: 4.910
[4,    40] loss: 4.936
[4,    50] loss: 4.963
[4,    60] loss: 4.917
[4,    70] loss: 4.974
[4,    80] loss: 5.011
[4,    90] loss: 5.062
[4,   100] loss: 5.110
[4,   110] loss: 4.977
[4,   120] loss: 5.106
[4,   130] loss: 5.087
[4] Validation loss: 5.559, Accuracy: 6.53%
[5,    10] loss: 4.551
[5,    20] loss: 4.585
[5,    30] loss: 4.678
[5,    40] loss: 4.603
[5,    50] loss: 4.735
[5,    60] loss: 4.743
[5,    70] loss: 4.801
[5,    80] loss: 4.757
[5,    90] loss: 4.880
[5,   100] loss: 4.937
[5,   110] loss: 4.896
[5,   120] loss: 4.919
[5,   130] loss: 4.871
[5] Validation loss: 5.549, Accuracy: 6.92%
[6,    10] loss: 4.336
[6,    20] loss: 4.394
[6,    30] loss: 4.502
[6,    40] loss: 4.580
[6,    50] loss: 4.577
[6,    60] loss: 4.608
[6,    70] loss: 4.591
[6,    80] loss: 4.697
[6,    90] loss: 4.707
[6,   100] loss: 4.767
[6,   110] loss: 4.738
[6,   120] loss: 4.694
[6,   130] loss: 4.770
[6] Validation loss: 5.526, Accuracy: 7.36%
[7,    10] loss: 4.182
[7,    20] loss: 4.219
[7,    30] loss: 4.305
[7,    40] loss: 4.443
[7,    50] loss: 4.439
[7,    60] loss: 4.472
[7,    70] loss: 4.445
[7,    80] loss: 4.505
[7,    90] loss: 4.538
[7,   100] loss: 4.594
[7,   110] loss: 4.631
[7,   120] loss: 4.599
[7,   130] loss: 4.603
[7] Validation loss: 5.520, Accuracy: 7.71%
[8,    10] loss: 4.073
[8,    20] loss: 4.155
[8,    30] loss: 4.204
[8,    40] loss: 4.162
[8,    50] loss: 4.249
[8,    60] loss: 4.285
[8,    70] loss: 4.324
[8,    80] loss: 4.362
[8,    90] loss: 4.371
[8,   100] loss: 4.385
[8,   110] loss: 4.476
[8,   120] loss: 4.451
[8,   130] loss: 4.522
[8] Validation loss: 5.545, Accuracy: 7.68%
[9,    10] loss: 3.881
[9,    20] loss: 3.960
[9,    30] loss: 4.056
[9,    40] loss: 4.040
[9,    50] loss: 4.095
[9,    60] loss: 4.123
[9,    70] loss: 4.218
[9,    80] loss: 4.220
[9,    90] loss: 4.256
[9,   100] loss: 4.248
[9,   110] loss: 4.391
[9,   120] loss: 4.382
[9,   130] loss: 4.346
[9] Validation loss: 5.559, Accuracy: 7.61%
[10,    10] loss: 3.811
[10,    20] loss: 3.822
[10,    30] loss: 3.848
[10,    40] loss: 3.886
[10,    50] loss: 4.008
[10,    60] loss: 3.973
[10,    70] loss: 4.086
[10,    80] loss: 4.158
[10,    90] loss: 4.060
[10,   100] loss: 4.134
[10,   110] loss: 4.201
[10,   120] loss: 4.220
[10,   130] loss: 4.294
[10] Validation loss: 5.596, Accuracy: 7.70%
[11,    10] loss: 3.608
[11,    20] loss: 3.674
[11,    30] loss: 3.692
[11,    40] loss: 3.760
[11,    50] loss: 3.847
[11,    60] loss: 3.915
[11,    70] loss: 3.949
[11,    80] loss: 4.011
[11,    90] loss: 4.055
[11,   100] loss: 4.115
[11,   110] loss: 4.093
[11,   120] loss: 4.110
[11,   130] loss: 4.082
[11] Validation loss: 5.599, Accuracy: 7.72%
[12,    10] loss: 3.432
[12,    20] loss: 3.502
[12,    30] loss: 3.601
[12,    40] loss: 3.640
[12,    50] loss: 3.701
[12,    60] loss: 3.813
[12,    70] loss: 3.843
[12,    80] loss: 3.853
[12,    90] loss: 3.908
[12,   100] loss: 3.858
[12,   110] loss: 3.950
[12,   120] loss: 3.972
[12,   130] loss: 4.027
[12] Validation loss: 5.664, Accuracy: 7.52%
[13,    10] loss: 3.404
[13,    20] loss: 3.367
[13,    30] loss: 3.447
[13,    40] loss: 3.536
[13,    50] loss: 3.553
[13,    60] loss: 3.649
[13,    70] loss: 3.665
[13,    80] loss: 3.780
[13,    90] loss: 3.752
[13,   100] loss: 3.783
[13,   110] loss: 3.795
[13,   120] loss: 3.849
[13,   130] loss: 3.813
[13] Validation loss: 5.709, Accuracy: 8.10%
[14,    10] loss: 3.202
[14,    20] loss: 3.222
[14,    30] loss: 3.305
[14,    40] loss: 3.345
[14,    50] loss: 3.464
[14,    60] loss: 3.596
[14,    70] loss: 3.565
[14,    80] loss: 3.546
[14,    90] loss: 3.615
[14,   100] loss: 3.650
[14,   110] loss: 3.640
[14,   120] loss: 3.759
[14,   130] loss: 3.712
[14] Validation loss: 5.747, Accuracy: 7.63%
[15,    10] loss: 3.075
[15,    20] loss: 3.150
[15,    30] loss: 3.163
[15,    40] loss: 3.262
[15,    50] loss: 3.333
[15,    60] loss: 3.410
[15,    70] loss: 3.419
[15,    80] loss: 3.528
[15,    90] loss: 3.427
[15,   100] loss: 3.585
[15,   110] loss: 3.522
[15,   120] loss: 3.615
[15,   130] loss: 3.662
[15] Validation loss: 5.804, Accuracy: 7.44%
[16,    10] loss: 2.984
[16,    20] loss: 3.031
[16,    30] loss: 3.087
[16,    40] loss: 3.153
[16,    50] loss: 3.171
[16,    60] loss: 3.263
[16,    70] loss: 3.387
[16,    80] loss: 3.390
[16,    90] loss: 3.363
[16,   100] loss: 3.485
[16,   110] loss: 3.525
[16,   120] loss: 3.484
[16,   130] loss: 3.604
[16] Validation loss: 5.836, Accuracy: 7.31%
