Dataset is copied to /tmp
CONV4, SMALL CLASSIFIER, DROPOUT+MoreBN
Start Training
use checkpointcheckpoints/rots_and_perms/rotations_ep_50
[1,    10] loss: 6.711
[1,    20] loss: 6.579
[1,    30] loss: 6.439
[1,    40] loss: 6.386
[1,    50] loss: 6.232
[1,    60] loss: 6.147
[1,    70] loss: 6.071
[1,    80] loss: 6.017
[1,    90] loss: 5.934
[1,   100] loss: 5.854
[1,   110] loss: 5.856
[1,   120] loss: 5.811
[1,   130] loss: 5.804
[1] Validation loss: 5.834, Accuracy: 4.05%
[2,    10] loss: 5.159
[2,    20] loss: 5.154
[2,    30] loss: 5.188
[2,    40] loss: 5.187
[2,    50] loss: 5.227
[2,    60] loss: 5.189
[2,    70] loss: 5.279
[2,    80] loss: 5.246
[2,    90] loss: 5.247
[2,   100] loss: 5.278
[2,   110] loss: 5.248
[2,   120] loss: 5.312
[2,   130] loss: 5.308
[2] Validation loss: 5.606, Accuracy: 6.11%
[3,    10] loss: 4.524
[3,    20] loss: 4.566
[3,    30] loss: 4.531
[3,    40] loss: 4.625
[3,    50] loss: 4.667
[3,    60] loss: 4.765
[3,    70] loss: 4.815
[3,    80] loss: 4.809
[3,    90] loss: 4.800
[3,   100] loss: 4.826
[3,   110] loss: 4.912
[3,   120] loss: 4.932
[3,   130] loss: 4.902
[3] Validation loss: 5.543, Accuracy: 6.69%
[4,    10] loss: 4.040
[4,    20] loss: 4.129
[4,    30] loss: 4.207
[4,    40] loss: 4.253
[4,    50] loss: 4.294
[4,    60] loss: 4.311
[4,    70] loss: 4.356
[4,    80] loss: 4.455
[4,    90] loss: 4.470
[4,   100] loss: 4.512
[4,   110] loss: 4.586
[4,   120] loss: 4.488
[4,   130] loss: 4.568
[4] Validation loss: 5.509, Accuracy: 7.18%
[5,    10] loss: 3.742
[5,    20] loss: 3.785
[5,    30] loss: 3.847
[5,    40] loss: 3.888
[5,    50] loss: 3.947
[5,    60] loss: 4.013
[5,    70] loss: 4.074
[5,    80] loss: 4.037
[5,    90] loss: 4.171
[5,   100] loss: 4.228
[5,   110] loss: 4.174
[5,   120] loss: 4.219
[5,   130] loss: 4.258
[5] Validation loss: 5.544, Accuracy: 7.71%
[6,    10] loss: 3.301
[6,    20] loss: 3.445
[6,    30] loss: 3.395
[6,    40] loss: 3.545
[6,    50] loss: 3.601
[6,    60] loss: 3.600
[6,    70] loss: 3.729
[6,    80] loss: 3.816
[6,    90] loss: 3.739
[6,   100] loss: 3.814
[6,   110] loss: 3.969
[6,   120] loss: 3.947
[6,   130] loss: 3.888
[6] Validation loss: 5.598, Accuracy: 7.85%
[7,    10] loss: 2.962
[7,    20] loss: 3.083
[7,    30] loss: 3.067
[7,    40] loss: 3.205
[7,    50] loss: 3.240
[7,    60] loss: 3.347
[7,    70] loss: 3.326
[7,    80] loss: 3.430
[7,    90] loss: 3.493
[7,   100] loss: 3.570
[7,   110] loss: 3.544
[7,   120] loss: 3.651
[7,   130] loss: 3.635
[7] Validation loss: 5.667, Accuracy: 7.74%
[8,    10] loss: 2.659
[8,    20] loss: 2.734
[8,    30] loss: 2.755
[8,    40] loss: 2.809
[8,    50] loss: 2.910
[8,    60] loss: 2.952
[8,    70] loss: 3.069
[8,    80] loss: 3.150
[8,    90] loss: 3.136
[8,   100] loss: 3.187
[8,   110] loss: 3.215
[8,   120] loss: 3.370
[8,   130] loss: 3.343
[8] Validation loss: 5.742, Accuracy: 7.85%
[9,    10] loss: 2.342
[9,    20] loss: 2.340
[9,    30] loss: 2.509
[9,    40] loss: 2.471
[9,    50] loss: 2.596
[9,    60] loss: 2.594
[9,    70] loss: 2.722
[9,    80] loss: 2.762
[9,    90] loss: 2.811
[9,   100] loss: 2.915
[9,   110] loss: 2.939
[9,   120] loss: 2.986
[9,   130] loss: 3.083
[9] Validation loss: 5.843, Accuracy: 7.42%
[10,    10] loss: 2.057
[10,    20] loss: 2.078
[10,    30] loss: 2.199
[10,    40] loss: 2.239
[10,    50] loss: 2.244
[10,    60] loss: 2.334
[10,    70] loss: 2.394
[10,    80] loss: 2.544
[10,    90] loss: 2.517
[10,   100] loss: 2.540
[10,   110] loss: 2.633
[10,   120] loss: 2.635
[10,   130] loss: 2.711
[10] Validation loss: 5.954, Accuracy: 7.31%
[11,    10] loss: 1.719
[11,    20] loss: 1.753
[11,    30] loss: 1.845
[11,    40] loss: 1.907
[11,    50] loss: 1.931
[11,    60] loss: 2.067
[11,    70] loss: 2.094
[11,    80] loss: 2.195
[11,    90] loss: 2.212
[11,   100] loss: 2.293
[11,   110] loss: 2.379
[11,   120] loss: 2.375
[11,   130] loss: 2.406
[11] Validation loss: 6.057, Accuracy: 7.38%
[12,    10] loss: 1.445
[12,    20] loss: 1.538
[12,    30] loss: 1.599
[12,    40] loss: 1.719
[12,    50] loss: 1.730
[12,    60] loss: 1.785
[12,    70] loss: 1.800
[12,    80] loss: 1.885
[12,    90] loss: 1.902
[12,   100] loss: 1.975
[12,   110] loss: 2.067
[12,   120] loss: 2.076
[12,   130] loss: 2.219
[12] Validation loss: 6.177, Accuracy: 7.16%
[13,    10] loss: 1.254
[13,    20] loss: 1.325
[13,    30] loss: 1.439
[13,    40] loss: 1.481
[13,    50] loss: 1.425
[13,    60] loss: 1.567
[13,    70] loss: 1.583
[13,    80] loss: 1.657
[13,    90] loss: 1.700
[13,   100] loss: 1.776
[13,   110] loss: 1.832
[13,   120] loss: 1.842
[13,   130] loss: 1.905
[13] Validation loss: 6.288, Accuracy: 7.20%
[14,    10] loss: 1.090
[14,    20] loss: 1.187
[14,    30] loss: 1.189
[14,    40] loss: 1.219
[14,    50] loss: 1.321
[14,    60] loss: 1.337
[14,    70] loss: 1.387
[14,    80] loss: 1.459
[14,    90] loss: 1.502
[14,   100] loss: 1.567
[14,   110] loss: 1.511
[14,   120] loss: 1.687
[14,   130] loss: 1.680
[14] Validation loss: 6.402, Accuracy: 7.09%
[15,    10] loss: 0.952
[15,    20] loss: 1.023
[15,    30] loss: 1.022
[15,    40] loss: 1.078
[15,    50] loss: 1.123
[15,    60] loss: 1.172
[15,    70] loss: 1.238
[15,    80] loss: 1.247
[15,    90] loss: 1.276
[15,   100] loss: 1.340
[15,   110] loss: 1.441
[15,   120] loss: 1.450
[15,   130] loss: 1.504
[15] Validation loss: 6.507, Accuracy: 7.03%
[16,    10] loss: 0.847
[16,    20] loss: 0.906
[16,    30] loss: 0.978
[16,    40] loss: 0.986
[16,    50] loss: 0.992
[16,    60] loss: 1.014
[16,    70] loss: 1.075
[16,    80] loss: 1.137
[16,    90] loss: 1.156
[16,   100] loss: 1.223
[16,   110] loss: 1.250
[16,   120] loss: 1.343
[16,   130] loss: 1.371
[16] Validation loss: 6.529, Accuracy: 6.87%
[17,    10] loss: 0.769
[17,    20] loss: 0.848
[17,    30] loss: 0.868
[17,    40] loss: 0.850
[17,    50] loss: 0.935
[17,    60] loss: 0.978
[17,    70] loss: 0.988
[17,    80] loss: 1.044
[17,    90] loss: 1.057
[17,   100] loss: 1.110
[17,   110] loss: 1.154
[17,   120] loss: 1.230
[17,   130] loss: 1.254
[17] Validation loss: 6.630, Accuracy: 6.80%
[18,    10] loss: 0.661
[18,    20] loss: 0.749
[18,    30] loss: 0.777
[18,    40] loss: 0.762
[18,    50] loss: 0.818
[18,    60] loss: 0.876
[18,    70] loss: 0.911
[18,    80] loss: 0.900
[18,    90] loss: 0.969
[18,   100] loss: 1.053
[18,   110] loss: 1.076
[18,   120] loss: 1.145
[18,   130] loss: 1.168
[18] Validation loss: 6.665, Accuracy: 6.83%
[19,    10] loss: 0.659
[19,    20] loss: 0.702
[19,    30] loss: 0.713
[19,    40] loss: 0.721
[19,    50] loss: 0.779
[19,    60] loss: 0.807
[19,    70] loss: 0.810
[19,    80] loss: 0.880
[19,    90] loss: 0.901
[19,   100] loss: 0.953
[19,   110] loss: 1.026
[19,   120] loss: 1.047
[19,   130] loss: 1.070
[19] Validation loss: 6.757, Accuracy: 6.80%
[20,    10] loss: 0.614
[20,    20] loss: 0.657
[20,    30] loss: 0.670
[20,    40] loss: 0.702
[20,    50] loss: 0.725
[20,    60] loss: 0.770
[20,    70] loss: 0.776
[20,    80] loss: 0.807
[20,    90] loss: 0.844
[20,   100] loss: 0.882
[20,   110] loss: 0.942
[20,   120] loss: 0.995
[20,   130] loss: 1.024
[20] Validation loss: 6.799, Accuracy: 6.68%
[21,    10] loss: 0.561
[21,    20] loss: 0.597
[21,    30] loss: 0.649
[21,    40] loss: 0.655
[21,    50] loss: 0.703
[21,    60] loss: 0.748
[21,    70] loss: 0.737
[21,    80] loss: 0.792
[21,    90] loss: 0.827
[21,   100] loss: 0.843
[21,   110] loss: 0.876
[21,   120] loss: 0.949
[21,   130] loss: 0.959
[21] Validation loss: 6.780, Accuracy: 6.57%
[22,    10] loss: 0.542
[22,    20] loss: 0.588
[22,    30] loss: 0.642
[22,    40] loss: 0.622
[22,    50] loss: 0.649
[22,    60] loss: 0.672
[22,    70] loss: 0.751
[22,    80] loss: 0.741
[22,    90] loss: 0.806
[22,   100] loss: 0.839
[22,   110] loss: 0.877
[22,   120] loss: 0.894
[22,   130] loss: 0.952
[22] Validation loss: 6.878, Accuracy: 6.41%
[23,    10] loss: 0.512
[23,    20] loss: 0.565
[23,    30] loss: 0.617
[23,    40] loss: 0.659
[23,    50] loss: 0.626
[23,    60] loss: 0.686
[23,    70] loss: 0.700
[23,    80] loss: 0.736
[23,    90] loss: 0.767
[23,   100] loss: 0.795
[23,   110] loss: 0.833
[23,   120] loss: 0.884
[23,   130] loss: 0.913
[23] Validation loss: 6.888, Accuracy: 6.54%
[24,    10] loss: 0.464
[24,    20] loss: 0.570
[24,    30] loss: 0.609
[24,    40] loss: 0.619
[24,    50] loss: 0.613
[24,    60] loss: 0.667
[24,    70] loss: 0.688
[24,    80] loss: 0.700
[24,    90] loss: 0.762
[24,   100] loss: 0.761
[24,   110] loss: 0.824
[24,   120] loss: 0.831
[24,   130] loss: 0.894
[24] Validation loss: 6.901, Accuracy: 6.73%
[25,    10] loss: 0.511
[25,    20] loss: 0.513
[25,    30] loss: 0.553
[25,    40] loss: 0.583
[25,    50] loss: 0.584
[25,    60] loss: 0.619
[25,    70] loss: 0.660
[25,    80] loss: 0.678
[25,    90] loss: 0.694
[25,   100] loss: 0.740
[25,   110] loss: 0.788
[25,   120] loss: 0.823
[25,   130] loss: 0.851
[25] Validation loss: 6.887, Accuracy: 6.37%
[26,    10] loss: 0.481
[26,    20] loss: 0.505
[26,    30] loss: 0.526
[26,    40] loss: 0.588
[26,    50] loss: 0.578
[26,    60] loss: 0.592
[26,    70] loss: 0.650
[26,    80] loss: 0.665
[26,    90] loss: 0.674
[26,   100] loss: 0.738
[26,   110] loss: 0.735
[26,   120] loss: 0.791
[26,   130] loss: 0.834
[26] Validation loss: 6.911, Accuracy: 6.52%
[27,    10] loss: 0.490
[27,    20] loss: 0.497
[27,    30] loss: 0.526
[27,    40] loss: 0.560
[27,    50] loss: 0.577
[27,    60] loss: 0.601
[27,    70] loss: 0.609
[27,    80] loss: 0.611
[27,    90] loss: 0.667
[27,   100] loss: 0.732
[27,   110] loss: 0.754
[27,   120] loss: 0.800
[27,   130] loss: 0.846
[27] Validation loss: 6.928, Accuracy: 6.46%
[28,    10] loss: 0.461
[28,    20] loss: 0.504
[28,    30] loss: 0.514
[28,    40] loss: 0.541
[28,    50] loss: 0.565
[28,    60] loss: 0.543
[28,    70] loss: 0.642
[28,    80] loss: 0.627
[28,    90] loss: 0.668
[28,   100] loss: 0.683
[28,   110] loss: 0.724
[28,   120] loss: 0.784
[28,   130] loss: 0.848
[28] Validation loss: 6.970, Accuracy: 6.30%
[29,    10] loss: 0.435
[29,    20] loss: 0.468
[29,    30] loss: 0.520
[29,    40] loss: 0.554
[29,    50] loss: 0.545
[29,    60] loss: 0.583
[29,    70] loss: 0.602
[29,    80] loss: 0.633
[29,    90] loss: 0.623
[29,   100] loss: 0.682
[29,   110] loss: 0.726
[29,   120] loss: 0.743
[29,   130] loss: 0.782
[29] Validation loss: 6.946, Accuracy: 6.45%
