Dataset is copied to /tmp
CONV4, SMALL CLASSIFIER, BN
Start Training
use checkpointcheckpoints/rotations_long/rotations_ep_25
[1,    10] loss: 6.908
[1,    20] loss: 6.885
[1,    30] loss: 6.602
[1,    40] loss: 6.340
[1,    50] loss: 6.152
[1,    60] loss: 6.037
[1,    70] loss: 5.987
[1,    80] loss: 5.899
[1,    90] loss: 5.837
[1,   100] loss: 5.847
[1,   110] loss: 5.735
[1,   120] loss: 5.719
[1,   130] loss: 5.558
[1] Validation loss: 5.726, Accuracy: 4.56%
[2,    10] loss: 4.760
[2,    20] loss: 4.853
[2,    30] loss: 4.843
[2,    40] loss: 4.886
[2,    50] loss: 4.899
[2,    60] loss: 4.875
[2,    70] loss: 4.944
[2,    80] loss: 4.969
[2,    90] loss: 4.924
[2,   100] loss: 4.916
[2,   110] loss: 4.985
[2,   120] loss: 5.025
[2,   130] loss: 4.943
[2] Validation loss: 5.511, Accuracy: 6.73%
[3,    10] loss: 3.914
[3,    20] loss: 3.904
[3,    30] loss: 3.897
[3,    40] loss: 4.033
[3,    50] loss: 4.115
[3,    60] loss: 4.172
[3,    70] loss: 4.219
[3,    80] loss: 4.204
[3,    90] loss: 4.274
[3,   100] loss: 4.387
[3,   110] loss: 4.358
[3,   120] loss: 4.386
[3,   130] loss: 4.433
[3] Validation loss: 5.516, Accuracy: 7.36%
[4,    10] loss: 3.145
[4,    20] loss: 3.134
[4,    30] loss: 3.118
[4,    40] loss: 3.256
[4,    50] loss: 3.282
[4,    60] loss: 3.329
[4,    70] loss: 3.509
[4,    80] loss: 3.641
[4,    90] loss: 3.673
[4,   100] loss: 3.706
[4,   110] loss: 3.743
[4,   120] loss: 3.698
[4,   130] loss: 3.771
[4] Validation loss: 5.699, Accuracy: 7.57%
[5,    10] loss: 2.343
[5,    20] loss: 2.266
[5,    30] loss: 2.358
[5,    40] loss: 2.453
[5,    50] loss: 2.454
[5,    60] loss: 2.672
[5,    70] loss: 2.693
[5,    80] loss: 2.816
[5,    90] loss: 2.877
[5,   100] loss: 2.921
[5,   110] loss: 2.971
[5,   120] loss: 3.094
[5,   130] loss: 3.112
[5] Validation loss: 5.927, Accuracy: 7.83%
[6,    10] loss: 1.736
[6,    20] loss: 1.709
[6,    30] loss: 1.653
[6,    40] loss: 1.648
[6,    50] loss: 1.736
[6,    60] loss: 1.758
[6,    70] loss: 1.946
[6,    80] loss: 1.988
[6,    90] loss: 2.022
[6,   100] loss: 2.167
[6,   110] loss: 2.240
[6,   120] loss: 2.225
[6,   130] loss: 2.294
[6] Validation loss: 6.307, Accuracy: 7.59%
[7,    10] loss: 1.090
[7,    20] loss: 1.096
[7,    30] loss: 1.018
[7,    40] loss: 1.085
[7,    50] loss: 1.088
[7,    60] loss: 1.149
[7,    70] loss: 1.186
[7,    80] loss: 1.265
[7,    90] loss: 1.387
[7,   100] loss: 1.411
[7,   110] loss: 1.469
[7,   120] loss: 1.561
[7,   130] loss: 1.717
[7] Validation loss: 6.707, Accuracy: 7.19%
[8,    10] loss: 0.766
[8,    20] loss: 0.782
[8,    30] loss: 0.708
[8,    40] loss: 0.699
[8,    50] loss: 0.700
[8,    60] loss: 0.727
[8,    70] loss: 0.747
[8,    80] loss: 0.793
[8,    90] loss: 0.831
[8,   100] loss: 0.913
[8,   110] loss: 0.973
[8,   120] loss: 1.014
[8,   130] loss: 1.100
[8] Validation loss: 7.053, Accuracy: 6.98%
[9,    10] loss: 0.488
[9,    20] loss: 0.511
[9,    30] loss: 0.467
[9,    40] loss: 0.475
[9,    50] loss: 0.493
[9,    60] loss: 0.514
[9,    70] loss: 0.529
[9,    80] loss: 0.574
[9,    90] loss: 0.612
[9,   100] loss: 0.613
[9,   110] loss: 0.685
[9,   120] loss: 0.698
[9,   130] loss: 0.743
[9] Validation loss: 7.280, Accuracy: 7.10%
[10,    10] loss: 0.349
[10,    20] loss: 0.412
[10,    30] loss: 0.408
[10,    40] loss: 0.360
[10,    50] loss: 0.380
[10,    60] loss: 0.371
[10,    70] loss: 0.403
[10,    80] loss: 0.430
[10,    90] loss: 0.461
[10,   100] loss: 0.484
[10,   110] loss: 0.531
[10,   120] loss: 0.561
[10,   130] loss: 0.665
[10] Validation loss: 7.298, Accuracy: 6.83%
[11,    10] loss: 0.356
[11,    20] loss: 0.352
[11,    30] loss: 0.354
[11,    40] loss: 0.321
[11,    50] loss: 0.322
[11,    60] loss: 0.348
[11,    70] loss: 0.346
[11,    80] loss: 0.369
[11,    90] loss: 0.390
[11,   100] loss: 0.433
[11,   110] loss: 0.477
[11,   120] loss: 0.522
[11,   130] loss: 0.565
[11] Validation loss: 7.422, Accuracy: 6.83%
[12,    10] loss: 0.319
[12,    20] loss: 0.318
[12,    30] loss: 0.318
[12,    40] loss: 0.321
[12,    50] loss: 0.293
[12,    60] loss: 0.309
[12,    70] loss: 0.328
[12,    80] loss: 0.354
[12,    90] loss: 0.387
[12,   100] loss: 0.425
[12,   110] loss: 0.440
[12,   120] loss: 0.490
[12,   130] loss: 0.496
[12] Validation loss: 7.409, Accuracy: 7.04%
[13,    10] loss: 0.314
[13,    20] loss: 0.373
[13,    30] loss: 0.349
[13,    40] loss: 0.305
[13,    50] loss: 0.315
[13,    60] loss: 0.303
[13,    70] loss: 0.315
[13,    80] loss: 0.336
[13,    90] loss: 0.326
[13,   100] loss: 0.343
[13,   110] loss: 0.396
[13,   120] loss: 0.426
[13,   130] loss: 0.460
[13] Validation loss: 7.481, Accuracy: 7.04%
[14,    10] loss: 0.227
[14,    20] loss: 0.275
[14,    30] loss: 0.272
[14,    40] loss: 0.246
[14,    50] loss: 0.268
[14,    60] loss: 0.248
[14,    70] loss: 0.246
[14,    80] loss: 0.261
[14,    90] loss: 0.267
[14,   100] loss: 0.292
[14,   110] loss: 0.323
[14,   120] loss: 0.360
[14,   130] loss: 0.390
[14] Validation loss: 7.383, Accuracy: 7.37%
[15,    10] loss: 0.251
[15,    20] loss: 0.280
[15,    30] loss: 0.261
[15,    40] loss: 0.238
[15,    50] loss: 0.246
[15,    60] loss: 0.249
[15,    70] loss: 0.284
[15,    80] loss: 0.314
[15,    90] loss: 0.290
[15,   100] loss: 0.315
[15,   110] loss: 0.341
[15,   120] loss: 0.382
[15,   130] loss: 0.430
[15] Validation loss: 7.340, Accuracy: 6.87%
[16,    10] loss: 0.263
[16,    20] loss: 0.294
[16,    30] loss: 0.276
[16,    40] loss: 0.266
[16,    50] loss: 0.255
[16,    60] loss: 0.266
[16,    70] loss: 0.280
[16,    80] loss: 0.286
[16,    90] loss: 0.286
[16,   100] loss: 0.301
[16,   110] loss: 0.357
[16,   120] loss: 0.369
[16,   130] loss: 0.411
[16] Validation loss: 7.458, Accuracy: 6.93%
[17,    10] loss: 0.237
[17,    20] loss: 0.290
[17,    30] loss: 0.243
[17,    40] loss: 0.259
[17,    50] loss: 0.238
[17,    60] loss: 0.264
[17,    70] loss: 0.248
[17,    80] loss: 0.266
[17,    90] loss: 0.276
[17,   100] loss: 0.303
[17,   110] loss: 0.306
[17,   120] loss: 0.328
[17,   130] loss: 0.369
[17] Validation loss: 7.383, Accuracy: 6.84%
[18,    10] loss: 0.218
[18,    20] loss: 0.227
[18,    30] loss: 0.231
[18,    40] loss: 0.223
[18,    50] loss: 0.225
[18,    60] loss: 0.224
[18,    70] loss: 0.259
[18,    80] loss: 0.257
[18,    90] loss: 0.245
[18,   100] loss: 0.292
[18,   110] loss: 0.293
[18,   120] loss: 0.324
[18,   130] loss: 0.358
[18] Validation loss: 7.420, Accuracy: 6.99%
[19,    10] loss: 0.195
[19,    20] loss: 0.230
[19,    30] loss: 0.207
[19,    40] loss: 0.211
[19,    50] loss: 0.212
[19,    60] loss: 0.206
[19,    70] loss: 0.211
[19,    80] loss: 0.230
[19,    90] loss: 0.228
[19,   100] loss: 0.254
[19,   110] loss: 0.248
[19,   120] loss: 0.285
[19,   130] loss: 0.298
[19] Validation loss: 7.353, Accuracy: 7.12%
[20,    10] loss: 0.160
[20,    20] loss: 0.174
[20,    30] loss: 0.195
[20,    40] loss: 0.195
[20,    50] loss: 0.187
[20,    60] loss: 0.203
[20,    70] loss: 0.191
[20,    80] loss: 0.212
[20,    90] loss: 0.220
[20,   100] loss: 0.234
[20,   110] loss: 0.262
[20,   120] loss: 0.292
[20,   130] loss: 0.336
[20] Validation loss: 7.267, Accuracy: 6.88%
[21,    10] loss: 0.202
[21,    20] loss: 0.196
[21,    30] loss: 0.208
[21,    40] loss: 0.212
[21,    50] loss: 0.209
[21,    60] loss: 0.223
[21,    70] loss: 0.215
[21,    80] loss: 0.245
[21,    90] loss: 0.264
[21,   100] loss: 0.263
[21,   110] loss: 0.277
[21,   120] loss: 0.320
[21,   130] loss: 0.338
[21] Validation loss: 7.373, Accuracy: 6.73%
[22,    10] loss: 0.223
[22,    20] loss: 0.245
[22,    30] loss: 0.229
[22,    40] loss: 0.227
[22,    50] loss: 0.225
[22,    60] loss: 0.239
[22,    70] loss: 0.236
[22,    80] loss: 0.253
[22,    90] loss: 0.257
[22,   100] loss: 0.284
[22,   110] loss: 0.297
[22,   120] loss: 0.305
[22,   130] loss: 0.369
[22] Validation loss: 7.399, Accuracy: 6.83%
[23,    10] loss: 0.205
[23,    20] loss: 0.236
[23,    30] loss: 0.226
[23,    40] loss: 0.238
[23,    50] loss: 0.209
[23,    60] loss: 0.229
[23,    70] loss: 0.235
[23,    80] loss: 0.249
[23,    90] loss: 0.248
[23,   100] loss: 0.274
[23,   110] loss: 0.273
[23,   120] loss: 0.294
[23,   130] loss: 0.308
[23] Validation loss: 7.420, Accuracy: 6.69%
[24,    10] loss: 0.179
[24,    20] loss: 0.211
[24,    30] loss: 0.213
[24,    40] loss: 0.213
[24,    50] loss: 0.187
[24,    60] loss: 0.196
[24,    70] loss: 0.194
[24,    80] loss: 0.203
[24,    90] loss: 0.224
[24,   100] loss: 0.228
[24,   110] loss: 0.235
[24,   120] loss: 0.253
[24,   130] loss: 0.279
[24] Validation loss: 7.346, Accuracy: 6.85%
[25,    10] loss: 0.135
[25,    20] loss: 0.174
[25,    30] loss: 0.157
[25,    40] loss: 0.178
[25,    50] loss: 0.150
[25,    60] loss: 0.162
[25,    70] loss: 0.165
[25,    80] loss: 0.185
[25,    90] loss: 0.187
[25,   100] loss: 0.199
[25,   110] loss: 0.204
[25,   120] loss: 0.223
[25,   130] loss: 0.263
[25] Validation loss: 7.222, Accuracy: 6.87%
[26,    10] loss: 0.155
[26,    20] loss: 0.194
[26,    30] loss: 0.167
[26,    40] loss: 0.163
[26,    50] loss: 0.179
[26,    60] loss: 0.183
[26,    70] loss: 0.165
[26,    80] loss: 0.190
[26,    90] loss: 0.178
[26,   100] loss: 0.211
[26,   110] loss: 0.211
[26,   120] loss: 0.237
[26,   130] loss: 0.274
[26] Validation loss: 7.162, Accuracy: 6.93%
[27,    10] loss: 0.165
[27,    20] loss: 0.184
[27,    30] loss: 0.198
[27,    40] loss: 0.197
[27,    50] loss: 0.210
[27,    60] loss: 0.195
[27,    70] loss: 0.204
[27,    80] loss: 0.213
[27,    90] loss: 0.227
[27,   100] loss: 0.252
[27,   110] loss: 0.260
[27,   120] loss: 0.282
[27,   130] loss: 0.325
[27] Validation loss: 7.275, Accuracy: 6.95%
[28,    10] loss: 0.188
[28,    20] loss: 0.211
[28,    30] loss: 0.222
[28,    40] loss: 0.205
[28,    50] loss: 0.208
[28,    60] loss: 0.247
[28,    70] loss: 0.235
[28,    80] loss: 0.254
[28,    90] loss: 0.280
[28,   100] loss: 0.282
[28,   110] loss: 0.314
[28,   120] loss: 0.336
[28,   130] loss: 0.377
[28] Validation loss: 7.415, Accuracy: 6.64%
[29,    10] loss: 0.220
[29,    20] loss: 0.244
[29,    30] loss: 0.240
[29,    40] loss: 0.217
[29,    50] loss: 0.213
[29,    60] loss: 0.223
[29,    70] loss: 0.250
[29,    80] loss: 0.256
[29,    90] loss: 0.255
[29,   100] loss: 0.265
[29,   110] loss: 0.273
[29,   120] loss: 0.312
[29,   130] loss: 0.322
[29] Validation loss: 7.439, Accuracy: 6.63%
[30,    10] loss: 0.194
[30,    20] loss: 0.175
[30,    30] loss: 0.169
[30,    40] loss: 0.163
[30,    50] loss: 0.169
[30,    60] loss: 0.156
[30,    70] loss: 0.171
[30,    80] loss: 0.179
[30,    90] loss: 0.190
[30,   100] loss: 0.184
[30,   110] loss: 0.195
[30,   120] loss: 0.207
[30,   130] loss: 0.212
[30] Validation loss: 7.217, Accuracy: 6.97%
[31,    10] loss: 0.102
[31,    20] loss: 0.123
[31,    30] loss: 0.117
[31,    40] loss: 0.116
[31,    50] loss: 0.112
[31,    60] loss: 0.116
[31,    70] loss: 0.118
[31,    80] loss: 0.111
[31,    90] loss: 0.134
[31,   100] loss: 0.134
[31,   110] loss: 0.147
[31,   120] loss: 0.142
[31,   130] loss: 0.159
[31] Validation loss: 6.965, Accuracy: 7.18%
