Dataset is copied to /tmp
Start Training
use checkpointcheckpoints/rotations_long/rotations_ep_25
[1,    10] loss: 6.691
[1,    20] loss: 6.685
[1,    30] loss: 6.683
[1,    40] loss: 6.668
[1,    50] loss: 6.651
[1,    60] loss: 6.615
[1,    70] loss: 6.592
[1,    80] loss: 6.567
[1,    90] loss: 6.525
[1,   100] loss: 6.530
[1,   110] loss: 6.487
[1,   120] loss: 6.498
[1,   130] loss: 6.455
[1] Validation loss: 6.540, Accuracy: 0.55%
[2,    10] loss: 6.327
[2,    20] loss: 6.275
[2,    30] loss: 6.276
[2,    40] loss: 6.252
[2,    50] loss: 6.238
[2,    60] loss: 6.197
[2,    70] loss: 6.172
[2,    80] loss: 6.147
[2,    90] loss: 6.184
[2,   100] loss: 6.138
[2,   110] loss: 6.113
[2,   120] loss: 6.141
[2,   130] loss: 6.072
[2] Validation loss: 6.272, Accuracy: 0.85%
[3,    10] loss: 5.942
[3,    20] loss: 5.930
[3,    30] loss: 5.957
[3,    40] loss: 5.949
[3,    50] loss: 5.957
[3,    60] loss: 5.968
[3,    70] loss: 5.948
[3,    80] loss: 6.015
[3,    90] loss: 5.962
[3,   100] loss: 5.926
[3,   110] loss: 5.918
[3,   120] loss: 5.935
[3,   130] loss: 5.930
[3] Validation loss: 6.104, Accuracy: 1.21%
[4,    10] loss: 5.769
[4,    20] loss: 5.811
[4,    30] loss: 5.840
[4,    40] loss: 5.813
[4,    50] loss: 5.808
[4,    60] loss: 5.820
[4,    70] loss: 5.823
[4,    80] loss: 5.826
[4,    90] loss: 5.822
[4,   100] loss: 5.813
[4,   110] loss: 5.846
[4,   120] loss: 5.796
[4,   130] loss: 5.793
[4] Validation loss: 6.040, Accuracy: 1.70%
[5,    10] loss: 5.691
[5,    20] loss: 5.693
[5,    30] loss: 5.674
[5,    40] loss: 5.662
[5,    50] loss: 5.690
[5,    60] loss: 5.666
[5,    70] loss: 5.769
[5,    80] loss: 5.746
[5,    90] loss: 5.676
[5,   100] loss: 5.709
[5,   110] loss: 5.696
[5,   120] loss: 5.699
[5,   130] loss: 5.719
[5] Validation loss: 5.948, Accuracy: 2.04%
[6,    10] loss: 5.475
[6,    20] loss: 5.552
[6,    30] loss: 5.572
[6,    40] loss: 5.518
[6,    50] loss: 5.577
[6,    60] loss: 5.623
[6,    70] loss: 5.591
[6,    80] loss: 5.613
[6,    90] loss: 5.561
[6,   100] loss: 5.627
[6,   110] loss: 5.633
[6,   120] loss: 5.570
[6,   130] loss: 5.620
[6] Validation loss: 5.932, Accuracy: 2.33%
[7,    10] loss: 5.402
[7,    20] loss: 5.381
[7,    30] loss: 5.427
[7,    40] loss: 5.520
[7,    50] loss: 5.474
[7,    60] loss: 5.475
[7,    70] loss: 5.492
[7,    80] loss: 5.513
[7,    90] loss: 5.476
[7,   100] loss: 5.481
[7,   110] loss: 5.486
[7,   120] loss: 5.545
[7,   130] loss: 5.493
[7] Validation loss: 5.896, Accuracy: 2.49%
[8,    10] loss: 5.259
[8,    20] loss: 5.312
[8,    30] loss: 5.355
[8,    40] loss: 5.377
[8,    50] loss: 5.352
[8,    60] loss: 5.357
[8,    70] loss: 5.419
[8,    80] loss: 5.371
[8,    90] loss: 5.388
[8,   100] loss: 5.425
[8,   110] loss: 5.446
[8,   120] loss: 5.420
[8,   130] loss: 5.383
[8] Validation loss: 5.872, Accuracy: 2.91%
[9,    10] loss: 5.184
[9,    20] loss: 5.182
[9,    30] loss: 5.230
[9,    40] loss: 5.298
[9,    50] loss: 5.270
[9,    60] loss: 5.257
[9,    70] loss: 5.332
[9,    80] loss: 5.285
[9,    90] loss: 5.336
[9,   100] loss: 5.225
[9,   110] loss: 5.325
[9,   120] loss: 5.378
[9,   130] loss: 5.365
[9] Validation loss: 5.838, Accuracy: 2.89%
[10,    10] loss: 5.121
[10,    20] loss: 5.125
[10,    30] loss: 5.125
[10,    40] loss: 5.152
[10,    50] loss: 5.219
[10,    60] loss: 5.238
[10,    70] loss: 5.172
[10,    80] loss: 5.233
[10,    90] loss: 5.174
[10,   100] loss: 5.291
[10,   110] loss: 5.240
[10,   120] loss: 5.257
[10,   130] loss: 5.272
[10] Validation loss: 5.839, Accuracy: 3.22%
[11,    10] loss: 5.012
[11,    20] loss: 5.072
[11,    30] loss: 5.028
[11,    40] loss: 5.048
[11,    50] loss: 5.130
[11,    60] loss: 5.103
[11,    70] loss: 5.171
[11,    80] loss: 5.169
[11,    90] loss: 5.148
[11,   100] loss: 5.066
[11,   110] loss: 5.143
[11,   120] loss: 5.170
[11,   130] loss: 5.199
[11] Validation loss: 5.820, Accuracy: 3.40%
[12,    10] loss: 4.905
[12,    20] loss: 4.930
[12,    30] loss: 4.924
[12,    40] loss: 5.042
[12,    50] loss: 5.052
[12,    60] loss: 5.023
[12,    70] loss: 5.028
[12,    80] loss: 5.081
[12,    90] loss: 5.083
[12,   100] loss: 5.020
[12,   110] loss: 5.100
[12,   120] loss: 5.142
[12,   130] loss: 5.160
[12] Validation loss: 5.850, Accuracy: 3.51%
[13,    10] loss: 4.820
[13,    20] loss: 4.863
[13,    30] loss: 4.913
[13,    40] loss: 4.913
[13,    50] loss: 4.962
[13,    60] loss: 4.969
[13,    70] loss: 4.949
[13,    80] loss: 4.996
[13,    90] loss: 5.053
[13,   100] loss: 4.967
[13,   110] loss: 4.999
[13,   120] loss: 4.973
[13,   130] loss: 5.064
[13] Validation loss: 5.893, Accuracy: 3.40%
[14,    10] loss: 4.835
[14,    20] loss: 4.755
[14,    30] loss: 4.804
[14,    40] loss: 4.827
[14,    50] loss: 4.845
[14,    60] loss: 4.890
[14,    70] loss: 4.877
[14,    80] loss: 4.892
[14,    90] loss: 4.910
[14,   100] loss: 4.891
[14,   110] loss: 4.962
[14,   120] loss: 4.966
[14,   130] loss: 4.899
[14] Validation loss: 5.866, Accuracy: 3.84%
[15,    10] loss: 4.647
[15,    20] loss: 4.693
[15,    30] loss: 4.756
[15,    40] loss: 4.752
[15,    50] loss: 4.829
[15,    60] loss: 4.779
[15,    70] loss: 4.867
[15,    80] loss: 4.865
[15,    90] loss: 4.864
[15,   100] loss: 4.914
[15,   110] loss: 4.911
[15,   120] loss: 4.797
[15,   130] loss: 4.858
[15] Validation loss: 5.899, Accuracy: 3.75%
[16,    10] loss: 4.588
[16,    20] loss: 4.575
[16,    30] loss: 4.692
[16,    40] loss: 4.589
[16,    50] loss: 4.735
[16,    60] loss: 4.762
[16,    70] loss: 4.774
[16,    80] loss: 4.769
[16,    90] loss: 4.792
[16,   100] loss: 4.808
[16,   110] loss: 4.810
[16,   120] loss: 4.822
[16,   130] loss: 4.871
[16] Validation loss: 5.905, Accuracy: 3.85%
[17,    10] loss: 4.533
[17,    20] loss: 4.555
[17,    30] loss: 4.610
[17,    40] loss: 4.590
[17,    50] loss: 4.587
[17,    60] loss: 4.663
[17,    70] loss: 4.694
[17,    80] loss: 4.753
[17,    90] loss: 4.727
[17,   100] loss: 4.779
[17,   110] loss: 4.739
[17,   120] loss: 4.747
[17,   130] loss: 4.794
[17] Validation loss: 5.956, Accuracy: 3.68%
[18,    10] loss: 4.429
[18,    20] loss: 4.465
[18,    30] loss: 4.473
[18,    40] loss: 4.534
[18,    50] loss: 4.552
[18,    60] loss: 4.589
[18,    70] loss: 4.594
[18,    80] loss: 4.622
[18,    90] loss: 4.665
[18,   100] loss: 4.719
[18,   110] loss: 4.711
[18,   120] loss: 4.694
[18,   130] loss: 4.755
[18] Validation loss: 5.972, Accuracy: 3.78%
[19,    10] loss: 4.359
[19,    20] loss: 4.365
[19,    30] loss: 4.451
[19,    40] loss: 4.397
[19,    50] loss: 4.500
[19,    60] loss: 4.535
[19,    70] loss: 4.537
[19,    80] loss: 4.590
[19,    90] loss: 4.622
[19,   100] loss: 4.633
[19,   110] loss: 4.640
[19,   120] loss: 4.646
[19,   130] loss: 4.657
[19] Validation loss: 6.045, Accuracy: 3.97%
[20,    10] loss: 4.262
[20,    20] loss: 4.319
[20,    30] loss: 4.353
[20,    40] loss: 4.377
[20,    50] loss: 4.506
[20,    60] loss: 4.474
[20,    70] loss: 4.466
[20,    80] loss: 4.482
[20,    90] loss: 4.561
[20,   100] loss: 4.512
[20,   110] loss: 4.557
[20,   120] loss: 4.590
[20,   130] loss: 4.645
[20] Validation loss: 6.063, Accuracy: 3.83%
[21,    10] loss: 4.190
[21,    20] loss: 4.188
[21,    30] loss: 4.251
[21,    40] loss: 4.382
[21,    50] loss: 4.353
[21,    60] loss: 4.390
[21,    70] loss: 4.453
[21,    80] loss: 4.414
[21,    90] loss: 4.491
[21,   100] loss: 4.562
[21,   110] loss: 4.482
[21,   120] loss: 4.586
[21,   130] loss: 4.608
[21] Validation loss: 6.131, Accuracy: 3.95%
[22,    10] loss: 4.165
[22,    20] loss: 4.164
[22,    30] loss: 4.237
[22,    40] loss: 4.301
[22,    50] loss: 4.307
[22,    60] loss: 4.334
[22,    70] loss: 4.376
[22,    80] loss: 4.413
[22,    90] loss: 4.442
[22,   100] loss: 4.385
[22,   110] loss: 4.445
[22,   120] loss: 4.434
[22,   130] loss: 4.463
[22] Validation loss: 6.130, Accuracy: 3.76%
[23,    10] loss: 4.098
[23,    20] loss: 4.134
[23,    30] loss: 4.149
[23,    40] loss: 4.168
[23,    50] loss: 4.276
[23,    60] loss: 4.310
[23,    70] loss: 4.289
[23,    80] loss: 4.350
[23,    90] loss: 4.323
[23,   100] loss: 4.370
[23,   110] loss: 4.378
[23,   120] loss: 4.400
[23,   130] loss: 4.421
[23] Validation loss: 6.163, Accuracy: 4.03%
[24,    10] loss: 4.097
[24,    20] loss: 4.059
[24,    30] loss: 4.118
[24,    40] loss: 4.158
[24,    50] loss: 4.195
[24,    60] loss: 4.217
[24,    70] loss: 4.255
[24,    80] loss: 4.304
[24,    90] loss: 4.310
[24,   100] loss: 4.289
[24,   110] loss: 4.339
[24,   120] loss: 4.265
[24,   130] loss: 4.269
[24] Validation loss: 6.284, Accuracy: 4.05%
[25,    10] loss: 3.985
[25,    20] loss: 4.008
[25,    30] loss: 4.085
[25,    40] loss: 4.074
[25,    50] loss: 4.196
[25,    60] loss: 4.151
[25,    70] loss: 4.178
[25,    80] loss: 4.178
[25,    90] loss: 4.184
[25,   100] loss: 4.266
[25,   110] loss: 4.287
[25,   120] loss: 4.280
[25,   130] loss: 4.285
[25] Validation loss: 6.258, Accuracy: 3.98%
[26,    10] loss: 3.948
[26,    20] loss: 4.006
[26,    30] loss: 3.967
[26,    40] loss: 3.968
[26,    50] loss: 3.973
[26,    60] loss: 4.102
[26,    70] loss: 4.202
[26,    80] loss: 4.066
[26,    90] loss: 4.191
[26,   100] loss: 4.187
[26,   110] loss: 4.271
[26,   120] loss: 4.165
[26,   130] loss: 4.256
[26] Validation loss: 6.369, Accuracy: 3.86%
[27,    10] loss: 3.869
[27,    20] loss: 3.859
[27,    30] loss: 3.952
[27,    40] loss: 3.998
[27,    50] loss: 3.981
[27,    60] loss: 4.008
[27,    70] loss: 4.088
[27,    80] loss: 4.141
[27,    90] loss: 4.088
[27,   100] loss: 4.103
[27,   110] loss: 4.164
[27,   120] loss: 4.137
[27,   130] loss: 4.154
[27] Validation loss: 6.345, Accuracy: 3.93%
[28,    10] loss: 3.779
[28,    20] loss: 3.782
[28,    30] loss: 3.881
[28,    40] loss: 3.876
[28,    50] loss: 3.935
[28,    60] loss: 4.018
[28,    70] loss: 4.028
[28,    80] loss: 4.029
[28,    90] loss: 4.094
[28,   100] loss: 4.033
[28,   110] loss: 4.095
[28,   120] loss: 4.037
[28,   130] loss: 4.152
[28] Validation loss: 6.455, Accuracy: 4.02%
[29,    10] loss: 3.704
[29,    20] loss: 3.804
[29,    30] loss: 3.759
[29,    40] loss: 3.878
[29,    50] loss: 3.868
[29,    60] loss: 3.835
[29,    70] loss: 3.955
[29,    80] loss: 3.956
[29,    90] loss: 3.989
[29,   100] loss: 4.060
[29,   110] loss: 4.017
[29,   120] loss: 4.153
[29,   130] loss: 4.068
[29] Validation loss: 6.483, Accuracy: 3.79%
[30,    10] loss: 3.738
[30,    20] loss: 3.689
[30,    30] loss: 3.699
[30,    40] loss: 3.747
[30,    50] loss: 3.832
[30,    60] loss: 3.887
[30,    70] loss: 3.860
[30,    80] loss: 3.926
[30,    90] loss: 3.968
[30,   100] loss: 3.951
[30,   110] loss: 3.904
[30,   120] loss: 4.017
[30,   130] loss: 4.071
[30] Validation loss: 6.512, Accuracy: 3.84%
[31,    10] loss: 3.594
[31,    20] loss: 3.629
[31,    30] loss: 3.685
[31,    40] loss: 3.759
[31,    50] loss: 3.812
[31,    60] loss: 3.764
[31,    70] loss: 3.892
[31,    80] loss: 3.841
[31,    90] loss: 3.891
[31,   100] loss: 3.925
[31,   110] loss: 3.925
[31,   120] loss: 3.979
[31,   130] loss: 3.963
[31] Validation loss: 6.620, Accuracy: 3.99%
[32,    10] loss: 3.521
[32,    20] loss: 3.538
[32,    30] loss: 3.571
[32,    40] loss: 3.648
[32,    50] loss: 3.689
[32,    60] loss: 3.755
[32,    70] loss: 3.805
[32,    80] loss: 3.818
[32,    90] loss: 3.841
[32,   100] loss: 3.858
[32,   110] loss: 3.928
[32,   120] loss: 3.920
[32,   130] loss: 3.879
[32] Validation loss: 6.639, Accuracy: 3.89%
[33,    10] loss: 3.465
[33,    20] loss: 3.497
[33,    30] loss: 3.620
[33,    40] loss: 3.568
[33,    50] loss: 3.719
[33,    60] loss: 3.759
[33,    70] loss: 3.729
[33,    80] loss: 3.834
[33,    90] loss: 3.776
[33,   100] loss: 3.795
[33,   110] loss: 3.843
[33,   120] loss: 3.881
[33,   130] loss: 3.788
[33] Validation loss: 6.738, Accuracy: 3.82%
[34,    10] loss: 3.425
[34,    20] loss: 3.401
[34,    30] loss: 3.546
[34,    40] loss: 3.622
[34,    50] loss: 3.568
[34,    60] loss: 3.620
[34,    70] loss: 3.686
[34,    80] loss: 3.681
[34,    90] loss: 3.699
[34,   100] loss: 3.792
[34,   110] loss: 3.752
[34,   120] loss: 3.754
[34,   130] loss: 3.826
[34] Validation loss: 6.730, Accuracy: 3.83%
[35,    10] loss: 3.337
[35,    20] loss: 3.409
[35,    30] loss: 3.466
[35,    40] loss: 3.472
[35,    50] loss: 3.572
[35,    60] loss: 3.559
[35,    70] loss: 3.651
[35,    80] loss: 3.677
[35,    90] loss: 3.724
[35,   100] loss: 3.674
[35,   110] loss: 3.667
[35,   120] loss: 3.708
[35,   130] loss: 3.774
[35] Validation loss: 6.824, Accuracy: 3.80%
[36,    10] loss: 3.363
[36,    20] loss: 3.309
[36,    30] loss: 3.461
[36,    40] loss: 3.460
[36,    50] loss: 3.494
[36,    60] loss: 3.459
[36,    70] loss: 3.566
[36,    80] loss: 3.495
[36,    90] loss: 3.651
[36,   100] loss: 3.662
[36,   110] loss: 3.700
[36,   120] loss: 3.667
[36,   130] loss: 3.645
[36] Validation loss: 6.938, Accuracy: 3.73%
[37,    10] loss: 3.274
[37,    20] loss: 3.249
[37,    30] loss: 3.400
[37,    40] loss: 3.435
[37,    50] loss: 3.384
[37,    60] loss: 3.444
[37,    70] loss: 3.483
[37,    80] loss: 3.555
[37,    90] loss: 3.580
[37,   100] loss: 3.560
[37,   110] loss: 3.639
[37,   120] loss: 3.614
[37,   130] loss: 3.671
[37] Validation loss: 6.995, Accuracy: 3.66%
[38,    10] loss: 3.219
[38,    20] loss: 3.229
[38,    30] loss: 3.253
[38,    40] loss: 3.329
[38,    50] loss: 3.419
[38,    60] loss: 3.431
[38,    70] loss: 3.538
[38,    80] loss: 3.513
[38,    90] loss: 3.564
[38,   100] loss: 3.533
[38,   110] loss: 3.532
[38,   120] loss: 3.503
[38,   130] loss: 3.583
[38] Validation loss: 7.021, Accuracy: 3.68%
[39,    10] loss: 3.184
[39,    20] loss: 3.224
[39,    30] loss: 3.252
[39,    40] loss: 3.350
[39,    50] loss: 3.308
[39,    60] loss: 3.396
[39,    70] loss: 3.362
[39,    80] loss: 3.384
[39,    90] loss: 3.559
[39,   100] loss: 3.507
[39,   110] loss: 3.552
[39,   120] loss: 3.522
[39,   130] loss: 3.527
[39] Validation loss: 7.086, Accuracy: 3.44%
[40,    10] loss: 3.089
[40,    20] loss: 3.149
[40,    30] loss: 3.188
[40,    40] loss: 3.195
[40,    50] loss: 3.356
[40,    60] loss: 3.394
[40,    70] loss: 3.361
[40,    80] loss: 3.333
[40,    90] loss: 3.390
[40,   100] loss: 3.424
[40,   110] loss: 3.548
[40,   120] loss: 3.550
[40,   130] loss: 3.495
[40] Validation loss: 7.196, Accuracy: 3.52%
[41,    10] loss: 3.059
[41,    20] loss: 3.060
[41,    30] loss: 3.188
[41,    40] loss: 3.197
[41,    50] loss: 3.252
[41,    60] loss: 3.258
[41,    70] loss: 3.344
[41,    80] loss: 3.296
[41,    90] loss: 3.368
[41,   100] loss: 3.389
[41,   110] loss: 3.414
[41,   120] loss: 3.438
[41,   130] loss: 3.492
[41] Validation loss: 7.164, Accuracy: 3.77%
[42,    10] loss: 3.014
[42,    20] loss: 3.062
[42,    30] loss: 3.061
[42,    40] loss: 3.239
[42,    50] loss: 3.156
[42,    60] loss: 3.235
[42,    70] loss: 3.309
[42,    80] loss: 3.321
[42,    90] loss: 3.287
[42,   100] loss: 3.280
[42,   110] loss: 3.337
[42,   120] loss: 3.386
[42,   130] loss: 3.502
[42] Validation loss: 7.230, Accuracy: 3.58%
[43,    10] loss: 2.957
[43,    20] loss: 3.040
[43,    30] loss: 3.148
[43,    40] loss: 3.092
[43,    50] loss: 3.164
[43,    60] loss: 3.223
[43,    70] loss: 3.219
[43,    80] loss: 3.246
[43,    90] loss: 3.280
[43,   100] loss: 3.318
[43,   110] loss: 3.329
[43,   120] loss: 3.293
[43,   130] loss: 3.372
[43] Validation loss: 7.248, Accuracy: 3.50%
[44,    10] loss: 2.940
[44,    20] loss: 2.889
[44,    30] loss: 2.960
[44,    40] loss: 3.053
[44,    50] loss: 3.112
[44,    60] loss: 3.091
[44,    70] loss: 3.221
[44,    80] loss: 3.238
[44,    90] loss: 3.249
[44,   100] loss: 3.294
[44,   110] loss: 3.225
[44,   120] loss: 3.347
[44,   130] loss: 3.314
[44] Validation loss: 7.410, Accuracy: 3.58%
[45,    10] loss: 2.865
[45,    20] loss: 2.942
[45,    30] loss: 3.011
[45,    40] loss: 3.011
[45,    50] loss: 3.016
[45,    60] loss: 3.070
[45,    70] loss: 3.247
[45,    80] loss: 3.216
[45,    90] loss: 3.106
[45,   100] loss: 3.234
[45,   110] loss: 3.206
[45,   120] loss: 3.224
[45,   130] loss: 3.302
[45] Validation loss: 7.357, Accuracy: 3.58%
[46,    10] loss: 2.881
[46,    20] loss: 2.986
[46,    30] loss: 2.892
[46,    40] loss: 2.962
[46,    50] loss: 2.941
[46,    60] loss: 3.008
[46,    70] loss: 3.097
[46,    80] loss: 3.145
[46,    90] loss: 3.205
[46,   100] loss: 3.146
[46,   110] loss: 3.230
[46,   120] loss: 3.179
[46,   130] loss: 3.213
[46] Validation loss: 7.471, Accuracy: 3.42%
[47,    10] loss: 2.779
[47,    20] loss: 2.896
[47,    30] loss: 2.866
[47,    40] loss: 2.937
[47,    50] loss: 2.949
[47,    60] loss: 2.988
[47,    70] loss: 2.961
[47,    80] loss: 3.050
[47,    90] loss: 3.057
[47,   100] loss: 3.144
[47,   110] loss: 3.209
[47,   120] loss: 3.184
[47,   130] loss: 3.222
[47] Validation loss: 7.591, Accuracy: 3.52%
[48,    10] loss: 2.758
[48,    20] loss: 2.765
[48,    30] loss: 2.777
[48,    40] loss: 2.963
[48,    50] loss: 2.989
[48,    60] loss: 2.925
[48,    70] loss: 2.991
[48,    80] loss: 3.030
[48,    90] loss: 3.123
[48,   100] loss: 3.054
[48,   110] loss: 3.129
[48,   120] loss: 3.060
[48,   130] loss: 3.136
[48] Validation loss: 7.671, Accuracy: 3.52%
[49,    10] loss: 2.671
[49,    20] loss: 2.703
[49,    30] loss: 2.814
[49,    40] loss: 2.787
[49,    50] loss: 2.915
[49,    60] loss: 2.947
[49,    70] loss: 2.913
[49,    80] loss: 2.982
[49,    90] loss: 3.046
[49,   100] loss: 2.997
[49,   110] loss: 3.056
[49,   120] loss: 3.095
[49,   130] loss: 3.142
[49] Validation loss: 7.865, Accuracy: 3.64%
[50,    10] loss: 2.658
[50,    20] loss: 2.748
[50,    30] loss: 2.781
[50,    40] loss: 2.758
[50,    50] loss: 2.865
[50,    60] loss: 2.887
[50,    70] loss: 2.939
[50,    80] loss: 2.908
[50,    90] loss: 2.906
[50,   100] loss: 2.943
[50,   110] loss: 3.012
[50,   120] loss: 3.147
[50,   130] loss: 3.107
[50] Validation loss: 7.853, Accuracy: 3.39%
Finished Training
Time elapsed: 1840.22296351
Saved checkpoint to checkpoints/rotation_classifier.pth
