Dataset is copied to /tmp
CONV4, SMALL CLASSIFIER, DROPOUT+MoreBN
Start Training
use checkpointcheckpoints/rotations_aug/rotations_ep_20
[1,    10] loss: 6.769
[1,    20] loss: 6.606
[1,    30] loss: 6.496
[1,    40] loss: 6.407
[1,    50] loss: 6.286
[1,    60] loss: 6.235
[1,    70] loss: 6.067
[1,    80] loss: 6.066
[1,    90] loss: 6.019
[1,   100] loss: 5.933
[1,   110] loss: 5.888
[1,   120] loss: 5.914
[1,   130] loss: 5.857
[1] Validation loss: 5.872, Accuracy: 3.78%
[2,    10] loss: 5.187
[2,    20] loss: 5.252
[2,    30] loss: 5.240
[2,    40] loss: 5.240
[2,    50] loss: 5.349
[2,    60] loss: 5.249
[2,    70] loss: 5.342
[2,    80] loss: 5.298
[2,    90] loss: 5.433
[2,   100] loss: 5.352
[2,   110] loss: 5.325
[2,   120] loss: 5.325
[2,   130] loss: 5.374
[2] Validation loss: 5.635, Accuracy: 5.55%
[3,    10] loss: 4.674
[3,    20] loss: 4.679
[3,    30] loss: 4.689
[3,    40] loss: 4.788
[3,    50] loss: 4.856
[3,    60] loss: 4.864
[3,    70] loss: 4.855
[3,    80] loss: 4.870
[3,    90] loss: 4.916
[3,   100] loss: 4.930
[3,   110] loss: 4.957
[3,   120] loss: 4.999
[3,   130] loss: 4.981
[3] Validation loss: 5.532, Accuracy: 6.80%
[4,    10] loss: 4.184
[4,    20] loss: 4.297
[4,    30] loss: 4.340
[4,    40] loss: 4.393
[4,    50] loss: 4.412
[4,    60] loss: 4.506
[4,    70] loss: 4.425
[4,    80] loss: 4.542
[4,    90] loss: 4.631
[4,   100] loss: 4.597
[4,   110] loss: 4.615
[4,   120] loss: 4.695
[4,   130] loss: 4.684
[4] Validation loss: 5.517, Accuracy: 7.02%
[5,    10] loss: 3.868
[5,    20] loss: 3.939
[5,    30] loss: 3.947
[5,    40] loss: 4.001
[5,    50] loss: 4.149
[5,    60] loss: 4.131
[5,    70] loss: 4.237
[5,    80] loss: 4.212
[5,    90] loss: 4.273
[5,   100] loss: 4.304
[5,   110] loss: 4.357
[5,   120] loss: 4.319
[5,   130] loss: 4.381
[5] Validation loss: 5.527, Accuracy: 7.45%
[6,    10] loss: 3.545
[6,    20] loss: 3.586
[6,    30] loss: 3.632
[6,    40] loss: 3.689
[6,    50] loss: 3.726
[6,    60] loss: 3.795
[6,    70] loss: 3.817
[6,    80] loss: 3.984
[6,    90] loss: 4.006
[6,   100] loss: 3.986
[6,   110] loss: 4.031
[6,   120] loss: 4.094
[6,   130] loss: 4.164
[6] Validation loss: 5.577, Accuracy: 7.44%
[7,    10] loss: 3.197
[7,    20] loss: 3.259
[7,    30] loss: 3.365
[7,    40] loss: 3.382
[7,    50] loss: 3.413
[7,    60] loss: 3.500
[7,    70] loss: 3.613
[7,    80] loss: 3.610
[7,    90] loss: 3.660
[7,   100] loss: 3.668
[7,   110] loss: 3.766
[7,   120] loss: 3.806
[7,   130] loss: 3.884
[7] Validation loss: 5.617, Accuracy: 7.81%
[8,    10] loss: 2.891
[8,    20] loss: 2.923
[8,    30] loss: 3.013
[8,    40] loss: 3.089
[8,    50] loss: 3.126
[8,    60] loss: 3.199
[8,    70] loss: 3.205
[8,    80] loss: 3.320
[8,    90] loss: 3.413
[8,   100] loss: 3.484
[8,   110] loss: 3.480
[8,   120] loss: 3.534
[8,   130] loss: 3.581
[8] Validation loss: 5.683, Accuracy: 7.59%
[9,    10] loss: 2.536
[9,    20] loss: 2.736
[9,    30] loss: 2.733
[9,    40] loss: 2.788
[9,    50] loss: 2.813
[9,    60] loss: 2.917
[9,    70] loss: 2.934
[9,    80] loss: 3.068
[9,    90] loss: 3.109
[9,   100] loss: 3.117
[9,   110] loss: 3.171
[9,   120] loss: 3.285
[9,   130] loss: 3.221
[9] Validation loss: 5.796, Accuracy: 7.41%
[10,    10] loss: 2.275
[10,    20] loss: 2.409
[10,    30] loss: 2.422
[10,    40] loss: 2.434
[10,    50] loss: 2.600
[10,    60] loss: 2.632
[10,    70] loss: 2.633
[10,    80] loss: 2.728
[10,    90] loss: 2.776
[10,   100] loss: 2.789
[10,   110] loss: 2.887
[10,   120] loss: 2.954
[10,   130] loss: 3.003
[10] Validation loss: 5.843, Accuracy: 7.36%
