Dataset is copied to /tmp
MODEL W DROPOUT, ALL FREEZE, SMALL CLASSIFIER, WD
Start Training
use checkpointcheckpoints/rotations_long/rotations_ep_25
[1,    10] loss: 6.698
[1,    20] loss: 6.691
[1,    30] loss: 6.682
[1,    40] loss: 6.679
[1,    50] loss: 6.657
[1,    60] loss: 6.638
[1,    70] loss: 6.629
[1,    80] loss: 6.617
[1,    90] loss: 6.584
[1,   100] loss: 6.548
[1,   110] loss: 6.505
[1,   120] loss: 6.474
[1,   130] loss: 6.446
[1] Validation loss: 6.577, Accuracy: 0.38%
[2,    10] loss: 6.362
[2,    20] loss: 6.368
[2,    30] loss: 6.357
[2,    40] loss: 6.364
[2,    50] loss: 6.371
[2,    60] loss: 6.345
[2,    70] loss: 6.334
[2,    80] loss: 6.326
[2,    90] loss: 6.360
[2,   100] loss: 6.328
[2,   110] loss: 6.299
[2,   120] loss: 6.313
[2,   130] loss: 6.322
[2] Validation loss: 6.427, Accuracy: 0.62%
[3,    10] loss: 6.221
[3,    20] loss: 6.253
[3,    30] loss: 6.225
[3,    40] loss: 6.236
[3,    50] loss: 6.200
[3,    60] loss: 6.198
[3,    70] loss: 6.188
[3,    80] loss: 6.201
[3,    90] loss: 6.221
[3,   100] loss: 6.193
[3,   110] loss: 6.199
[3,   120] loss: 6.178
[3,   130] loss: 6.149
[3] Validation loss: 6.309, Accuracy: 0.88%
[4,    10] loss: 6.078
[4,    20] loss: 6.134
[4,    30] loss: 6.122
[4,    40] loss: 6.109
[4,    50] loss: 6.086
[4,    60] loss: 6.138
[4,    70] loss: 6.126
[4,    80] loss: 6.156
[4,    90] loss: 6.143
[4,   100] loss: 6.166
[4,   110] loss: 6.145
[4,   120] loss: 6.127
[4,   130] loss: 6.065
[4] Validation loss: 6.267, Accuracy: 1.06%
[5,    10] loss: 5.996
[5,    20] loss: 6.036
[5,    30] loss: 6.077
[5,    40] loss: 6.089
[5,    50] loss: 6.067
[5,    60] loss: 6.078
[5,    70] loss: 6.090
[5,    80] loss: 6.052
[5,    90] loss: 6.092
[5,   100] loss: 6.073
[5,   110] loss: 6.120
[5,   120] loss: 6.062
[5,   130] loss: 6.057
[5] Validation loss: 6.234, Accuracy: 1.21%
[6,    10] loss: 5.978
[6,    20] loss: 6.010
[6,    30] loss: 6.005
[6,    40] loss: 6.033
[6,    50] loss: 6.030
[6,    60] loss: 6.036
[6,    70] loss: 6.001
[6,    80] loss: 6.043
[6,    90] loss: 6.033
[6,   100] loss: 6.068
[6,   110] loss: 6.001
[6,   120] loss: 6.040
[6,   130] loss: 6.078
[6] Validation loss: 6.170, Accuracy: 1.34%
[7,    10] loss: 5.946
[7,    20] loss: 5.932
[7,    30] loss: 5.937
[7,    40] loss: 5.968
[7,    50] loss: 5.969
[7,    60] loss: 5.975
[7,    70] loss: 6.029
[7,    80] loss: 6.025
[7,    90] loss: 5.989
[7,   100] loss: 6.017
[7,   110] loss: 5.992
[7,   120] loss: 5.987
[7,   130] loss: 6.013
[7] Validation loss: 6.156, Accuracy: 1.43%
[8,    10] loss: 5.909
[8,    20] loss: 5.924
[8,    30] loss: 5.949
[8,    40] loss: 5.937
[8,    50] loss: 5.986
[8,    60] loss: 5.968
[8,    70] loss: 5.957
[8,    80] loss: 5.962
[8,    90] loss: 5.907
[8,   100] loss: 5.958
[8,   110] loss: 6.000
[8,   120] loss: 5.978
[8,   130] loss: 5.992
[8] Validation loss: 6.144, Accuracy: 1.45%
[9,    10] loss: 5.895
[9,    20] loss: 5.896
[9,    30] loss: 5.957
[9,    40] loss: 5.942
[9,    50] loss: 5.985
[9,    60] loss: 5.936
[9,    70] loss: 5.918
[9,    80] loss: 5.942
[9,    90] loss: 5.932
[9,   100] loss: 5.978
[9,   110] loss: 5.929
[9,   120] loss: 5.939
[9,   130] loss: 5.960
[9] Validation loss: 6.107, Accuracy: 1.50%
[10,    10] loss: 5.879
[10,    20] loss: 5.893
[10,    30] loss: 5.931
[10,    40] loss: 5.922
[10,    50] loss: 5.889
[10,    60] loss: 5.925
[10,    70] loss: 5.921
[10,    80] loss: 5.953
[10,    90] loss: 5.943
[10,   100] loss: 5.966
[10,   110] loss: 5.929
[10,   120] loss: 5.961
[10,   130] loss: 5.917
[10] Validation loss: 6.091, Accuracy: 1.58%
[11,    10] loss: 5.826
[11,    20] loss: 5.854
[11,    30] loss: 5.903
[11,    40] loss: 5.891
[11,    50] loss: 5.929
[11,    60] loss: 5.893
[11,    70] loss: 5.915
[11,    80] loss: 5.919
[11,    90] loss: 5.905
[11,   100] loss: 5.955
[11,   110] loss: 5.945
[11,   120] loss: 5.932
[11,   130] loss: 5.940
[11] Validation loss: 6.077, Accuracy: 1.66%
[12,    10] loss: 5.791
[12,    20] loss: 5.872
[12,    30] loss: 5.894
[12,    40] loss: 5.910
[12,    50] loss: 5.869
[12,    60] loss: 5.899
[12,    70] loss: 5.896
[12,    80] loss: 5.914
[12,    90] loss: 5.942
[12,   100] loss: 5.913
[12,   110] loss: 5.898
[12,   120] loss: 5.936
[12,   130] loss: 5.910
[12] Validation loss: 6.083, Accuracy: 1.68%
[13,    10] loss: 5.844
[13,    20] loss: 5.849
[13,    30] loss: 5.890
[13,    40] loss: 5.878
[13,    50] loss: 5.880
[13,    60] loss: 5.877
[13,    70] loss: 5.858
[13,    80] loss: 5.927
[13,    90] loss: 5.906
[13,   100] loss: 5.979
[13,   110] loss: 5.861
[13,   120] loss: 5.901
[13,   130] loss: 5.903
[13] Validation loss: 6.075, Accuracy: 1.67%
[14,    10] loss: 5.843
[14,    20] loss: 5.863
[14,    30] loss: 5.842
[14,    40] loss: 5.881
[14,    50] loss: 5.858
[14,    60] loss: 5.875
[14,    70] loss: 5.873
[14,    80] loss: 5.894
[14,    90] loss: 5.849
[14,   100] loss: 5.897
[14,   110] loss: 5.902
[14,   120] loss: 5.909
[14,   130] loss: 5.901
[14] Validation loss: 6.065, Accuracy: 1.95%
[15,    10] loss: 5.841
[15,    20] loss: 5.805
[15,    30] loss: 5.808
[15,    40] loss: 5.871
[15,    50] loss: 5.845
[15,    60] loss: 5.838
[15,    70] loss: 5.859
[15,    80] loss: 5.900
[15,    90] loss: 5.888
[15,   100] loss: 5.861
[15,   110] loss: 5.868
[15,   120] loss: 5.864
[15,   130] loss: 5.891
[15] Validation loss: 6.050, Accuracy: 1.85%
[16,    10] loss: 5.784
[16,    20] loss: 5.816
[16,    30] loss: 5.866
[16,    40] loss: 5.865
[16,    50] loss: 5.851
[16,    60] loss: 5.823
[16,    70] loss: 5.917
[16,    80] loss: 5.819
[16,    90] loss: 5.861
[16,   100] loss: 5.857
[16,   110] loss: 5.875
[16,   120] loss: 5.900
[16,   130] loss: 5.873
[16] Validation loss: 6.049, Accuracy: 1.97%
[17,    10] loss: 5.773
[17,    20] loss: 5.774
[17,    30] loss: 5.855
[17,    40] loss: 5.838
[17,    50] loss: 5.814
[17,    60] loss: 5.849
[17,    70] loss: 5.829
[17,    80] loss: 5.878
[17,    90] loss: 5.829
[17,   100] loss: 5.908
[17,   110] loss: 5.874
[17,   120] loss: 5.875
[17,   130] loss: 5.854
[17] Validation loss: 6.038, Accuracy: 1.97%
[18,    10] loss: 5.789
[18,    20] loss: 5.767
[18,    30] loss: 5.848
[18,    40] loss: 5.831
[18,    50] loss: 5.868
[18,    60] loss: 5.823
[18,    70] loss: 5.811
[18,    80] loss: 5.814
[18,    90] loss: 5.813
[18,   100] loss: 5.830
[18,   110] loss: 5.897
[18,   120] loss: 5.850
[18,   130] loss: 5.896
[18] Validation loss: 6.040, Accuracy: 1.99%
[19,    10] loss: 5.798
[19,    20] loss: 5.769
[19,    30] loss: 5.785
[19,    40] loss: 5.802
[19,    50] loss: 5.794
[19,    60] loss: 5.830
[19,    70] loss: 5.848
[19,    80] loss: 5.884
[19,    90] loss: 5.883
[19,   100] loss: 5.821
[19,   110] loss: 5.831
[19,   120] loss: 5.829
[19,   130] loss: 5.830
[19] Validation loss: 6.029, Accuracy: 1.94%
[20,    10] loss: 5.762
[20,    20] loss: 5.717
[20,    30] loss: 5.817
[20,    40] loss: 5.825
[20,    50] loss: 5.830
[20,    60] loss: 5.863
[20,    70] loss: 5.804
[20,    80] loss: 5.801
[20,    90] loss: 5.839
[20,   100] loss: 5.797
[20,   110] loss: 5.796
[20,   120] loss: 5.877
[20,   130] loss: 5.841
[20] Validation loss: 6.010, Accuracy: 2.07%
[21,    10] loss: 5.722
[21,    20] loss: 5.753
[21,    30] loss: 5.777
[21,    40] loss: 5.816
[21,    50] loss: 5.788
[21,    60] loss: 5.797
[21,    70] loss: 5.841
[21,    80] loss: 5.782
[21,    90] loss: 5.852
[21,   100] loss: 5.823
[21,   110] loss: 5.854
[21,   120] loss: 5.893
[21,   130] loss: 5.829
[21] Validation loss: 6.015, Accuracy: 2.06%
[22,    10] loss: 5.749
[22,    20] loss: 5.766
[22,    30] loss: 5.803
[22,    40] loss: 5.788
[22,    50] loss: 5.752
[22,    60] loss: 5.808
[22,    70] loss: 5.794
[22,    80] loss: 5.781
[22,    90] loss: 5.831
[22,   100] loss: 5.796
[22,   110] loss: 5.886
[22,   120] loss: 5.833
[22,   130] loss: 5.830
[22] Validation loss: 6.005, Accuracy: 2.22%
[23,    10] loss: 5.718
[23,    20] loss: 5.726
[23,    30] loss: 5.754
[23,    40] loss: 5.759
[23,    50] loss: 5.757
[23,    60] loss: 5.830
[23,    70] loss: 5.823
[23,    80] loss: 5.773
[23,    90] loss: 5.817
[23,   100] loss: 5.839
[23,   110] loss: 5.845
[23,   120] loss: 5.838
[23,   130] loss: 5.803
[23] Validation loss: 6.013, Accuracy: 2.23%
[24,    10] loss: 5.762
[24,    20] loss: 5.734
[24,    30] loss: 5.749
[24,    40] loss: 5.726
[24,    50] loss: 5.797
[24,    60] loss: 5.800
[24,    70] loss: 5.807
[24,    80] loss: 5.771
[24,    90] loss: 5.842
[24,   100] loss: 5.851
[24,   110] loss: 5.828
[24,   120] loss: 5.813
[24,   130] loss: 5.855
[24] Validation loss: 5.990, Accuracy: 2.25%
[25,    10] loss: 5.692
[25,    20] loss: 5.719
[25,    30] loss: 5.728
[25,    40] loss: 5.808
[25,    50] loss: 5.820
[25,    60] loss: 5.799
[25,    70] loss: 5.801
[25,    80] loss: 5.831
[25,    90] loss: 5.803
[25,   100] loss: 5.740
[25,   110] loss: 5.807
[25,   120] loss: 5.847
[25,   130] loss: 5.790
[25] Validation loss: 5.995, Accuracy: 2.29%
[26,    10] loss: 5.746
[26,    20] loss: 5.717
[26,    30] loss: 5.755
[26,    40] loss: 5.820
[26,    50] loss: 5.756
[26,    60] loss: 5.774
[26,    70] loss: 5.769
[26,    80] loss: 5.862
[26,    90] loss: 5.792
[26,   100] loss: 5.796
[26,   110] loss: 5.784
[26,   120] loss: 5.790
[26,   130] loss: 5.818
[26] Validation loss: 5.992, Accuracy: 2.03%
[27,    10] loss: 5.687
[27,    20] loss: 5.726
[27,    30] loss: 5.766
[27,    40] loss: 5.813
[27,    50] loss: 5.783
[27,    60] loss: 5.763
[27,    70] loss: 5.794
[27,    80] loss: 5.793
[27,    90] loss: 5.774
[27,   100] loss: 5.806
[27,   110] loss: 5.781
[27,   120] loss: 5.826
[27,   130] loss: 5.820
[27] Validation loss: 6.002, Accuracy: 2.10%
[28,    10] loss: 5.757
[28,    20] loss: 5.749
[28,    30] loss: 5.700
[28,    40] loss: 5.727
[28,    50] loss: 5.799
[28,    60] loss: 5.741
[28,    70] loss: 5.796
[28,    80] loss: 5.795
[28,    90] loss: 5.785
[28,   100] loss: 5.749
[28,   110] loss: 5.811
[28,   120] loss: 5.843
[28,   130] loss: 5.815
[28] Validation loss: 5.978, Accuracy: 2.29%
[29,    10] loss: 5.697
[29,    20] loss: 5.745
[29,    30] loss: 5.757
[29,    40] loss: 5.743
[29,    50] loss: 5.745
[29,    60] loss: 5.809
[29,    70] loss: 5.745
[29,    80] loss: 5.805
[29,    90] loss: 5.792
[29,   100] loss: 5.809
[29,   110] loss: 5.815
[29,   120] loss: 5.783
[29,   130] loss: 5.779
[29] Validation loss: 5.980, Accuracy: 2.29%
[30,    10] loss: 5.678
[30,    20] loss: 5.750
[30,    30] loss: 5.713
[30,    40] loss: 5.750
[30,    50] loss: 5.725
[30,    60] loss: 5.778
[30,    70] loss: 5.781
[30,    80] loss: 5.807
[30,    90] loss: 5.813
[30,   100] loss: 5.748
[30,   110] loss: 5.834
[30,   120] loss: 5.829
[30,   130] loss: 5.836
[30] Validation loss: 6.002, Accuracy: 2.24%
[31,    10] loss: 5.703
[31,    20] loss: 5.759
[31,    30] loss: 5.709
[31,    40] loss: 5.759
[31,    50] loss: 5.800
[31,    60] loss: 5.757
[31,    70] loss: 5.770
[31,    80] loss: 5.785
[31,    90] loss: 5.775
[31,   100] loss: 5.840
[31,   110] loss: 5.775
[31,   120] loss: 5.755
[31,   130] loss: 5.788
[31] Validation loss: 5.976, Accuracy: 2.45%
[32,    10] loss: 5.680
[32,    20] loss: 5.673
[32,    30] loss: 5.731
[32,    40] loss: 5.745
[32,    50] loss: 5.781
[32,    60] loss: 5.775
[32,    70] loss: 5.794
[32,    80] loss: 5.811
[32,    90] loss: 5.832
[32,   100] loss: 5.795
[32,   110] loss: 5.753
[32,   120] loss: 5.768
[32,   130] loss: 5.776
[32] Validation loss: 5.986, Accuracy: 2.37%
[33,    10] loss: 5.717
[33,    20] loss: 5.675
[33,    30] loss: 5.735
[33,    40] loss: 5.785
[33,    50] loss: 5.735
[33,    60] loss: 5.769
[33,    70] loss: 5.808
[33,    80] loss: 5.748
[33,    90] loss: 5.778
[33,   100] loss: 5.735
[33,   110] loss: 5.823
[33,   120] loss: 5.794
[33,   130] loss: 5.809
[33] Validation loss: 5.976, Accuracy: 2.49%
[34,    10] loss: 5.622
[34,    20] loss: 5.675
[34,    30] loss: 5.724
[34,    40] loss: 5.757
[34,    50] loss: 5.738
[34,    60] loss: 5.752
[34,    70] loss: 5.744
[34,    80] loss: 5.764
[34,    90] loss: 5.799
[34,   100] loss: 5.823
[34,   110] loss: 5.845
[34,   120] loss: 5.812
[34,   130] loss: 5.816
[34] Validation loss: 5.977, Accuracy: 2.29%
[35,    10] loss: 5.676
[35,    20] loss: 5.720
[35,    30] loss: 5.721
[35,    40] loss: 5.781
[35,    50] loss: 5.733
[35,    60] loss: 5.730
[35,    70] loss: 5.736
[35,    80] loss: 5.779
[35,    90] loss: 5.810
[35,   100] loss: 5.765
[35,   110] loss: 5.779
[35,   120] loss: 5.836
[35,   130] loss: 5.816
[35] Validation loss: 5.996, Accuracy: 2.22%
[36,    10] loss: 5.726
[36,    20] loss: 5.686
[36,    30] loss: 5.701
[36,    40] loss: 5.748
[36,    50] loss: 5.774
[36,    60] loss: 5.715
[36,    70] loss: 5.715
[36,    80] loss: 5.765
[36,    90] loss: 5.791
[36,   100] loss: 5.789
[36,   110] loss: 5.773
[36,   120] loss: 5.762
[36,   130] loss: 5.807
[36] Validation loss: 5.963, Accuracy: 2.49%
[37,    10] loss: 5.658
[37,    20] loss: 5.706
[37,    30] loss: 5.754
[37,    40] loss: 5.799
[37,    50] loss: 5.737
[37,    60] loss: 5.796
[37,    70] loss: 5.766
[37,    80] loss: 5.784
[37,    90] loss: 5.770
[37,   100] loss: 5.774
[37,   110] loss: 5.734
[37,   120] loss: 5.756
[37,   130] loss: 5.754
[37] Validation loss: 5.962, Accuracy: 2.44%
[38,    10] loss: 5.712
[38,    20] loss: 5.710
[38,    30] loss: 5.725
[38,    40] loss: 5.730
[38,    50] loss: 5.807
[38,    60] loss: 5.751
[38,    70] loss: 5.742
[38,    80] loss: 5.733
[38,    90] loss: 5.768
[38,   100] loss: 5.767
[38,   110] loss: 5.764
[38,   120] loss: 5.808
[38,   130] loss: 5.721
[38] Validation loss: 5.963, Accuracy: 2.46%
[39,    10] loss: 5.694
[39,    20] loss: 5.720
[39,    30] loss: 5.673
[39,    40] loss: 5.702
[39,    50] loss: 5.697
[39,    60] loss: 5.740
[39,    70] loss: 5.789
[39,    80] loss: 5.749
[39,    90] loss: 5.760
[39,   100] loss: 5.758
[39,   110] loss: 5.812
[39,   120] loss: 5.799
[39,   130] loss: 5.776
[39] Validation loss: 5.979, Accuracy: 2.31%
[40,    10] loss: 5.688
[40,    20] loss: 5.688
[40,    30] loss: 5.695
[40,    40] loss: 5.751
[40,    50] loss: 5.741
[40,    60] loss: 5.757
[40,    70] loss: 5.756
[40,    80] loss: 5.725
[40,    90] loss: 5.783
[40,   100] loss: 5.769
[40,   110] loss: 5.737
[40,   120] loss: 5.818
[40,   130] loss: 5.745
[40] Validation loss: 5.961, Accuracy: 2.46%
[41,    10] loss: 5.691
[41,    20] loss: 5.711
[41,    30] loss: 5.734
[41,    40] loss: 5.760
[41,    50] loss: 5.740
[41,    60] loss: 5.774
[41,    70] loss: 5.730
[41,    80] loss: 5.718
[41,    90] loss: 5.739
[41,   100] loss: 5.776
[41,   110] loss: 5.780
[41,   120] loss: 5.749
[41,   130] loss: 5.755
[41] Validation loss: 5.989, Accuracy: 2.43%
[42,    10] loss: 5.677
[42,    20] loss: 5.730
[42,    30] loss: 5.751
[42,    40] loss: 5.758
[42,    50] loss: 5.718
[42,    60] loss: 5.782
[42,    70] loss: 5.746
[42,    80] loss: 5.777
[42,    90] loss: 5.714
[42,   100] loss: 5.739
[42,   110] loss: 5.737
[42,   120] loss: 5.752
[42,   130] loss: 5.755
[42] Validation loss: 5.983, Accuracy: 2.31%
[43,    10] loss: 5.675
[43,    20] loss: 5.682
[43,    30] loss: 5.735
[43,    40] loss: 5.782
[43,    50] loss: 5.743
[43,    60] loss: 5.696
[43,    70] loss: 5.751
[43,    80] loss: 5.783
[43,    90] loss: 5.735
[43,   100] loss: 5.782
[43,   110] loss: 5.763
[43,   120] loss: 5.769
[43,   130] loss: 5.772
[43] Validation loss: 5.948, Accuracy: 2.60%
[44,    10] loss: 5.690
[44,    20] loss: 5.687
[44,    30] loss: 5.703
[44,    40] loss: 5.706
[44,    50] loss: 5.706
[44,    60] loss: 5.719
[44,    70] loss: 5.714
[44,    80] loss: 5.745
[44,    90] loss: 5.740
[44,   100] loss: 5.788
[44,   110] loss: 5.792
[44,   120] loss: 5.756
[44,   130] loss: 5.800
[44] Validation loss: 5.956, Accuracy: 2.50%
[45,    10] loss: 5.647
[45,    20] loss: 5.671
[45,    30] loss: 5.719
[45,    40] loss: 5.793
[45,    50] loss: 5.728
[45,    60] loss: 5.743
[45,    70] loss: 5.714
[45,    80] loss: 5.763
[45,    90] loss: 5.761
[45,   100] loss: 5.763
[45,   110] loss: 5.752
[45,   120] loss: 5.756
[45,   130] loss: 5.745
[45] Validation loss: 5.958, Accuracy: 2.44%
[46,    10] loss: 5.680
[46,    20] loss: 5.718
[46,    30] loss: 5.723
[46,    40] loss: 5.720
[46,    50] loss: 5.718
[46,    60] loss: 5.706
[46,    70] loss: 5.757
[46,    80] loss: 5.748
[46,    90] loss: 5.748
[46,   100] loss: 5.769
[46,   110] loss: 5.751
[46,   120] loss: 5.766
[46,   130] loss: 5.763
[46] Validation loss: 5.963, Accuracy: 2.26%
[47,    10] loss: 5.617
[47,    20] loss: 5.708
[47,    30] loss: 5.733
[47,    40] loss: 5.711
[47,    50] loss: 5.721
[47,    60] loss: 5.727
[47,    70] loss: 5.749
[47,    80] loss: 5.731
[47,    90] loss: 5.753
[47,   100] loss: 5.771
[47,   110] loss: 5.759
[47,   120] loss: 5.747
[47,   130] loss: 5.785
[47] Validation loss: 5.968, Accuracy: 2.52%
[48,    10] loss: 5.650
[48,    20] loss: 5.657
[48,    30] loss: 5.724
[48,    40] loss: 5.757
[48,    50] loss: 5.741
[48,    60] loss: 5.758
[48,    70] loss: 5.737
[48,    80] loss: 5.732
[48,    90] loss: 5.741
[48,   100] loss: 5.742
[48,   110] loss: 5.700
[48,   120] loss: 5.761
[48,   130] loss: 5.787
[48] Validation loss: 5.964, Accuracy: 2.30%
[49,    10] loss: 5.691
[49,    20] loss: 5.682
[49,    30] loss: 5.745
[49,    40] loss: 5.744
[49,    50] loss: 5.712
[49,    60] loss: 5.727
[49,    70] loss: 5.697
[49,    80] loss: 5.760
[49,    90] loss: 5.719
[49,   100] loss: 5.762
[49,   110] loss: 5.774
[49,   120] loss: 5.728
[49,   130] loss: 5.770
[49] Validation loss: 5.972, Accuracy: 2.40%
[50,    10] loss: 5.648
[50,    20] loss: 5.714
[50,    30] loss: 5.722
[50,    40] loss: 5.756
[50,    50] loss: 5.695
[50,    60] loss: 5.757
[50,    70] loss: 5.745
[50,    80] loss: 5.736
[50,    90] loss: 5.745
[50,   100] loss: 5.766
[50,   110] loss: 5.717
[50,   120] loss: 5.758
[50,   130] loss: 5.758
[50] Validation loss: 5.968, Accuracy: 2.45%
Finished Training
Time elapsed: 2008.1733778389998
Saved checkpoint to checkpoints/rotation_classifier.pth
