Dataset is copied to /tmp
Encoder: FROZEN WEIGHTS
Start Training
use checkpointcheckpoints/tightrope_encoder_ep_14
[1,    10] loss: 6.712
[1,    20] loss: 6.700
[1,    30] loss: 6.687
[1,    40] loss: 6.688
[1,    50] loss: 6.689
[1,    60] loss: 6.688
[1,    70] loss: 6.684
[1,    80] loss: 6.686
[1,    90] loss: 6.682
[1,   100] loss: 6.679
[1] Validation loss: 6.671, Accuracy: 0.31%
[2,    10] loss: 6.662
[2,    20] loss: 6.652
[2,    30] loss: 6.639
[2,    40] loss: 6.629
[2,    50] loss: 6.621
[2,    60] loss: 6.622
[2,    70] loss: 6.605
[2,    80] loss: 6.610
[2,    90] loss: 6.586
[2,   100] loss: 6.575
[2] Validation loss: 6.568, Accuracy: 0.48%
[3,    10] loss: 6.512
[3,    20] loss: 6.481
[3,    30] loss: 6.512
[3,    40] loss: 6.499
[3,    50] loss: 6.491
[3,    60] loss: 6.479
[3,    70] loss: 6.478
[3,    80] loss: 6.461
[3,    90] loss: 6.460
[3,   100] loss: 6.429
[3] Validation loss: 6.467, Accuracy: 0.77%
[4,    10] loss: 6.327
[4,    20] loss: 6.318
[4,    30] loss: 6.327
[4,    40] loss: 6.348
[4,    50] loss: 6.331
[4,    60] loss: 6.343
[4,    70] loss: 6.327
[4,    80] loss: 6.326
[4,    90] loss: 6.342
[4,   100] loss: 6.297
[4] Validation loss: 6.387, Accuracy: 1.11%
[5,    10] loss: 6.199
[5,    20] loss: 6.193
[5,    30] loss: 6.199
[5,    40] loss: 6.196
[5,    50] loss: 6.172
[5,    60] loss: 6.201
[5,    70] loss: 6.204
[5,    80] loss: 6.229
[5,    90] loss: 6.218
[5,   100] loss: 6.187
[5] Validation loss: 6.358, Accuracy: 1.37%
[6,    10] loss: 6.032
[6,    20] loss: 6.101
[6,    30] loss: 6.109
[6,    40] loss: 6.105
[6,    50] loss: 6.126
[6,    60] loss: 6.083
[6,    70] loss: 6.103
[6,    80] loss: 6.085
[6,    90] loss: 6.090
[6,   100] loss: 6.099
[6] Validation loss: 6.330, Accuracy: 1.49%
[7,    10] loss: 5.980
[7,    20] loss: 5.976
[7,    30] loss: 5.974
[7,    40] loss: 5.994
[7,    50] loss: 5.974
[7,    60] loss: 6.015
[7,    70] loss: 5.979
[7,    80] loss: 6.008
[7,    90] loss: 6.035
[7,   100] loss: 5.996
[7] Validation loss: 6.328, Accuracy: 1.50%
[8,    10] loss: 5.847
[8,    20] loss: 5.852
[8,    30] loss: 5.889
[8,    40] loss: 5.912
[8,    50] loss: 5.939
[8,    60] loss: 5.922
[8,    70] loss: 5.949
[8,    80] loss: 5.909
[8,    90] loss: 5.910
[8,   100] loss: 5.922
[8] Validation loss: 6.337, Accuracy: 1.74%
[9,    10] loss: 5.751
[9,    20] loss: 5.824
[9,    30] loss: 5.796
[9,    40] loss: 5.809
[9,    50] loss: 5.799
[9,    60] loss: 5.818
[9,    70] loss: 5.843
[9,    80] loss: 5.807
[9,    90] loss: 5.852
[9,   100] loss: 5.876
[9] Validation loss: 6.361, Accuracy: 1.74%
[10,    10] loss: 5.694
[10,    20] loss: 5.689
[10,    30] loss: 5.718
[10,    40] loss: 5.730
[10,    50] loss: 5.695
[10,    60] loss: 5.790
[10,    70] loss: 5.751
[10,    80] loss: 5.701
[10,    90] loss: 5.760
[10,   100] loss: 5.751
[10] Validation loss: 6.395, Accuracy: 1.90%
[11,    10] loss: 5.597
[11,    20] loss: 5.596
[11,    30] loss: 5.621
[11,    40] loss: 5.668
[11,    50] loss: 5.646
[11,    60] loss: 5.651
[11,    70] loss: 5.700
[11,    80] loss: 5.666
[11,    90] loss: 5.690
[11,   100] loss: 5.645
[11] Validation loss: 6.437, Accuracy: 1.95%
[12,    10] loss: 5.495
[12,    20] loss: 5.568
[12,    30] loss: 5.555
[12,    40] loss: 5.511
[12,    50] loss: 5.528
[12,    60] loss: 5.602
[12,    70] loss: 5.592
[12,    80] loss: 5.583
[12,    90] loss: 5.600
[12,   100] loss: 5.618
[12] Validation loss: 6.483, Accuracy: 1.98%
[13,    10] loss: 5.402
[13,    20] loss: 5.446
[13,    30] loss: 5.455
[13,    40] loss: 5.499
[13,    50] loss: 5.491
[13,    60] loss: 5.532
[13,    70] loss: 5.531
[13,    80] loss: 5.524
[13,    90] loss: 5.506
[13,   100] loss: 5.503
[13] Validation loss: 6.528, Accuracy: 1.89%
[14,    10] loss: 5.313
[14,    20] loss: 5.367
[14,    30] loss: 5.402
[14,    40] loss: 5.418
[14,    50] loss: 5.409
[14,    60] loss: 5.419
[14,    70] loss: 5.432
[14,    80] loss: 5.483
[14,    90] loss: 5.479
[14,   100] loss: 5.436
[14] Validation loss: 6.559, Accuracy: 1.97%
[15,    10] loss: 5.281
[15,    20] loss: 5.290
[15,    30] loss: 5.318
[15,    40] loss: 5.409
[15,    50] loss: 5.403
[15,    60] loss: 5.392
[15,    70] loss: 5.374
[15,    80] loss: 5.347
[15,    90] loss: 5.354
[15,   100] loss: 5.356
[15] Validation loss: 6.626, Accuracy: 1.89%
[16,    10] loss: 5.168
[16,    20] loss: 5.181
[16,    30] loss: 5.270
[16,    40] loss: 5.273
[16,    50] loss: 5.310
[16,    60] loss: 5.244
[16,    70] loss: 5.313
[16,    80] loss: 5.364
[16,    90] loss: 5.340
[16,   100] loss: 5.365
[16] Validation loss: 6.644, Accuracy: 1.94%
[17,    10] loss: 5.159
[17,    20] loss: 5.143
[17,    30] loss: 5.110
[17,    40] loss: 5.204
[17,    50] loss: 5.263
[17,    60] loss: 5.270
[17,    70] loss: 5.297
[17,    80] loss: 5.286
[17,    90] loss: 5.282
[17,   100] loss: 5.271
