Dataset is copied to /tmp
Encoder: FROZEN WEIGHTS
Start Training
use checkpointcheckpoints/tightrope_encoder_ep_14
[1,    10] loss: 6.704
[1,    20] loss: 6.687
[1,    30] loss: 6.689
[1,    40] loss: 6.686
[1,    50] loss: 6.686
[1,    60] loss: 6.683
[1,    70] loss: 6.668
[1,    80] loss: 6.665
[1,    90] loss: 6.649
[1,   100] loss: 6.615
[1] Validation loss: 6.596, Accuracy: 0.28%
[2,    10] loss: 6.577
[2,    20] loss: 6.557
[2,    30] loss: 6.545
[2,    40] loss: 6.546
[2,    50] loss: 6.552
[2,    60] loss: 6.559
[2,    70] loss: 6.536
[2,    80] loss: 6.544
[2,    90] loss: 6.496
[2,   100] loss: 6.484
[2] Validation loss: 6.488, Accuracy: 0.54%
[3,    10] loss: 6.411
[3,    20] loss: 6.384
[3,    30] loss: 6.422
[3,    40] loss: 6.424
[3,    50] loss: 6.425
[3,    60] loss: 6.406
[3,    70] loss: 6.384
[3,    80] loss: 6.409
[3,    90] loss: 6.399
[3,   100] loss: 6.379
[3] Validation loss: 6.400, Accuracy: 0.89%
[4,    10] loss: 6.284
[4,    20] loss: 6.275
[4,    30] loss: 6.287
[4,    40] loss: 6.300
[4,    50] loss: 6.299
[4,    60] loss: 6.295
[4,    70] loss: 6.277
[4,    80] loss: 6.302
[4,    90] loss: 6.282
[4,   100] loss: 6.270
[4] Validation loss: 6.319, Accuracy: 1.12%
[5,    10] loss: 6.144
[5,    20] loss: 6.149
[5,    30] loss: 6.130
[5,    40] loss: 6.178
[5,    50] loss: 6.157
[5,    60] loss: 6.169
[5,    70] loss: 6.154
[5,    80] loss: 6.173
[5,    90] loss: 6.182
[5,   100] loss: 6.194
[5] Validation loss: 6.280, Accuracy: 1.35%
[6,    10] loss: 6.002
[6,    20] loss: 5.982
[6,    30] loss: 6.064
[6,    40] loss: 6.040
[6,    50] loss: 6.073
[6,    60] loss: 6.075
[6,    70] loss: 6.068
[6,    80] loss: 6.097
[6,    90] loss: 6.082
[6,   100] loss: 6.103
[6] Validation loss: 6.254, Accuracy: 1.34%
[7,    10] loss: 5.904
[7,    20] loss: 5.932
[7,    30] loss: 5.943
[7,    40] loss: 5.959
[7,    50] loss: 5.997
[7,    60] loss: 5.981
[7,    70] loss: 5.998
[7,    80] loss: 5.976
[7,    90] loss: 5.999
[7,   100] loss: 6.004
[7] Validation loss: 6.291, Accuracy: 1.54%
[8,    10] loss: 5.842
[8,    20] loss: 5.801
[8,    30] loss: 5.848
[8,    40] loss: 5.869
[8,    50] loss: 5.846
[8,    60] loss: 5.893
[8,    70] loss: 5.933
[8,    80] loss: 5.926
[8,    90] loss: 5.922
[8,   100] loss: 5.903
[8] Validation loss: 6.266, Accuracy: 1.52%
[9,    10] loss: 5.724
[9,    20] loss: 5.767
[9,    30] loss: 5.774
[9,    40] loss: 5.781
[9,    50] loss: 5.802
[9,    60] loss: 5.778
[9,    70] loss: 5.808
[9,    80] loss: 5.811
[9,    90] loss: 5.837
[9,   100] loss: 5.840
[9] Validation loss: 6.311, Accuracy: 1.68%
[10,    10] loss: 5.618
[10,    20] loss: 5.630
[10,    30] loss: 5.658
[10,    40] loss: 5.684
[10,    50] loss: 5.740
[10,    60] loss: 5.795
[10,    70] loss: 5.720
[10,    80] loss: 5.729
[10,    90] loss: 5.790
[10,   100] loss: 5.727
[10] Validation loss: 6.382, Accuracy: 1.66%
[11,    10] loss: 5.533
[11,    20] loss: 5.584
[11,    30] loss: 5.607
[11,    40] loss: 5.587
[11,    50] loss: 5.626
[11,    60] loss: 5.646
[11,    70] loss: 5.678
[11,    80] loss: 5.618
[11,    90] loss: 5.682
[11,   100] loss: 5.698
[11] Validation loss: 6.378, Accuracy: 1.91%
[12,    10] loss: 5.424
[12,    20] loss: 5.472
[12,    30] loss: 5.492
[12,    40] loss: 5.489
[12,    50] loss: 5.539
[12,    60] loss: 5.554
[12,    70] loss: 5.593
[12,    80] loss: 5.571
[12,    90] loss: 5.568
[12,   100] loss: 5.579
[12] Validation loss: 6.436, Accuracy: 1.74%
[13,    10] loss: 5.354
[13,    20] loss: 5.357
[13,    30] loss: 5.410
[13,    40] loss: 5.365
[13,    50] loss: 5.445
[13,    60] loss: 5.387
[13,    70] loss: 5.467
[13,    80] loss: 5.431
[13,    90] loss: 5.523
[13,   100] loss: 5.497
[13] Validation loss: 6.494, Accuracy: 1.91%
[14,    10] loss: 5.243
[14,    20] loss: 5.237
[14,    30] loss: 5.254
[14,    40] loss: 5.235
[14,    50] loss: 5.319
[14,    60] loss: 5.311
[14,    70] loss: 5.337
[14,    80] loss: 5.418
[14,    90] loss: 5.410
[14,   100] loss: 5.404
[14] Validation loss: 6.567, Accuracy: 1.99%
[15,    10] loss: 5.135
[15,    20] loss: 5.128
[15,    30] loss: 5.196
[15,    40] loss: 5.240
[15,    50] loss: 5.210
[15,    60] loss: 5.200
[15,    70] loss: 5.216
[15,    80] loss: 5.302
[15,    90] loss: 5.257
[15,   100] loss: 5.311
[15] Validation loss: 6.690, Accuracy: 1.91%
[16,    10] loss: 4.949
[16,    20] loss: 4.975
[16,    30] loss: 5.018
[16,    40] loss: 5.072
[16,    50] loss: 5.146
[16,    60] loss: 5.138
[16,    70] loss: 5.174
[16,    80] loss: 5.168
[16,    90] loss: 5.173
[16,   100] loss: 5.152
[16] Validation loss: 6.785, Accuracy: 1.79%
[17,    10] loss: 4.866
[17,    20] loss: 4.904
[17,    30] loss: 4.908
[17,    40] loss: 4.937
[17,    50] loss: 5.036
[17,    60] loss: 5.000
[17,    70] loss: 5.031
[17,    80] loss: 5.035
[17,    90] loss: 5.036
[17,   100] loss: 5.118
[17] Validation loss: 6.945, Accuracy: 1.82%
[18,    10] loss: 4.689
[18,    20] loss: 4.746
[18,    30] loss: 4.798
[18,    40] loss: 4.836
[18,    50] loss: 4.872
[18,    60] loss: 4.897
[18,    70] loss: 4.959
[18,    80] loss: 4.955
[18,    90] loss: 4.942
[18,   100] loss: 4.910
[18] Validation loss: 7.094, Accuracy: 1.67%
[19,    10] loss: 4.625
[19,    20] loss: 4.562
[19,    30] loss: 4.654
[19,    40] loss: 4.688
[19,    50] loss: 4.751
[19,    60] loss: 4.846
[19,    70] loss: 4.816
[19,    80] loss: 4.718
[19,    90] loss: 4.842
[19,   100] loss: 4.785
[19] Validation loss: 7.233, Accuracy: 1.97%
[20,    10] loss: 4.478
[20,    20] loss: 4.516
[20,    30] loss: 4.565
[20,    40] loss: 4.573
[20,    50] loss: 4.618
[20,    60] loss: 4.674
[20,    70] loss: 4.668
[20,    80] loss: 4.686
[20,    90] loss: 4.699
[20,   100] loss: 4.764
[20] Validation loss: 7.361, Accuracy: 1.89%
[21,    10] loss: 4.293
[21,    20] loss: 4.368
[21,    30] loss: 4.441
[21,    40] loss: 4.480
[21,    50] loss: 4.477
[21,    60] loss: 4.493
[21,    70] loss: 4.570
[21,    80] loss: 4.551
[21,    90] loss: 4.592
[21,   100] loss: 4.639
[21] Validation loss: 7.529, Accuracy: 1.69%
[22,    10] loss: 4.203
[22,    20] loss: 4.204
[22,    30] loss: 4.247
[22,    40] loss: 4.316
[22,    50] loss: 4.373
[22,    60] loss: 4.474
[22,    70] loss: 4.358
[22,    80] loss: 4.490
[22,    90] loss: 4.488
[22,   100] loss: 4.542
[22] Validation loss: 7.694, Accuracy: 1.68%
[23,    10] loss: 4.092
[23,    20] loss: 4.049
[23,    30] loss: 4.157
[23,    40] loss: 4.142
[23,    50] loss: 4.277
[23,    60] loss: 4.293
[23,    70] loss: 4.310
[23,    80] loss: 4.293
[23,    90] loss: 4.280
[23,   100] loss: 4.352
[23] Validation loss: 7.887, Accuracy: 1.74%
[24,    10] loss: 3.954
[24,    20] loss: 3.951
[24,    30] loss: 3.978
[24,    40] loss: 4.105
[24,    50] loss: 4.129
[24,    60] loss: 4.165
[24,    70] loss: 4.158
[24,    80] loss: 4.228
[24,    90] loss: 4.208
[24,   100] loss: 4.309
[24] Validation loss: 8.177, Accuracy: 1.73%
[25,    10] loss: 3.845
[25,    20] loss: 3.868
[25,    30] loss: 3.838
[25,    40] loss: 3.960
[25,    50] loss: 3.931
[25,    60] loss: 4.096
[25,    70] loss: 4.072
[25,    80] loss: 4.104
[25,    90] loss: 4.110
[25,   100] loss: 4.136
[25] Validation loss: 8.327, Accuracy: 1.79%
[26,    10] loss: 3.713
[26,    20] loss: 3.786
[26,    30] loss: 3.746
[26,    40] loss: 3.783
[26,    50] loss: 3.845
[26,    60] loss: 3.870
[26,    70] loss: 3.908
[26,    80] loss: 4.015
[26,    90] loss: 4.070
[26,   100] loss: 3.866
[26] Validation loss: 8.666, Accuracy: 1.64%
[27,    10] loss: 3.572
[27,    20] loss: 3.581
[27,    30] loss: 3.654
[27,    40] loss: 3.734
[27,    50] loss: 3.812
[27,    60] loss: 3.678
[27,    70] loss: 3.812
[27,    80] loss: 3.838
[27,    90] loss: 3.920
[27,   100] loss: 3.937
[27] Validation loss: 8.752, Accuracy: 1.70%
[28,    10] loss: 3.414
[28,    20] loss: 3.507
[28,    30] loss: 3.541
[28,    40] loss: 3.628
[28,    50] loss: 3.607
[28,    60] loss: 3.749
[28,    70] loss: 3.735
[28,    80] loss: 3.771
[28,    90] loss: 3.717
[28,   100] loss: 3.802
[28] Validation loss: 9.036, Accuracy: 1.68%
[29,    10] loss: 3.334
[29,    20] loss: 3.451
[29,    30] loss: 3.403
[29,    40] loss: 3.555
[29,    50] loss: 3.503
[29,    60] loss: 3.509
[29,    70] loss: 3.598
[29,    80] loss: 3.677
[29,    90] loss: 3.622
[29,   100] loss: 3.647
[29] Validation loss: 9.251, Accuracy: 1.68%
[30,    10] loss: 3.391
[30,    20] loss: 3.300
[30,    30] loss: 3.330
[30,    40] loss: 3.293
[30,    50] loss: 3.377
[30,    60] loss: 3.501
[30,    70] loss: 3.443
[30,    80] loss: 3.512
[30,    90] loss: 3.492
[30,   100] loss: 3.553
[30] Validation loss: 9.494, Accuracy: 1.59%
Finished Training
Time elapsed: 1777.45022793
Saved checkpoint to checkpoints/frozen_classifier/frozen_encoder_classifier.pth
