Dataset is copied to /tmp
Start Training
Saved intermediate checkpoint to baselineresnet_encoder_ep_0
Time elapsed: 0.9070782780000002
[1,    10] loss: 1.586
[1,    20] loss: 1.569
[1,    30] loss: 1.577
[1,    40] loss: 1.503
[1,    50] loss: 1.455
[1,    60] loss: 1.375
[1,    70] loss: 1.344
[1,    80] loss: 1.295
[1,    90] loss: 1.301
[1,   100] loss: 1.272
[1,   110] loss: 1.249
[1,   120] loss: 1.194
[1,   130] loss: 1.180
[1,   140] loss: 1.142
[1,   150] loss: 1.139
[1,   160] loss: 1.133
[1,   170] loss: 1.079
[1,   180] loss: 1.099
[1,   190] loss: 1.085
[1,   200] loss: 1.053
[1,   210] loss: 1.029
[1,   220] loss: 1.027
[1,   230] loss: 0.998
[1,   240] loss: 1.020
[1,   250] loss: 1.012
[1,   260] loss: 0.968
[1,   270] loss: 0.962
[1,   280] loss: 0.959
[1,   290] loss: 0.940
[1,   300] loss: 0.928
[1,   310] loss: 0.920
[1,   320] loss: 0.909
[1,   330] loss: 0.890
[1,   340] loss: 0.889
[1,   350] loss: 0.878
[1,   360] loss: 0.870
[1,   370] loss: 0.872
[1,   380] loss: 0.865
[1,   390] loss: 0.842
[1,   400] loss: 0.829
[1,   410] loss: 0.821
[1,   420] loss: 0.808
[1,   430] loss: 0.811
[1,   440] loss: 0.797
[1,   450] loss: 0.812
[1,   460] loss: 0.781
[1,   470] loss: 0.793
[1,   480] loss: 0.781
[1,   490] loss: 0.784
[1,   500] loss: 0.781
[1,   510] loss: 0.758
[1,   520] loss: 0.754
[1,   530] loss: 0.753
[1,   540] loss: 0.748
[1,   550] loss: 0.737
[1,   560] loss: 0.736
[1,   570] loss: 0.720
[1,   580] loss: 0.721
[1,   590] loss: 0.708
[1,   600] loss: 0.703
[1,   610] loss: 0.703
[1,   620] loss: 0.706
[1,   630] loss: 0.695
[1,   640] loss: 0.690
[1,   650] loss: 0.698
[1,   660] loss: 0.686
[1,   670] loss: 0.685
[1,   680] loss: 0.669
[1,   690] loss: 0.679
[1,   700] loss: 0.658
[1,   710] loss: 0.662
[1,   720] loss: 0.658
[1,   730] loss: 0.650
[1,   740] loss: 0.655
[1,   750] loss: 0.649
[1,   760] loss: 0.648
[1,   770] loss: 0.637
[1,   780] loss: 0.640
[1,   790] loss: 0.638
[1,   800] loss: 0.629
[1,   810] loss: 0.632
[1,   820] loss: 0.621
[1,   830] loss: 0.620
[1,   840] loss: 0.620
[1,   850] loss: 0.609
[1,   860] loss: 0.614
[1,   870] loss: 0.591
[1,   880] loss: 0.595
[1,   890] loss: 0.593
[1,   900] loss: 0.588
[1,   910] loss: 0.599
[1,   920] loss: 0.585
[1,   930] loss: 0.577
[1,   940] loss: 0.584
[1,   950] loss: 0.576
[1,   960] loss: 0.574
[1,   970] loss: 0.572
[1,   980] loss: 0.574
[1,   990] loss: 0.565
[1,  1000] loss: 0.574
[1,  1010] loss: 0.560
[1,  1020] loss: 0.562
[1,  1030] loss: 0.552
[1,  1040] loss: 0.560
[1,  1050] loss: 0.548
[1,  1060] loss: 0.553
[1,  1070] loss: 0.553
[1,  1080] loss: 0.548
[1,  1090] loss: 0.553
[1,  1100] loss: 0.542
[1,  1110] loss: 0.538
[1,  1120] loss: 0.540
[1,  1130] loss: 0.537
[1,  1140] loss: 0.529
[1,  1150] loss: 0.535
[1,  1160] loss: 0.531
[1,  1170] loss: 0.530
[1,  1180] loss: 0.527
[1,  1190] loss: 0.529
[1,  1200] loss: 0.521
[1,  1210] loss: 0.521
[1,  1220] loss: 0.513
[1,  1230] loss: 0.517
[1,  1240] loss: 0.510
[1,  1250] loss: 0.510
[1,  1260] loss: 0.502
[1,  1270] loss: 0.494
[1,  1280] loss: 0.507
[1,  1290] loss: 0.503
[1,  1300] loss: 0.500
[1,  1310] loss: 0.498
[1,  1320] loss: 0.501
[1,  1330] loss: 0.491
[1,  1340] loss: 0.489
[1,  1350] loss: 0.492
[1,  1360] loss: 0.493
[1,  1370] loss: 0.487
[1,  1380] loss: 0.487
[1,  1390] loss: 0.490
[1,  1400] loss: 0.485
[1,  1410] loss: 0.487
[1,  1420] loss: 0.489
[1,  1430] loss: 0.484
[1,  1440] loss: 0.476
[1,  1450] loss: 0.476
[1,  1460] loss: 0.479
[1,  1470] loss: 0.472
[1,  1480] loss: 0.476
[1,  1490] loss: 0.468
[1,  1500] loss: 0.464
[1,  1510] loss: 0.463
[1,  1520] loss: 0.471
[1,  1530] loss: 0.458
[1,  1540] loss: 0.464
[1,  1550] loss: 0.461
[1,  1560] loss: 0.452
[1,  1570] loss: 0.462
[1,  1580] loss: 0.455
[1,  1590] loss: 0.455
[1,  1600] loss: 0.453
[1,  1610] loss: 0.458
[1,  1620] loss: 0.439
[1,  1630] loss: 0.445
[1,  1640] loss: 0.454
[1,  1650] loss: 0.447
[1,  1660] loss: 0.441
[1,  1670] loss: 0.443
[1,  1680] loss: 0.448
[1,  1690] loss: 0.441
[1,  1700] loss: 0.447
[1,  1710] loss: 0.439
[1,  1720] loss: 0.427
[1,  1730] loss: 0.446
[1,  1740] loss: 0.435
[1,  1750] loss: 0.426
[1,  1760] loss: 0.429
[1,  1770] loss: 0.434
[1,  1780] loss: 0.437
[1,  1790] loss: 0.438
[1,  1800] loss: 0.422
[1,  1810] loss: 0.434
[1,  1820] loss: 0.420
[1,  1830] loss: 0.430
[1,  1840] loss: 0.431
[1,  1850] loss: 0.427
[1,  1860] loss: 0.427
[1,  1870] loss: 0.424
[1,  1880] loss: 0.426
[1,  1890] loss: 0.411
[1,  1900] loss: 0.410
[1,  1910] loss: 0.408
[1,  1920] loss: 0.414
[1,  1930] loss: 0.411
[1,  1940] loss: 0.409
[1,  1950] loss: 0.411
[1,  1960] loss: 0.416
[1,  1970] loss: 0.414
[1,  1980] loss: 0.410
[1,  1990] loss: 0.412
[1,  2000] loss: 0.408
Eval loss:0.40660163164138796
Eval loss:0.40034906268119813
Eval loss:0.3938634544610977
Eval loss:0.39877199232578275
Eval loss:0.4036340206861496
Eval loss:0.40011048316955566
Eval loss:0.4035282373428345
Eval loss:0.40056573152542113
Eval loss:0.40957120060920715
Eval loss:0.4322948336601257
Saved intermediate checkpoint to baselineresnet_encoder_ep_1
Time elapsed: 936.041338474
[2,    10] loss: 0.413
[2,    20] loss: 0.403
[2,    30] loss: 0.407
[2,    40] loss: 0.402
[2,    50] loss: 0.409
[2,    60] loss: 0.401
[2,    70] loss: 0.399
[2,    80] loss: 0.402
[2,    90] loss: 0.403
[2,   100] loss: 0.394
[2,   110] loss: 0.399
[2,   120] loss: 0.395
[2,   130] loss: 0.409
[2,   140] loss: 0.398
[2,   150] loss: 0.397
[2,   160] loss: 0.388
[2,   170] loss: 0.385
[2,   180] loss: 0.392
[2,   190] loss: 0.380
[2,   200] loss: 0.389
[2,   210] loss: 0.390
[2,   220] loss: 0.393
[2,   230] loss: 0.400
[2,   240] loss: 0.392
[2,   250] loss: 0.393
[2,   260] loss: 0.394
[2,   270] loss: 0.381
[2,   280] loss: 0.387
[2,   290] loss: 0.388
[2,   300] loss: 0.379
[2,   310] loss: 0.381
[2,   320] loss: 0.382
[2,   330] loss: 0.373
[2,   340] loss: 0.388
[2,   350] loss: 0.386
[2,   360] loss: 0.381
[2,   370] loss: 0.370
[2,   380] loss: 0.371
[2,   390] loss: 0.380
[2,   400] loss: 0.373
[2,   410] loss: 0.381
[2,   420] loss: 0.380
[2,   430] loss: 0.375
[2,   440] loss: 0.374
[2,   450] loss: 0.375
[2,   460] loss: 0.362
[2,   470] loss: 0.373
[2,   480] loss: 0.369
[2,   490] loss: 0.371
[2,   500] loss: 0.364
[2,   510] loss: 0.367
[2,   520] loss: 0.369
[2,   530] loss: 0.359
[2,   540] loss: 0.368
[2,   550] loss: 0.361
[2,   560] loss: 0.366
[2,   570] loss: 0.364
[2,   580] loss: 0.363
[2,   590] loss: 0.363
[2,   600] loss: 0.367
[2,   610] loss: 0.358
[2,   620] loss: 0.370
[2,   630] loss: 0.359
[2,   640] loss: 0.358
[2,   650] loss: 0.357
[2,   660] loss: 0.372
[2,   670] loss: 0.366
[2,   680] loss: 0.354
[2,   690] loss: 0.362
[2,   700] loss: 0.347
[2,   710] loss: 0.352
[2,   720] loss: 0.353
[2,   730] loss: 0.353
[2,   740] loss: 0.367
[2,   750] loss: 0.355
[2,   760] loss: 0.351
[2,   770] loss: 0.347
[2,   780] loss: 0.351
[2,   790] loss: 0.353
[2,   800] loss: 0.353
[2,   810] loss: 0.351
[2,   820] loss: 0.350
[2,   830] loss: 0.340
[2,   840] loss: 0.350
[2,   850] loss: 0.353
[2,   860] loss: 0.352
[2,   870] loss: 0.352
[2,   880] loss: 0.346
[2,   890] loss: 0.344
[2,   900] loss: 0.349
[2,   910] loss: 0.351
[2,   920] loss: 0.354
[2,   930] loss: 0.343
[2,   940] loss: 0.346
[2,   950] loss: 0.345
[2,   960] loss: 0.345
[2,   970] loss: 0.347
[2,   980] loss: 0.344
[2,   990] loss: 0.345
[2,  1000] loss: 0.342
[2,  1010] loss: 0.340
[2,  1020] loss: 0.337
[2,  1030] loss: 0.340
[2,  1040] loss: 0.334
[2,  1050] loss: 0.337
[2,  1060] loss: 0.333
[2,  1070] loss: 0.337
[2,  1080] loss: 0.341
[2,  1090] loss: 0.331
[2,  1100] loss: 0.338
[2,  1110] loss: 0.338
[2,  1120] loss: 0.338
[2,  1130] loss: 0.343
[2,  1140] loss: 0.332
[2,  1150] loss: 0.342
[2,  1160] loss: 0.330
[2,  1170] loss: 0.335
[2,  1180] loss: 0.337
[2,  1190] loss: 0.335
[2,  1200] loss: 0.337
[2,  1210] loss: 0.339
[2,  1220] loss: 0.337
[2,  1230] loss: 0.339
[2,  1240] loss: 0.332
[2,  1250] loss: 0.338
[2,  1260] loss: 0.328
[2,  1270] loss: 0.335
[2,  1280] loss: 0.335
[2,  1290] loss: 0.327
[2,  1300] loss: 0.338
[2,  1310] loss: 0.336
[2,  1320] loss: 0.334
[2,  1330] loss: 0.326
[2,  1340] loss: 0.325
[2,  1350] loss: 0.329
[2,  1360] loss: 0.325
[2,  1370] loss: 0.327
[2,  1380] loss: 0.321
[2,  1390] loss: 0.320
[2,  1400] loss: 0.322
[2,  1410] loss: 0.325
[2,  1420] loss: 0.324
[2,  1430] loss: 0.320
[2,  1440] loss: 0.330
[2,  1450] loss: 0.321
[2,  1460] loss: 0.338
[2,  1470] loss: 0.330
[2,  1480] loss: 0.319
[2,  1490] loss: 0.319
[2,  1500] loss: 0.324
[2,  1510] loss: 0.322
[2,  1520] loss: 0.326
[2,  1530] loss: 0.328
[2,  1540] loss: 0.322
[2,  1550] loss: 0.317
[2,  1560] loss: 0.320
[2,  1570] loss: 0.335
[2,  1580] loss: 0.315
[2,  1590] loss: 0.322
[2,  1600] loss: 0.318
[2,  1610] loss: 0.318
[2,  1620] loss: 0.317
[2,  1630] loss: 0.324
[2,  1640] loss: 0.321
[2,  1650] loss: 0.321
[2,  1660] loss: 0.316
[2,  1670] loss: 0.320
[2,  1680] loss: 0.313
[2,  1690] loss: 0.313
[2,  1700] loss: 0.311
[2,  1710] loss: 0.320
[2,  1720] loss: 0.316
[2,  1730] loss: 0.327
[2,  1740] loss: 0.315
[2,  1750] loss: 0.316
[2,  1760] loss: 0.316
[2,  1770] loss: 0.321
[2,  1780] loss: 0.316
[2,  1790] loss: 0.324
[2,  1800] loss: 0.309
[2,  1810] loss: 0.314
[2,  1820] loss: 0.315
[2,  1830] loss: 0.314
[2,  1840] loss: 0.320
[2,  1850] loss: 0.312
[2,  1860] loss: 0.320
[2,  1870] loss: 0.321
[2,  1880] loss: 0.306
[2,  1890] loss: 0.323
[2,  1900] loss: 0.309
[2,  1910] loss: 0.306
[2,  1920] loss: 0.313
[2,  1930] loss: 0.314
[2,  1940] loss: 0.311
[2,  1950] loss: 0.303
[2,  1960] loss: 0.309
[2,  1970] loss: 0.313
[2,  1980] loss: 0.310
[2,  1990] loss: 0.310
[2,  2000] loss: 0.301
Eval loss:0.3108610987663269
Eval loss:0.30461266040802004
Eval loss:0.29821556210517886
Eval loss:0.3031453639268875
Eval loss:0.30897645056247713
Eval loss:0.3045289605855942
Eval loss:0.3057330071926117
Eval loss:0.3068758636713028
Eval loss:0.3130683392286301
Eval loss:0.3243121176958084
Saved intermediate checkpoint to baselineresnet_encoder_ep_2
Time elapsed: 1802.441557475
[3,    10] loss: 0.313
[3,    20] loss: 0.310
[3,    30] loss: 0.309
[3,    40] loss: 0.314
[3,    50] loss: 0.310
[3,    60] loss: 0.311
[3,    70] loss: 0.303
[3,    80] loss: 0.319
[3,    90] loss: 0.313
[3,   100] loss: 0.310
[3,   110] loss: 0.304
[3,   120] loss: 0.300
[3,   130] loss: 0.310
[3,   140] loss: 0.306
[3,   150] loss: 0.306
[3,   160] loss: 0.303
[3,   170] loss: 0.304
[3,   180] loss: 0.308
[3,   190] loss: 0.315
[3,   200] loss: 0.311
[3,   210] loss: 0.306
[3,   220] loss: 0.311
[3,   230] loss: 0.311
[3,   240] loss: 0.309
[3,   250] loss: 0.305
[3,   260] loss: 0.309
[3,   270] loss: 0.308
[3,   280] loss: 0.304
[3,   290] loss: 0.301
[3,   300] loss: 0.304
[3,   310] loss: 0.316
[3,   320] loss: 0.296
[3,   330] loss: 0.302
[3,   340] loss: 0.298
[3,   350] loss: 0.307
[3,   360] loss: 0.301
[3,   370] loss: 0.303
[3,   380] loss: 0.308
[3,   390] loss: 0.304
[3,   400] loss: 0.298
[3,   410] loss: 0.301
[3,   420] loss: 0.296
[3,   430] loss: 0.300
[3,   440] loss: 0.298
[3,   450] loss: 0.297
[3,   460] loss: 0.293
[3,   470] loss: 0.302
[3,   480] loss: 0.303
[3,   490] loss: 0.294
[3,   500] loss: 0.297
[3,   510] loss: 0.295
[3,   520] loss: 0.293
[3,   530] loss: 0.295
[3,   540] loss: 0.299
[3,   550] loss: 0.308
[3,   560] loss: 0.303
[3,   570] loss: 0.302
[3,   580] loss: 0.298
[3,   590] loss: 0.300
[3,   600] loss: 0.298
[3,   610] loss: 0.297
[3,   620] loss: 0.300
[3,   630] loss: 0.295
[3,   640] loss: 0.292
[3,   650] loss: 0.294
[3,   660] loss: 0.293
[3,   670] loss: 0.293
[3,   680] loss: 0.299
[3,   690] loss: 0.294
[3,   700] loss: 0.286
[3,   710] loss: 0.297
[3,   720] loss: 0.291
[3,   730] loss: 0.297
[3,   740] loss: 0.293
[3,   750] loss: 0.296
[3,   760] loss: 0.294
[3,   770] loss: 0.294
[3,   780] loss: 0.301
[3,   790] loss: 0.301
[3,   800] loss: 0.289
[3,   810] loss: 0.294
[3,   820] loss: 0.298
[3,   830] loss: 0.292
[3,   840] loss: 0.294
[3,   850] loss: 0.300
[3,   860] loss: 0.292
[3,   870] loss: 0.299
[3,   880] loss: 0.289
[3,   890] loss: 0.293
[3,   900] loss: 0.288
[3,   910] loss: 0.287
[3,   920] loss: 0.299
[3,   930] loss: 0.292
[3,   940] loss: 0.296
[3,   950] loss: 0.291
[3,   960] loss: 0.290
[3,   970] loss: 0.292
[3,   980] loss: 0.285
[3,   990] loss: 0.291
[3,  1000] loss: 0.293
[3,  1010] loss: 0.298
[3,  1020] loss: 0.291
[3,  1030] loss: 0.300
[3,  1040] loss: 0.298
[3,  1050] loss: 0.294
[3,  1060] loss: 0.297
[3,  1070] loss: 0.299
[3,  1080] loss: 0.301
[3,  1090] loss: 0.288
[3,  1100] loss: 0.286
[3,  1110] loss: 0.291
[3,  1120] loss: 0.290
[3,  1130] loss: 0.285
[3,  1140] loss: 0.284
[3,  1150] loss: 0.295
[3,  1160] loss: 0.297
[3,  1170] loss: 0.291
[3,  1180] loss: 0.290
[3,  1190] loss: 0.293
[3,  1200] loss: 0.281
[3,  1210] loss: 0.289
[3,  1220] loss: 0.290
[3,  1230] loss: 0.289
[3,  1240] loss: 0.298
[3,  1250] loss: 0.286
[3,  1260] loss: 0.283
[3,  1270] loss: 0.295
[3,  1280] loss: 0.289
[3,  1290] loss: 0.291
[3,  1300] loss: 0.289
[3,  1310] loss: 0.296
[3,  1320] loss: 0.290
[3,  1330] loss: 0.288
[3,  1340] loss: 0.286
[3,  1350] loss: 0.293
[3,  1360] loss: 0.295
[3,  1370] loss: 0.291
[3,  1380] loss: 0.281
[3,  1390] loss: 0.290
[3,  1400] loss: 0.296
[3,  1410] loss: 0.286
[3,  1420] loss: 0.279
[3,  1430] loss: 0.282
[3,  1440] loss: 0.286
[3,  1450] loss: 0.284
[3,  1460] loss: 0.287
[3,  1470] loss: 0.285
[3,  1480] loss: 0.293
[3,  1490] loss: 0.283
[3,  1500] loss: 0.282
[3,  1510] loss: 0.293
[3,  1520] loss: 0.282
[3,  1530] loss: 0.286
[3,  1540] loss: 0.287
[3,  1550] loss: 0.284
[3,  1560] loss: 0.282
[3,  1570] loss: 0.280
[3,  1580] loss: 0.286
[3,  1590] loss: 0.280
[3,  1600] loss: 0.290
[3,  1610] loss: 0.285
[3,  1620] loss: 0.286
[3,  1630] loss: 0.276
[3,  1640] loss: 0.286
[3,  1650] loss: 0.279
[3,  1660] loss: 0.281
[3,  1670] loss: 0.284
[3,  1680] loss: 0.283
[3,  1690] loss: 0.288
[3,  1700] loss: 0.293
[3,  1710] loss: 0.293
[3,  1720] loss: 0.284
[3,  1730] loss: 0.287
[3,  1740] loss: 0.289
[3,  1750] loss: 0.281
[3,  1760] loss: 0.279
[3,  1770] loss: 0.287
[3,  1780] loss: 0.288
[3,  1790] loss: 0.280
[3,  1800] loss: 0.280
[3,  1810] loss: 0.285
[3,  1820] loss: 0.284
[3,  1830] loss: 0.277
[3,  1840] loss: 0.278
[3,  1850] loss: 0.282
[3,  1860] loss: 0.279
[3,  1870] loss: 0.278
[3,  1880] loss: 0.280
[3,  1890] loss: 0.277
[3,  1900] loss: 0.282
[3,  1910] loss: 0.291
[3,  1920] loss: 0.285
[3,  1930] loss: 0.284
[3,  1940] loss: 0.277
[3,  1950] loss: 0.285
[3,  1960] loss: 0.278
[3,  1970] loss: 0.284
[3,  1980] loss: 0.275
[3,  1990] loss: 0.281
[3,  2000] loss: 0.287
Eval loss:0.28274563848972323
Eval loss:0.27665674686431885
Eval loss:0.2698536828160286
Eval loss:0.2746846467256546
Eval loss:0.2803834229707718
Eval loss:0.27608423829078677
Eval loss:0.2764954060316086
Eval loss:0.2791045218706131
Eval loss:0.28445259630680086
Eval loss:0.2910296067595482
Saved intermediate checkpoint to baselineresnet_encoder_ep_3
Time elapsed: 2668.9575169610002
[4,    10] loss: 0.275
[4,    20] loss: 0.279
[4,    30] loss: 0.281
[4,    40] loss: 0.267
[4,    50] loss: 0.287
[4,    60] loss: 0.280
[4,    70] loss: 0.280
[4,    80] loss: 0.282
[4,    90] loss: 0.273
[4,   100] loss: 0.276
[4,   110] loss: 0.286
[4,   120] loss: 0.277
[4,   130] loss: 0.275
[4,   140] loss: 0.282
[4,   150] loss: 0.285
[4,   160] loss: 0.279
[4,   170] loss: 0.282
[4,   180] loss: 0.277
[4,   190] loss: 0.283
[4,   200] loss: 0.266
[4,   210] loss: 0.281
[4,   220] loss: 0.284
[4,   230] loss: 0.277
[4,   240] loss: 0.272
[4,   250] loss: 0.280
[4,   260] loss: 0.274
[4,   270] loss: 0.278
[4,   280] loss: 0.268
[4,   290] loss: 0.278
[4,   300] loss: 0.278
[4,   310] loss: 0.281
[4,   320] loss: 0.271
[4,   330] loss: 0.281
[4,   340] loss: 0.276
[4,   350] loss: 0.277
[4,   360] loss: 0.280
[4,   370] loss: 0.271
[4,   380] loss: 0.272
[4,   390] loss: 0.274
[4,   400] loss: 0.273
[4,   410] loss: 0.275
[4,   420] loss: 0.277
[4,   430] loss: 0.275
[4,   440] loss: 0.284
[4,   450] loss: 0.274
[4,   460] loss: 0.280
[4,   470] loss: 0.288
[4,   480] loss: 0.267
[4,   490] loss: 0.269
[4,   500] loss: 0.278
[4,   510] loss: 0.274
[4,   520] loss: 0.276
[4,   530] loss: 0.269
[4,   540] loss: 0.270
[4,   550] loss: 0.269
[4,   560] loss: 0.279
[4,   570] loss: 0.270
[4,   580] loss: 0.271
[4,   590] loss: 0.277
[4,   600] loss: 0.274
[4,   610] loss: 0.278
[4,   620] loss: 0.288
[4,   630] loss: 0.283
[4,   640] loss: 0.272
[4,   650] loss: 0.280
[4,   660] loss: 0.277
[4,   670] loss: 0.273
[4,   680] loss: 0.279
[4,   690] loss: 0.271
[4,   700] loss: 0.271
[4,   710] loss: 0.275
[4,   720] loss: 0.266
[4,   730] loss: 0.268
[4,   740] loss: 0.274
[4,   750] loss: 0.275
[4,   760] loss: 0.269
[4,   770] loss: 0.271
[4,   780] loss: 0.273
[4,   790] loss: 0.272
[4,   800] loss: 0.273
[4,   810] loss: 0.278
[4,   820] loss: 0.278
[4,   830] loss: 0.271
[4,   840] loss: 0.271
[4,   850] loss: 0.272
[4,   860] loss: 0.267
[4,   870] loss: 0.280
[4,   880] loss: 0.274
[4,   890] loss: 0.274
[4,   900] loss: 0.274
[4,   910] loss: 0.272
[4,   920] loss: 0.272
[4,   930] loss: 0.278
[4,   940] loss: 0.275
[4,   950] loss: 0.279
[4,   960] loss: 0.269
[4,   970] loss: 0.276
[4,   980] loss: 0.267
[4,   990] loss: 0.273
[4,  1000] loss: 0.272
[4,  1010] loss: 0.278
[4,  1020] loss: 0.272
[4,  1030] loss: 0.275
[4,  1040] loss: 0.273
[4,  1050] loss: 0.271
[4,  1060] loss: 0.277
[4,  1070] loss: 0.267
[4,  1080] loss: 0.271
[4,  1090] loss: 0.268
[4,  1100] loss: 0.266
[4,  1110] loss: 0.273
[4,  1120] loss: 0.263
[4,  1130] loss: 0.266
[4,  1140] loss: 0.274
[4,  1150] loss: 0.274
[4,  1160] loss: 0.271
[4,  1170] loss: 0.267
[4,  1180] loss: 0.270
[4,  1190] loss: 0.272
[4,  1200] loss: 0.276
[4,  1210] loss: 0.268
[4,  1220] loss: 0.273
[4,  1230] loss: 0.264
[4,  1240] loss: 0.272
[4,  1250] loss: 0.272
[4,  1260] loss: 0.268
[4,  1270] loss: 0.271
[4,  1280] loss: 0.271
[4,  1290] loss: 0.270
[4,  1300] loss: 0.269
[4,  1310] loss: 0.269
[4,  1320] loss: 0.276
[4,  1330] loss: 0.265
[4,  1340] loss: 0.262
[4,  1350] loss: 0.259
[4,  1360] loss: 0.264
[4,  1370] loss: 0.256
[4,  1380] loss: 0.254
[4,  1390] loss: 0.252
[4,  1400] loss: 0.246
[4,  1410] loss: 0.239
[4,  1420] loss: 0.244
[4,  1430] loss: 0.240
[4,  1440] loss: 0.238
[4,  1450] loss: 0.245
[4,  1460] loss: 0.235
[4,  1470] loss: 0.232
[4,  1480] loss: 0.231
[4,  1490] loss: 0.233
[4,  1500] loss: 0.227
[4,  1510] loss: 0.230
[4,  1520] loss: 0.228
[4,  1530] loss: 0.229
[4,  1540] loss: 0.228
[4,  1550] loss: 0.230
[4,  1560] loss: 0.224
[4,  1570] loss: 0.229
[4,  1580] loss: 0.226
[4,  1590] loss: 0.222
[4,  1600] loss: 0.221
[4,  1610] loss: 0.226
[4,  1620] loss: 0.219
[4,  1630] loss: 0.219
[4,  1640] loss: 0.220
[4,  1650] loss: 0.222
[4,  1660] loss: 0.212
[4,  1670] loss: 0.216
[4,  1680] loss: 0.211
[4,  1690] loss: 0.213
[4,  1700] loss: 0.217
[4,  1710] loss: 0.211
[4,  1720] loss: 0.216
[4,  1730] loss: 0.211
[4,  1740] loss: 0.211
[4,  1750] loss: 0.213
[4,  1760] loss: 0.216
[4,  1770] loss: 0.212
[4,  1780] loss: 0.215
[4,  1790] loss: 0.208
[4,  1800] loss: 0.210
[4,  1810] loss: 0.210
[4,  1820] loss: 0.212
[4,  1830] loss: 0.210
[4,  1840] loss: 0.209
[4,  1850] loss: 0.209
[4,  1860] loss: 0.209
[4,  1870] loss: 0.207
[4,  1880] loss: 0.205
[4,  1890] loss: 0.209
[4,  1900] loss: 0.200
[4,  1910] loss: 0.202
[4,  1920] loss: 0.209
[4,  1930] loss: 0.208
[4,  1940] loss: 0.205
[4,  1950] loss: 0.200
[4,  1960] loss: 0.200
[4,  1970] loss: 0.202
[4,  1980] loss: 0.205
[4,  1990] loss: 0.202
[4,  2000] loss: 0.201
