Dataset is copied to /tmp
Start Training
[1,    10] loss: 3.753
[1,    20] loss: 1.526
[1,    30] loss: 1.508
[1,    40] loss: 1.478
[1,    50] loss: 1.505
[1,    60] loss: 1.522
[1,    70] loss: 1.485
[1,    80] loss: 1.512
[1,    90] loss: 1.513
[1,   100] loss: 1.503
[1,   110] loss: 1.494
[1,   120] loss: 1.498
[1,   130] loss: 1.489
[1,   140] loss: 1.496
[1,   150] loss: 1.496
[1,   160] loss: 1.481
[1,   170] loss: 1.495
[1,   180] loss: 1.482
[1,   190] loss: 1.520
[1,   200] loss: 1.524
[1,   210] loss: 1.510
[1,   220] loss: 1.484
[1,   230] loss: 1.507
[1,   240] loss: 1.501
[1,   250] loss: 1.500
[1,   260] loss: 1.511
[1,   270] loss: 1.516
[1,   280] loss: 1.482
[1,   290] loss: 1.511
[1,   300] loss: 1.515
[1,   310] loss: 1.503
[1,   320] loss: 1.493
[1,   330] loss: 1.497
[1,   340] loss: 1.530
[1,   350] loss: 1.488
[1,   360] loss: 1.525
[1,   370] loss: 1.489
[1,   380] loss: 1.504
[1,   390] loss: 1.505
[1,   400] loss: 1.542
[1,   410] loss: 1.519
[1,   420] loss: 1.484
[1,   430] loss: 1.492
[1,   440] loss: 1.488
[1,   450] loss: 1.530
[1,   460] loss: 1.494
[1,   470] loss: 1.503
[1,   480] loss: 1.511
[1,   490] loss: 1.514
[1,   500] loss: 1.504
[1,   510] loss: 1.495
[1,   520] loss: 1.498
[1,   530] loss: 1.507
[1,   540] loss: 1.484
[1,   550] loss: 1.490
[1,   560] loss: 1.524
[1,   570] loss: 1.489
[1,   580] loss: 1.503
[1,   590] loss: 1.501
[1,   600] loss: 1.525
[1,   610] loss: 1.517
[1,   620] loss: 1.532
[1,   630] loss: 1.495
[1,   640] loss: 1.470
[1,   650] loss: 1.491
[1,   660] loss: 1.523
[1,   670] loss: 1.505
[1,   680] loss: 1.505
[1,   690] loss: 1.501
[1,   700] loss: 1.513
[1,   710] loss: 1.506
[1,   720] loss: 1.509
[1,   730] loss: 1.510
[1,   740] loss: 1.499
[1,   750] loss: 1.529
[1,   760] loss: 1.533
[1,   770] loss: 1.497
[1,   780] loss: 1.479
[1,   790] loss: 1.518
[1,   800] loss: 1.494
[1,   810] loss: 1.519
[1,   820] loss: 1.504
[1,   830] loss: 1.491
[1,   840] loss: 1.509
[1,   850] loss: 1.518
[1,   860] loss: 1.463
[1,   870] loss: 1.529
[1,   880] loss: 1.506
[1,   890] loss: 1.516
[1,   900] loss: 1.492
[1,   910] loss: 1.506
[1,   920] loss: 1.492
[1,   930] loss: 1.508
[1,   940] loss: 1.472
[1,   950] loss: 1.470
[1,   960] loss: 1.497
[1,   970] loss: 1.494
[1,   980] loss: 1.503
[1,   990] loss: 1.512
[1,  1000] loss: 1.500
[1,  1010] loss: 1.501
[1,  1020] loss: 1.500
[1,  1030] loss: 1.500
[1,  1040] loss: 1.496
[1,  1050] loss: 1.509
[1,  1060] loss: 1.490
[1,  1070] loss: 1.477
[1,  1080] loss: 1.496
[1,  1090] loss: 1.509
[1,  1100] loss: 1.508
[1,  1110] loss: 1.495
[1,  1120] loss: 1.528
[1,  1130] loss: 1.505
[1,  1140] loss: 1.506
[1,  1150] loss: 1.498
[1,  1160] loss: 1.519
[1,  1170] loss: 1.533
[1,  1180] loss: 1.486
[1,  1190] loss: 1.500
[1,  1200] loss: 1.508
[1,  1210] loss: 1.493
[1,  1220] loss: 1.476
[1,  1230] loss: 1.506
[1,  1240] loss: 1.497
[1,  1250] loss: 1.511
[1,  1260] loss: 1.480
[1,  1270] loss: 1.513
[1,  1280] loss: 1.508
[1,  1290] loss: 1.475
[1,  1300] loss: 1.489
[1,  1310] loss: 1.505
[1,  1320] loss: 1.495
[1,  1330] loss: 1.469
[1,  1340] loss: 1.515
[1,  1350] loss: 1.495
[1,  1360] loss: 1.487
[1,  1370] loss: 1.502
[1,  1380] loss: 1.469
[1,  1390] loss: 1.484
[1,  1400] loss: 1.516
[1,  1410] loss: 1.488
[1,  1420] loss: 1.509
[1,  1430] loss: 1.489
[1,  1440] loss: 1.484
[1,  1450] loss: 1.518
[1,  1460] loss: 1.512
[1,  1470] loss: 1.508
[1,  1480] loss: 1.514
[1,  1490] loss: 1.514
[1,  1500] loss: 1.512
[1,  1510] loss: 1.512
[1,  1520] loss: 1.530
[1,  1530] loss: 1.528
[1,  1540] loss: 1.504
[1,  1550] loss: 1.487
[1,  1560] loss: 1.480
[1,  1570] loss: 1.509
[1,  1580] loss: 1.518
[1,  1590] loss: 1.492
[1,  1600] loss: 1.504
[1,  1610] loss: 1.506
[1,  1620] loss: 1.519
[1,  1630] loss: 1.506
[1,  1640] loss: 1.501
[1,  1650] loss: 1.506
[1,  1660] loss: 1.496
[1,  1670] loss: 1.489
[1,  1680] loss: 1.501
[1,  1690] loss: 1.506
[1,  1700] loss: 1.477
[1,  1710] loss: 1.522
[1,  1720] loss: 1.484
[1,  1730] loss: 1.530
[1,  1740] loss: 1.510
[1,  1750] loss: 1.500
[1,  1760] loss: 1.492
[1,  1770] loss: 1.497
[1,  1780] loss: 1.488
[1,  1790] loss: 1.509
[1,  1800] loss: 1.498
[1,  1810] loss: 1.493
[1,  1820] loss: 1.498
[1,  1830] loss: 1.513
[1,  1840] loss: 1.526
[1,  1850] loss: 1.487
[1,  1860] loss: 1.501
[1,  1870] loss: 1.514
[1,  1880] loss: 1.492
[1,  1890] loss: 1.517
[1,  1900] loss: 1.507
[1,  1910] loss: 1.487
[1,  1920] loss: 1.513
[1,  1930] loss: 1.524
[1,  1940] loss: 1.501
[1,  1950] loss: 1.465
[1,  1960] loss: 1.484
[1,  1970] loss: 1.485
[1,  1980] loss: 1.516
[1,  1990] loss: 1.521
[1,  2000] loss: 1.489
[2,    10] loss: 1.496
[2,    20] loss: 1.486
[2,    30] loss: 1.502
[2,    40] loss: 1.491
[2,    50] loss: 1.516
[2,    60] loss: 1.492
[2,    70] loss: 1.495
[2,    80] loss: 1.519
[2,    90] loss: 1.507
[2,   100] loss: 1.525
[2,   110] loss: 1.486
[2,   120] loss: 1.499
[2,   130] loss: 1.505
[2,   140] loss: 1.500
[2,   150] loss: 1.495
[2,   160] loss: 1.510
[2,   170] loss: 1.490
[2,   180] loss: 1.508
[2,   190] loss: 1.493
[2,   200] loss: 1.462
[2,   210] loss: 1.520
[2,   220] loss: 1.503
[2,   230] loss: 1.493
[2,   240] loss: 1.500
[2,   250] loss: 1.519
[2,   260] loss: 1.517
[2,   270] loss: 1.517
[2,   280] loss: 1.489
[2,   290] loss: 1.491
[2,   300] loss: 1.499
[2,   310] loss: 1.497
[2,   320] loss: 1.493
[2,   330] loss: 1.506
[2,   340] loss: 1.499
[2,   350] loss: 1.482
[2,   360] loss: 1.501
[2,   370] loss: 1.510
[2,   380] loss: 1.523
[2,   390] loss: 1.480
[2,   400] loss: 1.514
[2,   410] loss: 1.511
[2,   420] loss: 1.519
[2,   430] loss: 1.510
[2,   440] loss: 1.494
[2,   450] loss: 1.521
[2,   460] loss: 1.502
[2,   470] loss: 1.528
[2,   480] loss: 1.503
[2,   490] loss: 1.501
[2,   500] loss: 1.492
[2,   510] loss: 1.493
[2,   520] loss: 1.516
[2,   530] loss: 1.527
[2,   540] loss: 1.513
[2,   550] loss: 1.499
[2,   560] loss: 1.490
[2,   570] loss: 1.502
[2,   580] loss: 1.504
[2,   590] loss: 1.475
[2,   600] loss: 1.490
[2,   610] loss: 1.493
[2,   620] loss: 1.486
[2,   630] loss: 1.516
[2,   640] loss: 1.498
[2,   650] loss: 1.505
[2,   660] loss: 1.511
[2,   670] loss: 1.480
[2,   680] loss: 1.500
[2,   690] loss: 1.502
[2,   700] loss: 1.478
[2,   710] loss: 1.505
[2,   720] loss: 1.485
[2,   730] loss: 1.506
[2,   740] loss: 1.504
[2,   750] loss: 1.490
[2,   760] loss: 1.489
[2,   770] loss: 1.524
[2,   780] loss: 1.490
[2,   790] loss: 1.513
[2,   800] loss: 1.497
[2,   810] loss: 1.486
[2,   820] loss: 1.498
[2,   830] loss: 1.509
[2,   840] loss: 1.529
[2,   850] loss: 1.503
[2,   860] loss: 1.511
[2,   870] loss: 1.506
[2,   880] loss: 1.502
[2,   890] loss: 1.509
[2,   900] loss: 1.503
[2,   910] loss: 1.490
[2,   920] loss: 1.494
[2,   930] loss: 1.513
[2,   940] loss: 1.499
[2,   950] loss: 1.499
[2,   960] loss: 1.494
[2,   970] loss: 1.514
[2,   980] loss: 1.488
[2,   990] loss: 1.512
[2,  1000] loss: 1.478
[2,  1010] loss: 1.483
[2,  1020] loss: 1.487
[2,  1030] loss: 1.508
[2,  1040] loss: 1.514
[2,  1050] loss: 1.525
[2,  1060] loss: 1.507
[2,  1070] loss: 1.501
[2,  1080] loss: 1.522
[2,  1090] loss: 1.524
[2,  1100] loss: 1.483
[2,  1110] loss: 1.494
[2,  1120] loss: 1.494
[2,  1130] loss: 1.496
[2,  1140] loss: 1.499
[2,  1150] loss: 1.497
[2,  1160] loss: 1.515
[2,  1170] loss: 1.521
[2,  1180] loss: 1.520
[2,  1190] loss: 1.516
[2,  1200] loss: 1.503
[2,  1210] loss: 1.505
[2,  1220] loss: 1.494
[2,  1230] loss: 1.476
[2,  1240] loss: 1.534
[2,  1250] loss: 1.531
[2,  1260] loss: 1.499
[2,  1270] loss: 1.517
[2,  1280] loss: 1.512
[2,  1290] loss: 1.507
[2,  1300] loss: 1.498
[2,  1310] loss: 1.480
[2,  1320] loss: 1.513
[2,  1330] loss: 1.511
[2,  1340] loss: 1.502
[2,  1350] loss: 1.494
[2,  1360] loss: 1.516
[2,  1370] loss: 1.485
[2,  1380] loss: 1.500
[2,  1390] loss: 1.483
[2,  1400] loss: 1.481
[2,  1410] loss: 1.526
[2,  1420] loss: 1.512
[2,  1430] loss: 1.506
[2,  1440] loss: 1.522
[2,  1450] loss: 1.503
[2,  1460] loss: 1.489
[2,  1470] loss: 1.517
[2,  1480] loss: 1.514
[2,  1490] loss: 1.472
[2,  1500] loss: 1.509
[2,  1510] loss: 1.510
[2,  1520] loss: 1.498
[2,  1530] loss: 1.524
[2,  1540] loss: 1.518
[2,  1550] loss: 1.486
[2,  1560] loss: 1.497
[2,  1570] loss: 1.493
[2,  1580] loss: 1.527
[2,  1590] loss: 1.506
[2,  1600] loss: 1.485
[2,  1610] loss: 1.516
[2,  1620] loss: 1.524
[2,  1630] loss: 1.479
[2,  1640] loss: 1.505
[2,  1650] loss: 1.484
[2,  1660] loss: 1.501
[2,  1670] loss: 1.513
[2,  1680] loss: 1.499
[2,  1690] loss: 1.506
[2,  1700] loss: 1.510
[2,  1710] loss: 1.505
[2,  1720] loss: 1.485
[2,  1730] loss: 1.483
[2,  1740] loss: 1.485
[2,  1750] loss: 1.502
[2,  1760] loss: 1.507
[2,  1770] loss: 1.505
[2,  1780] loss: 1.505
[2,  1790] loss: 1.509
[2,  1800] loss: 1.503
[2,  1810] loss: 1.495
[2,  1820] loss: 1.510
[2,  1830] loss: 1.511
[2,  1840] loss: 1.493
[2,  1850] loss: 1.512
[2,  1860] loss: 1.515
[2,  1870] loss: 1.523
[2,  1880] loss: 1.512
[2,  1890] loss: 1.487
[2,  1900] loss: 1.510
[2,  1910] loss: 1.532
[2,  1920] loss: 1.520
[2,  1930] loss: 1.507
[2,  1940] loss: 1.492
[2,  1950] loss: 1.503
[2,  1960] loss: 1.492
[2,  1970] loss: 1.480
[2,  1980] loss: 1.505
[2,  1990] loss: 1.522
[2,  2000] loss: 1.459
[3,    10] loss: 1.516
[3,    20] loss: 1.464
[3,    30] loss: 1.487
[3,    40] loss: 1.498
[3,    50] loss: 1.503
[3,    60] loss: 1.485
[3,    70] loss: 1.477
[3,    80] loss: 1.497
[3,    90] loss: 1.490
[3,   100] loss: 1.498
[3,   110] loss: 1.501
[3,   120] loss: 1.500
[3,   130] loss: 1.498
[3,   140] loss: 1.505
[3,   150] loss: 1.502
[3,   160] loss: 1.487
[3,   170] loss: 1.502
[3,   180] loss: 1.494
[3,   190] loss: 1.515
[3,   200] loss: 1.511
[3,   210] loss: 1.485
[3,   220] loss: 1.499
[3,   230] loss: 1.504
[3,   240] loss: 1.511
[3,   250] loss: 1.498
[3,   260] loss: 1.511
[3,   270] loss: 1.519
[3,   280] loss: 1.521
[3,   290] loss: 1.505
[3,   300] loss: 1.485
[3,   310] loss: 1.471
[3,   320] loss: 1.508
[3,   330] loss: 1.498
[3,   340] loss: 1.547
[3,   350] loss: 1.504
[3,   360] loss: 1.490
[3,   370] loss: 1.511
[3,   380] loss: 1.497
[3,   390] loss: 1.488
[3,   400] loss: 1.497
[3,   410] loss: 1.476
[3,   420] loss: 1.501
[3,   430] loss: 1.514
[3,   440] loss: 1.509
[3,   450] loss: 1.508
[3,   460] loss: 1.477
[3,   470] loss: 1.499
[3,   480] loss: 1.510
[3,   490] loss: 1.502
[3,   500] loss: 1.499
[3,   510] loss: 1.519
[3,   520] loss: 1.526
[3,   530] loss: 1.496
[3,   540] loss: 1.517
[3,   550] loss: 1.489
[3,   560] loss: 1.472
[3,   570] loss: 1.496
[3,   580] loss: 1.519
[3,   590] loss: 1.498
[3,   600] loss: 1.548
[3,   610] loss: 1.520
[3,   620] loss: 1.501
[3,   630] loss: 1.503
[3,   640] loss: 1.498
[3,   650] loss: 1.491
[3,   660] loss: 1.487
[3,   670] loss: 1.521
[3,   680] loss: 1.507
[3,   690] loss: 1.498
[3,   700] loss: 1.520
[3,   710] loss: 1.486
[3,   720] loss: 1.522
[3,   730] loss: 1.499
[3,   740] loss: 1.508
[3,   750] loss: 1.495
[3,   760] loss: 1.490
[3,   770] loss: 1.499
[3,   780] loss: 1.479
[3,   790] loss: 1.499
[3,   800] loss: 1.525
[3,   810] loss: 1.515
[3,   820] loss: 1.510
[3,   830] loss: 1.512
[3,   840] loss: 1.514
[3,   850] loss: 1.517
[3,   860] loss: 1.494
[3,   870] loss: 1.499
[3,   880] loss: 1.507
[3,   890] loss: 1.507
[3,   900] loss: 1.504
[3,   910] loss: 1.507
[3,   920] loss: 1.501
[3,   930] loss: 1.518
[3,   940] loss: 1.516
[3,   950] loss: 1.507
[3,   960] loss: 1.490
[3,   970] loss: 1.494
[3,   980] loss: 1.501
[3,   990] loss: 1.523
[3,  1000] loss: 1.493
[3,  1010] loss: 1.546
[3,  1020] loss: 1.503
[3,  1030] loss: 1.504
[3,  1040] loss: 1.497
[3,  1050] loss: 1.504
[3,  1060] loss: 1.497
[3,  1070] loss: 1.499
[3,  1080] loss: 1.467
[3,  1090] loss: 1.496
[3,  1100] loss: 1.486
[3,  1110] loss: 1.506
[3,  1120] loss: 1.502
[3,  1130] loss: 1.515
[3,  1140] loss: 1.494
[3,  1150] loss: 1.493
[3,  1160] loss: 1.493
[3,  1170] loss: 1.504
[3,  1180] loss: 1.524
[3,  1190] loss: 1.480
[3,  1200] loss: 1.527
[3,  1210] loss: 1.517
[3,  1220] loss: 1.486
[3,  1230] loss: 1.503
[3,  1240] loss: 1.497
[3,  1250] loss: 1.492
[3,  1260] loss: 1.503
[3,  1270] loss: 1.511
[3,  1280] loss: 1.488
[3,  1290] loss: 1.512
[3,  1300] loss: 1.480
[3,  1310] loss: 1.500
[3,  1320] loss: 1.516
[3,  1330] loss: 1.520
[3,  1340] loss: 1.490
[3,  1350] loss: 1.519
[3,  1360] loss: 1.481
[3,  1370] loss: 1.505
[3,  1380] loss: 1.496
[3,  1390] loss: 1.521
[3,  1400] loss: 1.504
[3,  1410] loss: 1.470
[3,  1420] loss: 1.509
[3,  1430] loss: 1.476
[3,  1440] loss: 1.491
[3,  1450] loss: 1.506
[3,  1460] loss: 1.505
[3,  1470] loss: 1.480
[3,  1480] loss: 1.490
[3,  1490] loss: 1.485
[3,  1500] loss: 1.512
[3,  1510] loss: 1.491
[3,  1520] loss: 1.503
[3,  1530] loss: 1.514
[3,  1540] loss: 1.505
[3,  1550] loss: 1.507
[3,  1560] loss: 1.513
[3,  1570] loss: 1.523
[3,  1580] loss: 1.497
[3,  1590] loss: 1.507
[3,  1600] loss: 1.495
[3,  1610] loss: 1.509
[3,  1620] loss: 1.508
[3,  1630] loss: 1.508
[3,  1640] loss: 1.509
[3,  1650] loss: 1.505
[3,  1660] loss: 1.501
[3,  1670] loss: 1.482
[3,  1680] loss: 1.502
[3,  1690] loss: 1.504
[3,  1700] loss: 1.487
[3,  1710] loss: 1.514
[3,  1720] loss: 1.488
[3,  1730] loss: 1.499
[3,  1740] loss: 1.507
[3,  1750] loss: 1.490
[3,  1760] loss: 1.494
[3,  1770] loss: 1.484
[3,  1780] loss: 1.504
[3,  1790] loss: 1.504
[3,  1800] loss: 1.512
[3,  1810] loss: 1.490
[3,  1820] loss: 1.492
[3,  1830] loss: 1.520
[3,  1840] loss: 1.491
[3,  1850] loss: 1.517
[3,  1860] loss: 1.511
[3,  1870] loss: 1.511
[3,  1880] loss: 1.519
[3,  1890] loss: 1.508
[3,  1900] loss: 1.505
[3,  1910] loss: 1.514
[3,  1920] loss: 1.505
[3,  1930] loss: 1.516
[3,  1940] loss: 1.510
[3,  1950] loss: 1.495
[3,  1960] loss: 1.512
[3,  1970] loss: 1.496
[3,  1980] loss: 1.492
[3,  1990] loss: 1.486
[3,  2000] loss: 1.507
Finished Training
Time elapsed: 8361.776926142
Saved checkpoint to checkpoints/encoder_small_3ep_relu.pth
