Dataset is copied to /tmp
Start Training
[1,    10] loss: 41630.801
[1,    20] loss: 5770696.214
[1,    30] loss: 14069417.166
[1,    40] loss: 4813931.675
[1,    50] loss: 2847400.484
[1,    60] loss: 383242.270
[1,    70] loss: 81827.910
[1,    80] loss: 41962.404
[1,    90] loss: 13531.045
[1,   100] loss: 4561.236
[1,   110] loss: 1790.630
[1,   120] loss: 987.977
[1,   130] loss: 530.239
[1,   140] loss: 397.140
[1,   150] loss: 323.963
[1,   160] loss: 295.157
[1,   170] loss: 271.966
[1,   180] loss: 258.446
[1,   190] loss: 246.415
[1,   200] loss: 234.657
[1,   210] loss: 227.121
[1,   220] loss: 219.926
[1,   230] loss: 210.798
[1,   240] loss: 203.335
[1,   250] loss: 195.036
[1,   260] loss: 186.500
[1,   270] loss: 180.016
[1,   280] loss: 174.402
[1,   290] loss: 166.591
[1,   300] loss: 160.597
[1,   310] loss: 154.619
[1,   320] loss: 149.475
[1,   330] loss: 143.359
[1,   340] loss: 139.474
[1,   350] loss: 133.801
[1,   360] loss: 129.136
[1,   370] loss: 125.111
[1,   380] loss: 120.031
[1,   390] loss: 116.652
[1,   400] loss: 112.481
[1,   410] loss: 109.790
[1,   420] loss: 105.184
[1,   430] loss: 102.659
[1,   440] loss: 98.490
[1,   450] loss: 95.221
[1,   460] loss: 94.087
[1,   470] loss: 90.835
[1,   480] loss: 88.216
[1,   490] loss: 85.673
[1,   500] loss: 82.802
[1,   510] loss: 81.267
[1,   520] loss: 78.022
[1,   530] loss: 76.053
[1,   540] loss: 73.686
[1,   550] loss: 73.031
[1,   560] loss: 70.584
[1,   570] loss: 70.027
[1,   580] loss: 66.866
[1,   590] loss: 65.117
[1,   600] loss: 63.999
[1,   610] loss: 62.401
[1,   620] loss: 60.411
[1,   630] loss: 59.658
[1,   640] loss: 57.421
[1,   650] loss: 56.389
[1,   660] loss: 54.207
[1,   670] loss: 53.382
[1,   680] loss: 52.213
[1,   690] loss: 51.217
[1,   700] loss: 50.527
[1,   710] loss: 49.443
[1,   720] loss: 47.866
[1,   730] loss: 47.291
[1,   740] loss: 46.194
[1,   750] loss: 45.107
[1,   760] loss: 44.074
[1,   770] loss: 43.309
[1,   780] loss: 42.506
[1,   790] loss: 42.689
[1,   800] loss: 40.951
[1,   810] loss: 40.291
[1,   820] loss: 39.595
[1,   830] loss: 38.659
[1,   840] loss: 38.085
[1,   850] loss: 37.707
[1,   860] loss: 36.518
[1,   870] loss: 36.085
[1,   880] loss: 35.209
[1,   890] loss: 34.406
[1,   900] loss: 34.589
[1,   910] loss: 33.888
[1,   920] loss: 33.622
[1,   930] loss: 32.949
[1,   940] loss: 32.479
[1,   950] loss: 31.142
[1,   960] loss: 31.196
[1,   970] loss: 30.646
[1,   980] loss: 30.779
[1,   990] loss: 29.789
[1,  1000] loss: 29.053
[1,  1010] loss: 28.706
[1,  1020] loss: 28.634
[1,  1030] loss: 28.132
[1,  1040] loss: 27.556
[1,  1050] loss: 27.368
[1,  1060] loss: 26.631
[1,  1070] loss: 26.578
[1,  1080] loss: 26.107
[1,  1090] loss: 25.859
[1,  1100] loss: 25.616
[1,  1110] loss: 25.032
[1,  1120] loss: 25.116
[1,  1130] loss: 24.622
[1,  1140] loss: 24.290
[1,  1150] loss: 24.027
[1,  1160] loss: 23.343
[1,  1170] loss: 23.223
[1,  1180] loss: 22.448
[1,  1190] loss: 22.475
[1,  1200] loss: 22.358
[1,  1210] loss: 22.375
[1,  1220] loss: 21.960
[1,  1230] loss: 21.406
[1,  1240] loss: 21.356
[1,  1250] loss: 21.282
[1,  1260] loss: 20.852
[1,  1270] loss: 20.480
[1,  1280] loss: 20.665
[1,  1290] loss: 20.041
[1,  1300] loss: 19.955
[1,  1310] loss: 19.798
[1,  1320] loss: 19.622
[1,  1330] loss: 19.389
[1,  1340] loss: 19.172
[1,  1350] loss: 19.027
[1,  1360] loss: 18.792
[1,  1370] loss: 18.633
[1,  1380] loss: 18.751
[1,  1390] loss: 18.026
[1,  1400] loss: 17.979
[1,  1410] loss: 17.916
[1,  1420] loss: 17.780
[1,  1430] loss: 17.237
[1,  1440] loss: 17.484
[1,  1450] loss: 17.205
[1,  1460] loss: 17.163
[1,  1470] loss: 16.859
[1,  1480] loss: 16.790
[1,  1490] loss: 16.801
[1,  1500] loss: 16.491
[1,  1510] loss: 16.412
[1,  1520] loss: 16.207
[1,  1530] loss: 16.203
[1,  1540] loss: 15.862
[1,  1550] loss: 15.755
[1,  1560] loss: 15.916
[1,  1570] loss: 15.484
[1,  1580] loss: 15.289
[1,  1590] loss: 15.381
[1,  1600] loss: 14.995
[1,  1610] loss: 15.003
[1,  1620] loss: 14.667
[1,  1630] loss: 15.085
[1,  1640] loss: 14.883
[1,  1650] loss: 14.935
[1,  1660] loss: 14.521
[1,  1670] loss: 14.411
[1,  1680] loss: 14.346
[1,  1690] loss: 14.233
[1,  1700] loss: 14.191
[1,  1710] loss: 14.176
[1,  1720] loss: 13.560
[1,  1730] loss: 13.869
[1,  1740] loss: 13.669
[1,  1750] loss: 13.695
[1,  1760] loss: 13.651
[1,  1770] loss: 13.493
[1,  1780] loss: 13.326
[1,  1790] loss: 13.240
[1,  1800] loss: 13.134
[1,  1810] loss: 13.227
[1,  1820] loss: 12.904
[1,  1830] loss: 12.921
[1,  1840] loss: 12.919
[1,  1850] loss: 12.786
[1,  1860] loss: 12.669
[1,  1870] loss: 12.553
[1,  1880] loss: 12.432
[1,  1890] loss: 12.551
[1,  1900] loss: 12.367
[1,  1910] loss: 12.362
[1,  1920] loss: 12.294
[1,  1930] loss: 11.997
[1,  1940] loss: 12.198
[1,  1950] loss: 11.939
[1,  1960] loss: 12.069
[1,  1970] loss: 11.859
[1,  1980] loss: 11.748
[1,  1990] loss: 11.620
[1,  2000] loss: 11.653
[2,    10] loss: 11.619
[2,    20] loss: 11.614
[2,    30] loss: 11.288
[2,    40] loss: 11.463
[2,    50] loss: 11.550
[2,    60] loss: 11.310
[2,    70] loss: 11.413
[2,    80] loss: 11.118
[2,    90] loss: 10.914
[2,   100] loss: 10.825
[2,   110] loss: 10.972
[2,   120] loss: 10.947
[2,   130] loss: 10.683
[2,   140] loss: 10.817
[2,   150] loss: 10.669
[2,   160] loss: 10.719
[2,   170] loss: 10.713
[2,   180] loss: 10.630
[2,   190] loss: 10.375
[2,   200] loss: 10.240
[2,   210] loss: 10.370
[2,   220] loss: 10.334
[2,   230] loss: 10.206
[2,   240] loss: 10.296
[2,   250] loss: 10.203
[2,   260] loss: 10.225
[2,   270] loss: 9.874
[2,   280] loss: 10.007
[2,   290] loss: 10.127
[2,   300] loss: 9.866
[2,   310] loss: 9.757
[2,   320] loss: 9.721
[2,   330] loss: 9.733
[2,   340] loss: 9.810
[2,   350] loss: 9.679
[2,   360] loss: 9.400
[2,   370] loss: 9.452
[2,   380] loss: 9.565
[2,   390] loss: 9.382
[2,   400] loss: 9.395
[2,   410] loss: 9.266
[2,   420] loss: 9.281
[2,   430] loss: 9.082
[2,   440] loss: 9.033
[2,   450] loss: 9.100
[2,   460] loss: 9.069
[2,   470] loss: 9.123
[2,   480] loss: 9.135
[2,   490] loss: 8.920
[2,   500] loss: 8.966
[2,   510] loss: 8.884
[2,   520] loss: 8.660
[2,   530] loss: 8.743
[2,   540] loss: 8.562
[2,   550] loss: 8.662
[2,   560] loss: 8.635
[2,   570] loss: 8.615
[2,   580] loss: 8.623
[2,   590] loss: 8.342
[2,   600] loss: 8.480
[2,   610] loss: 8.417
[2,   620] loss: 8.354
[2,   630] loss: 8.263
[2,   640] loss: 8.234
[2,   650] loss: 8.355
[2,   660] loss: 8.151
[2,   670] loss: 8.083
[2,   680] loss: 8.162
[2,   690] loss: 8.063
[2,   700] loss: 8.135
[2,   710] loss: 7.981
[2,   720] loss: 7.956
[2,   730] loss: 7.890
[2,   740] loss: 7.790
[2,   750] loss: 7.909
[2,   760] loss: 7.817
[2,   770] loss: 7.775
[2,   780] loss: 7.766
[2,   790] loss: 7.650
[2,   800] loss: 7.523
[2,   810] loss: 7.542
[2,   820] loss: 7.671
[2,   830] loss: 7.562
[2,   840] loss: 7.562
[2,   850] loss: 7.597
[2,   860] loss: 7.482
[2,   870] loss: 7.323
[2,   880] loss: 7.315
[2,   890] loss: 7.183
[2,   900] loss: 7.276
[2,   910] loss: 7.259
[2,   920] loss: 7.210
[2,   930] loss: 7.184
[2,   940] loss: 7.161
[2,   950] loss: 7.047
[2,   960] loss: 6.976
[2,   970] loss: 7.205
[2,   980] loss: 6.985
[2,   990] loss: 7.146
[2,  1000] loss: 6.931
[2,  1010] loss: 6.934
[2,  1020] loss: 6.832
[2,  1030] loss: 6.734
[2,  1040] loss: 6.755
[2,  1050] loss: 6.671
[2,  1060] loss: 6.669
[2,  1070] loss: 6.912
[2,  1080] loss: 6.644
[2,  1090] loss: 6.544
[2,  1100] loss: 6.564
[2,  1110] loss: 6.504
[2,  1120] loss: 6.533
[2,  1130] loss: 6.580
[2,  1140] loss: 6.515
[2,  1150] loss: 6.561
[2,  1160] loss: 6.419
[2,  1170] loss: 6.339
[2,  1180] loss: 6.532
[2,  1190] loss: 6.428
[2,  1200] loss: 6.179
[2,  1210] loss: 6.189
[2,  1220] loss: 6.312
[2,  1230] loss: 6.255
[2,  1240] loss: 6.226
[2,  1250] loss: 6.217
[2,  1260] loss: 6.129
[2,  1270] loss: 6.144
[2,  1280] loss: 6.163
[2,  1290] loss: 5.939
[2,  1300] loss: 6.121
[2,  1310] loss: 6.034
[2,  1320] loss: 5.903
[2,  1330] loss: 5.980
[2,  1340] loss: 5.966
[2,  1350] loss: 5.939
[2,  1360] loss: 5.881
[2,  1370] loss: 5.860
[2,  1380] loss: 5.691
[2,  1390] loss: 5.818
[2,  1400] loss: 5.701
[2,  1410] loss: 5.767
[2,  1420] loss: 5.703
[2,  1430] loss: 5.671
[2,  1440] loss: 5.642
[2,  1450] loss: 5.659
[2,  1460] loss: 5.617
[2,  1470] loss: 5.569
[2,  1480] loss: 5.601
[2,  1490] loss: 5.568
[2,  1500] loss: 5.511
[2,  1510] loss: 5.554
[2,  1520] loss: 5.452
[2,  1530] loss: 5.392
[2,  1540] loss: 5.447
[2,  1550] loss: 5.329
[2,  1560] loss: 5.419
[2,  1570] loss: 5.344
[2,  1580] loss: 5.422
[2,  1590] loss: 5.272
[2,  1600] loss: 5.228
[2,  1610] loss: 5.212
[2,  1620] loss: 5.238
[2,  1630] loss: 5.137
[2,  1640] loss: 5.149
[2,  1650] loss: 5.247
[2,  1660] loss: 5.096
[2,  1670] loss: 5.164
[2,  1680] loss: 5.106
[2,  1690] loss: 5.163
[2,  1700] loss: 5.049
[2,  1710] loss: 4.988
[2,  1720] loss: 4.967
[2,  1730] loss: 5.069
[2,  1740] loss: 4.884
[2,  1750] loss: 4.975
[2,  1760] loss: 4.898
[2,  1770] loss: 4.920
[2,  1780] loss: 4.898
[2,  1790] loss: 4.906
[2,  1800] loss: 4.775
[2,  1810] loss: 4.882
[2,  1820] loss: 4.796
[2,  1830] loss: 4.760
[2,  1840] loss: 4.700
[2,  1850] loss: 4.740
[2,  1860] loss: 4.769
[2,  1870] loss: 4.738
[2,  1880] loss: 4.705
[2,  1890] loss: 4.641
[2,  1900] loss: 4.623
[2,  1910] loss: 4.589
[2,  1920] loss: 4.600
[2,  1930] loss: 4.584
[2,  1940] loss: 4.523
[2,  1950] loss: 4.508
[2,  1960] loss: 4.520
[2,  1970] loss: 4.530
[2,  1980] loss: 4.504
[2,  1990] loss: 4.476
[2,  2000] loss: 4.441
[3,    10] loss: 4.414
[3,    20] loss: 4.393
[3,    30] loss: 4.469
[3,    40] loss: 4.374
[3,    50] loss: 4.320
[3,    60] loss: 4.342
[3,    70] loss: 4.340
[3,    80] loss: 4.341
[3,    90] loss: 4.263
[3,   100] loss: 4.297
[3,   110] loss: 4.303
[3,   120] loss: 4.288
[3,   130] loss: 4.239
[3,   140] loss: 4.167
[3,   150] loss: 4.206
[3,   160] loss: 4.253
[3,   170] loss: 4.206
[3,   180] loss: 4.157
[3,   190] loss: 4.153
[3,   200] loss: 4.173
[3,   210] loss: 4.113
[3,   220] loss: 4.151
[3,   230] loss: 4.067
[3,   240] loss: 4.079
[3,   250] loss: 4.099
[3,   260] loss: 4.061
[3,   270] loss: 4.053
[3,   280] loss: 4.047
[3,   290] loss: 3.977
[3,   300] loss: 3.962
[3,   310] loss: 3.962
[3,   320] loss: 3.945
[3,   330] loss: 3.925
[3,   340] loss: 3.953
[3,   350] loss: 3.995
[3,   360] loss: 3.903
[3,   370] loss: 3.932
[3,   380] loss: 3.879
[3,   390] loss: 3.866
[3,   400] loss: 3.816
[3,   410] loss: 3.855
[3,   420] loss: 3.832
[3,   430] loss: 3.812
[3,   440] loss: 3.769
[3,   450] loss: 3.780
[3,   460] loss: 3.731
[3,   470] loss: 3.731
[3,   480] loss: 3.784
[3,   490] loss: 3.777
[3,   500] loss: 3.658
[3,   510] loss: 3.727
[3,   520] loss: 3.700
[3,   530] loss: 3.681
[3,   540] loss: 3.687
[3,   550] loss: 3.688
[3,   560] loss: 3.670
[3,   570] loss: 3.624
[3,   580] loss: 3.603
[3,   590] loss: 3.591
[3,   600] loss: 3.595
[3,   610] loss: 3.530
[3,   620] loss: 3.528
[3,   630] loss: 3.580
[3,   640] loss: 3.535
[3,   650] loss: 3.564
[3,   660] loss: 3.517
[3,   670] loss: 3.557
[3,   680] loss: 3.507
[3,   690] loss: 3.488
[3,   700] loss: 3.434
[3,   710] loss: 3.495
[3,   720] loss: 3.476
[3,   730] loss: 3.459
[3,   740] loss: 3.430
[3,   750] loss: 3.456
[3,   760] loss: 3.489
[3,   770] loss: 3.425
[3,   780] loss: 3.433
[3,   790] loss: 3.380
[3,   800] loss: 3.393
[3,   810] loss: 3.349
[3,   820] loss: 3.323
[3,   830] loss: 3.354
[3,   840] loss: 3.374
[3,   850] loss: 3.343
[3,   860] loss: 3.297
[3,   870] loss: 3.343
[3,   880] loss: 3.310
[3,   890] loss: 3.337
[3,   900] loss: 3.263
[3,   910] loss: 3.257
[3,   920] loss: 3.225
[3,   930] loss: 3.303
[3,   940] loss: 3.236
[3,   950] loss: 3.248
[3,   960] loss: 3.208
[3,   970] loss: 3.212
[3,   980] loss: 3.185
[3,   990] loss: 3.248
[3,  1000] loss: 3.200
[3,  1010] loss: 3.203
[3,  1020] loss: 3.182
[3,  1030] loss: 3.145
[3,  1040] loss: 3.095
[3,  1050] loss: 3.153
[3,  1060] loss: 3.274
[3,  1070] loss: 3.430
[3,  1080] loss: 3.335
[3,  1090] loss: 3.146
[3,  1100] loss: 3.430
[3,  1110] loss: 3.558
[3,  1120] loss: 7.750
[3,  1130] loss: 5.939
[3,  1140] loss: 18.161
[3,  1150] loss: 12.545
[3,  1160] loss: 57.274
[3,  1170] loss: 13.456
[3,  1180] loss: 8.281
[3,  1190] loss: 5.196
[3,  1200] loss: 3.701
[3,  1210] loss: 3.331
[3,  1220] loss: 3.142
[3,  1230] loss: 3.032
[3,  1240] loss: 3.050
[3,  1250] loss: 2.947
[3,  1260] loss: 2.958
[3,  1270] loss: 2.909
[3,  1280] loss: 2.895
[3,  1290] loss: 2.841
[3,  1300] loss: 2.864
[3,  1310] loss: 2.853
[3,  1320] loss: 2.833
[3,  1330] loss: 2.866
[3,  1340] loss: 2.798
[3,  1350] loss: 2.828
[3,  1360] loss: 2.826
[3,  1370] loss: 2.807
[3,  1380] loss: 2.771
[3,  1390] loss: 2.901
[3,  1400] loss: 2.917
[3,  1410] loss: 3.140
[3,  1420] loss: 2.926
[3,  1430] loss: 3.269
[3,  1440] loss: 3.133
[3,  1450] loss: 3.224
[3,  1460] loss: 3.427
[3,  1470] loss: 312.297
[3,  1480] loss: 170.684
[3,  1490] loss: 25.077
[3,  1500] loss: 9.120
[3,  1510] loss: 5.167
[3,  1520] loss: 3.348
[3,  1530] loss: 3.040
[3,  1540] loss: 2.777
[3,  1550] loss: 2.692
[3,  1560] loss: 2.638
[3,  1570] loss: 2.599
[3,  1580] loss: 2.556
[3,  1590] loss: 2.579
[3,  1600] loss: 2.558
[3,  1610] loss: 2.520
[3,  1620] loss: 2.506
[3,  1630] loss: 2.483
[3,  1640] loss: 2.480
[3,  1650] loss: 2.467
[3,  1660] loss: 2.464
[3,  1670] loss: 2.437
[3,  1680] loss: 2.453
[3,  1690] loss: 2.459
[3,  1700] loss: 2.439
[3,  1710] loss: 2.402
[3,  1720] loss: 2.415
[3,  1730] loss: 2.410
[3,  1740] loss: 2.369
[3,  1750] loss: 2.417
[3,  1760] loss: 2.397
[3,  1770] loss: 2.403
[3,  1780] loss: 2.368
[3,  1790] loss: 2.369
[3,  1800] loss: 2.360
[3,  1810] loss: 2.344
[3,  1820] loss: 2.345
[3,  1830] loss: 2.353
[3,  1840] loss: 2.312
[3,  1850] loss: 2.320
[3,  1860] loss: 2.333
[3,  1870] loss: 2.315
[3,  1880] loss: 2.294
[3,  1890] loss: 2.310
[3,  1900] loss: 2.282
[3,  1910] loss: 2.288
[3,  1920] loss: 2.296
[3,  1930] loss: 2.264
[3,  1940] loss: 2.276
[3,  1950] loss: 2.262
[3,  1960] loss: 2.279
[3,  1970] loss: 2.263
[3,  1980] loss: 2.242
[3,  1990] loss: 2.274
[3,  2000] loss: 2.262
Finished Training
Time elapsed: 9184.705173936001
Saved checkpoint to checkpoints/encoder_small_3ep.pth
