Dataset is copied to /tmp
Start Training
[1,    10] loss: 6.730
[1,    20] loss: 6.691
[1,    30] loss: 6.686
[1,    40] loss: 6.684
[1,    50] loss: 6.665
[1,    60] loss: 6.613
[1,    70] loss: 6.610
[1,    80] loss: 6.599
[1,    90] loss: 6.600
[1,   100] loss: 6.582
[1] Validation loss: 6.589, Accuracy: 0.36%
[2,    10] loss: 6.521
[2,    20] loss: 6.489
[2,    30] loss: 6.503
[2,    40] loss: 6.502
[2,    50] loss: 6.482
[2,    60] loss: 6.469
[2,    70] loss: 6.463
[2,    80] loss: 6.449
[2,    90] loss: 6.427
[2,   100] loss: 6.441
[2] Validation loss: 6.451, Accuracy: 0.64%
[3,    10] loss: 6.312
[3,    20] loss: 6.309
[3,    30] loss: 6.318
[3,    40] loss: 6.338
[3,    50] loss: 6.330
[3,    60] loss: 6.310
[3,    70] loss: 6.331
[3,    80] loss: 6.303
[3,    90] loss: 6.306
[3,   100] loss: 6.305
[3] Validation loss: 6.346, Accuracy: 0.81%
[4,    10] loss: 6.158
[4,    20] loss: 6.164
[4,    30] loss: 6.176
[4,    40] loss: 6.183
[4,    50] loss: 6.240
[4,    60] loss: 6.194
[4,    70] loss: 6.165
[4,    80] loss: 6.158
[4,    90] loss: 6.176
[4,   100] loss: 6.191
[4] Validation loss: 6.289, Accuracy: 1.11%
[5,    10] loss: 6.022
[5,    20] loss: 6.039
[5,    30] loss: 6.021
[5,    40] loss: 6.040
[5,    50] loss: 6.069
[5,    60] loss: 6.072
[5,    70] loss: 6.028
[5,    80] loss: 6.082
[5,    90] loss: 6.080
[5,   100] loss: 6.065
[5] Validation loss: 6.248, Accuracy: 1.38%
[6,    10] loss: 5.858
[6,    20] loss: 5.865
[6,    30] loss: 5.911
[6,    40] loss: 5.881
[6,    50] loss: 5.926
[6,    60] loss: 5.960
[6,    70] loss: 5.923
[6,    80] loss: 5.909
[6,    90] loss: 5.940
[6,   100] loss: 5.905
[6] Validation loss: 6.213, Accuracy: 1.78%
[7,    10] loss: 5.673
[7,    20] loss: 5.718
[7,    30] loss: 5.746
[7,    40] loss: 5.757
[7,    50] loss: 5.752
[7,    60] loss: 5.788
[7,    70] loss: 5.795
[7,    80] loss: 5.808
[7,    90] loss: 5.753
[7,   100] loss: 5.819
[7] Validation loss: 6.220, Accuracy: 2.01%
[8,    10] loss: 5.528
[8,    20] loss: 5.498
[8,    30] loss: 5.554
[8,    40] loss: 5.595
[8,    50] loss: 5.583
[8,    60] loss: 5.634
[8,    70] loss: 5.596
[8,    80] loss: 5.678
[8,    90] loss: 5.664
[8,   100] loss: 5.679
[8] Validation loss: 6.241, Accuracy: 2.03%
[9,    10] loss: 5.264
[9,    20] loss: 5.376
[9,    30] loss: 5.374
[9,    40] loss: 5.400
[9,    50] loss: 5.413
[9,    60] loss: 5.420
[9,    70] loss: 5.463
[9,    80] loss: 5.463
[9,    90] loss: 5.478
[9,   100] loss: 5.509
[9] Validation loss: 6.337, Accuracy: 2.22%
[10,    10] loss: 5.099
[10,    20] loss: 5.079
[10,    30] loss: 5.125
[10,    40] loss: 5.213
[10,    50] loss: 5.224
[10,    60] loss: 5.257
[10,    70] loss: 5.278
[10,    80] loss: 5.274
[10,    90] loss: 5.334
[10,   100] loss: 5.317
[10] Validation loss: 6.408, Accuracy: 2.38%
[11,    10] loss: 4.843
[11,    20] loss: 4.858
[11,    30] loss: 4.931
[11,    40] loss: 4.978
[11,    50] loss: 4.987
[11,    60] loss: 5.007
[11,    70] loss: 5.038
[11,    80] loss: 5.056
[11,    90] loss: 5.115
[11,   100] loss: 5.158
[11] Validation loss: 6.589, Accuracy: 2.26%
[12,    10] loss: 4.562
[12,    20] loss: 4.606
[12,    30] loss: 4.697
[12,    40] loss: 4.735
[12,    50] loss: 4.745
[12,    60] loss: 4.774
[12,    70] loss: 4.891
[12,    80] loss: 4.882
[12,    90] loss: 4.852
[12,   100] loss: 4.851
[12] Validation loss: 6.761, Accuracy: 2.42%
[13,    10] loss: 4.300
[13,    20] loss: 4.335
[13,    30] loss: 4.345
[13,    40] loss: 4.411
[13,    50] loss: 4.511
[13,    60] loss: 4.508
[13,    70] loss: 4.593
[13,    80] loss: 4.563
[13,    90] loss: 4.633
[13,   100] loss: 4.612
[13] Validation loss: 7.047, Accuracy: 2.26%
[14,    10] loss: 4.004
[14,    20] loss: 3.982
[14,    30] loss: 3.995
[14,    40] loss: 4.188
[14,    50] loss: 4.172
[14,    60] loss: 4.275
[14,    70] loss: 4.322
[14,    80] loss: 4.350
[14,    90] loss: 4.339
[14,   100] loss: 4.400
[14] Validation loss: 7.450, Accuracy: 2.29%
[15,    10] loss: 3.718
[15,    20] loss: 3.665
[15,    30] loss: 3.777
[15,    40] loss: 3.885
[15,    50] loss: 3.930
[15,    60] loss: 3.997
[15,    70] loss: 3.976
[15,    80] loss: 4.017
[15,    90] loss: 4.078
[15,   100] loss: 4.119
[15] Validation loss: 7.886, Accuracy: 2.12%
[16,    10] loss: 3.399
[16,    20] loss: 3.472
[16,    30] loss: 3.523
[16,    40] loss: 3.594
[16,    50] loss: 3.641
[16,    60] loss: 3.634
[16,    70] loss: 3.711
[16,    80] loss: 3.696
[16,    90] loss: 3.796
[16,   100] loss: 3.811
[16] Validation loss: 8.212, Accuracy: 2.21%
[17,    10] loss: 2.987
[17,    20] loss: 3.123
[17,    30] loss: 3.178
[17,    40] loss: 3.223
[17,    50] loss: 3.247
[17,    60] loss: 3.412
[17,    70] loss: 3.433
[17,    80] loss: 3.540
[17,    90] loss: 3.487
[17,   100] loss: 3.572
[17] Validation loss: 8.806, Accuracy: 2.01%
[18,    10] loss: 2.816
[18,    20] loss: 2.775
[18,    30] loss: 2.900
[18,    40] loss: 2.897
[18,    50] loss: 3.080
[18,    60] loss: 3.019
[18,    70] loss: 3.117
[18,    80] loss: 3.191
[18,    90] loss: 3.237
[18,   100] loss: 3.209
[18] Validation loss: 9.573, Accuracy: 2.09%
[19,    10] loss: 2.420
[19,    20] loss: 2.567
[19,    30] loss: 2.558
[19,    40] loss: 2.687
[19,    50] loss: 2.697
[19,    60] loss: 2.886
[19,    70] loss: 2.898
[19,    80] loss: 2.924
[19,    90] loss: 2.883
[19,   100] loss: 2.936
[19] Validation loss: 9.863, Accuracy: 1.88%
