Dataset is copied to /tmp
Start Training
[1,    10] loss: 1.341
[1,    20] loss: 0.795
[1,    30] loss: 0.574
[1,    40] loss: 0.515
[1,    50] loss: 0.487
[1,    60] loss: 0.461
[1,    70] loss: 0.424
[1,    80] loss: 0.408
[1,    90] loss: 0.379
[1,   100] loss: 0.358
[1,   110] loss: 0.360
[1,   120] loss: 0.346
[1,   130] loss: 0.349
[1,   140] loss: 0.340
[1,   150] loss: 0.325
[1,   160] loss: 0.320
[1,   170] loss: 0.317
[1,   180] loss: 0.319
[1,   190] loss: 0.320
[1,   200] loss: 0.303
[1,   210] loss: 0.300
[1,   220] loss: 0.307
[1,   230] loss: 0.302
[1,   240] loss: 0.304
[1,   250] loss: 0.288
[1,   260] loss: 0.298
[1,   270] loss: 0.295
[1,   280] loss: 0.290
[1,   290] loss: 0.283
[1,   300] loss: 0.283
[1,   310] loss: 0.287
[1,   320] loss: 0.285
[1,   330] loss: 0.274
[1,   340] loss: 0.287
[1,   350] loss: 0.282
[1,   360] loss: 0.273
[1,   370] loss: 0.278
[1,   380] loss: 0.271
[1,   390] loss: 0.277
[1,   400] loss: 0.272
[1,   410] loss: 0.276
[1,   420] loss: 0.269
[1,   430] loss: 0.263
[1,   440] loss: 0.270
[1,   450] loss: 0.263
[1,   460] loss: 0.276
[1,   470] loss: 0.264
[1,   480] loss: 0.265
[1,   490] loss: 0.269
[1,   500] loss: 0.266
[1,   510] loss: 0.271
[1,   520] loss: 0.266
[1,   530] loss: 0.256
[1,   540] loss: 0.257
[1,   550] loss: 0.262
[1,   560] loss: 0.263
[1,   570] loss: 0.264
[1,   580] loss: 0.252
[1,   590] loss: 0.262
[1,   600] loss: 0.258
[1,   610] loss: 0.246
[1,   620] loss: 0.255
[1,   630] loss: 0.245
[1,   640] loss: 0.251
[1,   650] loss: 0.259
[1,   660] loss: 0.251
[1,   670] loss: 0.246
[1,   680] loss: 0.250
[1,   690] loss: 0.251
[1,   700] loss: 0.243
[1,   710] loss: 0.244
[1,   720] loss: 0.250
[1,   730] loss: 0.238
[1,   740] loss: 0.245
[1,   750] loss: 0.250
[1,   760] loss: 0.239
[1,   770] loss: 0.238
[1,   780] loss: 0.234
[1,   790] loss: 0.239
[1,   800] loss: 0.242
[1,   810] loss: 0.241
[1,   820] loss: 0.248
[1,   830] loss: 0.234
[1,   840] loss: 0.240
[1,   850] loss: 0.241
[1,   860] loss: 0.238
[1,   870] loss: 0.239
[1,   880] loss: 0.231
[1,   890] loss: 0.238
[1,   900] loss: 0.237
[1,   910] loss: 0.237
[1,   920] loss: 0.242
[1,   930] loss: 0.231
[1,   940] loss: 0.229
[1,   950] loss: 0.231
[1,   960] loss: 0.228
[1,   970] loss: 0.233
[1,   980] loss: 0.218
[1,   990] loss: 0.219
[1,  1000] loss: 0.211
[1,  1010] loss: 0.208
[1,  1020] loss: 0.222
[1,  1030] loss: 0.189
[1,  1040] loss: 0.182
[1,  1050] loss: 0.177
[1,  1060] loss: 0.175
[1,  1070] loss: 0.174
[1,  1080] loss: 0.171
[1,  1090] loss: 0.172
[1,  1100] loss: 0.170
[1,  1110] loss: 0.168
[1,  1120] loss: 0.164
[1,  1130] loss: 0.166
[1,  1140] loss: 0.159
[1,  1150] loss: 0.161
[1,  1160] loss: 0.159
[1,  1170] loss: 0.158
[1,  1180] loss: 0.158
[1,  1190] loss: 0.159
[1,  1200] loss: 0.156
[1,  1210] loss: 0.156
[1,  1220] loss: 0.155
[1,  1230] loss: 0.153
[1,  1240] loss: 0.148
[1,  1250] loss: 0.151
[1,  1260] loss: 0.148
[1,  1270] loss: 0.156
[1,  1280] loss: 0.149
[1,  1290] loss: 0.147
[1,  1300] loss: 0.144
[1,  1310] loss: 0.147
[1,  1320] loss: 0.146
[1,  1330] loss: 0.151
[1,  1340] loss: 0.141
[1,  1350] loss: 0.143
[1,  1360] loss: 0.144
[1,  1370] loss: 0.146
[1,  1380] loss: 0.149
[1,  1390] loss: 0.144
[1,  1400] loss: 0.146
[1,  1410] loss: 0.142
[1,  1420] loss: 0.143
[1,  1430] loss: 0.148
[1,  1440] loss: 0.146
[1,  1450] loss: 0.145
[1,  1460] loss: 0.142
[1,  1470] loss: 0.145
[1,  1480] loss: 0.148
[1,  1490] loss: 0.148
[1,  1500] loss: 0.141
[1,  1510] loss: 0.142
[1,  1520] loss: 0.143
[1,  1530] loss: 0.141
[1,  1540] loss: 0.145
[1,  1550] loss: 0.147
[1,  1560] loss: 0.144
[1,  1570] loss: 0.141
[1,  1580] loss: 0.142
[1,  1590] loss: 0.140
[1,  1600] loss: 0.146
[1,  1610] loss: 0.138
[1,  1620] loss: 0.143
[1,  1630] loss: 0.141
[1,  1640] loss: 0.146
[1,  1650] loss: 0.143
[1,  1660] loss: 0.142
[1,  1670] loss: 0.143
[1,  1680] loss: 0.140
[1,  1690] loss: 0.142
[1,  1700] loss: 0.139
[1,  1710] loss: 0.139
[1,  1720] loss: 0.137
[1,  1730] loss: 0.142
[1,  1740] loss: 0.140
[1,  1750] loss: 0.139
[1,  1760] loss: 0.138
[1,  1770] loss: 0.139
[1,  1780] loss: 0.136
[1,  1790] loss: 0.135
[1,  1800] loss: 0.140
[1,  1810] loss: 0.136
[1,  1820] loss: 0.142
[1,  1830] loss: 0.138
[1,  1840] loss: 0.134
[1,  1850] loss: 0.140
[1,  1860] loss: 0.136
[1,  1870] loss: 0.137
[1,  1880] loss: 0.135
[1,  1890] loss: 0.132
[1,  1900] loss: 0.134
[1,  1910] loss: 0.133
[1,  1920] loss: 0.134
[1,  1930] loss: 0.139
[1,  1940] loss: 0.135
[1,  1950] loss: 0.132
[1,  1960] loss: 0.135
[1,  1970] loss: 0.136
[1,  1980] loss: 0.131
[1,  1990] loss: 0.136
[1,  2000] loss: 0.136
[2,    10] loss: 0.134
[2,    20] loss: 0.135
[2,    30] loss: 0.133
[2,    40] loss: 0.133
[2,    50] loss: 0.132
[2,    60] loss: 0.129
[2,    70] loss: 0.131
[2,    80] loss: 0.134
[2,    90] loss: 0.131
[2,   100] loss: 0.130
[2,   110] loss: 0.133
[2,   120] loss: 0.131
[2,   130] loss: 0.129
[2,   140] loss: 0.130
[2,   150] loss: 0.130
[2,   160] loss: 0.131
[2,   170] loss: 0.130
[2,   180] loss: 0.135
[2,   190] loss: 0.130
[2,   200] loss: 0.127
[2,   210] loss: 0.132
[2,   220] loss: 0.133
[2,   230] loss: 0.132
[2,   240] loss: 0.130
[2,   250] loss: 0.131
[2,   260] loss: 0.131
[2,   270] loss: 0.134
[2,   280] loss: 0.131
[2,   290] loss: 0.134
[2,   300] loss: 0.127
[2,   310] loss: 0.129
[2,   320] loss: 0.128
[2,   330] loss: 0.133
[2,   340] loss: 0.135
[2,   350] loss: 0.134
[2,   360] loss: 0.133
[2,   370] loss: 0.129
[2,   380] loss: 0.128
[2,   390] loss: 0.129
[2,   400] loss: 0.127
[2,   410] loss: 0.124
[2,   420] loss: 0.132
[2,   430] loss: 0.129
[2,   440] loss: 0.126
[2,   450] loss: 0.128
[2,   460] loss: 0.129
[2,   470] loss: 0.135
[2,   480] loss: 0.131
[2,   490] loss: 0.127
[2,   500] loss: 0.128
[2,   510] loss: 0.129
[2,   520] loss: 0.127
[2,   530] loss: 0.125
[2,   540] loss: 0.127
[2,   550] loss: 0.125
[2,   560] loss: 0.132
[2,   570] loss: 0.127
[2,   580] loss: 0.125
[2,   590] loss: 0.128
[2,   600] loss: 0.131
[2,   610] loss: 0.127
[2,   620] loss: 0.127
[2,   630] loss: 0.127
[2,   640] loss: 0.127
[2,   650] loss: 0.124
[2,   660] loss: 0.124
[2,   670] loss: 0.125
[2,   680] loss: 0.127
[2,   690] loss: 0.125
[2,   700] loss: 0.126
[2,   710] loss: 0.124
[2,   720] loss: 0.124
[2,   730] loss: 0.127
[2,   740] loss: 0.124
[2,   750] loss: 0.123
[2,   760] loss: 0.120
[2,   770] loss: 0.123
[2,   780] loss: 0.124
[2,   790] loss: 0.125
[2,   800] loss: 0.127
[2,   810] loss: 0.133
[2,   820] loss: 0.177
[2,   830] loss: 0.310
[2,   840] loss: 0.356
[2,   850] loss: 0.268
[2,   860] loss: 0.229
[2,   870] loss: 0.202
[2,   880] loss: 0.183
[2,   890] loss: 0.194
[2,   900] loss: 0.216
[2,   910] loss: 0.193
[2,   920] loss: 0.173
[2,   930] loss: 0.163
[2,   940] loss: 0.179
[2,   950] loss: 0.178
[2,   960] loss: 0.161
[2,   970] loss: 0.151
[2,   980] loss: 0.146
[2,   990] loss: 0.153
[2,  1000] loss: 0.145
[2,  1010] loss: 0.145
[2,  1020] loss: 0.138
[2,  1030] loss: 0.138
[2,  1040] loss: 0.137
[2,  1050] loss: 0.139
[2,  1060] loss: 0.137
[2,  1070] loss: 0.135
[2,  1080] loss: 0.134
[2,  1090] loss: 0.138
[2,  1100] loss: 0.135
[2,  1110] loss: 0.134
[2,  1120] loss: 0.131
[2,  1130] loss: 0.132
[2,  1140] loss: 0.132
[2,  1150] loss: 0.134
[2,  1160] loss: 0.133
[2,  1170] loss: 0.135
[2,  1180] loss: 0.132
[2,  1190] loss: 0.134
[2,  1200] loss: 0.131
[2,  1210] loss: 0.130
[2,  1220] loss: 0.129
[2,  1230] loss: 0.131
[2,  1240] loss: 0.128
[2,  1250] loss: 0.128
[2,  1260] loss: 0.133
[2,  1270] loss: 0.133
[2,  1280] loss: 0.135
[2,  1290] loss: 0.131
[2,  1300] loss: 0.131
[2,  1310] loss: 0.137
[2,  1320] loss: 0.131
[2,  1330] loss: 0.129
[2,  1340] loss: 0.128
[2,  1350] loss: 0.129
[2,  1360] loss: 0.133
[2,  1370] loss: 0.130
[2,  1380] loss: 0.128
[2,  1390] loss: 0.127
[2,  1400] loss: 0.127
[2,  1410] loss: 0.135
[2,  1420] loss: 0.132
[2,  1430] loss: 0.129
[2,  1440] loss: 0.135
[2,  1450] loss: 0.128
[2,  1460] loss: 0.127
[2,  1470] loss: 0.133
[2,  1480] loss: 0.131
[2,  1490] loss: 0.126
[2,  1500] loss: 0.125
[2,  1510] loss: 0.128
[2,  1520] loss: 0.127
[2,  1530] loss: 0.128
[2,  1540] loss: 0.122
[2,  1550] loss: 0.127
[2,  1560] loss: 0.124
[2,  1570] loss: 0.124
[2,  1580] loss: 0.127
[2,  1590] loss: 0.127
[2,  1600] loss: 0.127
[2,  1610] loss: 0.127
[2,  1620] loss: 0.125
[2,  1630] loss: 0.121
[2,  1640] loss: 0.124
[2,  1650] loss: 0.124
[2,  1660] loss: 0.127
[2,  1670] loss: 0.127
[2,  1680] loss: 0.127
[2,  1690] loss: 0.123
[2,  1700] loss: 0.129
[2,  1710] loss: 0.129
[2,  1720] loss: 0.126
[2,  1730] loss: 0.125
[2,  1740] loss: 0.123
[2,  1750] loss: 0.126
[2,  1760] loss: 0.125
[2,  1770] loss: 0.119
[2,  1780] loss: 0.120
[2,  1790] loss: 0.124
[2,  1800] loss: 0.123
[2,  1810] loss: 0.125
[2,  1820] loss: 0.123
[2,  1830] loss: 0.127
[2,  1840] loss: 0.127
[2,  1850] loss: 0.124
[2,  1860] loss: 0.124
[2,  1870] loss: 0.127
[2,  1880] loss: 0.123
[2,  1890] loss: 0.124
[2,  1900] loss: 0.127
[2,  1910] loss: 0.123
[2,  1920] loss: 0.130
[2,  1930] loss: 0.121
[2,  1940] loss: 0.125
[2,  1950] loss: 0.122
[2,  1960] loss: 0.126
[2,  1970] loss: 0.120
[2,  1980] loss: 0.121
[2,  1990] loss: 0.121
[2,  2000] loss: 0.123
[3,    10] loss: 0.125
[3,    20] loss: 0.121
[3,    30] loss: 0.123
[3,    40] loss: 0.122
[3,    50] loss: 0.122
[3,    60] loss: 0.120
[3,    70] loss: 0.121
[3,    80] loss: 0.126
[3,    90] loss: 0.125
[3,   100] loss: 0.120
[3,   110] loss: 0.116
[3,   120] loss: 0.120
[3,   130] loss: 0.120
[3,   140] loss: 0.126
[3,   150] loss: 0.125
[3,   160] loss: 0.123
[3,   170] loss: 0.120
[3,   180] loss: 0.121
[3,   190] loss: 0.122
[3,   200] loss: 0.124
[3,   210] loss: 0.122
[3,   220] loss: 0.121
[3,   230] loss: 0.119
[3,   240] loss: 0.119
[3,   250] loss: 0.123
[3,   260] loss: 0.120
[3,   270] loss: 0.122
[3,   280] loss: 0.122
[3,   290] loss: 0.122
[3,   300] loss: 0.123
[3,   310] loss: 0.119
[3,   320] loss: 0.123
[3,   330] loss: 0.123
[3,   340] loss: 0.121
[3,   350] loss: 0.120
[3,   360] loss: 0.123
[3,   370] loss: 0.120
[3,   380] loss: 0.120
[3,   390] loss: 0.118
[3,   400] loss: 0.120
[3,   410] loss: 0.119
[3,   420] loss: 0.124
[3,   430] loss: 0.121
[3,   440] loss: 0.119
[3,   450] loss: 0.117
[3,   460] loss: 0.122
[3,   470] loss: 0.122
[3,   480] loss: 0.117
[3,   490] loss: 0.124
[3,   500] loss: 0.121
[3,   510] loss: 0.120
[3,   520] loss: 0.117
[3,   530] loss: 0.119
[3,   540] loss: 0.118
[3,   550] loss: 0.120
[3,   560] loss: 0.123
[3,   570] loss: 0.122
[3,   580] loss: 0.119
[3,   590] loss: 0.121
[3,   600] loss: 0.121
[3,   610] loss: 0.117
[3,   620] loss: 0.117
[3,   630] loss: 0.119
[3,   640] loss: 0.116
[3,   650] loss: 0.120
[3,   660] loss: 0.120
[3,   670] loss: 0.123
[3,   680] loss: 0.120
[3,   690] loss: 0.118
[3,   700] loss: 0.117
[3,   710] loss: 0.122
[3,   720] loss: 0.123
[3,   730] loss: 0.122
[3,   740] loss: 0.120
[3,   750] loss: 0.116
[3,   760] loss: 0.120
[3,   770] loss: 0.122
[3,   780] loss: 0.117
[3,   790] loss: 0.116
[3,   800] loss: 0.119
[3,   810] loss: 0.117
[3,   820] loss: 0.118
[3,   830] loss: 0.118
[3,   840] loss: 0.122
[3,   850] loss: 0.123
[3,   860] loss: 0.123
[3,   870] loss: 0.117
[3,   880] loss: 0.120
[3,   890] loss: 0.120
[3,   900] loss: 0.113
[3,   910] loss: 0.118
[3,   920] loss: 0.118
[3,   930] loss: 0.117
[3,   940] loss: 0.114
[3,   950] loss: 0.116
[3,   960] loss: 0.119
[3,   970] loss: 0.117
[3,   980] loss: 0.120
[3,   990] loss: 0.122
[3,  1000] loss: 0.118
[3,  1010] loss: 0.119
[3,  1020] loss: 0.119
[3,  1030] loss: 0.119
[3,  1040] loss: 0.118
[3,  1050] loss: 0.116
[3,  1060] loss: 0.115
[3,  1070] loss: 0.118
[3,  1080] loss: 0.119
[3,  1090] loss: 0.122
[3,  1100] loss: 0.120
[3,  1110] loss: 0.116
[3,  1120] loss: 0.124
[3,  1130] loss: 0.124
[3,  1140] loss: 0.120
[3,  1150] loss: 0.115
[3,  1160] loss: 0.120
[3,  1170] loss: 0.118
[3,  1180] loss: 0.120
[3,  1190] loss: 0.120
[3,  1200] loss: 0.121
[3,  1210] loss: 0.118
[3,  1220] loss: 0.118
[3,  1230] loss: 0.122
[3,  1240] loss: 0.120
[3,  1250] loss: 0.118
[3,  1260] loss: 0.116
[3,  1270] loss: 0.115
[3,  1280] loss: 0.122
[3,  1290] loss: 0.123
[3,  1300] loss: 0.117
[3,  1310] loss: 0.115
[3,  1320] loss: 0.118
[3,  1330] loss: 0.115
[3,  1340] loss: 0.115
[3,  1350] loss: 0.118
[3,  1360] loss: 0.116
[3,  1370] loss: 0.121
[3,  1380] loss: 0.114
[3,  1390] loss: 0.115
[3,  1400] loss: 0.117
[3,  1410] loss: 0.116
[3,  1420] loss: 0.116
[3,  1430] loss: 0.119
[3,  1440] loss: 0.119
[3,  1450] loss: 0.118
[3,  1460] loss: 0.119
[3,  1470] loss: 0.124
[3,  1480] loss: 0.119
[3,  1490] loss: 0.115
[3,  1500] loss: 0.119
[3,  1510] loss: 0.120
[3,  1520] loss: 0.118
[3,  1530] loss: 0.117
[3,  1540] loss: 0.122
[3,  1550] loss: 0.118
[3,  1560] loss: 0.115
[3,  1570] loss: 0.121
[3,  1580] loss: 0.122
[3,  1590] loss: 0.120
[3,  1600] loss: 0.121
[3,  1610] loss: 0.120
[3,  1620] loss: 0.116
[3,  1630] loss: 0.119
[3,  1640] loss: 0.114
[3,  1650] loss: 0.119
[3,  1660] loss: 0.120
[3,  1670] loss: 0.118
[3,  1680] loss: 0.117
[3,  1690] loss: 0.115
[3,  1700] loss: 0.116
[3,  1710] loss: 0.120
[3,  1720] loss: 0.120
[3,  1730] loss: 0.118
[3,  1740] loss: 0.120
[3,  1750] loss: 0.117
[3,  1760] loss: 0.121
[3,  1770] loss: 0.118
[3,  1780] loss: 0.119
[3,  1790] loss: 0.114
[3,  1800] loss: 0.118
[3,  1810] loss: 0.121
[3,  1820] loss: 0.116
[3,  1830] loss: 0.118
[3,  1840] loss: 0.120
[3,  1850] loss: 0.116
[3,  1860] loss: 0.115
[3,  1870] loss: 0.117
[3,  1880] loss: 0.123
[3,  1890] loss: 0.118
[3,  1900] loss: 0.117
[3,  1910] loss: 0.114
[3,  1920] loss: 0.116
[3,  1930] loss: 0.117
[3,  1940] loss: 0.117
[3,  1950] loss: 0.112
[3,  1960] loss: 0.117
[3,  1970] loss: 0.119
[3,  1980] loss: 0.119
[3,  1990] loss: 0.119
[3,  2000] loss: 0.118
