Dataset is copied to /tmp
Start Training
Ä1,    10Ü loss: 6.731
Ä1,    20Ü loss: 6.691
Ä1,    30Ü loss: 6.687
Ä1,    40Ü loss: 6.682
Ä1,    50Ü loss: 6.689
Ä1,    60Ü loss: 6.678
Ä1,    70Ü loss: 6.654
Ä1,    80Ü loss: 6.633
Ä1,    90Ü loss: 6.607
Ä1,   100Ü loss: 6.589
Ä2,    10Ü loss: 6.545
Ä2,    20Ü loss: 6.528
Ä2,    30Ü loss: 6.547
Ä2,    40Ü loss: 6.505
Ä2,    50Ü loss: 6.517
Ä2,    60Ü loss: 6.529
Ä2,    70Ü loss: 6.480
Ä2,    80Ü loss: 6.464
Ä2,    90Ü loss: 6.479
Ä2,   100Ü loss: 6.455
Ä3,    10Ü loss: 6.318
Ä3,    20Ü loss: 6.346
Ä3,    30Ü loss: 6.327
Ä3,    40Ü loss: 6.344
Ä3,    50Ü loss: 6.316
Ä3,    60Ü loss: 6.312
Ä3,    70Ü loss: 6.306
Ä3,    80Ü loss: 6.309
Ä3,    90Ü loss: 6.282
Ä3,   100Ü loss: 6.324
Ä4,    10Ü loss: 6.180
Ä4,    20Ü loss: 6.149
Ä4,    30Ü loss: 6.111
Ä4,    40Ü loss: 6.165
Ä4,    50Ü loss: 6.178
Ä4,    60Ü loss: 6.184
Ä4,    70Ü loss: 6.181
Ä4,    80Ü loss: 6.193
Ä4,    90Ü loss: 6.136
Ä4,   100Ü loss: 6.176
Ä5,    10Ü loss: 6.016
Ä5,    20Ü loss: 5.968
Ä5,    30Ü loss: 6.037
Ä5,    40Ü loss: 6.045
Ä5,    50Ü loss: 6.041
Ä5,    60Ü loss: 6.005
Ä5,    70Ü loss: 6.074
Ä5,    80Ü loss: 6.056
Ä5,    90Ü loss: 6.043
Ä5,   100Ü loss: 6.019
Ä6,    10Ü loss: 5.808
Ä6,    20Ü loss: 5.831
Ä6,    30Ü loss: 5.901
Ä6,    40Ü loss: 5.918
Ä6,    50Ü loss: 5.897
Ä6,    60Ü loss: 5.918
Ä6,    70Ü loss: 5.920
Ä6,    80Ü loss: 5.905
Ä6,    90Ü loss: 5.899
Ä6,   100Ü loss: 5.931
Ä7,    10Ü loss: 5.678
Ä7,    20Ü loss: 5.685
Ä7,    30Ü loss: 5.716
Ä7,    40Ü loss: 5.773
Ä7,    50Ü loss: 5.766
Ä7,    60Ü loss: 5.731
Ä7,    70Ü loss: 5.766
Ä7,    80Ü loss: 5.802
Ä7,    90Ü loss: 5.808
Ä7,   100Ü loss: 5.799
Ä8,    10Ü loss: 5.497
Ä8,    20Ü loss: 5.502
Ä8,    30Ü loss: 5.531
Ä8,    40Ü loss: 5.539
Ä8,    50Ü loss: 5.604
Ä8,    60Ü loss: 5.657
Ä8,    70Ü loss: 5.629
Ä8,    80Ü loss: 5.657
Ä8,    90Ü loss: 5.616
Ä8,   100Ü loss: 5.651
Ä9,    10Ü loss: 5.351
Ä9,    20Ü loss: 5.326
Ä9,    30Ü loss: 5.384
Ä9,    40Ü loss: 5.376
Ä9,    50Ü loss: 5.395
Ä9,    60Ü loss: 5.413
Ä9,    70Ü loss: 5.359
Ä9,    80Ü loss: 5.431
Ä9,    90Ü loss: 5.502
Ä9,   100Ü loss: 5.465
Ä10,    10Ü loss: 5.057
Ä10,    20Ü loss: 5.119
Ä10,    30Ü loss: 5.142
Ä10,    40Ü loss: 5.235
Ä10,    50Ü loss: 5.245
Ä10,    60Ü loss: 5.267
Ä10,    70Ü loss: 5.234
Ä10,    80Ü loss: 5.250
Ä10,    90Ü loss: 5.267
Ä10,   100Ü loss: 5.245
Ä11,    10Ü loss: 4.805
Ä11,    20Ü loss: 4.862
Ä11,    30Ü loss: 4.916
Ä11,    40Ü loss: 4.960
Ä11,    50Ü loss: 4.992
Ä11,    60Ü loss: 4.982
Ä11,    70Ü loss: 5.023
Ä11,    80Ü loss: 5.009
Ä11,    90Ü loss: 5.092
Ä11,   100Ü loss: 5.138
Ä12,    10Ü loss: 4.511
Ä12,    20Ü loss: 4.521
Ä12,    30Ü loss: 4.718
Ä12,    40Ü loss: 4.721
Ä12,    50Ü loss: 4.736
Ä12,    60Ü loss: 4.786
Ä12,    70Ü loss: 4.836
Ä12,    80Ü loss: 4.838
Ä12,    90Ü loss: 4.901
Ä12,   100Ü loss: 4.825
Ä13,    10Ü loss: 4.339
Ä13,    20Ü loss: 4.280
Ä13,    30Ü loss: 4.273
Ä13,    40Ü loss: 4.379
Ä13,    50Ü loss: 4.477
Ä13,    60Ü loss: 4.470
Ä13,    70Ü loss: 4.536
Ä13,    80Ü loss: 4.594
Ä13,    90Ü loss: 4.536
Ä13,   100Ü loss: 4.674
Ä14,    10Ü loss: 3.959
Ä14,    20Ü loss: 3.970
Ä14,    30Ü loss: 4.108
Ä14,    40Ü loss: 4.142
Ä14,    50Ü loss: 4.201
Ä14,    60Ü loss: 4.211
Ä14,    70Ü loss: 4.289
Ä14,    80Ü loss: 4.327
Ä14,    90Ü loss: 4.310
Ä14,   100Ü loss: 4.391
Ä15,    10Ü loss: 3.647
Ä15,    20Ü loss: 3.712
Ä15,    30Ü loss: 3.715
Ä15,    40Ü loss: 3.826
Ä15,    50Ü loss: 3.850
Ä15,    60Ü loss: 3.965
Ä15,    70Ü loss: 4.051
Ä15,    80Ü loss: 4.066
Ä15,    90Ü loss: 4.048
Ä15,   100Ü loss: 4.071
Ä16,    10Ü loss: 3.401
Ä16,    20Ü loss: 3.373
Ä16,    30Ü loss: 3.448
Ä16,    40Ü loss: 3.494
Ä16,    50Ü loss: 3.500
Ä16,    60Ü loss: 3.635
Ä16,    70Ü loss: 3.730
Ä16,    80Ü loss: 3.728
Ä16,    90Ü loss: 3.784
Ä16,   100Ü loss: 3.774
Ä17,    10Ü loss: 3.048
Ä17,    20Ü loss: 3.181
Ä17,    30Ü loss: 3.148
Ä17,    40Ü loss: 3.272
Ä17,    50Ü loss: 3.279
Ä17,    60Ü loss: 3.355
Ä17,    70Ü loss: 3.436
Ä17,    80Ü loss: 3.426
Ä17,    90Ü loss: 3.474
Ä17,   100Ü loss: 3.498
Ä18,    10Ü loss: 2.705
Ä18,    20Ü loss: 2.847
Ä18,    30Ü loss: 2.917
Ä18,    40Ü loss: 3.010
Ä18,    50Ü loss: 3.004
Ä18,    60Ü loss: 3.050
Ä18,    70Ü loss: 3.139
Ä18,    80Ü loss: 3.131
Ä18,    90Ü loss: 3.148
Ä18,   100Ü loss: 3.156
Ä19,    10Ü loss: 2.525
Ä19,    20Ü loss: 2.477
Ä19,    30Ü loss: 2.644
Ä19,    40Ü loss: 2.733
Ä19,    50Ü loss: 2.756
Ä19,    60Ü loss: 2.808
Ä19,    70Ü loss: 2.827
Ä19,    80Ü loss: 2.857
Ä19,    90Ü loss: 2.902
Ä19,   100Ü loss: 2.927
Ä20,    10Ü loss: 2.225
Ä20,    20Ü loss: 2.324
Ä20,    30Ü loss: 2.319
Ä20,    40Ü loss: 2.452
Ä20,    50Ü loss: 2.451
Ä20,    60Ü loss: 2.526
Ä20,    70Ü loss: 2.676
Ä20,    80Ü loss: 2.592
Ä20,    90Ü loss: 2.642
Ä20,   100Ü loss: 2.751
Ä21,    10Ü loss: 1.978
Ä21,    20Ü loss: 2.084
Ä21,    30Ü loss: 2.098
Ä21,    40Ü loss: 2.172
Ä21,    50Ü loss: 2.237
Ä21,    60Ü loss: 2.293
Ä21,    70Ü loss: 2.278
Ä21,    80Ü loss: 2.360
Ä21,    90Ü loss: 2.465
Ä21,   100Ü loss: 2.505
Ä22,    10Ü loss: 1.819
Ä22,    20Ü loss: 1.869
Ä22,    30Ü loss: 1.932
Ä22,    40Ü loss: 1.984
Ä22,    50Ü loss: 1.961
Ä22,    60Ü loss: 2.065
Ä22,    70Ü loss: 2.069
Ä22,    80Ü loss: 2.084
Ä22,    90Ü loss: 2.087
Ä22,   100Ü loss: 2.207
Ä23,    10Ü loss: 1.634
Ä23,    20Ü loss: 1.611
Ä23,    30Ü loss: 1.662
Ä23,    40Ü loss: 1.687
Ä23,    50Ü loss: 1.834
Ä23,    60Ü loss: 1.851
Ä23,    70Ü loss: 1.943
Ä23,    80Ü loss: 1.940
Ä23,    90Ü loss: 2.008
Ä23,   100Ü loss: 2.014
Ä24,    10Ü loss: 1.482
Ä24,    20Ü loss: 1.455
Ä24,    30Ü loss: 1.504
Ä24,    40Ü loss: 1.641
Ä24,    50Ü loss: 1.596
Ä24,    60Ü loss: 1.676
Ä24,    70Ü loss: 1.685
Ä24,    80Ü loss: 1.714
Ä24,    90Ü loss: 1.775
Ä24,   100Ü loss: 1.700
Ä25,    10Ü loss: 1.209
Ä25,    20Ü loss: 1.412
Ä25,    30Ü loss: 1.382
Ä25,    40Ü loss: 1.415
Ä25,    50Ü loss: 1.487
Ä25,    60Ü loss: 1.462
Ä25,    70Ü loss: 1.570
Ä25,    80Ü loss: 1.612
Ä25,    90Ü loss: 1.634
Ä25,   100Ü loss: 1.664
Ä26,    10Ü loss: 1.193
Ä26,    20Ü loss: 1.221
Ä26,    30Ü loss: 1.230
Ä26,    40Ü loss: 1.302
Ä26,    50Ü loss: 1.264
Ä26,    60Ü loss: 1.368
Ä26,    70Ü loss: 1.362
Ä26,    80Ü loss: 1.462
Ä26,    90Ü loss: 1.477
Ä26,   100Ü loss: 1.523
Ä27,    10Ü loss: 0.999
Ä27,    20Ü loss: 1.052
Ä27,    30Ü loss: 1.118
Ä27,    40Ü loss: 1.125
Ä27,    50Ü loss: 1.213
Ä27,    60Ü loss: 1.220
Ä27,    70Ü loss: 1.280
Ä27,    80Ü loss: 1.271
Ä27,    90Ü loss: 1.319
Ä27,   100Ü loss: 1.408
Ä28,    10Ü loss: 1.009
Ä28,    20Ü loss: 0.968
Ä28,    30Ü loss: 1.023
Ä28,    40Ü loss: 1.077
Ä28,    50Ü loss: 1.050
Ä28,    60Ü loss: 1.116
Ä28,    70Ü loss: 1.122
Ä28,    80Ü loss: 1.214
Ä28,    90Ü loss: 1.260
Ä28,   100Ü loss: 1.184
Ä29,    10Ü loss: 0.828
Ä29,    20Ü loss: 0.853
Ä29,    30Ü loss: 0.882
Ä29,    40Ü loss: 0.888
Ä29,    50Ü loss: 0.990
Ä29,    60Ü loss: 1.055
Ä29,    70Ü loss: 1.006
Ä29,    80Ü loss: 1.045
Ä29,    90Ü loss: 1.091
Ä29,   100Ü loss: 1.036
Ä30,    10Ü loss: 0.776
Ä30,    20Ü loss: 0.838
Ä30,    30Ü loss: 0.864
Ä30,    40Ü loss: 0.853
Ä30,    50Ü loss: 0.921
Ä30,    60Ü loss: 0.936
Ä30,    70Ü loss: 0.932
Ä30,    80Ü loss: 0.967
Ä30,    90Ü loss: 1.012
Ä30,   100Ü loss: 1.047
Ä31,    10Ü loss: 0.692
Ä31,    20Ü loss: 0.750
Ä31,    30Ü loss: 0.714
Ä31,    40Ü loss: 0.789
Ä31,    50Ü loss: 0.805
Ä31,    60Ü loss: 0.896
Ä31,    70Ü loss: 0.910
Ä31,    80Ü loss: 0.940
Ä31,    90Ü loss: 0.924
Ä31,   100Ü loss: 1.012
Ä32,    10Ü loss: 0.639
Ä32,    20Ü loss: 0.697
Ä32,    30Ü loss: 0.689
Ä32,    40Ü loss: 0.752
Ä32,    50Ü loss: 0.736
Ä32,    60Ü loss: 0.801
Ä32,    70Ü loss: 0.785
Ä32,    80Ü loss: 0.810
Ä32,    90Ü loss: 0.862
Ä32,   100Ü loss: 0.827
Ä33,    10Ü loss: 0.612
Ä33,    20Ü loss: 0.673
Ä33,    30Ü loss: 0.718
Ä33,    40Ü loss: 0.683
Ä33,    50Ü loss: 0.734
Ä33,    60Ü loss: 0.789
Ä33,    70Ü loss: 0.710
Ä33,    80Ü loss: 0.737
Ä33,    90Ü loss: 0.752
Ä33,   100Ü loss: 0.757
Ä34,    10Ü loss: 0.568
Ä34,    20Ü loss: 0.582
Ä34,    30Ü loss: 0.569
Ä34,    40Ü loss: 0.605
Ä34,    50Ü loss: 0.646
Ä34,    60Ü loss: 0.604
Ä34,    70Ü loss: 0.699
Ä34,    80Ü loss: 0.661
Ä34,    90Ü loss: 0.719
Ä34,   100Ü loss: 0.740
Ä35,    10Ü loss: 0.551
Ä35,    20Ü loss: 0.535
Ä35,    30Ü loss: 0.553
Ä35,    40Ü loss: 0.587
Ä35,    50Ü loss: 0.621
Ä35,    60Ü loss: 0.642
Ä35,    70Ü loss: 0.644
Ä35,    80Ü loss: 0.649
Ä35,    90Ü loss: 0.702
Ä35,   100Ü loss: 0.649
Ä36,    10Ü loss: 0.447
Ä36,    20Ü loss: 0.490
Ä36,    30Ü loss: 0.473
Ä36,    40Ü loss: 0.511
Ä36,    50Ü loss: 0.502
Ä36,    60Ü loss: 0.539
Ä36,    70Ü loss: 0.528
Ä36,    80Ü loss: 0.599
Ä36,    90Ü loss: 0.592
Ä36,   100Ü loss: 0.611
Ä37,    10Ü loss: 0.420
Ä37,    20Ü loss: 0.474
Ä37,    30Ü loss: 0.471
Ä37,    40Ü loss: 0.449
Ä37,    50Ü loss: 0.456
Ä37,    60Ü loss: 0.533
Ä37,    70Ü loss: 0.529
Ä37,    80Ü loss: 0.587
Ä37,    90Ü loss: 0.572
Ä37,   100Ü loss: 0.567
Ä38,    10Ü loss: 0.429
Ä38,    20Ü loss: 0.419
Ä38,    30Ü loss: 0.466
Ä38,    40Ü loss: 0.462
Ä38,    50Ü loss: 0.550
Ä38,    60Ü loss: 0.507
Ä38,    70Ü loss: 0.523
Ä38,    80Ü loss: 0.565
Ä38,    90Ü loss: 0.572
Ä38,   100Ü loss: 0.545
Ä39,    10Ü loss: 0.447
Ä39,    20Ü loss: 0.433
Ä39,    30Ü loss: 0.458
Ä39,    40Ü loss: 0.458
Ä39,    50Ü loss: 0.473
Ä39,    60Ü loss: 0.516
Ä39,    70Ü loss: 0.537
Ä39,    80Ü loss: 0.529
Ä39,    90Ü loss: 0.576
Ä39,   100Ü loss: 0.554
Ä40,    10Ü loss: 0.390
Ä40,    20Ü loss: 0.379
Ä40,    30Ü loss: 0.395
Ä40,    40Ü loss: 0.423
Ä40,    50Ü loss: 0.438
Ä40,    60Ü loss: 0.415
Ä40,    70Ü loss: 0.480
Ä40,    80Ü loss: 0.482
Ä40,    90Ü loss: 0.456
Ä40,   100Ü loss: 0.507
Ä41,    10Ü loss: 0.385
Ä41,    20Ü loss: 0.396
Ä41,    30Ü loss: 0.444
Ä41,    40Ü loss: 0.378
Ä41,    50Ü loss: 0.402
Ä41,    60Ü loss: 0.442
Ä41,    70Ü loss: 0.431
Ä41,    80Ü loss: 0.434
Ä41,    90Ü loss: 0.449
Ä41,   100Ü loss: 0.457
Ä42,    10Ü loss: 0.391
Ä42,    20Ü loss: 0.386
Ä42,    30Ü loss: 0.346
Ä42,    40Ü loss: 0.361
Ä42,    50Ü loss: 0.426
Ä42,    60Ü loss: 0.406
Ä42,    70Ü loss: 0.418
Ä42,    80Ü loss: 0.447
Ä42,    90Ü loss: 0.477
Ä42,   100Ü loss: 0.474
Ä43,    10Ü loss: 0.338
Ä43,    20Ü loss: 0.359
Ä43,    30Ü loss: 0.346
Ä43,    40Ü loss: 0.312
Ä43,    50Ü loss: 0.355
Ä43,    60Ü loss: 0.371
Ä43,    70Ü loss: 0.362
Ä43,    80Ü loss: 0.426
Ä43,    90Ü loss: 0.407
Ä43,   100Ü loss: 0.514
Ä44,    10Ü loss: 0.356
Ä44,    20Ü loss: 0.331
Ä44,    30Ü loss: 0.345
Ä44,    40Ü loss: 0.327
Ä44,    50Ü loss: 0.348
Ä44,    60Ü loss: 0.356
Ä44,    70Ü loss: 0.355
Ä44,    80Ü loss: 0.410
Ä44,    90Ü loss: 0.417
Ä44,   100Ü loss: 0.413
Ä45,    10Ü loss: 0.316
Ä45,    20Ü loss: 0.312
Ä45,    30Ü loss: 0.304
Ä45,    40Ü loss: 0.312
Ä45,    50Ü loss: 0.362
Ä45,    60Ü loss: 0.365
Ä45,    70Ü loss: 0.363
Ä45,    80Ü loss: 0.348
Ä45,    90Ü loss: 0.402
Ä45,   100Ü loss: 0.369
Ä46,    10Ü loss: 0.259
Ä46,    20Ü loss: 0.291
Ä46,    30Ü loss: 0.294
Ä46,    40Ü loss: 0.337
Ä46,    50Ü loss: 0.296
Ä46,    60Ü loss: 0.339
Ä46,    70Ü loss: 0.359
Ä46,    80Ü loss: 0.407
Ä46,    90Ü loss: 0.365
Ä46,   100Ü loss: 0.369
Ä47,    10Ü loss: 0.304
Ä47,    20Ü loss: 0.295
Ä47,    30Ü loss: 0.315
Ä47,    40Ü loss: 0.324
Ä47,    50Ü loss: 0.343
Ä47,    60Ü loss: 0.284
Ä47,    70Ü loss: 0.325
Ä47,    80Ü loss: 0.386
Ä47,    90Ü loss: 0.356
Ä47,   100Ü loss: 0.348
Ä48,    10Ü loss: 0.332
Ä48,    20Ü loss: 0.271
Ä48,    30Ü loss: 0.282
Ä48,    40Ü loss: 0.294
Ä48,    50Ü loss: 0.329
Ä48,    60Ü loss: 0.324
Ä48,    70Ü loss: 0.293
Ä48,    80Ü loss: 0.322
Ä48,    90Ü loss: 0.329
Ä48,   100Ü loss: 0.391
Ä49,    10Ü loss: 0.234
Ä49,    20Ü loss: 0.260
Ä49,    30Ü loss: 0.252
Ä49,    40Ü loss: 0.261
Ä49,    50Ü loss: 0.296
Ä49,    60Ü loss: 0.303
Ä49,    70Ü loss: 0.326
Ä49,    80Ü loss: 0.341
Ä49,    90Ü loss: 0.321
Ä49,   100Ü loss: 0.352
Ä50,    10Ü loss: 0.268
Ä50,    20Ü loss: 0.241
Ä50,    30Ü loss: 0.301
Ä50,    40Ü loss: 0.284
Ä50,    50Ü loss: 0.289
Ä50,    60Ü loss: 0.279
Ä50,    70Ü loss: 0.295
Ä50,    80Ü loss: 0.303
Ä50,    90Ü loss: 0.364
Ä50,   100Ü loss: 0.322
Ä51,    10Ü loss: 0.276
Ä51,    20Ü loss: 0.274
Ä51,    30Ü loss: 0.248
Ä51,    40Ü loss: 0.291
Ä51,    50Ü loss: 0.300
Ä51,    60Ü loss: 0.302
Ä51,    70Ü loss: 0.254
Ä51,    80Ü loss: 0.319
Ä51,    90Ü loss: 0.305
Ä51,   100Ü loss: 0.306
Ä52,    10Ü loss: 0.256
Ä52,    20Ü loss: 0.264
Ä52,    30Ü loss: 0.254
Ä52,    40Ü loss: 0.272
Ä52,    50Ü loss: 0.278
Ä52,    60Ü loss: 0.257
Ä52,    70Ü loss: 0.274
Ä52,    80Ü loss: 0.298
Ä52,    90Ü loss: 0.337
Ä52,   100Ü loss: 0.340
Ä53,    10Ü loss: 0.269
Ä53,    20Ü loss: 0.254
Ä53,    30Ü loss: 0.237
Ä53,    40Ü loss: 0.271
Ä53,    50Ü loss: 0.271
Ä53,    60Ü loss: 0.278
Ä53,    70Ü loss: 0.243
Ä53,    80Ü loss: 0.289
Ä53,    90Ü loss: 0.299
Ä53,   100Ü loss: 0.267
Ä54,    10Ü loss: 0.195
Ä54,    20Ü loss: 0.225
Ä54,    30Ü loss: 0.243
Ä54,    40Ü loss: 0.200
Ä54,    50Ü loss: 0.243
Ä54,    60Ü loss: 0.279
Ä54,    70Ü loss: 0.270
Ä54,    80Ü loss: 0.299
Ä54,    90Ü loss: 0.330
Ä54,   100Ü loss: 0.320
Ä55,    10Ü loss: 0.231
Ä55,    20Ü loss: 0.270
Ä55,    30Ü loss: 0.251
Ä55,    40Ü loss: 0.260
Ä55,    50Ü loss: 0.275
Ä55,    60Ü loss: 0.268
Ä55,    70Ü loss: 0.313
Ä55,    80Ü loss: 0.286
Ä55,    90Ü loss: 0.271
Ä55,   100Ü loss: 0.272
Ä56,    10Ü loss: 0.213
Ä56,    20Ü loss: 0.226
Ä56,    30Ü loss: 0.214
Ä56,    40Ü loss: 0.230
Ä56,    50Ü loss: 0.247
Ä56,    60Ü loss: 0.266
Ä56,    70Ü loss: 0.298
Ä56,    80Ü loss: 0.281
Ä56,    90Ü loss: 0.272
Ä56,   100Ü loss: 0.290
Ä57,    10Ü loss: 0.236
Ä57,    20Ü loss: 0.239
Ä57,    30Ü loss: 0.230
Ä57,    40Ü loss: 0.213
Ä57,    50Ü loss: 0.252
Ä57,    60Ü loss: 0.266
Ä57,    70Ü loss: 0.311
Ä57,    80Ü loss: 0.289
Ä57,    90Ü loss: 0.290
Ä57,   100Ü loss: 0.322
Ä58,    10Ü loss: 0.226
Ä58,    20Ü loss: 0.228
Ä58,    30Ü loss: 0.252
Ä58,    40Ü loss: 0.271
Ä58,    50Ü loss: 0.284
Ä58,    60Ü loss: 0.267
Ä58,    70Ü loss: 0.280
Ä58,    80Ü loss: 0.285
Ä58,    90Ü loss: 0.330
Ä58,   100Ü loss: 0.279
Ä59,    10Ü loss: 0.218
Ä59,    20Ü loss: 0.255
Ä59,    30Ü loss: 0.219
Ä59,    40Ü loss: 0.225
Ä59,    50Ü loss: 0.213
Ä59,    60Ü loss: 0.241
Ä59,    70Ü loss: 0.281
Ä59,    80Ü loss: 0.280
Ä59,    90Ü loss: 0.277
Ä59,   100Ü loss: 0.306
Ä60,    10Ü loss: 0.190
Ä60,    20Ü loss: 0.212
Ä60,    30Ü loss: 0.216
Ä60,    40Ü loss: 0.228
Ä60,    50Ü loss: 0.237
Ä60,    60Ü loss: 0.247
Ä60,    70Ü loss: 0.247
Ä60,    80Ü loss: 0.246
Ä60,    90Ü loss: 0.242
Ä60,   100Ü loss: 0.228
Ä61,    10Ü loss: 0.209
Ä61,    20Ü loss: 0.209
Ä61,    30Ü loss: 0.257
Ä61,    40Ü loss: 0.215
Ä61,    50Ü loss: 0.236
Ä61,    60Ü loss: 0.238
Ä61,    70Ü loss: 0.256
Ä61,    80Ü loss: 0.288
Ä61,    90Ü loss: 0.270
Ä61,   100Ü loss: 0.320
Ä62,    10Ü loss: 0.205
Ä62,    20Ü loss: 0.215
Ä62,    30Ü loss: 0.217
Ä62,    40Ü loss: 0.212
Ä62,    50Ü loss: 0.241
Ä62,    60Ü loss: 0.242
Ä62,    70Ü loss: 0.220
Ä62,    80Ü loss: 0.248
Ä62,    90Ü loss: 0.240
Ä62,   100Ü loss: 0.262
Ä63,    10Ü loss: 0.197
Ä63,    20Ü loss: 0.218
Ä63,    30Ü loss: 0.217
Ä63,    40Ü loss: 0.177
Ä63,    50Ü loss: 0.230
Ä63,    60Ü loss: 0.236
Ä63,    70Ü loss: 0.198
Ä63,    80Ü loss: 0.211
Ä63,    90Ü loss: 0.227
Ä63,   100Ü loss: 0.220
Ä64,    10Ü loss: 0.181
Ä64,    20Ü loss: 0.165
Ä64,    30Ü loss: 0.209
Ä64,    40Ü loss: 0.193
Ä64,    50Ü loss: 0.188
Ä64,    60Ü loss: 0.199
Ä64,    70Ü loss: 0.221
Ä64,    80Ü loss: 0.189
Ä64,    90Ü loss: 0.209
Ä64,   100Ü loss: 0.199
Ä65,    10Ü loss: 0.147
Ä65,    20Ü loss: 0.197
Ä65,    30Ü loss: 0.195
Ä65,    40Ü loss: 0.200
Ä65,    50Ü loss: 0.176
Ä65,    60Ü loss: 0.221
Ä65,    70Ü loss: 0.180
Ä65,    80Ü loss: 0.206
Ä65,    90Ü loss: 0.227
Ä65,   100Ü loss: 0.298
Ä66,    10Ü loss: 0.205
Ä66,    20Ü loss: 0.196
Ä66,    30Ü loss: 0.222
Ä66,    40Ü loss: 0.218
Ä66,    50Ü loss: 0.200
Ä66,    60Ü loss: 0.199
Ä66,    70Ü loss: 0.211
Ä66,    80Ü loss: 0.244
Ä66,    90Ü loss: 0.216
Ä66,   100Ü loss: 0.233
Ä67,    10Ü loss: 0.158
Ä67,    20Ü loss: 0.171
Ä67,    30Ü loss: 0.205
Ä67,    40Ü loss: 0.178
Ä67,    50Ü loss: 0.195
Ä67,    60Ü loss: 0.188
Ä67,    70Ü loss: 0.228
Ä67,    80Ü loss: 0.275
Ä67,    90Ü loss: 0.234
Ä67,   100Ü loss: 0.205
Ä68,    10Ü loss: 0.174
Ä68,    20Ü loss: 0.168
Ä68,    30Ü loss: 0.206
Ä68,    40Ü loss: 0.242
Ä68,    50Ü loss: 0.183
Ä68,    60Ü loss: 0.182
Ä68,    70Ü loss: 0.229
Ä68,    80Ü loss: 0.227
Ä68,    90Ü loss: 0.203
Ä68,   100Ü loss: 0.288
Ä69,    10Ü loss: 0.174
Ä69,    20Ü loss: 0.207
Ä69,    30Ü loss: 0.212
Ä69,    40Ü loss: 0.190
Ä69,    50Ü loss: 0.203
Ä69,    60Ü loss: 0.206
Ä69,    70Ü loss: 0.191
Ä69,    80Ü loss: 0.220
Ä69,    90Ü loss: 0.212
Ä69,   100Ü loss: 0.228
Ä70,    10Ü loss: 0.154
Ä70,    20Ü loss: 0.172
Ä70,    30Ü loss: 0.211
Ä70,    40Ü loss: 0.219
Ä70,    50Ü loss: 0.196
Ä70,    60Ü loss: 0.236
Ä70,    70Ü loss: 0.229
Ä70,    80Ü loss: 0.208
Ä70,    90Ü loss: 0.230
Ä70,   100Ü loss: 0.201
Ä71,    10Ü loss: 0.189
Ä71,    20Ü loss: 0.160
Ä71,    30Ü loss: 0.180
Ä71,    40Ü loss: 0.172
Ä71,    50Ü loss: 0.179
Ä71,    60Ü loss: 0.206
Ä71,    70Ü loss: 0.178
Ä71,    80Ü loss: 0.242
Ä71,    90Ü loss: 0.222
Ä71,   100Ü loss: 0.229
Ä72,    10Ü loss: 0.213
Ä72,    20Ü loss: 0.197
Ä72,    30Ü loss: 0.189
Ä72,    40Ü loss: 0.221
Ä72,    50Ü loss: 0.193
Ä72,    60Ü loss: 0.213
Ä72,    70Ü loss: 0.207
Ä72,    80Ü loss: 0.239
Ä72,    90Ü loss: 0.233
Ä72,   100Ü loss: 0.224
Ä73,    10Ü loss: 0.185
Ä73,    20Ü loss: 0.170
Ä73,    30Ü loss: 0.185
Ä73,    40Ü loss: 0.209
Ä73,    50Ü loss: 0.213
Ä73,    60Ü loss: 0.215
Ä73,    70Ü loss: 0.195
Ä73,    80Ü loss: 0.265
Ä73,    90Ü loss: 0.208
Ä73,   100Ü loss: 0.251
Ä74,    10Ü loss: 0.223
Ä74,    20Ü loss: 0.195
Ä74,    30Ü loss: 0.230
Ä74,    40Ü loss: 0.224
Ä74,    50Ü loss: 0.223
Ä74,    60Ü loss: 0.206
Ä74,    70Ü loss: 0.187
Ä74,    80Ü loss: 0.225
Ä74,    90Ü loss: 0.239
Ä74,   100Ü loss: 0.260
Ä75,    10Ü loss: 0.184
Ä75,    20Ü loss: 0.181
Ä75,    30Ü loss: 0.219
Ä75,    40Ü loss: 0.196
Ä75,    50Ü loss: 0.188
Ä75,    60Ü loss: 0.219
Ä75,    70Ü loss: 0.199
Ä75,    80Ü loss: 0.239
Ä75,    90Ü loss: 0.211
Ä75,   100Ü loss: 0.217
Ä76,    10Ü loss: 0.171
Ä76,    20Ü loss: 0.152
Ä76,    30Ü loss: 0.197
Ä76,    40Ü loss: 0.183
Ä76,    50Ü loss: 0.213
Ä76,    60Ü loss: 0.215
Ä76,    70Ü loss: 0.219
Ä76,    80Ü loss: 0.176
Ä76,    90Ü loss: 0.212
Ä76,   100Ü loss: 0.228
Ä77,    10Ü loss: 0.160
Ä77,    20Ü loss: 0.161
Ä77,    30Ü loss: 0.193
Ä77,    40Ü loss: 0.203
Ä77,    50Ü loss: 0.207
Ä77,    60Ü loss: 0.201
Ä77,    70Ü loss: 0.188
Ä77,    80Ü loss: 0.233
Ä77,    90Ü loss: 0.207
Ä77,   100Ü loss: 0.201
Ä78,    10Ü loss: 0.181
Ä78,    20Ü loss: 0.162
Ä78,    30Ü loss: 0.171
Ä78,    40Ü loss: 0.178
Ä78,    50Ü loss: 0.219
Ä78,    60Ü loss: 0.195
Ä78,    70Ü loss: 0.182
Ä78,    80Ü loss: 0.202
Ä78,    90Ü loss: 0.213
Ä78,   100Ü loss: 0.223
Ä79,    10Ü loss: 0.159
Ä79,    20Ü loss: 0.167
Ä79,    30Ü loss: 0.180
Ä79,    40Ü loss: 0.174
Ä79,    50Ü loss: 0.164
Ä79,    60Ü loss: 0.166
Ä79,    70Ü loss: 0.190
Ä79,    80Ü loss: 0.181
Ä79,    90Ü loss: 0.198
Ä79,   100Ü loss: 0.198
Ä80,    10Ü loss: 0.152
Ä80,    20Ü loss: 0.146
Ä80,    30Ü loss: 0.155
Ä80,    40Ü loss: 0.184
Ä80,    50Ü loss: 0.162
Ä80,    60Ü loss: 0.171
Ä80,    70Ü loss: 0.209
Ä80,    80Ü loss: 0.198
Ä80,    90Ü loss: 0.193
Ä80,   100Ü loss: 0.200
Ä81,    10Ü loss: 0.162
Ä81,    20Ü loss: 0.157
Ä81,    30Ü loss: 0.158
Ä81,    40Ü loss: 0.174
Ä81,    50Ü loss: 0.210
Ä81,    60Ü loss: 0.194
Ä81,    70Ü loss: 0.226
Ä81,    80Ü loss: 0.182
Ä81,    90Ü loss: 0.234
Ä81,   100Ü loss: 0.217
Ä82,    10Ü loss: 0.147
Ä82,    20Ü loss: 0.157
Ä82,    30Ü loss: 0.135
Ä82,    40Ü loss: 0.181
Ä82,    50Ü loss: 0.168
Ä82,    60Ü loss: 0.168
Ä82,    70Ü loss: 0.217
Ä82,    80Ü loss: 0.196
Ä82,    90Ü loss: 0.207
Ä82,   100Ü loss: 0.238
Ä83,    10Ü loss: 0.165
Ä83,    20Ü loss: 0.155
Ä83,    30Ü loss: 0.155
Ä83,    40Ü loss: 0.168
Ä83,    50Ü loss: 0.161
Ä83,    60Ü loss: 0.160
Ä83,    70Ü loss: 0.212
Ä83,    80Ü loss: 0.184
Ä83,    90Ü loss: 0.188
Ä83,   100Ü loss: 0.203
Ä84,    10Ü loss: 0.126
Ä84,    20Ü loss: 0.155
Ä84,    30Ü loss: 0.169
Ä84,    40Ü loss: 0.166
Ä84,    50Ü loss: 0.158
Ä84,    60Ü loss: 0.189
Ä84,    70Ü loss: 0.156
Ä84,    80Ü loss: 0.151
Ä84,    90Ü loss: 0.157
Ä84,   100Ü loss: 0.196
Ä85,    10Ü loss: 0.126
Ä85,    20Ü loss: 0.152
Ä85,    30Ü loss: 0.169
Ä85,    40Ü loss: 0.148
Ä85,    50Ü loss: 0.147
Ä85,    60Ü loss: 0.200
Ä85,    70Ü loss: 0.202
Ä85,    80Ü loss: 0.184
Ä85,    90Ü loss: 0.199
Ä85,   100Ü loss: 0.210
Ä86,    10Ü loss: 0.141
Ä86,    20Ü loss: 0.149
Ä86,    30Ü loss: 0.174
Ä86,    40Ü loss: 0.148
Ä86,    50Ü loss: 0.150
Ä86,    60Ü loss: 0.169
Ä86,    70Ü loss: 0.147
Ä86,    80Ü loss: 0.189
Ä86,    90Ü loss: 0.200
Ä86,   100Ü loss: 0.189
Ä87,    10Ü loss: 0.196
Ä87,    20Ü loss: 0.182
Ä87,    30Ü loss: 0.203
Ä87,    40Ü loss: 0.184
Ä87,    50Ü loss: 0.180
Ä87,    60Ü loss: 0.162
Ä87,    70Ü loss: 0.202
Ä87,    80Ü loss: 0.196
Ä87,    90Ü loss: 0.183
Ä87,   100Ü loss: 0.242
Ä88,    10Ü loss: 0.173
Ä88,    20Ü loss: 0.160
Ä88,    30Ü loss: 0.182
Ä88,    40Ü loss: 0.187
Ä88,    50Ü loss: 0.173
Ä88,    60Ü loss: 0.163
Ä88,    70Ü loss: 0.173
Ä88,    80Ü loss: 0.136
Ä88,    90Ü loss: 0.188
Ä88,   100Ü loss: 0.215
Ä89,    10Ü loss: 0.135
Ä89,    20Ü loss: 0.117
Ä89,    30Ü loss: 0.133
Ä89,    40Ü loss: 0.155
Ä89,    50Ü loss: 0.144
Ä89,    60Ü loss: 0.144
Ä89,    70Ü loss: 0.151
Ä89,    80Ü loss: 0.191
Ä89,    90Ü loss: 0.185
Ä89,   100Ü loss: 0.216
Ä90,    10Ü loss: 0.166
Ä90,    20Ü loss: 0.143
Ä90,    30Ü loss: 0.133
Ä90,    40Ü loss: 0.138
Ä90,    50Ü loss: 0.143
Ä90,    60Ü loss: 0.141
Ä90,    70Ü loss: 0.162
Ä90,    80Ü loss: 0.191
Ä90,    90Ü loss: 0.171
Ä90,   100Ü loss: 0.198
Ä91,    10Ü loss: 0.137
Ä91,    20Ü loss: 0.121
Ä91,    30Ü loss: 0.127
Ä91,    40Ü loss: 0.144
Ä91,    50Ü loss: 0.150
Ä91,    60Ü loss: 0.142
Ä91,    70Ü loss: 0.153
Ä91,    80Ü loss: 0.144
Ä91,    90Ü loss: 0.130
Ä91,   100Ü loss: 0.164
Ä92,    10Ü loss: 0.157
Ä92,    20Ü loss: 0.146
Ä92,    30Ü loss: 0.149
Ä92,    40Ü loss: 0.160
Ä92,    50Ü loss: 0.157
Ä92,    60Ü loss: 0.149
Ä92,    70Ü loss: 0.154
Ä92,    80Ü loss: 0.173
Ä92,    90Ü loss: 0.141
Ä92,   100Ü loss: 0.165
Ä93,    10Ü loss: 0.127
Ä93,    20Ü loss: 0.106
Ä93,    30Ü loss: 0.155
Ä93,    40Ü loss: 0.148
Ä93,    50Ü loss: 0.144
Ä93,    60Ü loss: 0.149
Ä93,    70Ü loss: 0.152
Ä93,    80Ü loss: 0.207
Ä93,    90Ü loss: 0.144
Ä93,   100Ü loss: 0.180
Ä94,    10Ü loss: 0.154
Ä94,    20Ü loss: 0.160
Ä94,    30Ü loss: 0.183
Ä94,    40Ü loss: 0.145
Ä94,    50Ü loss: 0.188
Ä94,    60Ü loss: 0.143
Ä94,    70Ü loss: 0.196
Ä94,    80Ü loss: 0.187
Ä94,    90Ü loss: 0.189
Ä94,   100Ü loss: 0.182
Ä95,    10Ü loss: 0.117
Ä95,    20Ü loss: 0.132
Ä95,    30Ü loss: 0.164
Ä95,    40Ü loss: 0.136
Ä95,    50Ü loss: 0.139
Ä95,    60Ü loss: 0.163
Ä95,    70Ü loss: 0.156
Ä95,    80Ü loss: 0.219
Ä95,    90Ü loss: 0.169
Ä95,   100Ü loss: 0.172
Ä96,    10Ü loss: 0.122
Ä96,    20Ü loss: 0.149
Ä96,    30Ü loss: 0.154
Ä96,    40Ü loss: 0.140
Ä96,    50Ü loss: 0.133
Ä96,    60Ü loss: 0.165
Ä96,    70Ü loss: 0.158
Ä96,    80Ü loss: 0.154
Ä96,    90Ü loss: 0.200
Ä96,   100Ü loss: 0.172
Ä97,    10Ü loss: 0.131
Ä97,    20Ü loss: 0.116
Ä97,    30Ü loss: 0.159
Ä97,    40Ü loss: 0.148
Ä97,    50Ü loss: 0.145
Ä97,    60Ü loss: 0.166
Ä97,    70Ü loss: 0.142
Ä97,    80Ü loss: 0.164
Ä97,    90Ü loss: 0.180
Ä97,   100Ü loss: 0.164
Ä98,    10Ü loss: 0.109
Ä98,    20Ü loss: 0.140
Ä98,    30Ü loss: 0.167
Ä98,    40Ü loss: 0.119
Ä98,    50Ü loss: 0.163
Ä98,    60Ü loss: 0.159
Ä98,    70Ü loss: 0.165
Ä98,    80Ü loss: 0.182
Ä98,    90Ü loss: 0.155
Ä98,   100Ü loss: 0.169
Ä99,    10Ü loss: 0.171
Ä99,    20Ü loss: 0.147
Ä99,    30Ü loss: 0.155
Ä99,    40Ü loss: 0.157
Ä99,    50Ü loss: 0.151
Ä99,    60Ü loss: 0.181
Ä99,    70Ü loss: 0.200
Ä99,    80Ü loss: 0.166
Ä99,    90Ü loss: 0.191
Ä99,   100Ü loss: 0.193
Ä100,    10Ü loss: 0.133
Ä100,    20Ü loss: 0.126
Ä100,    30Ü loss: 0.164
Ä100,    40Ü loss: 0.149
Ä100,    50Ü loss: 0.119
Ä100,    60Ü loss: 0.145
Ä100,    70Ü loss: 0.149
Ä100,    80Ü loss: 0.179
Ä100,    90Ü loss: 0.176
Ä100,   100Ü loss: 0.163
Finished Training
Time elapsed: 4348.4068916569995
Saved checkpoint to äos.path.join(args.checkpoint_dir, 'net_classifier.pth')¨
Team 6: SMC Accuracy: 1.70%
Team 6: SMC Email: ccp5804@nyu.edu
