Dataset is copied to /tmp
Start Training
[1,    10] loss: 6.928
[1,    20] loss: 6.881
[1,    30] loss: 6.820
[1,    40] loss: 6.773
[1,    50] loss: 6.757
[1,    60] loss: 6.753
[1,    70] loss: 6.715
[1,    80] loss: 6.731
[1,    90] loss: 6.714
[1,   100] loss: 6.701
[2,    10] loss: 6.607
[2,    20] loss: 6.607
[2,    30] loss: 6.603
[2,    40] loss: 6.607
[2,    50] loss: 6.622
[2,    60] loss: 6.635
[2,    70] loss: 6.627
[2,    80] loss: 6.622
[2,    90] loss: 6.610
[2,   100] loss: 6.621
[3,    10] loss: 6.519
[3,    20] loss: 6.544
[3,    30] loss: 6.533
[3,    40] loss: 6.539
[3,    50] loss: 6.555
[3,    60] loss: 6.567
[3,    70] loss: 6.549
[3,    80] loss: 6.549
[3,    90] loss: 6.551
[3,   100] loss: 6.540
[4,    10] loss: 6.439
[4,    20] loss: 6.446
[4,    30] loss: 6.476
[4,    40] loss: 6.449
[4,    50] loss: 6.472
[4,    60] loss: 6.489
[4,    70] loss: 6.477
[4,    80] loss: 6.488
[4,    90] loss: 6.510
[4,   100] loss: 6.501
[5,    10] loss: 6.341
[5,    20] loss: 6.354
[5,    30] loss: 6.380
[5,    40] loss: 6.392
[5,    50] loss: 6.425
[5,    60] loss: 6.439
[5,    70] loss: 6.406
[5,    80] loss: 6.418
[5,    90] loss: 6.438
[5,   100] loss: 6.431
[6,    10] loss: 6.246
[6,    20] loss: 6.282
[6,    30] loss: 6.304
[6,    40] loss: 6.326
[6,    50] loss: 6.339
[6,    60] loss: 6.323
[6,    70] loss: 6.363
[6,    80] loss: 6.351
[6,    90] loss: 6.353
[6,   100] loss: 6.373
[7,    10] loss: 6.175
[7,    20] loss: 6.195
[7,    30] loss: 6.232
[7,    40] loss: 6.221
[7,    50] loss: 6.267
[7,    60] loss: 6.259
[7,    70] loss: 6.240
[7,    80] loss: 6.262
[7,    90] loss: 6.265
[7,   100] loss: 6.276
[8,    10] loss: 6.059
[8,    20] loss: 6.095
[8,    30] loss: 6.105
[8,    40] loss: 6.146
[8,    50] loss: 6.166
[8,    60] loss: 6.168
[8,    70] loss: 6.151
[8,    80] loss: 6.178
[8,    90] loss: 6.176
[8,   100] loss: 6.223
[9,    10] loss: 5.944
[9,    20] loss: 5.959
[9,    30] loss: 6.018
[9,    40] loss: 6.062
[9,    50] loss: 6.044
[9,    60] loss: 6.104
[9,    70] loss: 6.072
[9,    80] loss: 6.092
[9,    90] loss: 6.141
[9,   100] loss: 6.117
[10,    10] loss: 5.880
[10,    20] loss: 5.862
[10,    30] loss: 5.903
[10,    40] loss: 5.935
[10,    50] loss: 5.932
[10,    60] loss: 5.979
[10,    70] loss: 6.001
[10,    80] loss: 6.063
[10,    90] loss: 6.005
[10,   100] loss: 6.023
Finished Training
Time elapsed: 1438.096779151
Accuracy: 0.84%
