Dataset is copied to /tmp
Start Training
Ä1,    10Ü loss: 6.794
Ä1,    20Ü loss: 6.693
Ä1,    30Ü loss: 6.687
Ä1,    40Ü loss: 6.673
Ä1,    50Ü loss: 6.658
Ä1,    60Ü loss: 6.641
Ä1,    70Ü loss: 6.608
Ä1,    80Ü loss: 6.611
Ä1,    90Ü loss: 6.592
Ä1,   100Ü loss: 6.574
Ä2,    10Ü loss: 6.486
Ä2,    20Ü loss: 6.483
Ä2,    30Ü loss: 6.492
Ä2,    40Ü loss: 6.483
Ä2,    50Ü loss: 6.468
Ä2,    60Ü loss: 6.438
Ä2,    70Ü loss: 6.421
Ä2,    80Ü loss: 6.425
Ä2,    90Ü loss: 6.390
Ä2,   100Ü loss: 6.384
Ä3,    10Ü loss: 6.286
Ä3,    20Ü loss: 6.239
Ä3,    30Ü loss: 6.277
Ä3,    40Ü loss: 6.290
Ä3,    50Ü loss: 6.271
Ä3,    60Ü loss: 6.245
Ä3,    70Ü loss: 6.283
Ä3,    80Ü loss: 6.291
Ä3,    90Ü loss: 6.313
Ä3,   100Ü loss: 6.287
Ä4,    10Ü loss: 6.136
Ä4,    20Ü loss: 6.101
Ä4,    30Ü loss: 6.134
Ä4,    40Ü loss: 6.131
Ä4,    50Ü loss: 6.198
Ä4,    60Ü loss: 6.125
Ä4,    70Ü loss: 6.156
Ä4,    80Ü loss: 6.115
Ä4,    90Ü loss: 6.132
Ä4,   100Ü loss: 6.141
Ä5,    10Ü loss: 5.976
Ä5,    20Ü loss: 5.880
Ä5,    30Ü loss: 5.972
Ä5,    40Ü loss: 6.009
Ä5,    50Ü loss: 5.968
Ä5,    60Ü loss: 6.011
Ä5,    70Ü loss: 6.035
Ä5,    80Ü loss: 5.985
Ä5,    90Ü loss: 5.978
Ä5,   100Ü loss: 6.022
Ä6,    10Ü loss: 5.814
Ä6,    20Ü loss: 5.784
Ä6,    30Ü loss: 5.749
Ä6,    40Ü loss: 5.798
Ä6,    50Ü loss: 5.831
Ä6,    60Ü loss: 5.877
Ä6,    70Ü loss: 5.822
Ä6,    80Ü loss: 5.860
Ä6,    90Ü loss: 5.846
Ä6,   100Ü loss: 5.869
Ä7,    10Ü loss: 5.582
Ä7,    20Ü loss: 5.605
Ä7,    30Ü loss: 5.653
Ä7,    40Ü loss: 5.686
Ä7,    50Ü loss: 5.652
Ä7,    60Ü loss: 5.736
Ä7,    70Ü loss: 5.694
Ä7,    80Ü loss: 5.706
Ä7,    90Ü loss: 5.722
Ä7,   100Ü loss: 5.729
Ä8,    10Ü loss: 5.385
Ä8,    20Ü loss: 5.441
Ä8,    30Ü loss: 5.438
Ä8,    40Ü loss: 5.438
Ä8,    50Ü loss: 5.489
Ä8,    60Ü loss: 5.541
Ä8,    70Ü loss: 5.559
Ä8,    80Ü loss: 5.536
Ä8,    90Ü loss: 5.614
Ä8,   100Ü loss: 5.589
Ä9,    10Ü loss: 5.173
Ä9,    20Ü loss: 5.175
Ä9,    30Ü loss: 5.276
Ä9,    40Ü loss: 5.284
Ä9,    50Ü loss: 5.357
Ä9,    60Ü loss: 5.354
Ä9,    70Ü loss: 5.380
Ä9,    80Ü loss: 5.426
Ä9,    90Ü loss: 5.409
Ä9,   100Ü loss: 5.458
Ä10,    10Ü loss: 4.989
Ä10,    20Ü loss: 4.969
Ä10,    30Ü loss: 5.031
Ä10,    40Ü loss: 5.060
Ä10,    50Ü loss: 5.118
Ä10,    60Ü loss: 5.119
Ä10,    70Ü loss: 5.145
Ä10,    80Ü loss: 5.197
Ä10,    90Ü loss: 5.214
Ä10,   100Ü loss: 5.181
Finished Training
Time elapsed: 507.083422173
Saved checkpoint to äos.path.join(args.checkpoint_dir, 'net_classifier.pth')¨
Team 6: SMC Accuracy: 2.08%
Team 6: SMC Email: ccp5804@nyu.edu
