Dataset is copied to /tmp
Start Training
Saved intermediate checkpoint to tightrope_encoder_ep_0
Time elapsed: 0.09875509299999408
[1,    10] loss: 1.536
[1,    20] loss: 1.119
[1,    30] loss: 0.928
[1,    40] loss: 0.795
[1,    50] loss: 0.760
[1,    60] loss: 0.684
[1,    70] loss: 0.645
[1,    80] loss: 0.623
[1,    90] loss: 0.612
[1,   100] loss: 0.571
[1,   110] loss: 0.514
[1,   120] loss: 0.488
[1,   130] loss: 0.466
[1,   140] loss: 0.449
[1,   150] loss: 0.433
[1,   160] loss: 0.413
[1,   170] loss: 0.404
[1,   180] loss: 0.381
[1,   190] loss: 0.370
[1,   200] loss: 0.358
[1,   210] loss: 0.359
[1,   220] loss: 0.355
[1,   230] loss: 0.343
[1,   240] loss: 0.342
[1,   250] loss: 0.339
[1,   260] loss: 0.329
[1,   270] loss: 0.322
[1,   280] loss: 0.320
[1,   290] loss: 0.321
[1,   300] loss: 0.315
[1,   310] loss: 0.312
[1,   320] loss: 0.314
[1,   330] loss: 0.307
[1,   340] loss: 0.299
[1,   350] loss: 0.303
[1,   360] loss: 0.304
[1,   370] loss: 0.305
[1,   380] loss: 0.293
[1,   390] loss: 0.296
[1,   400] loss: 0.292
[1,   410] loss: 0.287
[1,   420] loss: 0.284
[1,   430] loss: 0.286
[1,   440] loss: 0.282
[1,   450] loss: 0.288
[1,   460] loss: 0.284
[1,   470] loss: 0.288
[1,   480] loss: 0.275
[1,   490] loss: 0.277
[1,   500] loss: 0.272
[1,   510] loss: 0.278
[1,   520] loss: 0.282
[1,   530] loss: 0.283
[1,   540] loss: 0.274
[1,   550] loss: 0.270
[1,   560] loss: 0.278
[1,   570] loss: 0.268
[1,   580] loss: 0.268
[1,   590] loss: 0.266
[1,   600] loss: 0.266
[1,   610] loss: 0.273
[1,   620] loss: 0.274
[1,   630] loss: 0.266
[1,   640] loss: 0.267
[1,   650] loss: 0.266
[1,   660] loss: 0.256
[1,   670] loss: 0.272
[1,   680] loss: 0.263
[1,   690] loss: 0.271
[1,   700] loss: 0.265
[1,   710] loss: 0.267
[1,   720] loss: 0.264
[1,   730] loss: 0.268
[1,   740] loss: 0.265
[1,   750] loss: 0.261
[1,   760] loss: 0.255
[1,   770] loss: 0.261
[1,   780] loss: 0.254
[1,   790] loss: 0.257
[1,   800] loss: 0.255
[1,   810] loss: 0.262
[1,   820] loss: 0.258
[1,   830] loss: 0.250
[1,   840] loss: 0.249
[1,   850] loss: 0.252
[1,   860] loss: 0.258
[1,   870] loss: 0.252
[1,   880] loss: 0.250
[1,   890] loss: 0.249
[1,   900] loss: 0.244
[1,   910] loss: 0.252
[1,   920] loss: 0.252
[1,   930] loss: 0.249
[1,   940] loss: 0.243
[1,   950] loss: 0.250
[1,   960] loss: 0.240
[1,   970] loss: 0.247
[1,   980] loss: 0.241
[1,   990] loss: 0.240
[1,  1000] loss: 0.242
[1,  1010] loss: 0.243
[1,  1020] loss: 0.244
[1,  1030] loss: 0.247
[1,  1040] loss: 0.238
[1,  1050] loss: 0.240
[1,  1060] loss: 0.240
[1,  1070] loss: 0.236
[1,  1080] loss: 0.244
[1,  1090] loss: 0.242
[1,  1100] loss: 0.241
[1,  1110] loss: 0.246
[1,  1120] loss: 0.242
[1,  1130] loss: 0.235
[1,  1140] loss: 0.238
[1,  1150] loss: 0.251
[1,  1160] loss: 0.249
[1,  1170] loss: 0.236
[1,  1180] loss: 0.239
[1,  1190] loss: 0.231
[1,  1200] loss: 0.233
[1,  1210] loss: 0.235
[1,  1220] loss: 0.236
[1,  1230] loss: 0.233
[1,  1240] loss: 0.232
[1,  1250] loss: 0.235
[1,  1260] loss: 0.245
[1,  1270] loss: 0.245
[1,  1280] loss: 0.237
[1,  1290] loss: 0.228
[1,  1300] loss: 0.238
[1,  1310] loss: 0.243
[1,  1320] loss: 0.237
[1,  1330] loss: 0.231
[1,  1340] loss: 0.230
[1,  1350] loss: 0.228
[1,  1360] loss: 0.243
[1,  1370] loss: 0.239
[1,  1380] loss: 0.229
[1,  1390] loss: 0.225
[1,  1400] loss: 0.227
[1,  1410] loss: 0.233
[1,  1420] loss: 0.230
[1,  1430] loss: 0.236
[1,  1440] loss: 0.235
[1,  1450] loss: 0.236
[1,  1460] loss: 0.240
[1,  1470] loss: 0.242
[1,  1480] loss: 0.225
[1,  1490] loss: 0.239
[1,  1500] loss: 0.229
[1,  1510] loss: 0.226
[1,  1520] loss: 0.234
[1,  1530] loss: 0.234
[1,  1540] loss: 0.227
[1,  1550] loss: 0.232
[1,  1560] loss: 0.232
[1,  1570] loss: 0.229
[1,  1580] loss: 0.243
[1,  1590] loss: 0.233
[1,  1600] loss: 0.229
[1,  1610] loss: 0.228
[1,  1620] loss: 0.227
[1,  1630] loss: 0.235
[1,  1640] loss: 0.228
[1,  1650] loss: 0.229
[1,  1660] loss: 0.231
[1,  1670] loss: 0.230
[1,  1680] loss: 0.240
[1,  1690] loss: 0.242
[1,  1700] loss: 0.233
[1,  1710] loss: 0.234
[1,  1720] loss: 0.236
[1,  1730] loss: 0.243
[1,  1740] loss: 0.231
[1,  1750] loss: 0.229
[1,  1760] loss: 0.242
[1,  1770] loss: 0.235
[1,  1780] loss: 0.235
[1,  1790] loss: 0.226
[1,  1800] loss: 0.233
[1,  1810] loss: 0.240
[1,  1820] loss: 0.229
[1,  1830] loss: 0.218
[1,  1840] loss: 0.228
[1,  1850] loss: 0.228
[1,  1860] loss: 0.229
[1,  1870] loss: 0.226
[1,  1880] loss: 0.229
[1,  1890] loss: 0.228
[1,  1900] loss: 0.225
[1,  1910] loss: 0.230
[1,  1920] loss: 0.224
[1,  1930] loss: 0.228
[1,  1940] loss: 0.231
[1,  1950] loss: 0.237
[1,  1960] loss: 0.229
[1,  1970] loss: 0.217
[1,  1980] loss: 0.222
[1,  1990] loss: 0.230
[1,  2000] loss: 0.218
Saved intermediate checkpoint to tightrope_encoder_ep_1
Time elapsed: 1180.22617517
[2,    10] loss: 0.246
[2,    20] loss: 0.274
[2,    30] loss: 0.253
[2,    40] loss: 0.235
[2,    50] loss: 0.241
[2,    60] loss: 0.234
[2,    70] loss: 0.227
[2,    80] loss: 0.237
[2,    90] loss: 0.231
[2,   100] loss: 0.227
[2,   110] loss: 0.230
[2,   120] loss: 0.225
[2,   130] loss: 0.233
[2,   140] loss: 0.223
[2,   150] loss: 0.224
[2,   160] loss: 0.227
[2,   170] loss: 0.229
[2,   180] loss: 0.220
[2,   190] loss: 0.217
[2,   200] loss: 0.214
[2,   210] loss: 0.199
[2,   220] loss: 0.187
[2,   230] loss: 0.194
[2,   240] loss: 0.178
[2,   250] loss: 0.170
[2,   260] loss: 0.164
[2,   270] loss: 0.168
[2,   280] loss: 0.165
[2,   290] loss: 0.166
[2,   300] loss: 0.163
[2,   310] loss: 0.155
[2,   320] loss: 0.156
[2,   330] loss: 0.161
[2,   340] loss: 0.158
[2,   350] loss: 0.153
[2,   360] loss: 0.159
[2,   370] loss: 0.155
[2,   380] loss: 0.159
[2,   390] loss: 0.166
[2,   400] loss: 0.155
[2,   410] loss: 0.149
[2,   420] loss: 0.149
[2,   430] loss: 0.157
[2,   440] loss: 0.152
[2,   450] loss: 0.147
[2,   460] loss: 0.147
[2,   470] loss: 0.143
[2,   480] loss: 0.141
[2,   490] loss: 0.142
[2,   500] loss: 0.141
[2,   510] loss: 0.144
[2,   520] loss: 0.144
[2,   530] loss: 0.145
[2,   540] loss: 0.136
[2,   550] loss: 0.140
[2,   560] loss: 0.141
[2,   570] loss: 0.146
[2,   580] loss: 0.139
[2,   590] loss: 0.139
[2,   600] loss: 0.143
[2,   610] loss: 0.151
[2,   620] loss: 0.146
[2,   630] loss: 0.141
[2,   640] loss: 0.145
[2,   650] loss: 0.145
[2,   660] loss: 0.146
[2,   670] loss: 0.136
[2,   680] loss: 0.149
[2,   690] loss: 0.144
[2,   700] loss: 0.142
[2,   710] loss: 0.143
[2,   720] loss: 0.138
[2,   730] loss: 0.137
[2,   740] loss: 0.137
[2,   750] loss: 0.136
[2,   760] loss: 0.139
[2,   770] loss: 0.137
[2,   780] loss: 0.138
[2,   790] loss: 0.138
[2,   800] loss: 0.141
[2,   810] loss: 0.139
[2,   820] loss: 0.136
[2,   830] loss: 0.135
[2,   840] loss: 0.139
[2,   850] loss: 0.139
[2,   860] loss: 0.139
[2,   870] loss: 0.139
[2,   880] loss: 0.138
[2,   890] loss: 0.137
[2,   900] loss: 0.138
[2,   910] loss: 0.143
[2,   920] loss: 0.141
[2,   930] loss: 0.140
[2,   940] loss: 0.136
[2,   950] loss: 0.138
[2,   960] loss: 0.142
[2,   970] loss: 0.141
[2,   980] loss: 0.139
[2,   990] loss: 0.139
[2,  1000] loss: 0.143
[2,  1010] loss: 0.143
[2,  1020] loss: 0.139
[2,  1030] loss: 0.137
[2,  1040] loss: 0.142
[2,  1050] loss: 0.137
[2,  1060] loss: 0.138
[2,  1070] loss: 0.137
[2,  1080] loss: 0.136
[2,  1090] loss: 0.135
[2,  1100] loss: 0.135
[2,  1110] loss: 0.136
[2,  1120] loss: 0.139
[2,  1130] loss: 0.137
[2,  1140] loss: 0.136
[2,  1150] loss: 0.135
[2,  1160] loss: 0.131
[2,  1170] loss: 0.140
[2,  1180] loss: 0.136
[2,  1190] loss: 0.136
[2,  1200] loss: 0.133
[2,  1210] loss: 0.134
[2,  1220] loss: 0.132
[2,  1230] loss: 0.135
[2,  1240] loss: 0.137
[2,  1250] loss: 0.140
[2,  1260] loss: 0.138
[2,  1270] loss: 0.138
[2,  1280] loss: 0.135
[2,  1290] loss: 0.132
[2,  1300] loss: 0.137
[2,  1310] loss: 0.135
[2,  1320] loss: 0.139
[2,  1330] loss: 0.136
[2,  1340] loss: 0.133
[2,  1350] loss: 0.135
[2,  1360] loss: 0.136
[2,  1370] loss: 0.138
[2,  1380] loss: 0.132
[2,  1390] loss: 0.133
[2,  1400] loss: 0.135
[2,  1410] loss: 0.130
[2,  1420] loss: 0.132
[2,  1430] loss: 0.129
[2,  1440] loss: 0.132
[2,  1450] loss: 0.132
[2,  1460] loss: 0.133
[2,  1470] loss: 0.137
[2,  1480] loss: 0.138
[2,  1490] loss: 0.130
[2,  1500] loss: 0.137
[2,  1510] loss: 0.131
[2,  1520] loss: 0.133
[2,  1530] loss: 0.135
[2,  1540] loss: 0.134
[2,  1550] loss: 0.134
[2,  1560] loss: 0.132
[2,  1570] loss: 0.131
[2,  1580] loss: 0.134
[2,  1590] loss: 0.132
[2,  1600] loss: 0.134
[2,  1610] loss: 0.138
[2,  1620] loss: 0.138
[2,  1630] loss: 0.139
[2,  1640] loss: 0.139
[2,  1650] loss: 0.132
[2,  1660] loss: 0.137
[2,  1670] loss: 0.133
[2,  1680] loss: 0.134
[2,  1690] loss: 0.134
[2,  1700] loss: 0.130
[2,  1710] loss: 0.130
[2,  1720] loss: 0.130
[2,  1730] loss: 0.129
[2,  1740] loss: 0.131
[2,  1750] loss: 0.131
[2,  1760] loss: 0.127
[2,  1770] loss: 0.132
[2,  1780] loss: 0.126
[2,  1790] loss: 0.130
[2,  1800] loss: 0.130
[2,  1810] loss: 0.132
[2,  1820] loss: 0.133
[2,  1830] loss: 0.138
[2,  1840] loss: 0.133
[2,  1850] loss: 0.129
[2,  1860] loss: 0.130
[2,  1870] loss: 0.129
[2,  1880] loss: 0.132
[2,  1890] loss: 0.130
[2,  1900] loss: 0.133
[2,  1910] loss: 0.128
[2,  1920] loss: 0.130
[2,  1930] loss: 0.130
[2,  1940] loss: 0.128
[2,  1950] loss: 0.130
[2,  1960] loss: 0.126
[2,  1970] loss: 0.128
[2,  1980] loss: 0.131
[2,  1990] loss: 0.130
[2,  2000] loss: 0.130
[3,    10] loss: 0.130
[3,    20] loss: 0.131
[3,    30] loss: 0.134
[3,    40] loss: 0.130
[3,    50] loss: 0.134
[3,    60] loss: 0.129
[3,    70] loss: 0.129
[3,    80] loss: 0.126
[3,    90] loss: 0.130
[3,   100] loss: 0.130
[3,   110] loss: 0.130
[3,   120] loss: 0.131
[3,   130] loss: 0.135
[3,   140] loss: 0.131
[3,   150] loss: 0.126
[3,   160] loss: 0.127
[3,   170] loss: 0.129
[3,   180] loss: 0.127
[3,   190] loss: 0.129
[3,   200] loss: 0.128
[3,   210] loss: 0.130
[3,   220] loss: 0.125
[3,   230] loss: 0.131
[3,   240] loss: 0.128
[3,   250] loss: 0.123
[3,   260] loss: 0.129
[3,   270] loss: 0.126
[3,   280] loss: 0.130
[3,   290] loss: 0.126
[3,   300] loss: 0.130
[3,   310] loss: 0.134
[3,   320] loss: 0.127
[3,   330] loss: 0.125
[3,   340] loss: 0.128
[3,   350] loss: 0.124
[3,   360] loss: 0.128
[3,   370] loss: 0.128
[3,   380] loss: 0.125
[3,   390] loss: 0.125
[3,   400] loss: 0.129
[3,   410] loss: 0.136
[3,   420] loss: 0.126
[3,   430] loss: 0.127
[3,   440] loss: 0.128
[3,   450] loss: 0.134
[3,   460] loss: 0.129
[3,   470] loss: 0.131
[3,   480] loss: 0.132
[3,   490] loss: 0.130
[3,   500] loss: 0.131
[3,   510] loss: 0.129
[3,   520] loss: 0.127
[3,   530] loss: 0.126
[3,   540] loss: 0.128
[3,   550] loss: 0.128
[3,   560] loss: 0.126
[3,   570] loss: 0.126
[3,   580] loss: 0.126
[3,   590] loss: 0.125
[3,   600] loss: 0.127
[3,   610] loss: 0.125
[3,   620] loss: 0.123
[3,   630] loss: 0.127
[3,   640] loss: 0.129
[3,   650] loss: 0.123
[3,   660] loss: 0.123
[3,   670] loss: 0.123
[3,   680] loss: 0.123
[3,   690] loss: 0.119
[3,   700] loss: 0.121
[3,   710] loss: 0.121
[3,   720] loss: 0.122
[3,   730] loss: 0.124
[3,   740] loss: 0.124
[3,   750] loss: 0.126
[3,   760] loss: 0.126
[3,   770] loss: 0.123
[3,   780] loss: 0.123
[3,   790] loss: 0.125
[3,   800] loss: 0.125
[3,   810] loss: 0.126
[3,   820] loss: 0.127
[3,   830] loss: 0.127
[3,   840] loss: 0.124
[3,   850] loss: 0.126
[3,   860] loss: 0.125
[3,   870] loss: 0.119
[3,   880] loss: 0.126
[3,   890] loss: 0.122
[3,   900] loss: 0.122
[3,   910] loss: 0.118
[3,   920] loss: 0.123
[3,   930] loss: 0.124
[3,   940] loss: 0.123
[3,   950] loss: 0.121
[3,   960] loss: 0.125
[3,   970] loss: 0.123
[3,   980] loss: 0.123
[3,   990] loss: 0.124
[3,  1000] loss: 0.126
[3,  1010] loss: 0.124
[3,  1020] loss: 0.122
[3,  1030] loss: 0.125
[3,  1040] loss: 0.121
[3,  1050] loss: 0.125
[3,  1060] loss: 0.124
[3,  1070] loss: 0.124
[3,  1080] loss: 0.126
[3,  1090] loss: 0.126
[3,  1100] loss: 0.125
[3,  1110] loss: 0.123
[3,  1120] loss: 0.121
[3,  1130] loss: 0.123
[3,  1140] loss: 0.122
[3,  1150] loss: 0.131
[3,  1160] loss: 0.126
[3,  1170] loss: 0.122
[3,  1180] loss: 0.127
[3,  1190] loss: 0.126
[3,  1200] loss: 0.123
[3,  1210] loss: 0.120
[3,  1220] loss: 0.119
[3,  1230] loss: 0.123
[3,  1240] loss: 0.129
[3,  1250] loss: 0.125
[3,  1260] loss: 0.126
[3,  1270] loss: 0.126
[3,  1280] loss: 0.128
[3,  1290] loss: 0.119
[3,  1300] loss: 0.122
[3,  1310] loss: 0.132
[3,  1320] loss: 0.124
[3,  1330] loss: 0.120
[3,  1340] loss: 0.123
[3,  1350] loss: 0.121
[3,  1360] loss: 0.121
[3,  1370] loss: 0.124
[3,  1380] loss: 0.121
[3,  1390] loss: 0.128
[3,  1400] loss: 0.127
[3,  1410] loss: 0.123
[3,  1420] loss: 0.122
[3,  1430] loss: 0.121
[3,  1440] loss: 0.123
[3,  1450] loss: 0.125
[3,  1460] loss: 0.122
[3,  1470] loss: 0.123
[3,  1480] loss: 0.123
[3,  1490] loss: 0.122
[3,  1500] loss: 0.120
[3,  1510] loss: 0.121
[3,  1520] loss: 0.121
[3,  1530] loss: 0.119
[3,  1540] loss: 0.123
[3,  1550] loss: 0.126
[3,  1560] loss: 0.124
[3,  1570] loss: 0.122
[3,  1580] loss: 0.122
[3,  1590] loss: 0.120
[3,  1600] loss: 0.123
[3,  1610] loss: 0.121
[3,  1620] loss: 0.124
[3,  1630] loss: 0.123
[3,  1640] loss: 0.120
[3,  1650] loss: 0.118
[3,  1660] loss: 0.118
[3,  1670] loss: 0.120
[3,  1680] loss: 0.118
[3,  1690] loss: 0.118
[3,  1700] loss: 0.117
[3,  1710] loss: 0.124
[3,  1720] loss: 0.123
[3,  1730] loss: 0.122
[3,  1740] loss: 0.120
[3,  1750] loss: 0.118
[3,  1760] loss: 0.116
[3,  1770] loss: 0.117
[3,  1780] loss: 0.119
[3,  1790] loss: 0.120
[3,  1800] loss: 0.122
[3,  1810] loss: 0.122
[3,  1820] loss: 0.120
[3,  1830] loss: 0.128
[3,  1840] loss: 0.120
[3,  1850] loss: 0.120
[3,  1860] loss: 0.125
[3,  1870] loss: 0.122
[3,  1880] loss: 0.120
[3,  1890] loss: 0.119
[3,  1900] loss: 0.120
[3,  1910] loss: 0.121
[3,  1920] loss: 0.120
[3,  1930] loss: 0.119
[3,  1940] loss: 0.124
[3,  1950] loss: 0.124
[3,  1960] loss: 0.122
[3,  1970] loss: 0.123
[3,  1980] loss: 0.121
[3,  1990] loss: 0.121
[3,  2000] loss: 0.122
[4,    10] loss: 0.123
[4,    20] loss: 0.127
[4,    30] loss: 0.130
[4,    40] loss: 0.119
[4,    50] loss: 0.118
[4,    60] loss: 0.115
[4,    70] loss: 0.119
[4,    80] loss: 0.115
[4,    90] loss: 0.120
[4,   100] loss: 0.121
[4,   110] loss: 0.120
[4,   120] loss: 0.123
[4,   130] loss: 0.119
[4,   140] loss: 0.118
[4,   150] loss: 0.120
[4,   160] loss: 0.114
[4,   170] loss: 0.119
[4,   180] loss: 0.115
[4,   190] loss: 0.118
[4,   200] loss: 0.112
[4,   210] loss: 0.109
[4,   220] loss: 0.107
[4,   230] loss: 0.108
[4,   240] loss: 0.108
[4,   250] loss: 0.108
[4,   260] loss: 0.102
[4,   270] loss: 0.102
[4,   280] loss: 0.101
[4,   290] loss: 0.103
[4,   300] loss: 0.104
[4,   310] loss: 0.106
[4,   320] loss: 0.101
[4,   330] loss: 0.101
[4,   340] loss: 0.102
[4,   350] loss: 0.102
[4,   360] loss: 0.098
[4,   370] loss: 0.102
[4,   380] loss: 0.098
[4,   390] loss: 0.102
[4,   400] loss: 0.100
[4,   410] loss: 0.099
[4,   420] loss: 0.105
[4,   430] loss: 0.106
[4,   440] loss: 0.103
[4,   450] loss: 0.107
[4,   460] loss: 0.102
[4,   470] loss: 0.100
[4,   480] loss: 0.101
[4,   490] loss: 0.097
[4,   500] loss: 0.096
[4,   510] loss: 0.101
[4,   520] loss: 0.101
[4,   530] loss: 0.100
[4,   540] loss: 0.100
[4,   550] loss: 0.102
[4,   560] loss: 0.098
[4,   570] loss: 0.099
[4,   580] loss: 0.099
[4,   590] loss: 0.099
[4,   600] loss: 0.098
[4,   610] loss: 0.096
[4,   620] loss: 0.098
[4,   630] loss: 0.103
[4,   640] loss: 0.100
[4,   650] loss: 0.100
[4,   660] loss: 0.098
[4,   670] loss: 0.097
[4,   680] loss: 0.098
[4,   690] loss: 0.099
[4,   700] loss: 0.100
[4,   710] loss: 0.099
[4,   720] loss: 0.097
[4,   730] loss: 0.099
[4,   740] loss: 0.099
[4,   750] loss: 0.097
[4,   760] loss: 0.095
[4,   770] loss: 0.097
[4,   780] loss: 0.096
[4,   790] loss: 0.100
[4,   800] loss: 0.099
[4,   810] loss: 0.098
[4,   820] loss: 0.100
[4,   830] loss: 0.098
[4,   840] loss: 0.097
[4,   850] loss: 0.096
[4,   860] loss: 0.095
[4,   870] loss: 0.097
[4,   880] loss: 0.095
[4,   890] loss: 0.095
[4,   900] loss: 0.095
[4,   910] loss: 0.098
[4,   920] loss: 0.100
[4,   930] loss: 0.097
[4,   940] loss: 0.098
[4,   950] loss: 0.094
[4,   960] loss: 0.094
[4,   970] loss: 0.098
[4,   980] loss: 0.095
[4,   990] loss: 0.097
[4,  1000] loss: 0.096
[4,  1010] loss: 0.095
[4,  1020] loss: 0.098
[4,  1030] loss: 0.096
[4,  1040] loss: 0.099
[4,  1050] loss: 0.095
[4,  1060] loss: 0.093
[4,  1070] loss: 0.092
[4,  1080] loss: 0.094
[4,  1090] loss: 0.093
[4,  1100] loss: 0.098
[4,  1110] loss: 0.098
[4,  1120] loss: 0.095
[4,  1130] loss: 0.095
[4,  1140] loss: 0.097
[4,  1150] loss: 0.096
[4,  1160] loss: 0.097
[4,  1170] loss: 0.098
[4,  1180] loss: 0.096
[4,  1190] loss: 0.096
[4,  1200] loss: 0.095
[4,  1210] loss: 0.094
[4,  1220] loss: 0.094
[4,  1230] loss: 0.094
[4,  1240] loss: 0.093
[4,  1250] loss: 0.095
[4,  1260] loss: 0.093
[4,  1270] loss: 0.097
[4,  1280] loss: 0.098
[4,  1290] loss: 0.096
[4,  1300] loss: 0.096
[4,  1310] loss: 0.094
[4,  1320] loss: 0.097
[4,  1330] loss: 0.093
[4,  1340] loss: 0.095
[4,  1350] loss: 0.098
[4,  1360] loss: 0.095
[4,  1370] loss: 0.092
[4,  1380] loss: 0.094
[4,  1390] loss: 0.094
[4,  1400] loss: 0.092
[4,  1410] loss: 0.095
[4,  1420] loss: 0.092
[4,  1430] loss: 0.095
[4,  1440] loss: 0.095
[4,  1450] loss: 0.090
[4,  1460] loss: 0.094
[4,  1470] loss: 0.092
[4,  1480] loss: 0.090
[4,  1490] loss: 0.094
[4,  1500] loss: 0.092
[4,  1510] loss: 0.091
[4,  1520] loss: 0.092
[4,  1530] loss: 0.092
[4,  1540] loss: 0.094
[4,  1550] loss: 0.093
[4,  1560] loss: 0.093
[4,  1570] loss: 0.095
[4,  1580] loss: 0.092
[4,  1590] loss: 0.093
[4,  1600] loss: 0.091
[4,  1610] loss: 0.092
[4,  1620] loss: 0.095
[4,  1630] loss: 0.093
[4,  1640] loss: 0.094
[4,  1650] loss: 0.093
[4,  1660] loss: 0.096
[4,  1670] loss: 0.093
[4,  1680] loss: 0.090
[4,  1690] loss: 0.095
[4,  1700] loss: 0.089
[4,  1710] loss: 0.093
[4,  1720] loss: 0.093
[4,  1730] loss: 0.092
[4,  1740] loss: 0.091
[4,  1750] loss: 0.092
[4,  1760] loss: 0.092
[4,  1770] loss: 0.093
[4,  1780] loss: 0.093
[4,  1790] loss: 0.092
[4,  1800] loss: 0.092
[4,  1810] loss: 0.089
[4,  1820] loss: 0.088
[4,  1830] loss: 0.090
[4,  1840] loss: 0.092
[4,  1850] loss: 0.093
[4,  1860] loss: 0.093
[4,  1870] loss: 0.093
[4,  1880] loss: 0.089
[4,  1890] loss: 0.092
[4,  1900] loss: 0.093
[4,  1910] loss: 0.091
[4,  1920] loss: 0.092
[4,  1930] loss: 0.090
[4,  1940] loss: 0.093
[4,  1950] loss: 0.094
[4,  1960] loss: 0.093
[4,  1970] loss: 0.091
[4,  1980] loss: 0.092
[4,  1990] loss: 0.091
[4,  2000] loss: 0.093
