Dataset is copied to /tmp
Start Training
[1,    10] loss: 1.467
[1,    20] loss: 1.155
[1,    30] loss: 0.992
[1,    40] loss: 0.889
[1,    50] loss: 0.772
[1,    60] loss: 0.700
[1,    70] loss: 0.665
[1,    80] loss: 0.625
[1,    90] loss: 0.577
[1,   100] loss: 0.562
[1,   110] loss: 0.524
[1,   120] loss: 0.508
[1,   130] loss: 0.488
[1,   140] loss: 0.458
[1,   150] loss: 0.439
[1,   160] loss: 0.430
[1,   170] loss: 0.409
[1,   180] loss: 0.401
[1,   190] loss: 0.395
[1,   200] loss: 0.375
[1,   210] loss: 0.376
[1,   220] loss: 0.364
[1,   230] loss: 0.353
[1,   240] loss: 0.351
[1,   250] loss: 0.352
[1,   260] loss: 0.335
[1,   270] loss: 0.337
[1,   280] loss: 0.334
[1,   290] loss: 0.330
[1,   300] loss: 0.329
[1,   310] loss: 0.313
[1,   320] loss: 0.324
[1,   330] loss: 0.316
[1,   340] loss: 0.308
[1,   350] loss: 0.310
[1,   360] loss: 0.313
[1,   370] loss: 0.306
[1,   380] loss: 0.301
[1,   390] loss: 0.311
[1,   400] loss: 0.294
[1,   410] loss: 0.305
[1,   420] loss: 0.304
[1,   430] loss: 0.295
[1,   440] loss: 0.291
[1,   450] loss: 0.289
[1,   460] loss: 0.289
[1,   470] loss: 0.286
[1,   480] loss: 0.295
[1,   490] loss: 0.291
[1,   500] loss: 0.280
[1,   510] loss: 0.281
[1,   520] loss: 0.271
[1,   530] loss: 0.283
[1,   540] loss: 0.285
[1,   550] loss: 0.273
[1,   560] loss: 0.277
[1,   570] loss: 0.273
[1,   580] loss: 0.275
[1,   590] loss: 0.270
[1,   600] loss: 0.271
[1,   610] loss: 0.273
[1,   620] loss: 0.281
[1,   630] loss: 0.271
[1,   640] loss: 0.271
[1,   650] loss: 0.278
[1,   660] loss: 0.284
[1,   670] loss: 0.280
[1,   680] loss: 0.266
[1,   690] loss: 0.268
[1,   700] loss: 0.283
[1,   710] loss: 0.268
[1,   720] loss: 0.281
[1,   730] loss: 0.274
[1,   740] loss: 0.267
[1,   750] loss: 0.272
[1,   760] loss: 0.272
[1,   770] loss: 0.275
[1,   780] loss: 0.277
[1,   790] loss: 0.269
[1,   800] loss: 0.272
[1,   810] loss: 0.268
[1,   820] loss: 0.270
[1,   830] loss: 0.264
[1,   840] loss: 0.264
[1,   850] loss: 0.261
[1,   860] loss: 0.265
[1,   870] loss: 0.272
[1,   880] loss: 0.261
[1,   890] loss: 0.265
[1,   900] loss: 0.261
[1,   910] loss: 0.270
[1,   920] loss: 0.268
[1,   930] loss: 0.257
[1,   940] loss: 0.255
[1,   950] loss: 0.260
[1,   960] loss: 0.263
[1,   970] loss: 0.258
[1,   980] loss: 0.256
[1,   990] loss: 0.262
[1,  1000] loss: 0.264
[1,  1010] loss: 0.254
[1,  1020] loss: 0.244
[1,  1030] loss: 0.234
[1,  1040] loss: 0.306
[1,  1050] loss: 0.340
[1,  1060] loss: 0.312
[1,  1070] loss: 0.289
[1,  1080] loss: 0.284
[1,  1090] loss: 0.276
[1,  1100] loss: 0.266
[1,  1110] loss: 0.263
[1,  1120] loss: 0.267
[1,  1130] loss: 0.262
[1,  1140] loss: 0.261
[1,  1150] loss: 0.264
[1,  1160] loss: 0.263
[1,  1170] loss: 0.261
[1,  1180] loss: 0.264
[1,  1190] loss: 0.257
[1,  1200] loss: 0.256
[1,  1210] loss: 0.257
[1,  1220] loss: 0.259
[1,  1230] loss: 0.255
[1,  1240] loss: 0.260
[1,  1250] loss: 0.261
[1,  1260] loss: 0.246
[1,  1270] loss: 0.249
[1,  1280] loss: 0.241
[1,  1290] loss: 0.255
[1,  1300] loss: 0.246
[1,  1310] loss: 0.259
[1,  1320] loss: 0.248
[1,  1330] loss: 0.250
[1,  1340] loss: 0.249
[1,  1350] loss: 0.239
[1,  1360] loss: 0.245
[1,  1370] loss: 0.240
[1,  1380] loss: 0.249
[1,  1390] loss: 0.239
[1,  1400] loss: 0.241
[1,  1410] loss: 0.246
[1,  1420] loss: 0.241
[1,  1430] loss: 0.245
[1,  1440] loss: 0.240
[1,  1450] loss: 0.235
[1,  1460] loss: 0.233
[1,  1470] loss: 0.220
[1,  1480] loss: 0.212
[1,  1490] loss: 0.225
[1,  1500] loss: 0.219
[1,  1510] loss: 0.198
[1,  1520] loss: 0.189
[1,  1530] loss: 0.197
[1,  1540] loss: 0.187
[1,  1550] loss: 0.185
[1,  1560] loss: 0.194
[1,  1570] loss: 0.194
[1,  1580] loss: 0.183
[1,  1590] loss: 0.178
[1,  1600] loss: 0.175
[1,  1610] loss: 0.176
[1,  1620] loss: 0.168
[1,  1630] loss: 0.172
[1,  1640] loss: 0.178
[1,  1650] loss: 0.178
[1,  1660] loss: 0.171
[1,  1670] loss: 0.170
[1,  1680] loss: 0.175
[1,  1690] loss: 0.169
[1,  1700] loss: 0.168
[1,  1710] loss: 0.167
[1,  1720] loss: 0.171
[1,  1730] loss: 0.168
[1,  1740] loss: 0.168
[1,  1750] loss: 0.173
[1,  1760] loss: 0.169
[1,  1770] loss: 0.173
[1,  1780] loss: 0.166
[1,  1790] loss: 0.162
[1,  1800] loss: 0.167
[1,  1810] loss: 0.162
[1,  1820] loss: 0.170
[1,  1830] loss: 0.169
[1,  1840] loss: 0.167
[1,  1850] loss: 0.167
[1,  1860] loss: 0.168
[1,  1870] loss: 0.167
[1,  1880] loss: 0.169
[1,  1890] loss: 0.164
[1,  1900] loss: 0.164
[1,  1910] loss: 0.162
[1,  1920] loss: 0.159
[1,  1930] loss: 0.164
[1,  1940] loss: 0.165
[1,  1950] loss: 0.163
[1,  1960] loss: 0.162
[1,  1970] loss: 0.167
[1,  1980] loss: 0.159
[1,  1990] loss: 0.163
[1,  2000] loss: 0.165
[2,    10] loss: 0.159
[2,    20] loss: 0.166
[2,    30] loss: 0.162
[2,    40] loss: 0.164
[2,    50] loss: 0.159
[2,    60] loss: 0.164
[2,    70] loss: 0.162
[2,    80] loss: 0.157
[2,    90] loss: 0.161
[2,   100] loss: 0.159
[2,   110] loss: 0.156
[2,   120] loss: 0.159
[2,   130] loss: 0.161
[2,   140] loss: 0.161
[2,   150] loss: 0.155
[2,   160] loss: 0.161
[2,   170] loss: 0.158
[2,   180] loss: 0.159
[2,   190] loss: 0.161
[2,   200] loss: 0.161
[2,   210] loss: 0.157
[2,   220] loss: 0.157
[2,   230] loss: 0.156
[2,   240] loss: 0.154
[2,   250] loss: 0.162
[2,   260] loss: 0.159
[2,   270] loss: 0.153
[2,   280] loss: 0.157
[2,   290] loss: 0.163
[2,   300] loss: 0.157
[2,   310] loss: 0.154
[2,   320] loss: 0.153
[2,   330] loss: 0.159
[2,   340] loss: 0.156
[2,   350] loss: 0.156
[2,   360] loss: 0.156
[2,   370] loss: 0.161
[2,   380] loss: 0.159
[2,   390] loss: 0.157
[2,   400] loss: 0.162
[2,   410] loss: 0.156
[2,   420] loss: 0.155
[2,   430] loss: 0.156
[2,   440] loss: 0.156
[2,   450] loss: 0.161
[2,   460] loss: 0.162
[2,   470] loss: 0.150
[2,   480] loss: 0.148
[2,   490] loss: 0.150
[2,   500] loss: 0.157
[2,   510] loss: 0.156
[2,   520] loss: 0.152
[2,   530] loss: 0.153
[2,   540] loss: 0.159
[2,   550] loss: 0.158
[2,   560] loss: 0.153
[2,   570] loss: 0.150
[2,   580] loss: 0.152
[2,   590] loss: 0.155
[2,   600] loss: 0.156
[2,   610] loss: 0.156
[2,   620] loss: 0.155
[2,   630] loss: 0.155
[2,   640] loss: 0.159
[2,   650] loss: 0.154
[2,   660] loss: 0.155
[2,   670] loss: 0.159
[2,   680] loss: 0.156
[2,   690] loss: 0.151
[2,   700] loss: 0.151
[2,   710] loss: 0.154
[2,   720] loss: 0.152
[2,   730] loss: 0.152
[2,   740] loss: 0.151
[2,   750] loss: 0.156
[2,   760] loss: 0.150
[2,   770] loss: 0.158
[2,   780] loss: 0.156
[2,   790] loss: 0.153
[2,   800] loss: 0.152
[2,   810] loss: 0.154
[2,   820] loss: 0.152
[2,   830] loss: 0.154
[2,   840] loss: 0.154
[2,   850] loss: 0.149
[2,   860] loss: 0.151
[2,   870] loss: 0.156
[2,   880] loss: 0.152
[2,   890] loss: 0.149
[2,   900] loss: 0.150
[2,   910] loss: 0.151
[2,   920] loss: 0.151
[2,   930] loss: 0.152
[2,   940] loss: 0.151
[2,   950] loss: 0.156
[2,   960] loss: 0.156
[2,   970] loss: 0.150
[2,   980] loss: 0.155
[2,   990] loss: 0.155
[2,  1000] loss: 0.155
[2,  1010] loss: 0.151
[2,  1020] loss: 0.150
[2,  1030] loss: 0.153
[2,  1040] loss: 0.153
[2,  1050] loss: 0.150
[2,  1060] loss: 0.156
[2,  1070] loss: 0.151
[2,  1080] loss: 0.151
[2,  1090] loss: 0.154
[2,  1100] loss: 0.152
[2,  1110] loss: 0.156
[2,  1120] loss: 0.149
[2,  1130] loss: 0.153
[2,  1140] loss: 0.148
[2,  1150] loss: 0.155
[2,  1160] loss: 0.154
[2,  1170] loss: 0.150
[2,  1180] loss: 0.150
[2,  1190] loss: 0.148
[2,  1200] loss: 0.152
[2,  1210] loss: 0.155
[2,  1220] loss: 0.151
[2,  1230] loss: 0.152
[2,  1240] loss: 0.151
[2,  1250] loss: 0.151
[2,  1260] loss: 0.154
[2,  1270] loss: 0.155
[2,  1280] loss: 0.155
[2,  1290] loss: 0.148
[2,  1300] loss: 0.150
[2,  1310] loss: 0.151
[2,  1320] loss: 0.148
[2,  1330] loss: 0.150
[2,  1340] loss: 0.152
[2,  1350] loss: 0.153
[2,  1360] loss: 0.150
[2,  1370] loss: 0.146
[2,  1380] loss: 0.149
[2,  1390] loss: 0.153
[2,  1400] loss: 0.155
[2,  1410] loss: 0.149
[2,  1420] loss: 0.154
[2,  1430] loss: 0.150
[2,  1440] loss: 0.153
[2,  1450] loss: 0.152
[2,  1460] loss: 0.147
[2,  1470] loss: 0.154
[2,  1480] loss: 0.152
[2,  1490] loss: 0.150
[2,  1500] loss: 0.151
[2,  1510] loss: 0.149
[2,  1520] loss: 0.151
[2,  1530] loss: 0.150
[2,  1540] loss: 0.146
[2,  1550] loss: 0.148
[2,  1560] loss: 0.148
[2,  1570] loss: 0.150
[2,  1580] loss: 0.148
[2,  1590] loss: 0.148
[2,  1600] loss: 0.147
[2,  1610] loss: 0.149
[2,  1620] loss: 0.150
[2,  1630] loss: 0.148
[2,  1640] loss: 0.147
[2,  1650] loss: 0.149
[2,  1660] loss: 0.147
[2,  1670] loss: 0.147
[2,  1680] loss: 0.151
[2,  1690] loss: 0.150
[2,  1700] loss: 0.149
[2,  1710] loss: 0.147
[2,  1720] loss: 0.150
[2,  1730] loss: 0.147
[2,  1740] loss: 0.153
[2,  1750] loss: 0.148
[2,  1760] loss: 0.150
[2,  1770] loss: 0.150
[2,  1780] loss: 0.148
[2,  1790] loss: 0.146
[2,  1800] loss: 0.151
[2,  1810] loss: 0.151
[2,  1820] loss: 0.150
[2,  1830] loss: 0.146
[2,  1840] loss: 0.152
[2,  1850] loss: 0.152
[2,  1860] loss: 0.147
[2,  1870] loss: 0.152
[2,  1880] loss: 0.148
[2,  1890] loss: 0.150
[2,  1900] loss: 0.150
[2,  1910] loss: 0.149
[2,  1920] loss: 0.146
[2,  1930] loss: 0.148
[2,  1940] loss: 0.156
[2,  1950] loss: 0.151
[2,  1960] loss: 0.155
[2,  1970] loss: 0.149
[2,  1980] loss: 0.152
[2,  1990] loss: 0.150
[2,  2000] loss: 0.149
[3,    10] loss: 0.150
[3,    20] loss: 0.149
[3,    30] loss: 0.152
[3,    40] loss: 0.152
[3,    50] loss: 0.152
[3,    60] loss: 0.151
[3,    70] loss: 0.149
[3,    80] loss: 0.146
[3,    90] loss: 0.153
[3,   100] loss: 0.149
[3,   110] loss: 0.153
[3,   120] loss: 0.147
[3,   130] loss: 0.147
[3,   140] loss: 0.147
[3,   150] loss: 0.146
[3,   160] loss: 0.145
[3,   170] loss: 0.147
[3,   180] loss: 0.149
[3,   190] loss: 0.157
[3,   200] loss: 0.149
[3,   210] loss: 0.145
[3,   220] loss: 0.151
[3,   230] loss: 0.146
[3,   240] loss: 0.150
[3,   250] loss: 0.147
[3,   260] loss: 0.146
[3,   270] loss: 0.150
[3,   280] loss: 0.148
[3,   290] loss: 0.152
[3,   300] loss: 0.147
[3,   310] loss: 0.148
[3,   320] loss: 0.149
[3,   330] loss: 0.147
[3,   340] loss: 0.145
[3,   350] loss: 0.148
[3,   360] loss: 0.150
[3,   370] loss: 0.145
[3,   380] loss: 0.144
[3,   390] loss: 0.147
[3,   400] loss: 0.146
[3,   410] loss: 0.148
[3,   420] loss: 0.144
[3,   430] loss: 0.144
[3,   440] loss: 0.147
[3,   450] loss: 0.151
[3,   460] loss: 0.147
[3,   470] loss: 0.147
[3,   480] loss: 0.149
[3,   490] loss: 0.147
[3,   500] loss: 0.145
[3,   510] loss: 0.146
[3,   520] loss: 0.150
[3,   530] loss: 0.149
[3,   540] loss: 0.146
[3,   550] loss: 0.151
[3,   560] loss: 0.152
[3,   570] loss: 0.141
[3,   580] loss: 0.151
[3,   590] loss: 0.153
[3,   600] loss: 0.149
[3,   610] loss: 0.145
[3,   620] loss: 0.146
[3,   630] loss: 0.146
[3,   640] loss: 0.151
[3,   650] loss: 0.145
[3,   660] loss: 0.144
[3,   670] loss: 0.149
[3,   680] loss: 0.150
[3,   690] loss: 0.152
[3,   700] loss: 0.145
[3,   710] loss: 0.149
[3,   720] loss: 0.148
[3,   730] loss: 0.144
[3,   740] loss: 0.150
[3,   750] loss: 0.145
[3,   760] loss: 0.142
[3,   770] loss: 0.143
[3,   780] loss: 0.150
[3,   790] loss: 0.149
[3,   800] loss: 0.151
[3,   810] loss: 0.147
[3,   820] loss: 0.153
[3,   830] loss: 0.148
[3,   840] loss: 0.150
[3,   850] loss: 0.152
[3,   860] loss: 0.150
[3,   870] loss: 0.147
[3,   880] loss: 0.143
[3,   890] loss: 0.145
[3,   900] loss: 0.148
[3,   910] loss: 0.147
[3,   920] loss: 0.149
[3,   930] loss: 0.148
[3,   940] loss: 0.146
[3,   950] loss: 0.144
[3,   960] loss: 0.147
[3,   970] loss: 0.146
[3,   980] loss: 0.147
[3,   990] loss: 0.146
[3,  1000] loss: 0.143
[3,  1010] loss: 0.145
[3,  1020] loss: 0.144
[3,  1030] loss: 0.144
[3,  1040] loss: 0.148
[3,  1050] loss: 0.148
[3,  1060] loss: 0.146
[3,  1070] loss: 0.144
[3,  1080] loss: 0.143
[3,  1090] loss: 0.143
[3,  1100] loss: 0.146
[3,  1110] loss: 0.141
[3,  1120] loss: 0.147
[3,  1130] loss: 0.145
[3,  1140] loss: 0.148
[3,  1150] loss: 0.144
[3,  1160] loss: 0.146
[3,  1170] loss: 0.144
[3,  1180] loss: 0.145
[3,  1190] loss: 0.143
[3,  1200] loss: 0.145
[3,  1210] loss: 0.143
[3,  1220] loss: 0.143
[3,  1230] loss: 0.146
[3,  1240] loss: 0.146
[3,  1250] loss: 0.144
[3,  1260] loss: 0.147
[3,  1270] loss: 0.143
[3,  1280] loss: 0.147
[3,  1290] loss: 0.147
[3,  1300] loss: 0.147
[3,  1310] loss: 0.143
[3,  1320] loss: 0.148
[3,  1330] loss: 0.148
[3,  1340] loss: 0.145
[3,  1350] loss: 0.145
[3,  1360] loss: 0.144
[3,  1370] loss: 0.147
[3,  1380] loss: 0.146
[3,  1390] loss: 0.147
[3,  1400] loss: 0.144
[3,  1410] loss: 0.147
[3,  1420] loss: 0.146
[3,  1430] loss: 0.146
[3,  1440] loss: 0.146
[3,  1450] loss: 0.144
[3,  1460] loss: 0.146
[3,  1470] loss: 0.145
[3,  1480] loss: 0.147
[3,  1490] loss: 0.143
[3,  1500] loss: 0.146
[3,  1510] loss: 0.145
[3,  1520] loss: 0.148
[3,  1530] loss: 0.144
[3,  1540] loss: 0.145
[3,  1550] loss: 0.141
[3,  1560] loss: 0.141
[3,  1570] loss: 0.145
[3,  1580] loss: 0.150
[3,  1590] loss: 0.147
[3,  1600] loss: 0.151
[3,  1610] loss: 0.145
[3,  1620] loss: 0.148
[3,  1630] loss: 0.146
[3,  1640] loss: 0.141
[3,  1650] loss: 0.146
[3,  1660] loss: 0.145
[3,  1670] loss: 0.144
[3,  1680] loss: 0.146
[3,  1690] loss: 0.146
[3,  1700] loss: 0.145
[3,  1710] loss: 0.147
[3,  1720] loss: 0.148
[3,  1730] loss: 0.150
[3,  1740] loss: 0.150
[3,  1750] loss: 0.147
[3,  1760] loss: 0.148
[3,  1770] loss: 0.146
[3,  1780] loss: 0.149
[3,  1790] loss: 0.144
[3,  1800] loss: 0.142
[3,  1810] loss: 0.144
[3,  1820] loss: 0.146
[3,  1830] loss: 0.144
[3,  1840] loss: 0.141
[3,  1850] loss: 0.143
[3,  1860] loss: 0.146
[3,  1870] loss: 0.139
[3,  1880] loss: 0.142
[3,  1890] loss: 0.147
[3,  1900] loss: 0.148
[3,  1910] loss: 0.145
[3,  1920] loss: 0.142
[3,  1930] loss: 0.146
[3,  1940] loss: 0.143
[3,  1950] loss: 0.140
[3,  1960] loss: 0.141
[3,  1970] loss: 0.143
[3,  1980] loss: 0.143
[3,  1990] loss: 0.142
[3,  2000] loss: 0.141
Finished Training
Time elapsed: 3775.442896249
Saved checkpoint to checkpoints/tightrope_encoder_3ep.pth
