Dataset is copied to /tmp
Start Training
random initialization for encoder
[1,    10] loss: 6.696
[1,    20] loss: 6.687
[1,    30] loss: 6.685
[1,    40] loss: 6.678
[1,    50] loss: 6.675
[1,    60] loss: 6.669
[1,    70] loss: 6.661
[1,    80] loss: 6.654
[1,    90] loss: 6.624
[1,   100] loss: 6.620
[1] Validation loss: 6.642, Accuracy: 0.23%
[2,    10] loss: 6.580
[2,    20] loss: 6.556
[2,    30] loss: 6.570
[2,    40] loss: 6.569
[2,    50] loss: 6.572
[2,    60] loss: 6.563
[2,    70] loss: 6.541
[2,    80] loss: 6.550
[2,    90] loss: 6.555
[2,   100] loss: 6.551
[2] Validation loss: 6.611, Accuracy: 0.24%
[3,    10] loss: 6.475
[3,    20] loss: 6.485
[3,    30] loss: 6.476
[3,    40] loss: 6.471
[3,    50] loss: 6.510
[3,    60] loss: 6.478
[3,    70] loss: 6.485
[3,    80] loss: 6.478
[3,    90] loss: 6.454
[3,   100] loss: 6.458
[3] Validation loss: 6.513, Accuracy: 0.49%
[4,    10] loss: 6.403
[4,    20] loss: 6.387
[4,    30] loss: 6.410
[4,    40] loss: 6.423
[4,    50] loss: 6.373
[4,    60] loss: 6.409
[4,    70] loss: 6.422
[4,    80] loss: 6.414
[4,    90] loss: 6.398
[4,   100] loss: 6.410
[4] Validation loss: 6.458, Accuracy: 0.44%
[5,    10] loss: 6.341
[5,    20] loss: 6.370
[5,    30] loss: 6.345
[5,    40] loss: 6.336
[5,    50] loss: 6.378
[5,    60] loss: 6.357
[5,    70] loss: 6.352
[5,    80] loss: 6.329
[5,    90] loss: 6.353
[5,   100] loss: 6.359
[5] Validation loss: 6.394, Accuracy: 0.62%
[6,    10] loss: 6.279
[6,    20] loss: 6.300
[6,    30] loss: 6.281
[6,    40] loss: 6.291
[6,    50] loss: 6.293
[6,    60] loss: 6.285
[6,    70] loss: 6.312
[6,    80] loss: 6.271
[6,    90] loss: 6.294
[6,   100] loss: 6.264
[6] Validation loss: 6.452, Accuracy: 0.74%
[7,    10] loss: 6.194
[7,    20] loss: 6.214
[7,    30] loss: 6.224
[7,    40] loss: 6.158
[7,    50] loss: 6.188
[7,    60] loss: 6.219
[7,    70] loss: 6.211
[7,    80] loss: 6.206
[7,    90] loss: 6.212
[7,   100] loss: 6.211
[7] Validation loss: 6.290, Accuracy: 0.92%
[8,    10] loss: 6.047
[8,    20] loss: 6.068
[8,    30] loss: 6.101
[8,    40] loss: 6.124
[8,    50] loss: 6.088
[8,    60] loss: 6.135
[8,    70] loss: 6.130
[8,    80] loss: 6.128
[8,    90] loss: 6.130
[8,   100] loss: 6.109
[8] Validation loss: 6.307, Accuracy: 1.02%
[9,    10] loss: 6.004
[9,    20] loss: 5.952
[9,    30] loss: 6.042
[9,    40] loss: 6.035
[9,    50] loss: 6.061
[9,    60] loss: 6.026
[9,    70] loss: 5.998
[9,    80] loss: 6.031
[9,    90] loss: 6.031
[9,   100] loss: 6.012
[9] Validation loss: 6.235, Accuracy: 1.33%
[10,    10] loss: 5.874
[10,    20] loss: 5.926
[10,    30] loss: 5.889
[10,    40] loss: 5.872
[10,    50] loss: 5.894
[10,    60] loss: 5.941
[10,    70] loss: 5.903
[10,    80] loss: 5.943
[10,    90] loss: 5.936
[10,   100] loss: 5.913
[10] Validation loss: 6.195, Accuracy: 1.39%
[11,    10] loss: 5.753
[11,    20] loss: 5.739
[11,    30] loss: 5.773
[11,    40] loss: 5.816
[11,    50] loss: 5.812
[11,    60] loss: 5.796
[11,    70] loss: 5.770
[11,    80] loss: 5.851
[11,    90] loss: 5.853
[11,   100] loss: 5.879
[11] Validation loss: 6.231, Accuracy: 1.38%
[12,    10] loss: 5.693
[12,    20] loss: 5.650
[12,    30] loss: 5.666
[12,    40] loss: 5.659
[12,    50] loss: 5.717
[12,    60] loss: 5.702
[12,    70] loss: 5.752
[12,    80] loss: 5.761
[12,    90] loss: 5.696
[12,   100] loss: 5.738
[12] Validation loss: 6.193, Accuracy: 1.65%
[13,    10] loss: 5.506
[13,    20] loss: 5.478
[13,    30] loss: 5.594
[13,    40] loss: 5.614
[13,    50] loss: 5.588
[13,    60] loss: 5.552
[13,    70] loss: 5.587
[13,    80] loss: 5.638
[13,    90] loss: 5.626
[13,   100] loss: 5.669
[13] Validation loss: 6.279, Accuracy: 1.97%
[14,    10] loss: 5.403
[14,    20] loss: 5.381
[14,    30] loss: 5.454
[14,    40] loss: 5.496
[14,    50] loss: 5.534
[14,    60] loss: 5.525
[14,    70] loss: 5.485
[14,    80] loss: 5.485
[14,    90] loss: 5.487
[14,   100] loss: 5.526
[14] Validation loss: 6.168, Accuracy: 2.08%
[15,    10] loss: 5.201
[15,    20] loss: 5.232
[15,    30] loss: 5.370
[15,    40] loss: 5.333
[15,    50] loss: 5.325
[15,    60] loss: 5.406
[15,    70] loss: 5.411
[15,    80] loss: 5.353
[15,    90] loss: 5.401
[15,   100] loss: 5.393
[15] Validation loss: 6.271, Accuracy: 2.18%
[16,    10] loss: 5.118
[16,    20] loss: 5.132
[16,    30] loss: 5.145
[16,    40] loss: 5.207
[16,    50] loss: 5.274
[16,    60] loss: 5.242
[16,    70] loss: 5.226
[16,    80] loss: 5.248
[16,    90] loss: 5.245
[16,   100] loss: 5.300
[16] Validation loss: 6.293, Accuracy: 2.24%
[17,    10] loss: 4.919
[17,    20] loss: 4.976
[17,    30] loss: 5.057
[17,    40] loss: 5.081
[17,    50] loss: 5.070
[17,    60] loss: 5.120
[17,    70] loss: 5.057
[17,    80] loss: 5.155
[17,    90] loss: 5.144
[17,   100] loss: 5.176
[17] Validation loss: 6.336, Accuracy: 2.35%
[18,    10] loss: 4.796
[18,    20] loss: 4.872
[18,    30] loss: 4.856
[18,    40] loss: 4.852
[18,    50] loss: 4.932
[18,    60] loss: 4.986
[18,    70] loss: 5.019
[18,    80] loss: 4.992
[18,    90] loss: 5.035
[18,   100] loss: 5.109
[18] Validation loss: 6.542, Accuracy: 2.29%
[19,    10] loss: 4.677
[19,    20] loss: 4.721
[19,    30] loss: 4.794
[19,    40] loss: 4.738
[19,    50] loss: 4.806
[19,    60] loss: 4.790
[19,    70] loss: 4.822
[19,    80] loss: 4.848
[19,    90] loss: 4.843
[19,   100] loss: 4.847
[19] Validation loss: 6.694, Accuracy: 2.36%
[20,    10] loss: 4.504
[20,    20] loss: 4.543
[20,    30] loss: 4.644
[20,    40] loss: 4.614
[20,    50] loss: 4.660
[20,    60] loss: 4.685
[20,    70] loss: 4.660
[20,    80] loss: 4.785
[20,    90] loss: 4.693
[20,   100] loss: 4.779
[20] Validation loss: 6.751, Accuracy: 2.35%
[21,    10] loss: 4.273
[21,    20] loss: 4.313
[21,    30] loss: 4.414
[21,    40] loss: 4.488
[21,    50] loss: 4.512
[21,    60] loss: 4.563
[21,    70] loss: 4.594
[21,    80] loss: 4.606
[21,    90] loss: 4.549
[21,   100] loss: 4.617
